#
# There is insufficient memory for the Java Runtime Environment to continue.
# Native memory allocation (malloc) failed to allocate 1255856 bytes for Chunk::new
# Possible reasons:
#   The system is out of physical RAM or swap space
#   The process is running with CompressedOops enabled, and the Java Heap may be blocking the growth of the native heap
# Possible solutions:
#   Reduce memory load on the system
#   Increase physical memory or swap space
#   Check if swap backing store is full
#   Decrease Java heap size (-Xmx/-Xms)
#   Decrease number of Java threads
#   Decrease Java thread stack sizes (-Xss)
#   Set larger code cache with -XX:ReservedCodeCacheSize=
#   JVM is running with Unscaled Compressed Oops mode in which the Java heap is
#     placed in the first 4GB address space. The Java Heap base address is the
#     maximum limit for the native heap growth. Please use -XX:HeapBaseMinAddress
#     to set the Java Heap base and to place the Java Heap above 4GB virtual address.
# This output file may be truncated or incomplete.
#
#  Out of Memory Error (./src/hotspot/share/memory/arena.cpp:197), pid=10340, tid=7640
#
# JRE version: OpenJDK Runtime Environment (11.0.11+9) (build 11.0.11+9-b60-7590822)
# Java VM: OpenJDK 64-Bit Server VM (11.0.11+9-b60-7590822, mixed mode, tiered, compressed oops, g1 gc, windows-amd64)
# No core dump will be written. Minidumps are not enabled by default on client versions of Windows
#

---------------  S U M M A R Y ------------

Command Line: --add-opens=java.base/java.util=ALL-UNNAMED --add-opens=java.base/java.lang=ALL-UNNAMED --add-opens=java.base/java.lang.invoke=ALL-UNNAMED --add-opens=java.base/java.util=ALL-UNNAMED --add-opens=java.prefs/java.util.prefs=ALL-UNNAMED --add-opens=java.prefs/java.util.prefs=ALL-UNNAMED --add-opens=java.base/java.nio.charset=ALL-UNNAMED --add-opens=java.base/java.net=ALL-UNNAMED --add-opens=java.base/java.util.concurrent.atomic=ALL-UNNAMED -Xmx2048m -Dfile.encoding=UTF-8 -Duser.country=RU -Duser.language=ru -Duser.variant org.gradle.launcher.daemon.bootstrap.GradleDaemon 7.2

Host: Intel(R) Core(TM) i5-4690 CPU @ 3.50GHz, 4 cores, 7G,  Windows 10 , 64 bit Build 19041 (10.0.19041.1645)
Time: Thu May 19 14:20:58 2022 Финляндия (лето) elapsed time: 4.793378 seconds (0d 0h 0m 4s)

---------------  T H R E A D  ---------------

Current thread (0x000001db7c72c000):  JavaThread "C2 CompilerThread0" daemon [_thread_in_native, id=7640, stack(0x0000004d3bb00000,0x0000004d3bc00000)]


Current CompileTask:
C2:   4793 3406       4       org.codehaus.groovy.reflection.CachedMethod::compareToCachedMethod (160 bytes)

Stack: [0x0000004d3bb00000,0x0000004d3bc00000]
Native frames: (J=compiled Java code, j=interpreted, Vv=VM code, C=native code)
V  [jvm.dll+0x5f214a]
V  [jvm.dll+0x726fb5]
V  [jvm.dll+0x7285cd]
V  [jvm.dll+0x728c83]
V  [jvm.dll+0x243278]
V  [jvm.dll+0xbc53c]
V  [jvm.dll+0xbca3c]
V  [jvm.dll+0x353e3b]
V  [jvm.dll+0x321893]
V  [jvm.dll+0x320d8a]
V  [jvm.dll+0x1fc1e2]
V  [jvm.dll+0x1fb3d4]
V  [jvm.dll+0x183d6c]
V  [jvm.dll+0x209a57]
V  [jvm.dll+0x2082a1]
V  [jvm.dll+0x6ef58f]
V  [jvm.dll+0x6e80b5]
V  [jvm.dll+0x5f1036]
C  [ucrtbase.dll+0x21bb2]
C  [KERNEL32.DLL+0x17034]
C  [ntdll.dll+0x52651]


---------------  P R O C E S S  ---------------

Threads class SMR info:
_java_thread_list=0x000001db1098c380, length=33, elements={
0x000001db71b1d800, 0x000001db7c701800, 0x000001db7c702800, 0x000001db7c71f000,
0x000001db7c720000, 0x000001db7c721000, 0x000001db7c72c000, 0x000001db7c734800,
0x000001db7c735800, 0x000001db7d1fa800, 0x000001db7f600800, 0x000001db7e7c9800,
0x000001db7f42e000, 0x000001db7e8be000, 0x000001db7e9f5800, 0x000001db7e3d0800,
0x000001db7dc45000, 0x000001db7f740000, 0x000001db7f66b800, 0x000001db7fa5b800,
0x000001db7fa59800, 0x000001db7fa5e000, 0x000001db7fa5d000, 0x000001db7fa5c000,
0x000001db7fa5e800, 0x000001db7fa60000, 0x000001db7fa5f800, 0x000001db7fa5a800,
0x000001db7f9e0800, 0x000001db1004f000, 0x000001db1004e000, 0x000001db10052800,
0x000001db1004d800
}

Java Threads: ( => current thread )
  0x000001db71b1d800 JavaThread "main" [_thread_blocked, id=5796, stack(0x0000004d3af00000,0x0000004d3b000000)]
  0x000001db7c701800 JavaThread "Reference Handler" daemon [_thread_blocked, id=788, stack(0x0000004d3b600000,0x0000004d3b700000)]
  0x000001db7c702800 JavaThread "Finalizer" daemon [_thread_blocked, id=984, stack(0x0000004d3b700000,0x0000004d3b800000)]
  0x000001db7c71f000 JavaThread "Signal Dispatcher" daemon [_thread_blocked, id=8028, stack(0x0000004d3b800000,0x0000004d3b900000)]
  0x000001db7c720000 JavaThread "Attach Listener" daemon [_thread_blocked, id=7068, stack(0x0000004d3b900000,0x0000004d3ba00000)]
  0x000001db7c721000 JavaThread "Service Thread" daemon [_thread_blocked, id=9716, stack(0x0000004d3ba00000,0x0000004d3bb00000)]
=>0x000001db7c72c000 JavaThread "C2 CompilerThread0" daemon [_thread_in_native, id=7640, stack(0x0000004d3bb00000,0x0000004d3bc00000)]
  0x000001db7c734800 JavaThread "C1 CompilerThread0" daemon [_thread_blocked, id=5992, stack(0x0000004d3bc00000,0x0000004d3bd00000)]
  0x000001db7c735800 JavaThread "Sweeper thread" daemon [_thread_blocked, id=7984, stack(0x0000004d3bd00000,0x0000004d3be00000)]
  0x000001db7d1fa800 JavaThread "Common-Cleaner" daemon [_thread_blocked, id=6272, stack(0x0000004d3be00000,0x0000004d3bf00000)]
  0x000001db7f600800 JavaThread "Daemon health stats" [_thread_blocked, id=1140, stack(0x0000004d3c300000,0x0000004d3c400000)]
  0x000001db7e7c9800 JavaThread "Incoming local TCP Connector on port 56330" [_thread_in_native, id=10396, stack(0x0000004d3c400000,0x0000004d3c500000)]
  0x000001db7f42e000 JavaThread "Daemon periodic checks" [_thread_blocked, id=11116, stack(0x0000004d3c500000,0x0000004d3c600000)]
  0x000001db7e8be000 JavaThread "Daemon" [_thread_blocked, id=5792, stack(0x0000004d3c600000,0x0000004d3c700000)]
  0x000001db7e9f5800 JavaThread "Handler for socket connection from /127.0.0.1:56330 to /127.0.0.1:56331" [_thread_in_native, id=880, stack(0x0000004d3c700000,0x0000004d3c800000)]
  0x000001db7e3d0800 JavaThread "Cancel handler" [_thread_blocked, id=1576, stack(0x0000004d3c800000,0x0000004d3c900000)]
  0x000001db7dc45000 JavaThread "Daemon worker" [_thread_in_native, id=10636, stack(0x0000004d3c900000,0x0000004d3ca00000)]
  0x000001db7f740000 JavaThread "Asynchronous log dispatcher for DefaultDaemonConnection: socket connection from /127.0.0.1:56330 to /127.0.0.1:56331" [_thread_blocked, id=11136, stack(0x0000004d3ca00000,0x0000004d3cb00000)]
  0x000001db7f66b800 JavaThread "Stdin handler" [_thread_blocked, id=10120, stack(0x0000004d3cb00000,0x0000004d3cc00000)]
  0x000001db7fa5b800 JavaThread "Daemon client event forwarder" [_thread_blocked, id=10368, stack(0x0000004d3cc00000,0x0000004d3cd00000)]
  0x000001db7fa59800 JavaThread "Cache worker for journal cache (C:\Users\Vik\.gradle\caches\journal-1)" [_thread_blocked, id=8700, stack(0x0000004d3ce00000,0x0000004d3cf00000)]
  0x000001db7fa5e000 JavaThread "File lock request listener" [_thread_in_native, id=7192, stack(0x0000004d3cf00000,0x0000004d3d000000)]
  0x000001db7fa5d000 JavaThread "Cache worker for file hash cache (C:\Users\Vik\.gradle\caches\7.2\fileHashes)" [_thread_blocked, id=10076, stack(0x0000004d3d000000,0x0000004d3d100000)]
  0x000001db7fa5c000 JavaThread "Cache worker for file hash cache (D:\AndroidStudioProjects\Kotlin\.gradle\7.2\fileHashes)" [_thread_blocked, id=10444, stack(0x0000004d3d100000,0x0000004d3d200000)]
  0x000001db7fa5e800 JavaThread "File watcher server" daemon [_thread_in_native, id=5352, stack(0x0000004d3d200000,0x0000004d3d300000)]
  0x000001db7fa60000 JavaThread "File watcher consumer" daemon [_thread_blocked, id=132, stack(0x0000004d3d300000,0x0000004d3d400000)]
  0x000001db7fa5f800 JavaThread "Cache worker for checksums cache (D:\AndroidStudioProjects\Kotlin\.gradle\checksums)" [_thread_blocked, id=5220, stack(0x0000004d3c000000,0x0000004d3c100000)]
  0x000001db7fa5a800 JavaThread "Cache worker for cache directory md-supplier (C:\Users\Vik\.gradle\caches\7.2\md-supplier)" [_thread_blocked, id=5856, stack(0x0000004d3d400000,0x0000004d3d500000)]
  0x000001db7f9e0800 JavaThread "C2 CompilerThread1" daemon [_thread_in_native, id=6448, stack(0x0000004d3d500000,0x0000004d3d600000)]
  0x000001db1004f000 JavaThread "Cache worker for cache directory md-rule (C:\Users\Vik\.gradle\caches\7.2\md-rule)" [_thread_blocked, id=2984, stack(0x0000004d3d600000,0x0000004d3d700000)]
  0x000001db1004e000 JavaThread "Cache worker for execution history cache (C:\Users\Vik\.gradle\caches\7.2\executionHistory)" [_thread_blocked, id=10084, stack(0x0000004d3d700000,0x0000004d3d800000)]
  0x000001db10052800 JavaThread "jar transforms" [_thread_blocked, id=6716, stack(0x0000004d3d800000,0x0000004d3d900000)]
  0x000001db1004d800 JavaThread "Cache worker for file content cache (C:\Users\Vik\.gradle\caches\7.2\fileContent)" [_thread_blocked, id=6796, stack(0x0000004d3d900000,0x0000004d3da00000)]

Other Threads:
  0x000001db7c6fb000 VMThread "VM Thread" [stack: 0x0000004d3b500000,0x0000004d3b600000] [id=3200]
  0x000001db7d213000 WatcherThread [stack: 0x0000004d3bf00000,0x0000004d3c000000] [id=3540]
  0x000001db71b37000 GCTaskThread "GC Thread#0" [stack: 0x0000004d3b000000,0x0000004d3b100000] [id=3004]
  0x000001db7dbfb800 GCTaskThread "GC Thread#1" [stack: 0x0000004d3c100000,0x0000004d3c200000] [id=236]
  0x000001db7d906800 GCTaskThread "GC Thread#2" [stack: 0x0000004d3c200000,0x0000004d3c300000] [id=1596]
  0x000001db7fa65800 GCTaskThread "GC Thread#3" [stack: 0x0000004d3cd00000,0x0000004d3ce00000] [id=10976]
  0x000001db71b68000 ConcurrentGCThread "G1 Main Marker" [stack: 0x0000004d3b100000,0x0000004d3b200000] [id=8656]
  0x000001db71b6a000 ConcurrentGCThread "G1 Conc#0" [stack: 0x0000004d3b200000,0x0000004d3b300000] [id=7644]
  0x000001db71bfb000 ConcurrentGCThread "G1 Refine#0" [stack: 0x0000004d3b300000,0x0000004d3b400000] [id=7120]
  0x000001db71bfc000 ConcurrentGCThread "G1 Young RemSet Sampling" [stack: 0x0000004d3b400000,0x0000004d3b500000] [id=9832]

Threads with active compile tasks:
C2 CompilerThread0   4821 3406       4       org.codehaus.groovy.reflection.CachedMethod::compareToCachedMethod (160 bytes)
C1 CompilerThread0   4821 3459       3       org.gradle.internal.reflect.ClassInspector::inspectClass (179 bytes)
C2 CompilerThread1   4821 3407       4       org.codehaus.groovy.runtime.metaclass.MetaMethodIndex::addMethodToList (131 bytes)

VM state:not at safepoint (normal execution)

VM Mutex/Monitor currently owned by a thread: None

Heap address: 0x0000000080000000, size: 2048 MB, Compressed Oops mode: 32-bit
Narrow klass base: 0x0000000000000000, Narrow klass shift: 3
Compressed class space size: 1073741824 Address: 0x0000000100000000

Heap:
 garbage-first heap   total 157696K, used 78412K [0x0000000080000000, 0x0000000100000000)
  region size 1024K, 57 young (58368K), 4 survivors (4096K)
 Metaspace       used 38917K, capacity 39773K, committed 40060K, reserved 1083392K
  class space    used 4976K, capacity 5313K, committed 5376K, reserved 1048576K
Heap Regions: E=young(eden), S=young(survivor), O=old, HS=humongous(starts), HC=humongous(continues), CS=collection set, F=free, A=archive, TAMS=top-at-mark-start (previous, next)
|   0|0x0000000080000000, 0x0000000080100000, 0x0000000080100000|100%| O|  |TAMS 0x0000000080100000, 0x0000000080000000| Untracked 
|   1|0x0000000080100000, 0x0000000080200000, 0x0000000080200000|100%| O|  |TAMS 0x0000000080200000, 0x0000000080100000| Untracked 
|   2|0x0000000080200000, 0x0000000080300000, 0x0000000080300000|100%| O|  |TAMS 0x0000000080300000, 0x0000000080200000| Untracked 
|   3|0x0000000080300000, 0x0000000080400000, 0x0000000080400000|100%|HS|  |TAMS 0x0000000080400000, 0x0000000080300000| Complete 
|   4|0x0000000080400000, 0x0000000080500000, 0x0000000080500000|100%|HC|  |TAMS 0x0000000080500000, 0x0000000080400000| Complete 
|   5|0x0000000080500000, 0x0000000080600000, 0x0000000080600000|100%|HC|  |TAMS 0x0000000080600000, 0x0000000080500000| Complete 
|   6|0x0000000080600000, 0x0000000080700000, 0x0000000080700000|100%| O|  |TAMS 0x0000000080700000, 0x0000000080600000| Untracked 
|   7|0x0000000080700000, 0x0000000080800000, 0x0000000080800000|100%| O|  |TAMS 0x0000000080800000, 0x0000000080700000| Untracked 
|   8|0x0000000080800000, 0x0000000080900000, 0x0000000080900000|100%| O|  |TAMS 0x0000000080900000, 0x0000000080800000| Untracked 
|   9|0x0000000080900000, 0x0000000080a00000, 0x0000000080a00000|100%| O|  |TAMS 0x0000000080a00000, 0x0000000080900000| Untracked 
|  10|0x0000000080a00000, 0x0000000080b00000, 0x0000000080b00000|100%| O|  |TAMS 0x0000000080b00000, 0x0000000080a00000| Untracked 
|  11|0x0000000080b00000, 0x0000000080c00000, 0x0000000080c00000|100%| O|  |TAMS 0x0000000080c00000, 0x0000000080b00000| Untracked 
|  12|0x0000000080c00000, 0x0000000080d00000, 0x0000000080d00000|100%| O|  |TAMS 0x0000000080d00000, 0x0000000080c00000| Untracked 
|  13|0x0000000080d00000, 0x0000000080e00000, 0x0000000080e00000|100%| O|  |TAMS 0x0000000080e00000, 0x0000000080d00000| Untracked 
|  14|0x0000000080e00000, 0x0000000080f00000, 0x0000000080f00000|100%| O|  |TAMS 0x0000000080f00000, 0x0000000080e00000| Untracked 
|  15|0x0000000080f00000, 0x0000000081000000, 0x0000000081000000|100%| O|  |TAMS 0x0000000081000000, 0x0000000080f00000| Untracked 
|  16|0x0000000081000000, 0x0000000081100000, 0x0000000081100000|100%| O|  |TAMS 0x0000000081100000, 0x0000000081000000| Untracked 
|  17|0x0000000081100000, 0x00000000811f4000, 0x0000000081200000| 95%| O|  |TAMS 0x00000000811f4000, 0x0000000081100000| Untracked 
|  18|0x0000000081200000, 0x0000000081300000, 0x0000000081300000|100%|HS|  |TAMS 0x0000000081200000, 0x0000000081200000| Complete 
|  19|0x0000000081300000, 0x0000000081400000, 0x0000000081400000|100%|HS|  |TAMS 0x0000000081300000, 0x0000000081300000| Complete 
|  20|0x0000000081400000, 0x0000000081500000, 0x0000000081500000|100%|HC|  |TAMS 0x0000000081400000, 0x0000000081400000| Complete 
|  21|0x0000000081500000, 0x0000000081500000, 0x0000000081600000|  0%| F|  |TAMS 0x0000000081500000, 0x0000000081500000| Untracked 
|  22|0x0000000081600000, 0x0000000081600000, 0x0000000081700000|  0%| F|  |TAMS 0x0000000081600000, 0x0000000081600000| Untracked 
|  23|0x0000000081700000, 0x0000000081700000, 0x0000000081800000|  0%| F|  |TAMS 0x0000000081700000, 0x0000000081700000| Untracked 
|  24|0x0000000081800000, 0x0000000081800000, 0x0000000081900000|  0%| F|  |TAMS 0x0000000081800000, 0x0000000081800000| Untracked 
|  25|0x0000000081900000, 0x0000000081900000, 0x0000000081a00000|  0%| F|  |TAMS 0x0000000081900000, 0x0000000081900000| Untracked 
|  26|0x0000000081a00000, 0x0000000081a00000, 0x0000000081b00000|  0%| F|  |TAMS 0x0000000081a00000, 0x0000000081a00000| Untracked 
|  27|0x0000000081b00000, 0x0000000081b00000, 0x0000000081c00000|  0%| F|  |TAMS 0x0000000081b00000, 0x0000000081b00000| Untracked 
|  28|0x0000000081c00000, 0x0000000081c00000, 0x0000000081d00000|  0%| F|  |TAMS 0x0000000081c00000, 0x0000000081c00000| Untracked 
|  29|0x0000000081d00000, 0x0000000081d00000, 0x0000000081e00000|  0%| F|  |TAMS 0x0000000081d00000, 0x0000000081d00000| Untracked 
|  30|0x0000000081e00000, 0x0000000081e00000, 0x0000000081f00000|  0%| F|  |TAMS 0x0000000081e00000, 0x0000000081e00000| Untracked 
|  31|0x0000000081f00000, 0x0000000081f00000, 0x0000000082000000|  0%| F|  |TAMS 0x0000000081f00000, 0x0000000081f00000| Untracked 
|  32|0x0000000082000000, 0x0000000082000000, 0x0000000082100000|  0%| F|  |TAMS 0x0000000082000000, 0x0000000082000000| Untracked 
|  33|0x0000000082100000, 0x0000000082100000, 0x0000000082200000|  0%| F|  |TAMS 0x0000000082100000, 0x0000000082100000| Untracked 
|  34|0x0000000082200000, 0x0000000082200000, 0x0000000082300000|  0%| F|  |TAMS 0x0000000082200000, 0x0000000082200000| Untracked 
|  35|0x0000000082300000, 0x0000000082300000, 0x0000000082400000|  0%| F|  |TAMS 0x0000000082300000, 0x0000000082300000| Untracked 
|  36|0x0000000082400000, 0x0000000082400000, 0x0000000082500000|  0%| F|  |TAMS 0x0000000082400000, 0x0000000082400000| Untracked 
|  37|0x0000000082500000, 0x0000000082500000, 0x0000000082600000|  0%| F|  |TAMS 0x0000000082500000, 0x0000000082500000| Untracked 
|  38|0x0000000082600000, 0x0000000082600000, 0x0000000082700000|  0%| F|  |TAMS 0x0000000082600000, 0x0000000082600000| Untracked 
|  39|0x0000000082700000, 0x0000000082700000, 0x0000000082800000|  0%| F|  |TAMS 0x0000000082700000, 0x0000000082700000| Untracked 
|  40|0x0000000082800000, 0x0000000082800000, 0x0000000082900000|  0%| F|  |TAMS 0x0000000082800000, 0x0000000082800000| Untracked 
|  41|0x0000000082900000, 0x0000000082900000, 0x0000000082a00000|  0%| F|  |TAMS 0x0000000082900000, 0x0000000082900000| Untracked 
|  42|0x0000000082a00000, 0x0000000082a00000, 0x0000000082b00000|  0%| F|  |TAMS 0x0000000082a00000, 0x0000000082a00000| Untracked 
|  43|0x0000000082b00000, 0x0000000082b00000, 0x0000000082c00000|  0%| F|  |TAMS 0x0000000082b00000, 0x0000000082b00000| Untracked 
|  44|0x0000000082c00000, 0x0000000082c00000, 0x0000000082d00000|  0%| F|  |TAMS 0x0000000082c00000, 0x0000000082c00000| Untracked 
|  45|0x0000000082d00000, 0x0000000082d00000, 0x0000000082e00000|  0%| F|  |TAMS 0x0000000082d00000, 0x0000000082d00000| Untracked 
|  46|0x0000000082e00000, 0x0000000082e00000, 0x0000000082f00000|  0%| F|  |TAMS 0x0000000082e00000, 0x0000000082e00000| Untracked 
|  47|0x0000000082f00000, 0x0000000082f00000, 0x0000000083000000|  0%| F|  |TAMS 0x0000000082f00000, 0x0000000082f00000| Untracked 
|  48|0x0000000083000000, 0x0000000083000000, 0x0000000083100000|  0%| F|  |TAMS 0x0000000083000000, 0x0000000083000000| Untracked 
|  49|0x0000000083100000, 0x0000000083100000, 0x0000000083200000|  0%| F|  |TAMS 0x0000000083100000, 0x0000000083100000| Untracked 
|  50|0x0000000083200000, 0x0000000083200000, 0x0000000083300000|  0%| F|  |TAMS 0x0000000083200000, 0x0000000083200000| Untracked 
|  51|0x0000000083300000, 0x0000000083300000, 0x0000000083400000|  0%| F|  |TAMS 0x0000000083300000, 0x0000000083300000| Untracked 
|  52|0x0000000083400000, 0x0000000083400000, 0x0000000083500000|  0%| F|  |TAMS 0x0000000083400000, 0x0000000083400000| Untracked 
|  53|0x0000000083500000, 0x0000000083500000, 0x0000000083600000|  0%| F|  |TAMS 0x0000000083500000, 0x0000000083500000| Untracked 
|  54|0x0000000083600000, 0x0000000083600000, 0x0000000083700000|  0%| F|  |TAMS 0x0000000083600000, 0x0000000083600000| Untracked 
|  55|0x0000000083700000, 0x0000000083700000, 0x0000000083800000|  0%| F|  |TAMS 0x0000000083700000, 0x0000000083700000| Untracked 
|  56|0x0000000083800000, 0x0000000083800000, 0x0000000083900000|  0%| F|  |TAMS 0x0000000083800000, 0x0000000083800000| Untracked 
|  57|0x0000000083900000, 0x0000000083900000, 0x0000000083a00000|  0%| F|  |TAMS 0x0000000083900000, 0x0000000083900000| Untracked 
|  58|0x0000000083a00000, 0x0000000083a00000, 0x0000000083b00000|  0%| F|  |TAMS 0x0000000083a00000, 0x0000000083a00000| Untracked 
|  59|0x0000000083b00000, 0x0000000083b00000, 0x0000000083c00000|  0%| F|  |TAMS 0x0000000083b00000, 0x0000000083b00000| Untracked 
|  60|0x0000000083c00000, 0x0000000083c00000, 0x0000000083d00000|  0%| F|  |TAMS 0x0000000083c00000, 0x0000000083c00000| Untracked 
|  61|0x0000000083d00000, 0x0000000083d00000, 0x0000000083e00000|  0%| F|  |TAMS 0x0000000083d00000, 0x0000000083d00000| Untracked 
|  62|0x0000000083e00000, 0x0000000083e00000, 0x0000000083f00000|  0%| F|  |TAMS 0x0000000083e00000, 0x0000000083e00000| Untracked 
|  63|0x0000000083f00000, 0x0000000083f00000, 0x0000000084000000|  0%| F|  |TAMS 0x0000000083f00000, 0x0000000083f00000| Untracked 
|  64|0x0000000084000000, 0x0000000084000000, 0x0000000084100000|  0%| F|  |TAMS 0x0000000084000000, 0x0000000084000000| Untracked 
|  65|0x0000000084100000, 0x0000000084100000, 0x0000000084200000|  0%| F|  |TAMS 0x0000000084100000, 0x0000000084100000| Untracked 
|  66|0x0000000084200000, 0x0000000084200000, 0x0000000084300000|  0%| F|  |TAMS 0x0000000084200000, 0x0000000084200000| Untracked 
|  67|0x0000000084300000, 0x0000000084300000, 0x0000000084400000|  0%| F|  |TAMS 0x0000000084300000, 0x0000000084300000| Untracked 
|  68|0x0000000084400000, 0x0000000084400000, 0x0000000084500000|  0%| F|  |TAMS 0x0000000084400000, 0x0000000084400000| Untracked 
|  69|0x0000000084500000, 0x0000000084500000, 0x0000000084600000|  0%| F|  |TAMS 0x0000000084500000, 0x0000000084500000| Untracked 
|  70|0x0000000084600000, 0x0000000084600000, 0x0000000084700000|  0%| F|  |TAMS 0x0000000084600000, 0x0000000084600000| Untracked 
|  71|0x0000000084700000, 0x0000000084700000, 0x0000000084800000|  0%| F|  |TAMS 0x0000000084700000, 0x0000000084700000| Untracked 
|  72|0x0000000084800000, 0x0000000084800000, 0x0000000084900000|  0%| F|  |TAMS 0x0000000084800000, 0x0000000084800000| Untracked 
|  73|0x0000000084900000, 0x0000000084900000, 0x0000000084a00000|  0%| F|  |TAMS 0x0000000084900000, 0x0000000084900000| Untracked 
|  74|0x0000000084a00000, 0x0000000084a00000, 0x0000000084b00000|  0%| F|  |TAMS 0x0000000084a00000, 0x0000000084a00000| Untracked 
|  75|0x0000000084b00000, 0x0000000084b00000, 0x0000000084c00000|  0%| F|  |TAMS 0x0000000084b00000, 0x0000000084b00000| Untracked 
|  76|0x0000000084c00000, 0x0000000084c00000, 0x0000000084d00000|  0%| F|  |TAMS 0x0000000084c00000, 0x0000000084c00000| Untracked 
|  77|0x0000000084d00000, 0x0000000084d00000, 0x0000000084e00000|  0%| F|  |TAMS 0x0000000084d00000, 0x0000000084d00000| Untracked 
|  78|0x0000000084e00000, 0x0000000084e00000, 0x0000000084f00000|  0%| F|  |TAMS 0x0000000084e00000, 0x0000000084e00000| Untracked 
|  79|0x0000000084f00000, 0x0000000084f00000, 0x0000000085000000|  0%| F|  |TAMS 0x0000000084f00000, 0x0000000084f00000| Untracked 
|  80|0x0000000085000000, 0x0000000085000000, 0x0000000085100000|  0%| F|  |TAMS 0x0000000085000000, 0x0000000085000000| Untracked 
|  81|0x0000000085100000, 0x0000000085100000, 0x0000000085200000|  0%| F|  |TAMS 0x0000000085100000, 0x0000000085100000| Untracked 
|  82|0x0000000085200000, 0x0000000085200000, 0x0000000085300000|  0%| F|  |TAMS 0x0000000085200000, 0x0000000085200000| Untracked 
|  83|0x0000000085300000, 0x0000000085300000, 0x0000000085400000|  0%| F|  |TAMS 0x0000000085300000, 0x0000000085300000| Untracked 
|  84|0x0000000085400000, 0x0000000085400000, 0x0000000085500000|  0%| F|  |TAMS 0x0000000085400000, 0x0000000085400000| Untracked 
|  85|0x0000000085500000, 0x0000000085500000, 0x0000000085600000|  0%| F|  |TAMS 0x0000000085500000, 0x0000000085500000| Untracked 
|  86|0x0000000085600000, 0x0000000085600000, 0x0000000085700000|  0%| F|  |TAMS 0x0000000085600000, 0x0000000085600000| Untracked 
|  87|0x0000000085700000, 0x0000000085700000, 0x0000000085800000|  0%| F|  |TAMS 0x0000000085700000, 0x0000000085700000| Untracked 
|  88|0x0000000085800000, 0x0000000085800000, 0x0000000085900000|  0%| F|  |TAMS 0x0000000085800000, 0x0000000085800000| Untracked 
|  89|0x0000000085900000, 0x0000000085900000, 0x0000000085a00000|  0%| F|  |TAMS 0x0000000085900000, 0x0000000085900000| Untracked 
|  90|0x0000000085a00000, 0x0000000085a00000, 0x0000000085b00000|  0%| F|  |TAMS 0x0000000085a00000, 0x0000000085a00000| Untracked 
|  91|0x0000000085b00000, 0x0000000085b00000, 0x0000000085c00000|  0%| F|  |TAMS 0x0000000085b00000, 0x0000000085b00000| Untracked 
|  92|0x0000000085c00000, 0x0000000085c00000, 0x0000000085d00000|  0%| F|  |TAMS 0x0000000085c00000, 0x0000000085c00000| Untracked 
|  93|0x0000000085d00000, 0x0000000085d00000, 0x0000000085e00000|  0%| F|  |TAMS 0x0000000085d00000, 0x0000000085d00000| Untracked 
|  94|0x0000000085e00000, 0x0000000085e00000, 0x0000000085f00000|  0%| F|  |TAMS 0x0000000085e00000, 0x0000000085e00000| Untracked 
|  95|0x0000000085f00000, 0x0000000085f00000, 0x0000000086000000|  0%| F|  |TAMS 0x0000000085f00000, 0x0000000085f00000| Untracked 
|  96|0x0000000086000000, 0x0000000086000000, 0x0000000086100000|  0%| F|  |TAMS 0x0000000086000000, 0x0000000086000000| Untracked 
|  97|0x0000000086100000, 0x0000000086180800, 0x0000000086200000| 50%| E|  |TAMS 0x0000000086100000, 0x0000000086100000| Complete 
|  98|0x0000000086200000, 0x0000000086300000, 0x0000000086300000|100%| E|CS|TAMS 0x0000000086200000, 0x0000000086200000| Complete 
|  99|0x0000000086300000, 0x0000000086400000, 0x0000000086400000|100%| E|CS|TAMS 0x0000000086300000, 0x0000000086300000| Complete 
| 100|0x0000000086400000, 0x0000000086500000, 0x0000000086500000|100%| E|CS|TAMS 0x0000000086400000, 0x0000000086400000| Complete 
| 101|0x0000000086500000, 0x0000000086600000, 0x0000000086600000|100%| E|CS|TAMS 0x0000000086500000, 0x0000000086500000| Complete 
| 102|0x0000000086600000, 0x0000000086700000, 0x0000000086700000|100%| E|CS|TAMS 0x0000000086600000, 0x0000000086600000| Complete 
| 103|0x0000000086700000, 0x0000000086800000, 0x0000000086800000|100%| E|CS|TAMS 0x0000000086700000, 0x0000000086700000| Complete 
| 104|0x0000000086800000, 0x0000000086900000, 0x0000000086900000|100%| E|CS|TAMS 0x0000000086800000, 0x0000000086800000| Complete 
| 105|0x0000000086900000, 0x0000000086a00000, 0x0000000086a00000|100%| E|CS|TAMS 0x0000000086900000, 0x0000000086900000| Complete 
| 106|0x0000000086a00000, 0x0000000086b00000, 0x0000000086b00000|100%| E|CS|TAMS 0x0000000086a00000, 0x0000000086a00000| Complete 
| 107|0x0000000086b00000, 0x0000000086c00000, 0x0000000086c00000|100%| E|CS|TAMS 0x0000000086b00000, 0x0000000086b00000| Complete 
| 108|0x0000000086c00000, 0x0000000086d00000, 0x0000000086d00000|100%| E|CS|TAMS 0x0000000086c00000, 0x0000000086c00000| Complete 
| 109|0x0000000086d00000, 0x0000000086e00000, 0x0000000086e00000|100%| E|CS|TAMS 0x0000000086d00000, 0x0000000086d00000| Complete 
| 110|0x0000000086e00000, 0x0000000086f00000, 0x0000000086f00000|100%| E|CS|TAMS 0x0000000086e00000, 0x0000000086e00000| Complete 
| 111|0x0000000086f00000, 0x0000000087000000, 0x0000000087000000|100%| E|CS|TAMS 0x0000000086f00000, 0x0000000086f00000| Complete 
| 112|0x0000000087000000, 0x0000000087100000, 0x0000000087100000|100%| E|CS|TAMS 0x0000000087000000, 0x0000000087000000| Complete 
| 113|0x0000000087100000, 0x0000000087200000, 0x0000000087200000|100%| E|CS|TAMS 0x0000000087100000, 0x0000000087100000| Complete 
| 114|0x0000000087200000, 0x0000000087300000, 0x0000000087300000|100%| E|CS|TAMS 0x0000000087200000, 0x0000000087200000| Complete 
| 115|0x0000000087300000, 0x0000000087400000, 0x0000000087400000|100%| E|CS|TAMS 0x0000000087300000, 0x0000000087300000| Complete 
| 116|0x0000000087400000, 0x0000000087500000, 0x0000000087500000|100%| E|CS|TAMS 0x0000000087400000, 0x0000000087400000| Complete 
| 117|0x0000000087500000, 0x0000000087600000, 0x0000000087600000|100%| E|CS|TAMS 0x0000000087500000, 0x0000000087500000| Complete 
| 118|0x0000000087600000, 0x0000000087700000, 0x0000000087700000|100%| E|CS|TAMS 0x0000000087600000, 0x0000000087600000| Complete 
| 119|0x0000000087700000, 0x0000000087800000, 0x0000000087800000|100%| E|CS|TAMS 0x0000000087700000, 0x0000000087700000| Complete 
| 120|0x0000000087800000, 0x0000000087900000, 0x0000000087900000|100%| E|CS|TAMS 0x0000000087800000, 0x0000000087800000| Complete 
| 121|0x0000000087900000, 0x0000000087a00000, 0x0000000087a00000|100%| E|CS|TAMS 0x0000000087900000, 0x0000000087900000| Complete 
| 122|0x0000000087a00000, 0x0000000087b00000, 0x0000000087b00000|100%| E|CS|TAMS 0x0000000087a00000, 0x0000000087a00000| Complete 
| 123|0x0000000087b00000, 0x0000000087c00000, 0x0000000087c00000|100%| E|CS|TAMS 0x0000000087b00000, 0x0000000087b00000| Complete 
| 124|0x0000000087c00000, 0x0000000087d00000, 0x0000000087d00000|100%| E|CS|TAMS 0x0000000087c00000, 0x0000000087c00000| Complete 
| 125|0x0000000087d00000, 0x0000000087e00000, 0x0000000087e00000|100%| E|CS|TAMS 0x0000000087d00000, 0x0000000087d00000| Complete 
| 126|0x0000000087e00000, 0x0000000087f00000, 0x0000000087f00000|100%| E|CS|TAMS 0x0000000087e00000, 0x0000000087e00000| Complete 
| 127|0x0000000087f00000, 0x0000000088000000, 0x0000000088000000|100%| E|CS|TAMS 0x0000000087f00000, 0x0000000087f00000| Complete 
| 128|0x0000000088000000, 0x0000000088100000, 0x0000000088100000|100%| E|CS|TAMS 0x0000000088000000, 0x0000000088000000| Complete 
| 129|0x0000000088100000, 0x0000000088200000, 0x0000000088200000|100%| E|CS|TAMS 0x0000000088100000, 0x0000000088100000| Complete 
| 130|0x0000000088200000, 0x0000000088300000, 0x0000000088300000|100%| E|CS|TAMS 0x0000000088200000, 0x0000000088200000| Complete 
| 131|0x0000000088300000, 0x0000000088400000, 0x0000000088400000|100%| E|CS|TAMS 0x0000000088300000, 0x0000000088300000| Complete 
| 132|0x0000000088400000, 0x0000000088500000, 0x0000000088500000|100%| E|CS|TAMS 0x0000000088400000, 0x0000000088400000| Complete 
| 133|0x0000000088500000, 0x0000000088600000, 0x0000000088600000|100%| E|CS|TAMS 0x0000000088500000, 0x0000000088500000| Complete 
| 134|0x0000000088600000, 0x0000000088700000, 0x0000000088700000|100%| E|CS|TAMS 0x0000000088600000, 0x0000000088600000| Complete 
| 135|0x0000000088700000, 0x0000000088800000, 0x0000000088800000|100%| E|CS|TAMS 0x0000000088700000, 0x0000000088700000| Complete 
| 136|0x0000000088800000, 0x0000000088900000, 0x0000000088900000|100%| E|CS|TAMS 0x0000000088800000, 0x0000000088800000| Complete 
| 137|0x0000000088900000, 0x0000000088a00000, 0x0000000088a00000|100%| E|CS|TAMS 0x0000000088900000, 0x0000000088900000| Complete 
| 138|0x0000000088a00000, 0x0000000088b00000, 0x0000000088b00000|100%| E|CS|TAMS 0x0000000088a00000, 0x0000000088a00000| Complete 
| 139|0x0000000088b00000, 0x0000000088c00000, 0x0000000088c00000|100%| E|CS|TAMS 0x0000000088b00000, 0x0000000088b00000| Complete 
| 140|0x0000000088c00000, 0x0000000088d00000, 0x0000000088d00000|100%| E|CS|TAMS 0x0000000088c00000, 0x0000000088c00000| Complete 
| 141|0x0000000088d00000, 0x0000000088e00000, 0x0000000088e00000|100%| E|CS|TAMS 0x0000000088d00000, 0x0000000088d00000| Complete 
| 142|0x0000000088e00000, 0x0000000088f00000, 0x0000000088f00000|100%| E|CS|TAMS 0x0000000088e00000, 0x0000000088e00000| Complete 
| 143|0x0000000088f00000, 0x0000000089000000, 0x0000000089000000|100%| E|CS|TAMS 0x0000000088f00000, 0x0000000088f00000| Complete 
| 144|0x0000000089000000, 0x0000000089100000, 0x0000000089100000|100%| E|CS|TAMS 0x0000000089000000, 0x0000000089000000| Complete 
| 145|0x0000000089100000, 0x0000000089200000, 0x0000000089200000|100%| E|CS|TAMS 0x0000000089100000, 0x0000000089100000| Complete 
| 146|0x0000000089200000, 0x000000008929f2b8, 0x0000000089300000| 62%| S|CS|TAMS 0x0000000089200000, 0x0000000089200000| Complete 
| 147|0x0000000089300000, 0x0000000089400000, 0x0000000089400000|100%| S|CS|TAMS 0x0000000089300000, 0x0000000089300000| Complete 
| 148|0x0000000089400000, 0x0000000089500000, 0x0000000089500000|100%| S|CS|TAMS 0x0000000089400000, 0x0000000089400000| Complete 
| 149|0x0000000089500000, 0x0000000089600000, 0x0000000089600000|100%| S|CS|TAMS 0x0000000089500000, 0x0000000089500000| Complete 
| 150|0x0000000089600000, 0x0000000089700000, 0x0000000089700000|100%| E|CS|TAMS 0x0000000089600000, 0x0000000089600000| Complete 
| 151|0x0000000089700000, 0x0000000089800000, 0x0000000089800000|100%| E|CS|TAMS 0x0000000089700000, 0x0000000089700000| Complete 
| 152|0x0000000089800000, 0x0000000089900000, 0x0000000089900000|100%| E|CS|TAMS 0x0000000089800000, 0x0000000089800000| Complete 
| 153|0x0000000089900000, 0x0000000089a00000, 0x0000000089a00000|100%| E|CS|TAMS 0x0000000089900000, 0x0000000089900000| Complete 

Card table byte_map: [0x000001db75a20000,0x000001db75e20000] _byte_map_base: 0x000001db75620000

Marking Bits (Prev, Next): (CMBitMap*) 0x000001db71b5f0c8, (CMBitMap*) 0x000001db71b5f100
 Prev Bits: [0x000001db76220000, 0x000001db78220000)
 Next Bits: [0x000001db78220000, 0x000001db7a220000)

Polling page: 0x000001db6fa60000

Metaspace:

Usage:
  Non-class:     33.65 MB capacity,    33.15 MB ( 99%) used,   425.56 KB (  1%) free+waste,    89.19 KB ( <1%) overhead. 
      Class:      5.19 MB capacity,     4.86 MB ( 94%) used,   293.67 KB (  6%) free+waste,    42.94 KB ( <1%) overhead. 
       Both:     38.84 MB capacity,    38.01 MB ( 98%) used,   719.23 KB (  2%) free+waste,   132.13 KB ( <1%) overhead. 

Virtual space:
  Non-class space:       34.00 MB reserved,      33.87 MB (>99%) committed 
      Class space:        1.00 GB reserved,       5.25 MB ( <1%) committed 
             Both:        1.03 GB reserved,      39.12 MB (  4%) committed 

Chunk freelists:
   Non-Class:  32.00 KB
       Class:  1.00 KB
        Both:  33.00 KB

MaxMetaspaceSize: 17179869184.00 GB
CompressedClassSpaceSize: 1.00 GB

CodeHeap 'non-profiled nmethods': size=120064Kb used=1891Kb max_used=1891Kb free=118172Kb
 bounds [0x000001db07ac0000, 0x000001db07d30000, 0x000001db0f000000]
CodeHeap 'profiled nmethods': size=120000Kb used=7282Kb max_used=7282Kb free=112718Kb
 bounds [0x000001db00590000, 0x000001db00cb0000, 0x000001db07ac0000]
CodeHeap 'non-nmethods': size=5696Kb used=2199Kb max_used=2237Kb free=3497Kb
 bounds [0x000001db00000000, 0x000001db00270000, 0x000001db00590000]
 total_blobs=4224 nmethods=3462 adapters=673
 compilation: enabled
              stopped_count=0, restarted_count=0
 full_count=0

Compilation events (20 events):
Event: 4.770 Thread 0x000001db7c734800 3431       3       com.sun.beans.introspect.PropertyInfo::isPrefix (25 bytes)
Event: 4.770 Thread 0x000001db7c734800 nmethod 3431 0x000001db00c92a10 code [0x000001db00c92c00, 0x000001db00c93008]
Event: 4.770 Thread 0x000001db7c734800 3432       3       java.util.TreeMap::rotateLeft (96 bytes)
Event: 4.770 Thread 0x000001db7c734800 nmethod 3432 0x000001db00c93210 code [0x000001db00c93400, 0x000001db00c93918]
Event: 4.771 Thread 0x000001db7c734800 3433       3       java.util.Collections$UnmodifiableMap$UnmodifiableEntrySet$1::hasNext (10 bytes)
Event: 4.771 Thread 0x000001db7c734800 nmethod 3433 0x000001db00c93a90 code [0x000001db00c93c40, 0x000001db00c93e08]
Event: 4.772 Thread 0x000001db7c734800 3434       3       java.util.TimSort::binarySort (223 bytes)
Event: 4.772 Thread 0x000001db7c734800 nmethod 3434 0x000001db00c93f10 code [0x000001db00c94140, 0x000001db00c94bf8]
Event: 4.773 Thread 0x000001db7c734800 3435       3       java.lang.reflect.Executable::isSynthetic (8 bytes)
Event: 4.773 Thread 0x000001db7c734800 nmethod 3435 0x000001db00c94f10 code [0x000001db00c950e0, 0x000001db00c95348]
Event: 4.773 Thread 0x000001db7c734800 3436       1       sun.reflect.generics.tree.MethodTypeSignature::getExceptionTypes (5 bytes)
Event: 4.773 Thread 0x000001db7c734800 nmethod 3436 0x000001db07c98290 code [0x000001db07c98440, 0x000001db07c984f8]
Event: 4.773 Thread 0x000001db7c734800 3437       3       sun.reflect.generics.parser.SignatureParser::parseIdentifier (13 bytes)
Event: 4.773 Thread 0x000001db7c734800 nmethod 3437 0x000001db00c95410 code [0x000001db00c955e0, 0x000001db00c95838]
Event: 4.789 Thread 0x000001db7c734800 3439       3       sun.reflect.generics.visitor.Reifier::reifyTypeArguments (38 bytes)
Event: 4.790 Thread 0x000001db7c734800 nmethod 3439 0x000001db00c95990 code [0x000001db00c95b80, 0x000001db00c96068]
Event: 4.790 Thread 0x000001db7c734800 3440       3       com.sun.beans.util.Cache$Kind$Soft::getReferent (5 bytes)
Event: 4.790 Thread 0x000001db7c734800 nmethod 3440 0x000001db00c96210 code [0x000001db00c963c0, 0x000001db00c96658]
Event: 4.790 Thread 0x000001db7c734800 3441       3       java.beans.PropertyDescriptor::setClass0 (25 bytes)
Event: 4.791 Thread 0x000001db7c734800 nmethod 3441 0x000001db00c96710 code [0x000001db00c96960, 0x000001db00c973f8]

GC Heap History (16 events):
Event: 0.451 GC heap before
{Heap before GC invocations=0 (full 0):
 garbage-first heap   total 131072K, used 19456K [0x0000000080000000, 0x0000000100000000)
  region size 1024K, 14 young (14336K), 0 survivors (0K)
 Metaspace       used 6751K, capacity 6933K, committed 7168K, reserved 1056768K
  class space    used 584K, capacity 650K, committed 768K, reserved 1048576K
}
Event: 0.455 GC heap after
{Heap after GC invocations=1 (full 0):
 garbage-first heap   total 131072K, used 8093K [0x0000000080000000, 0x0000000100000000)
  region size 1024K, 2 young (2048K), 2 survivors (2048K)
 Metaspace       used 6751K, capacity 6933K, committed 7168K, reserved 1056768K
  class space    used 584K, capacity 650K, committed 768K, reserved 1048576K
}
Event: 0.721 GC heap before
{Heap before GC invocations=1 (full 0):
 garbage-first heap   total 131072K, used 19357K [0x0000000080000000, 0x0000000100000000)
  region size 1024K, 13 young (13312K), 2 survivors (2048K)
 Metaspace       used 10295K, capacity 10561K, committed 10624K, reserved 1058816K
  class space    used 1073K, capacity 1139K, committed 1152K, reserved 1048576K
}
Event: 0.725 GC heap after
{Heap after GC invocations=2 (full 0):
 garbage-first heap   total 131072K, used 9283K [0x0000000080000000, 0x0000000100000000)
  region size 1024K, 2 young (2048K), 2 survivors (2048K)
 Metaspace       used 10295K, capacity 10561K, committed 10624K, reserved 1058816K
  class space    used 1073K, capacity 1139K, committed 1152K, reserved 1048576K
}
Event: 1.052 GC heap before
{Heap before GC invocations=2 (full 0):
 garbage-first heap   total 131072K, used 38979K [0x0000000080000000, 0x0000000100000000)
  region size 1024K, 31 young (31744K), 2 survivors (2048K)
 Metaspace       used 11257K, capacity 11516K, committed 11776K, reserved 1060864K
  class space    used 1176K, capacity 1244K, committed 1280K, reserved 1048576K
}
Event: 1.055 GC heap after
{Heap after GC invocations=3 (full 0):
 garbage-first heap   total 131072K, used 12023K [0x0000000080000000, 0x0000000100000000)
  region size 1024K, 3 young (3072K), 3 survivors (3072K)
 Metaspace       used 11257K, capacity 11516K, committed 11776K, reserved 1060864K
  class space    used 1176K, capacity 1244K, committed 1280K, reserved 1048576K
}
Event: 1.942 GC heap before
{Heap before GC invocations=3 (full 0):
 garbage-first heap   total 131072K, used 72439K [0x0000000080000000, 0x0000000100000000)
  region size 1024K, 62 young (63488K), 3 survivors (3072K)
 Metaspace       used 19543K, capacity 20010K, committed 20224K, reserved 1067008K
  class space    used 2386K, capacity 2548K, committed 2560K, reserved 1048576K
}
Event: 1.947 GC heap after
{Heap after GC invocations=4 (full 0):
 garbage-first heap   total 131072K, used 16209K [0x0000000080000000, 0x0000000100000000)
  region size 1024K, 8 young (8192K), 8 survivors (8192K)
 Metaspace       used 19543K, capacity 20010K, committed 20224K, reserved 1067008K
  class space    used 2386K, capacity 2548K, committed 2560K, reserved 1048576K
}
Event: 2.063 GC heap before
{Heap before GC invocations=4 (full 0):
 garbage-first heap   total 131072K, used 22353K [0x0000000080000000, 0x0000000100000000)
  region size 1024K, 15 young (15360K), 8 survivors (8192K)
 Metaspace       used 20673K, capacity 21112K, committed 21296K, reserved 1069056K
  class space    used 2532K, capacity 2660K, committed 2688K, reserved 1048576K
}
Event: 2.069 GC heap after
{Heap after GC invocations=5 (full 0):
 garbage-first heap   total 131072K, used 17094K [0x0000000080000000, 0x0000000100000000)
  region size 1024K, 1 young (1024K), 1 survivors (1024K)
 Metaspace       used 20673K, capacity 21112K, committed 21296K, reserved 1069056K
  class space    used 2532K, capacity 2660K, committed 2688K, reserved 1048576K
}
Event: 2.819 GC heap before
{Heap before GC invocations=6 (full 0):
 garbage-first heap   total 131072K, used 63174K [0x0000000080000000, 0x0000000100000000)
  region size 1024K, 46 young (47104K), 1 survivors (1024K)
 Metaspace       used 25386K, capacity 25974K, committed 26288K, reserved 1073152K
  class space    used 3295K, capacity 3499K, committed 3584K, reserved 1048576K
}
Event: 2.823 GC heap after
{Heap after GC invocations=7 (full 0):
 garbage-first heap   total 157696K, used 18567K [0x0000000080000000, 0x0000000100000000)
  region size 1024K, 3 young (3072K), 3 survivors (3072K)
 Metaspace       used 25386K, capacity 25974K, committed 26288K, reserved 1073152K
  class space    used 3295K, capacity 3499K, committed 3584K, reserved 1048576K
}
Event: 4.015 GC heap before
{Heap before GC invocations=7 (full 0):
 garbage-first heap   total 157696K, used 78983K [0x0000000080000000, 0x0000000100000000)
  region size 1024K, 62 young (63488K), 3 survivors (3072K)
 Metaspace       used 33116K, capacity 33874K, committed 33968K, reserved 1079296K
  class space    used 4307K, capacity 4607K, committed 4608K, reserved 1048576K
}
Event: 4.021 GC heap after
{Heap after GC invocations=8 (full 0):
 garbage-first heap   total 157696K, used 21524K [0x0000000080000000, 0x0000000100000000)
  region size 1024K, 6 young (6144K), 6 survivors (6144K)
 Metaspace       used 33116K, capacity 33874K, committed 33968K, reserved 1079296K
  class space    used 4307K, capacity 4607K, committed 4608K, reserved 1048576K
}
Event: 4.103 GC heap before
{Heap before GC invocations=8 (full 0):
 garbage-first heap   total 157696K, used 24596K [0x0000000080000000, 0x0000000100000000)
  region size 1024K, 10 young (10240K), 6 survivors (6144K)
 Metaspace       used 34854K, capacity 35643K, committed 35708K, reserved 1081344K
  class space    used 4528K, capacity 4857K, committed 4864K, reserved 1048576K
}
Event: 4.111 GC heap after
{Heap after GC invocations=9 (full 0):
 garbage-first heap   total 157696K, used 22092K [0x0000000080000000, 0x0000000100000000)
  region size 1024K, 4 young (4096K), 4 survivors (4096K)
 Metaspace       used 34854K, capacity 35643K, committed 35708K, reserved 1081344K
  class space    used 4528K, capacity 4857K, committed 4864K, reserved 1048576K
}

Deoptimization events (20 events):
Event: 4.676 Thread 0x000001db7dc45000 Uncommon trap: trap_request=0xffffffbe fr.pc=0x000001db07c645fc relative=0x00000000000009bc
Event: 4.676 Thread 0x000001db7dc45000 Uncommon trap: reason=profile_predicate action=maybe_recompile pc=0x000001db07c645fc method=java.util.stream.ReferencePipeline.forEachWithCancel(Ljava/util/Spliterator;Ljava/util/stream/Sink;)Z @ 8 c2
Event: 4.676 Thread 0x000001db7dc45000 DEOPT PACKING pc=0x000001db07c645fc sp=0x0000004d3c9f7ba0
Event: 4.677 Thread 0x000001db7dc45000 DEOPT UNPACKING pc=0x000001db0002662f sp=0x0000004d3c9f7b70 mode 2
Event: 4.697 Thread 0x000001db7dc45000 Uncommon trap: trap_request=0xffffffbe fr.pc=0x000001db07c81e84 relative=0x0000000000000824
Event: 4.697 Thread 0x000001db7dc45000 Uncommon trap: reason=profile_predicate action=maybe_recompile pc=0x000001db07c81e84 method=java.lang.PublicMethods$MethodList.filter([Ljava/lang/reflect/Method;Ljava/lang/String;[Ljava/lang/Class;Z)Ljava/lang/PublicMethods$MethodList; @ 21 c2
Event: 4.697 Thread 0x000001db7dc45000 DEOPT PACKING pc=0x000001db07c81e84 sp=0x0000004d3c9f6010
Event: 4.697 Thread 0x000001db7dc45000 DEOPT UNPACKING pc=0x000001db0002662f sp=0x0000004d3c9f5fc8 mode 2
Event: 4.697 Thread 0x000001db7dc45000 Uncommon trap: trap_request=0xffffffbe fr.pc=0x000001db07c81e84 relative=0x0000000000000824
Event: 4.697 Thread 0x000001db7dc45000 Uncommon trap: reason=profile_predicate action=maybe_recompile pc=0x000001db07c81e84 method=java.lang.PublicMethods$MethodList.filter([Ljava/lang/reflect/Method;Ljava/lang/String;[Ljava/lang/Class;Z)Ljava/lang/PublicMethods$MethodList; @ 21 c2
Event: 4.697 Thread 0x000001db7dc45000 DEOPT PACKING pc=0x000001db07c81e84 sp=0x0000004d3c9f6010
Event: 4.697 Thread 0x000001db7dc45000 DEOPT UNPACKING pc=0x000001db0002662f sp=0x0000004d3c9f5fc8 mode 2
Event: 4.697 Thread 0x000001db7dc45000 Uncommon trap: trap_request=0xffffffbe fr.pc=0x000001db07c81e84 relative=0x0000000000000824
Event: 4.697 Thread 0x000001db7dc45000 Uncommon trap: reason=profile_predicate action=maybe_recompile pc=0x000001db07c81e84 method=java.lang.PublicMethods$MethodList.filter([Ljava/lang/reflect/Method;Ljava/lang/String;[Ljava/lang/Class;Z)Ljava/lang/PublicMethods$MethodList; @ 21 c2
Event: 4.697 Thread 0x000001db7dc45000 DEOPT PACKING pc=0x000001db07c81e84 sp=0x0000004d3c9f5850
Event: 4.697 Thread 0x000001db7dc45000 DEOPT UNPACKING pc=0x000001db0002662f sp=0x0000004d3c9f5808 mode 2
Event: 4.710 Thread 0x000001db7dc45000 Uncommon trap: trap_request=0xffffffbe fr.pc=0x000001db07c81e84 relative=0x0000000000000824
Event: 4.710 Thread 0x000001db7dc45000 Uncommon trap: reason=profile_predicate action=maybe_recompile pc=0x000001db07c81e84 method=java.lang.PublicMethods$MethodList.filter([Ljava/lang/reflect/Method;Ljava/lang/String;[Ljava/lang/Class;Z)Ljava/lang/PublicMethods$MethodList; @ 21 c2
Event: 4.710 Thread 0x000001db7dc45000 DEOPT PACKING pc=0x000001db07c81e84 sp=0x0000004d3c9f3ee0
Event: 4.710 Thread 0x000001db7dc45000 DEOPT UNPACKING pc=0x000001db0002662f sp=0x0000004d3c9f3e98 mode 2

Classes redefined (0 events):
No events

Internal exceptions (20 events):
Event: 4.651 Thread 0x000001db7dc45000 Exception <a 'java/lang/ClassNotFoundException'{0x0000000086ea2508}: org/gradle/initialization/DefaultSettingsCustomizer> (0x0000000086ea2508) thrown at [./src/hotspot/share/classfile/systemDictionary.cpp, line 231]
Event: 4.653 Thread 0x000001db7dc45000 Exception <a 'java/lang/ClassNotFoundException'{0x0000000086ef6200}: org/gradle/initialization/DefaultSettings_DecoratedCustomizer> (0x0000000086ef6200) thrown at [./src/hotspot/share/classfile/systemDictionary.cpp, line 231]
Event: 4.692 Thread 0x000001db7dc45000 Exception <a 'java/lang/ClassNotFoundException'{0x0000000086cd1d20}: org/gradle/internal/metaobject/ConfigureDelegateBeanInfo> (0x0000000086cd1d20) thrown at [./src/hotspot/share/classfile/systemDictionary.cpp, line 231]
Event: 4.693 Thread 0x000001db7dc45000 Exception <a 'java/lang/ClassNotFoundException'{0x0000000086cfd820}: org/gradle/internal/metaobject/ConfigureDelegateCustomizer> (0x0000000086cfd820) thrown at [./src/hotspot/share/classfile/systemDictionary.cpp, line 231]
Event: 4.699 Thread 0x000001db7dc45000 Exception <a 'java/lang/ClassNotFoundException'{0x0000000086b8a8d8}: org/gradle/plugin/management/internal/DefaultPluginManagementSpec_DecoratedBeanInfo> (0x0000000086b8a8d8) thrown at [./src/hotspot/share/classfile/systemDictionary.cpp, line 231]
Event: 4.700 Thread 0x000001db7dc45000 Exception <a 'java/lang/ClassNotFoundException'{0x0000000086bc1b98}: org/gradle/plugin/management/internal/DefaultPluginManagementSpecBeanInfo> (0x0000000086bc1b98) thrown at [./src/hotspot/share/classfile/systemDictionary.cpp, line 231]
Event: 4.701 Thread 0x000001db7dc45000 Exception <a 'java/lang/ClassNotFoundException'{0x0000000086bfafa0}: org/gradle/plugin/management/internal/DefaultPluginManagementSpecCustomizer> (0x0000000086bfafa0) thrown at [./src/hotspot/share/classfile/systemDictionary.cpp, line 231]
Event: 4.704 Thread 0x000001db7dc45000 Exception <a 'java/lang/ClassNotFoundException'{0x0000000086a47a60}: org/gradle/plugin/management/internal/DefaultPluginManagementSpec_DecoratedCustomizer> (0x0000000086a47a60) thrown at [./src/hotspot/share/classfile/systemDictionary.cpp, line 231]
Event: 4.751 Thread 0x000001db7dc45000 Exception <a 'java/lang/ClassNotFoundException'{0x00000000866dd050}: org/gradle/api/internal/artifacts/dsl/DefaultRepositoryHandler_DecoratedBeanInfo> (0x00000000866dd050) thrown at [./src/hotspot/share/classfile/systemDictionary.cpp, line 231]
Event: 4.753 Thread 0x000001db7dc45000 Exception <a 'java/lang/ClassNotFoundException'{0x0000000086516da0}: org/gradle/api/internal/artifacts/dsl/DefaultRepositoryHandlerBeanInfo> (0x0000000086516da0) thrown at [./src/hotspot/share/classfile/systemDictionary.cpp, line 231]
Event: 4.753 Thread 0x000001db7dc45000 Exception <a 'java/lang/ClassNotFoundException'{0x0000000086553998}: org/gradle/api/internal/artifacts/DefaultArtifactRepositoryContainerBeanInfo> (0x0000000086553998) thrown at [./src/hotspot/share/classfile/systemDictionary.cpp, line 231]
Event: 4.754 Thread 0x000001db7dc45000 Exception <a 'java/lang/ClassNotFoundException'{0x000000008657eb98}: org/gradle/api/internal/DefaultNamedDomainObjectListBeanInfo> (0x000000008657eb98) thrown at [./src/hotspot/share/classfile/systemDictionary.cpp, line 231]
Event: 4.755 Thread 0x000001db7dc45000 Exception <a 'java/lang/ClassNotFoundException'{0x00000000865ab2d8}: org/gradle/api/internal/DefaultNamedDomainObjectCollectionBeanInfo> (0x00000000865ab2d8) thrown at [./src/hotspot/share/classfile/systemDictionary.cpp, line 231]
Event: 4.756 Thread 0x000001db7dc45000 Exception <a 'java/lang/ClassNotFoundException'{0x00000000865d68b0}: org/gradle/api/internal/DefaultDomainObjectCollectionBeanInfo> (0x00000000865d68b0) thrown at [./src/hotspot/share/classfile/systemDictionary.cpp, line 231]
Event: 4.756 Thread 0x000001db7dc45000 Exception <a 'java/lang/ClassNotFoundException'{0x00000000865dcf58}: java/util/AbstractCollectionBeanInfo> (0x00000000865dcf58) thrown at [./src/hotspot/share/classfile/systemDictionary.cpp, line 231]
Event: 4.756 Thread 0x000001db7dc45000 Exception <a 'java/lang/ClassNotFoundException'{0x00000000865e35a8}: java/util/AbstractCollectionCustomizer> (0x00000000865e35a8) thrown at [./src/hotspot/share/classfile/systemDictionary.cpp, line 231]
Event: 4.759 Thread 0x000001db7dc45000 Exception <a 'java/lang/ClassNotFoundException'{0x0000000086418320}: org/gradle/api/internal/DefaultDomainObjectCollectionCustomizer> (0x0000000086418320) thrown at [./src/hotspot/share/classfile/systemDictionary.cpp, line 231]
Event: 4.765 Thread 0x000001db7dc45000 Exception <a 'java/lang/ClassNotFoundException'{0x0000000086462070}: org/gradle/api/internal/DefaultNamedDomainObjectCollectionCustomizer> (0x0000000086462070) thrown at [./src/hotspot/share/classfile/systemDictionary.cpp, line 231]
Event: 4.772 Thread 0x000001db7dc45000 Exception <a 'java/lang/ClassNotFoundException'{0x00000000864dbf80}: org/gradle/api/internal/DefaultNamedDomainObjectListCustomizer> (0x00000000864dbf80) thrown at [./src/hotspot/share/classfile/systemDictionary.cpp, line 231]
Event: 4.789 Thread 0x000001db7dc45000 Exception <a 'java/lang/ClassNotFoundException'{0x00000000863321e8}: org/gradle/api/internal/artifacts/DefaultArtifactRepositoryContainerCustomizer> (0x00000000863321e8) thrown at [./src/hotspot/share/classfile/systemDictionary.cpp, line 231]

Events (20 events):
Event: 4.769 loading class org/gradle/api/internal/DefaultNamedDomainObjectCollection$ObjectBackedElementInfo
Event: 4.769 loading class org/gradle/api/internal/DefaultNamedDomainObjectCollection$ObjectBackedElementInfo done
Event: 4.771 loading class org/gradle/api/internal/DefaultNamedDomainObjectListCustomizer
Event: 4.771 loading class org/gradle/api/internal/DefaultNamedDomainObjectListCustomizer done
Event: 4.771 loading class org/gradle/api/internal/DefaultNamedDomainObjectListCustomizer
Event: 4.771 loading class org/gradle/api/internal/DefaultNamedDomainObjectListCustomizer done
Event: 4.771 loading class org/gradle/api/internal/DefaultNamedDomainObjectListCustomizer
Event: 4.771 loading class org/gradle/api/internal/DefaultNamedDomainObjectListCustomizer done
Event: 4.772 loading class org/gradle/api/internal/DefaultNamedDomainObjectListCustomizer
Event: 4.772 loading class org/gradle/api/internal/DefaultNamedDomainObjectListCustomizer done
Event: 4.773 loading class org/gradle/api/internal/artifacts/DefaultArtifactRepositoryContainerCustomizer
Event: 4.773 loading class org/gradle/api/internal/artifacts/DefaultArtifactRepositoryContainerCustomizer done
Event: 4.788 loading class org/gradle/api/internal/artifacts/DefaultArtifactRepositoryContainerCustomizer
Event: 4.788 loading class org/gradle/api/internal/artifacts/DefaultArtifactRepositoryContainerCustomizer done
Event: 4.788 loading class org/gradle/api/internal/artifacts/DefaultArtifactRepositoryContainerCustomizer
Event: 4.788 loading class org/gradle/api/internal/artifacts/DefaultArtifactRepositoryContainerCustomizer done
Event: 4.789 loading class org/gradle/api/internal/artifacts/DefaultArtifactRepositoryContainerCustomizer
Event: 4.789 loading class org/gradle/api/internal/artifacts/DefaultArtifactRepositoryContainerCustomizer done
Event: 4.791 loading class org/gradle/api/internal/artifacts/dsl/DefaultRepositoryHandlerCustomizer
Event: 4.791 loading class org/gradle/api/internal/artifacts/dsl/DefaultRepositoryHandlerCustomizer done


Dynamic libraries:
0x00007ff7e6940000 - 0x00007ff7e694a000 	C:\Program Files\Android\Android Studio\jre\bin\java.exe
0x00007ff891870000 - 0x00007ff891a65000 	C:\WINDOWS\SYSTEM32\ntdll.dll
0x00007ff8909e0000 - 0x00007ff890a9e000 	C:\WINDOWS\System32\KERNEL32.DLL
0x00007ff88f240000 - 0x00007ff88f508000 	C:\WINDOWS\System32\KERNELBASE.dll
0x00007ff88f140000 - 0x00007ff88f240000 	C:\WINDOWS\System32\ucrtbase.dll
0x00007ff8766c0000 - 0x00007ff8766d7000 	C:\Program Files\Android\Android Studio\jre\bin\VCRUNTIME140.dll
0x00007ff8722d0000 - 0x00007ff8722e9000 	C:\Program Files\Android\Android Studio\jre\bin\jli.dll
0x00007ff8900f0000 - 0x00007ff890290000 	C:\WINDOWS\System32\USER32.dll
0x00007ff88f810000 - 0x00007ff88f832000 	C:\WINDOWS\System32\win32u.dll
0x00007ff891020000 - 0x00007ff89104a000 	C:\WINDOWS\System32\GDI32.dll
0x00007ff88f030000 - 0x00007ff88f13b000 	C:\WINDOWS\System32\gdi32full.dll
0x00007ff88ef90000 - 0x00007ff88f02d000 	C:\WINDOWS\System32\msvcp_win.dll
0x00007ff8769f0000 - 0x00007ff876c8a000 	C:\WINDOWS\WinSxS\amd64_microsoft.windows.common-controls_6595b64144ccf1df_6.0.19041.1110_none_60b5254171f9507e\COMCTL32.dll
0x00007ff890f80000 - 0x00007ff89101e000 	C:\WINDOWS\System32\msvcrt.dll
0x00007ff88fae0000 - 0x00007ff88fb10000 	C:\WINDOWS\System32\IMM32.DLL
0x00007ff867e50000 - 0x00007ff867eed000 	C:\Program Files\Android\Android Studio\jre\bin\msvcp140.dll
0x00007ff852e70000 - 0x00007ff853945000 	C:\Program Files\Android\Android Studio\jre\bin\server\jvm.dll
0x00007ff891050000 - 0x00007ff8910fe000 	C:\WINDOWS\System32\ADVAPI32.dll
0x00007ff88fdd0000 - 0x00007ff88fe6c000 	C:\WINDOWS\System32\sechost.dll
0x00007ff88f9b0000 - 0x00007ff88fad5000 	C:\WINDOWS\System32\RPCRT4.dll
0x00007ff891120000 - 0x00007ff891128000 	C:\WINDOWS\System32\PSAPI.DLL
0x00007ff8750e0000 - 0x00007ff8750e9000 	C:\WINDOWS\SYSTEM32\WSOCK32.dll
0x00007ff885c40000 - 0x00007ff885c67000 	C:\WINDOWS\SYSTEM32\WINMM.dll
0x00007ff888fb0000 - 0x00007ff888fba000 	C:\WINDOWS\SYSTEM32\VERSION.dll
0x00007ff890080000 - 0x00007ff8900eb000 	C:\WINDOWS\System32\WS2_32.dll
0x00007ff88d890000 - 0x00007ff88d8a2000 	C:\WINDOWS\SYSTEM32\kernel.appcore.dll
0x00007ff8820e0000 - 0x00007ff8820f1000 	C:\Program Files\Android\Android Studio\jre\bin\verify.dll
0x00007ff877030000 - 0x00007ff877214000 	C:\WINDOWS\SYSTEM32\DBGHELP.DLL
0x00007ff878ec0000 - 0x00007ff878eec000 	C:\WINDOWS\SYSTEM32\dbgcore.DLL
0x00007ff88f840000 - 0x00007ff88f8c2000 	C:\WINDOWS\System32\bcryptPrimitives.dll
0x00007ff86e000000 - 0x00007ff86e029000 	C:\Program Files\Android\Android Studio\jre\bin\java.dll
0x00007ff88a7a0000 - 0x00007ff88a7ab000 	C:\Program Files\Android\Android Studio\jre\bin\jimage.dll
0x00007ff86f080000 - 0x00007ff86f098000 	C:\Program Files\Android\Android Studio\jre\bin\zip.dll
0x00007ff890290000 - 0x00007ff8909d4000 	C:\WINDOWS\System32\SHELL32.dll
0x00007ff88d0b0000 - 0x00007ff88d844000 	C:\WINDOWS\SYSTEM32\windows.storage.dll
0x00007ff890b70000 - 0x00007ff890ec4000 	C:\WINDOWS\System32\combase.dll
0x00007ff88e930000 - 0x00007ff88e95c000 	C:\WINDOWS\SYSTEM32\Wldp.dll
0x00007ff890ed0000 - 0x00007ff890f7d000 	C:\WINDOWS\System32\SHCORE.dll
0x00007ff88fd60000 - 0x00007ff88fdb5000 	C:\WINDOWS\System32\shlwapi.dll
0x00007ff88eed0000 - 0x00007ff88eeef000 	C:\WINDOWS\SYSTEM32\profapi.dll
0x00007ff86db10000 - 0x00007ff86db2a000 	C:\Program Files\Android\Android Studio\jre\bin\net.dll
0x00007ff885910000 - 0x00007ff885a1a000 	C:\WINDOWS\SYSTEM32\WINHTTP.dll
0x00007ff88e690000 - 0x00007ff88e6fa000 	C:\WINDOWS\system32\mswsock.dll
0x00007ff868a60000 - 0x00007ff868a74000 	C:\Program Files\Android\Android Studio\jre\bin\nio.dll
0x00007ff881f90000 - 0x00007ff881fb7000 	C:\Users\Vik\.gradle\native\e1d6ef7f7dcc3fd88c89a11ec53ec762bb8ba0a96d01ffa2cd45eb1d1d8dd5c5\windows-amd64\native-platform.dll
0x00007ff864c10000 - 0x00007ff864d54000 	C:\Users\Vik\.gradle\native\5664cfc778a61ccfe75a443a1ab52a65af34e5dc3c78e0209fed803814484fcb\windows-amd64\native-platform-file-events.dll
0x00007ff883220000 - 0x00007ff88322a000 	C:\Program Files\Android\Android Studio\jre\bin\management.dll
0x00007ff882a50000 - 0x00007ff882a5d000 	C:\Program Files\Android\Android Studio\jre\bin\management_ext.dll
0x00007ff88e890000 - 0x00007ff88e8a8000 	C:\WINDOWS\SYSTEM32\CRYPTSP.dll
0x00007ff88e010000 - 0x00007ff88e044000 	C:\WINDOWS\system32\rsaenh.dll
0x00007ff88f630000 - 0x00007ff88f657000 	C:\WINDOWS\System32\bcrypt.dll
0x00007ff88ee90000 - 0x00007ff88eebe000 	C:\WINDOWS\SYSTEM32\USERENV.dll
0x00007ff88e880000 - 0x00007ff88e88c000 	C:\WINDOWS\SYSTEM32\CRYPTBASE.dll
0x00007ff88e380000 - 0x00007ff88e3bb000 	C:\WINDOWS\SYSTEM32\IPHLPAPI.DLL
0x00007ff88fc20000 - 0x00007ff88fc28000 	C:\WINDOWS\System32\NSI.dll
0x00007ff8884e0000 - 0x00007ff8884f7000 	C:\WINDOWS\SYSTEM32\dhcpcsvc6.DLL
0x00007ff888e50000 - 0x00007ff888e6d000 	C:\WINDOWS\SYSTEM32\dhcpcsvc.DLL
0x00007ff88e3c0000 - 0x00007ff88e48b000 	C:\WINDOWS\SYSTEM32\DNSAPI.dll

dbghelp: loaded successfully - version: 4.0.5 - missing functions: none
symbol engine: initialized successfully - sym options: 0x614 - pdb path: .;C:\Program Files\Android\Android Studio\jre\bin;C:\WINDOWS\SYSTEM32;C:\WINDOWS\WinSxS\amd64_microsoft.windows.common-controls_6595b64144ccf1df_6.0.19041.1110_none_60b5254171f9507e;C:\Program Files\Android\Android Studio\jre\bin\server;C:\Users\Vik\.gradle\native\e1d6ef7f7dcc3fd88c89a11ec53ec762bb8ba0a96d01ffa2cd45eb1d1d8dd5c5\windows-amd64;C:\Users\Vik\.gradle\native\5664cfc778a61ccfe75a443a1ab52a65af34e5dc3c78e0209fed803814484fcb\windows-amd64

VM Arguments:
jvm_args: --add-opens=java.base/java.util=ALL-UNNAMED --add-opens=java.base/java.lang=ALL-UNNAMED --add-opens=java.base/java.lang.invoke=ALL-UNNAMED --add-opens=java.base/java.util=ALL-UNNAMED --add-opens=java.prefs/java.util.prefs=ALL-UNNAMED --add-opens=java.prefs/java.util.prefs=ALL-UNNAMED --add-opens=java.base/java.nio.charset=ALL-UNNAMED --add-opens=java.base/java.net=ALL-UNNAMED --add-opens=java.base/java.util.concurrent.atomic=ALL-UNNAMED -Xmx2048m -Dfile.encoding=UTF-8 -Duser.country=RU -Duser.language=ru -Duser.variant 
java_command: org.gradle.launcher.daemon.bootstrap.GradleDaemon 7.2
java_class_path (initial): C:\Users\Vik\.gradle\wrapper\dists\gradle-7.2-bin\2dnblmf4td7x66yl1d74lt32g\gradle-7.2\lib\gradle-launcher-7.2.jar
Launcher Type: SUN_STANDARD

[Global flags]
     intx CICompilerCount                          = 3                                         {product} {ergonomic}
     uint ConcGCThreads                            = 1                                         {product} {ergonomic}
     uint G1ConcRefinementThreads                  = 4                                         {product} {ergonomic}
   size_t G1HeapRegionSize                         = 1048576                                   {product} {ergonomic}
    uintx GCDrainStackTargetSize                   = 64                                        {product} {ergonomic}
   size_t InitialHeapSize                          = 134217728                                 {product} {ergonomic}
   size_t MarkStackSize                            = 4194304                                   {product} {ergonomic}
   size_t MaxHeapSize                              = 2147483648                                {product} {command line}
   size_t MaxNewSize                               = 1287651328                                {product} {ergonomic}
   size_t MinHeapDeltaBytes                        = 1048576                                   {product} {ergonomic}
    uintx NonNMethodCodeHeapSize                   = 5830732                                {pd product} {ergonomic}
    uintx NonProfiledCodeHeapSize                  = 122913754                              {pd product} {ergonomic}
    uintx ProfiledCodeHeapSize                     = 122913754                              {pd product} {ergonomic}
    uintx ReservedCodeCacheSize                    = 251658240                              {pd product} {ergonomic}
     bool SegmentedCodeCache                       = true                                      {product} {ergonomic}
     bool UseCompressedClassPointers               = true                                 {lp64_product} {ergonomic}
     bool UseCompressedOops                        = true                                 {lp64_product} {ergonomic}
     bool UseG1GC                                  = true                                      {product} {ergonomic}
     bool UseLargePagesIndividualAllocation        = false                                  {pd product} {ergonomic}

Logging:
Log output configuration:
 #0: stdout all=warning uptime,level,tags
 #1: stderr all=off uptime,level,tags

Environment Variables:
JAVA_HOME=c:\Program Files\Java\jdk-16.0.2
PATH=C:\Program Files\Common Files\Oracle\Java\javapath;C:\Program Files (x86)\Common Files\Oracle\Java\javapath;C:\ProgramData\Oracle\Java\javapath;C:\Windows\system32;C:\Windows;C:\Windows\System32\Wbem;C:\Windows\System32\WindowsPowerShell\v1.0\;C:\Program Files\Java\jdk-16.0.2\bin\;C:\WINDOWS\system32;C:\WINDOWS;C:\WINDOWS\System32\Wbem;C:\WINDOWS\System32\WindowsPowerShell\v1.0\;C:\WINDOWS\System32\OpenSSH\;C:\Program Files\dotnet\;C:\Program Files\Git\cmd;C:\Program Files (x86)\NVIDIA Corporation\PhysX\Common;C:\Users\Vik\AppData\Local\Microsoft\WindowsApps;C:\Program Files\JetBrains\IntelliJ IDEA Community Edition 2021.3\bin;C:\Users\Vik\AppData\Local\GitHubDesktop\bin;C:\Users\Vik\AppData\Local\gitkraken\bin
USERNAME=Vik
OS=Windows_NT
PROCESSOR_IDENTIFIER=Intel64 Family 6 Model 60 Stepping 3, GenuineIntel



---------------  S Y S T E M  ---------------

OS: Windows 10 , 64 bit Build 19041 (10.0.19041.1645)
OS uptime: 0 days 2:05 hours

CPU:total 4 (initial active 4) (4 cores per cpu, 1 threads per core) family 6 model 60 stepping 3 microcode 0x27, cmov, cx8, fxsr, mmx, sse, sse2, sse3, ssse3, sse4.1, sse4.2, popcnt, avx, avx2, aes, clmul, erms, lzcnt, tsc, tscinvbit, bmi1, bmi2, fma

Memory: 4k page, system-wide physical 8128M (439M free)
TotalPageFile size 10528M (AvailPageFile size 4M)
current process WorkingSet (physical memory assigned to process): 275M, peak: 276M
current process commit charge ("private bytes"): 339M, peak: 342M

vm_info: OpenJDK 64-Bit Server VM (11.0.11+9-b60-7590822) for windows-amd64 JRE (11.0.11+9-b60-7590822), built on Jul 29 2021 21:43:44 by "builder" with MS VC++ 14.0 (VS2015)

END.
