#
# There is insufficient memory for the Java Runtime Environment to continue.
# Native memory allocation (mmap) failed to map 178257920 bytes for Failed to commit area from 0x0000000094400000 to 0x000000009ee00000 of length 178257920.
# Possible reasons:
#   The system is out of physical RAM or swap space
#   The process is running with CompressedOops enabled, and the Java Heap may be blocking the growth of the native heap
# Possible solutions:
#   Reduce memory load on the system
#   Increase physical memory or swap space
#   Check if swap backing store is full
#   Decrease Java heap size (-Xmx/-Xms)
#   Decrease number of Java threads
#   Decrease Java thread stack sizes (-Xss)
#   Set larger code cache with -XX:ReservedCodeCacheSize=
#   JVM is running with Unscaled Compressed Oops mode in which the Java heap is
#     placed in the first 4GB address space. The Java Heap base address is the
#     maximum limit for the native heap growth. Please use -XX:HeapBaseMinAddress
#     to set the Java Heap base and to place the Java Heap above 4GB virtual address.
# This output file may be truncated or incomplete.
#
#  Out of Memory Error (./src/hotspot/os/windows/os_windows.cpp:3301), pid=7640, tid=6648
#
# JRE version: OpenJDK Runtime Environment (11.0.11+9) (build 11.0.11+9-b60-7590822)
# Java VM: OpenJDK 64-Bit Server VM (11.0.11+9-b60-7590822, mixed mode, tiered, compressed oops, g1 gc, windows-amd64)
# No core dump will be written. Minidumps are not enabled by default on client versions of Windows
#

---------------  S U M M A R Y ------------

Command Line: --add-opens=java.base/java.util=ALL-UNNAMED --add-opens=java.base/java.lang=ALL-UNNAMED --add-opens=java.base/java.lang.invoke=ALL-UNNAMED --add-opens=java.base/java.util=ALL-UNNAMED --add-opens=java.prefs/java.util.prefs=ALL-UNNAMED --add-opens=java.prefs/java.util.prefs=ALL-UNNAMED --add-opens=java.base/java.nio.charset=ALL-UNNAMED --add-opens=java.base/java.net=ALL-UNNAMED --add-opens=java.base/java.util.concurrent.atomic=ALL-UNNAMED -Xmx2048m -Dfile.encoding=UTF-8 -Duser.country=RU -Duser.language=ru -Duser.variant org.gradle.launcher.daemon.bootstrap.GradleDaemon 7.2

Host: Intel(R) Core(TM) i5-4690 CPU @ 3.50GHz, 4 cores, 7G,  Windows 10 , 64 bit Build 19041 (10.0.19041.1645)
Time: Thu May 19 14:32:37 2022 Финляндия (лето) elapsed time: 123.938231 seconds (0d 0h 2m 3s)

---------------  T H R E A D  ---------------

Current thread (0x00000232a620d000):  VMThread "VM Thread" [stack: 0x000000849cb00000,0x000000849cc00000] [id=6648]

Stack: [0x000000849cb00000,0x000000849cc00000]
[error occurred during error reporting (printing stack bounds), id 0xc0000005, EXCEPTION_ACCESS_VIOLATION (0xc0000005) at pc=0x000002328f9b0f2d]

Native frames: (J=compiled Java code, j=interpreted, Vv=VM code, C=native code)
V  [jvm.dll+0x5f214a]
V  [jvm.dll+0x726fb5]
V  [jvm.dll+0x7285cd]
V  [jvm.dll+0x728be5]
V  [jvm.dll+0x728b9b]
V  [jvm.dll+0x5f14e8]
V  [jvm.dll+0x5f1c78]
C  [ntdll.dll+0xa20cf]
C  [ntdll.dll+0x51454]
C  [ntdll.dll+0xa0bfe]
C  0x000002328f9b0f2d

VM_Operation (0x00000084a29fd010): G1CollectForAllocation, mode: safepoint, requested by thread 0x00000232ac74a800


---------------  P R O C E S S  ---------------

Threads class SMR info:
_java_thread_list=0x00000232b2c8d450, length=99, elements={
0x000002328a6fd800, 0x00000232a6211800, 0x00000232a621e000, 0x00000232a6231000,
0x00000232a6233000, 0x00000232a6234000, 0x00000232a6237000, 0x00000232a623d800,
0x00000232a6241000, 0x00000232a6d00000, 0x00000232a969b000, 0x00000232a8c8e000,
0x00000232a8625800, 0x00000232a93e6800, 0x00000232a93e5800, 0x00000232a93e4000,
0x00000232a9b73000, 0x00000232a9b79000, 0x00000232a9b78000, 0x00000232a9b76800,
0x00000232a9b79800, 0x00000232a9b77000, 0x00000232a9b74800, 0x00000232a9b81000,
0x00000232afeb9800, 0x00000232afeba800, 0x00000232afeb7000, 0x00000232afebc000,
0x00000232afeb9000, 0x00000232afeb6800, 0x00000232afebd000, 0x00000232afebd800,
0x00000232afeb8000, 0x00000232afec1000, 0x00000232afec4800, 0x00000232afec2800,
0x00000232afec0000, 0x00000232afebf800, 0x00000232afec2000, 0x00000232afec3800,
0x00000232afebe800, 0x00000232afec5000, 0x00000232a9b74000, 0x00000232a9b75800,
0x00000232a9b72000, 0x00000232a9b7c000, 0x00000232a9b80000, 0x00000232a9b7d000,
0x00000232a9b7e800, 0x00000232a9b7a800, 0x00000232a93e4800, 0x00000232a81b1800,
0x00000232a81b0800, 0x00000232a81ae000, 0x00000232a81af000, 0x00000232a81b0000,
0x00000232a81ad800, 0x00000232a81ac800, 0x00000232a81b5000, 0x00000232a81b3000,
0x00000232a81b6800, 0x00000232a81b8000, 0x00000232a81b5800, 0x00000232a81b7000,
0x00000232a81b2800, 0x00000232a81b9800, 0x00000232a81b9000, 0x00000232a81b4000,
0x00000232a81ba800, 0x00000232a81bb800, 0x00000232a9922800, 0x00000232a991f000,
0x00000232a991e800, 0x00000232a9925000, 0x00000232a9920000, 0x00000232a9923000,
0x00000232a9924000, 0x00000232a9921000, 0x00000232a9921800, 0x00000232a944c000,
0x00000232a9451800, 0x00000232a944e800, 0x00000232a9450800, 0x00000232a944f000,
0x00000232a9452800, 0x00000232a9450000, 0x00000232a944c800, 0x00000232a6d90000,
0x00000232ac747000, 0x00000232ac744800, 0x00000232ac74a800, 0x00000232ac748000,
0x00000232ac748800, 0x00000232ac745800, 0x00000232ac749800, 0x00000232ac74b000,
0x00000232ac74c000, 0x00000232ac746000, 0x00000232ac74c800
}

Java Threads: ( => current thread )
  0x000002328a6fd800 JavaThread "main" [_thread_blocked, id=11064, stack(0x000000849c500000,0x000000849c600000)]
  0x00000232a6211800 JavaThread "Reference Handler" daemon [_thread_blocked, id=5900, stack(0x000000849cc00000,0x000000849cd00000)]
  0x00000232a621e000 JavaThread "Finalizer" daemon [_thread_blocked, id=6884, stack(0x000000849cd00000,0x000000849ce00000)]
  0x00000232a6231000 JavaThread "Signal Dispatcher" daemon [_thread_blocked, id=3068, stack(0x000000849ce00000,0x000000849cf00000)]
  0x00000232a6233000 JavaThread "Attach Listener" daemon [_thread_blocked, id=2696, stack(0x000000849cf00000,0x000000849d000000)]
  0x00000232a6234000 JavaThread "Service Thread" daemon [_thread_blocked, id=7604, stack(0x000000849d000000,0x000000849d100000)]
  0x00000232a6237000 JavaThread "C2 CompilerThread0" daemon [_thread_in_native, id=1212, stack(0x000000849d100000,0x000000849d200000)]
  0x00000232a623d800 JavaThread "C1 CompilerThread0" daemon [_thread_blocked, id=4408, stack(0x000000849d200000,0x000000849d300000)]
  0x00000232a6241000 JavaThread "Sweeper thread" daemon [_thread_blocked, id=2808, stack(0x000000849d300000,0x000000849d400000)]
  0x00000232a6d00000 JavaThread "Common-Cleaner" daemon [_thread_blocked, id=6628, stack(0x000000849d400000,0x000000849d500000)]
  0x00000232a969b000 JavaThread "Daemon health stats" [_thread_blocked, id=9960, stack(0x000000849d900000,0x000000849da00000)]
  0x00000232a8c8e000 JavaThread "Incoming local TCP Connector on port 53605" [_thread_in_native, id=4388, stack(0x000000849da00000,0x000000849db00000)]
  0x00000232a8625800 JavaThread "Daemon periodic checks" [_thread_blocked, id=10340, stack(0x000000849db00000,0x000000849dc00000)]
  0x00000232a93e6800 JavaThread "Cache worker for journal cache (C:\Users\Vik\.gradle\caches\journal-1)" [_thread_blocked, id=7668, stack(0x000000849e400000,0x000000849e500000)]
  0x00000232a93e5800 JavaThread "File lock request listener" [_thread_in_native, id=10408, stack(0x000000849e500000,0x000000849e600000)]
  0x00000232a93e4000 JavaThread "Cache worker for file hash cache (C:\Users\Vik\.gradle\caches\7.2\fileHashes)" [_thread_blocked, id=3756, stack(0x000000849e600000,0x000000849e700000)]
  0x00000232a9b73000 JavaThread "File watcher server" daemon [_thread_blocked, id=6664, stack(0x000000849e800000,0x000000849e900000)]
  0x00000232a9b79000 JavaThread "File watcher consumer" daemon [_thread_blocked, id=9704, stack(0x000000849e900000,0x000000849ea00000)]
  0x00000232a9b78000 JavaThread "jar transforms" [_thread_blocked, id=11180, stack(0x000000849ea00000,0x000000849eb00000)]
  0x00000232a9b76800 JavaThread "jar transforms Thread 2" [_thread_blocked, id=6772, stack(0x000000849eb00000,0x000000849ec00000)]
  0x00000232a9b79800 JavaThread "jar transforms Thread 3" [_thread_blocked, id=10752, stack(0x000000849ec00000,0x000000849ed00000)]
  0x00000232a9b77000 JavaThread "jar transforms Thread 4" [_thread_blocked, id=2492, stack(0x000000849ed00000,0x000000849ee00000)]
  0x00000232a9b74800 JavaThread "Cache worker for execution history cache (C:\Users\Vik\.gradle\caches\7.2\executionHistory)" [_thread_blocked, id=5732, stack(0x000000849f100000,0x000000849f200000)]
  0x00000232a9b81000 JavaThread "Cache worker for file content cache (C:\Users\Vik\.gradle\caches\7.2\fileContent)" [_thread_blocked, id=8244, stack(0x000000849f200000,0x000000849f300000)]
  0x00000232afeb9800 JavaThread "Memory manager" [_thread_blocked, id=7084, stack(0x00000084a1d00000,0x00000084a1e00000)]
  0x00000232afeba800 JavaThread "pool-3-thread-1" [_thread_blocked, id=7240, stack(0x00000084a1e00000,0x00000084a1f00000)]
  0x00000232afeb7000 JavaThread "Daemon Thread 2" [_thread_blocked, id=3140, stack(0x000000849c200000,0x000000849c300000)]
  0x00000232afebc000 JavaThread "Handler for socket connection from /127.0.0.1:53605 to /127.0.0.1:53664" [_thread_in_native, id=11008, stack(0x000000849c300000,0x000000849c400000)]
  0x00000232afeb9000 JavaThread "Cancel handler" [_thread_blocked, id=5912, stack(0x000000849c400000,0x000000849c500000)]
  0x00000232afeb6800 JavaThread "Daemon worker Thread 2" [_thread_blocked, id=1332, stack(0x000000849dc00000,0x000000849dd00000)]
  0x00000232afebd000 JavaThread "Asynchronous log dispatcher for DefaultDaemonConnection: socket connection from /127.0.0.1:53605 to /127.0.0.1:53664" [_thread_blocked, id=9916, stack(0x000000849de00000,0x000000849df00000)]
  0x00000232afebd800 JavaThread "Stdin handler" [_thread_blocked, id=6728, stack(0x000000849df00000,0x000000849e000000)]
  0x00000232afeb8000 JavaThread "Daemon client event forwarder" [_thread_blocked, id=4748, stack(0x000000849e000000,0x000000849e100000)]
  0x00000232afec1000 JavaThread "Cache worker for file hash cache (D:\AndroidStudioProjects\Kotlin\.gradle\7.2\fileHashes)" [_thread_blocked, id=9832, stack(0x000000849e100000,0x000000849e200000)]
  0x00000232afec4800 JavaThread "Cache worker for checksums cache (D:\AndroidStudioProjects\Kotlin\.gradle\checksums)" [_thread_blocked, id=9588, stack(0x000000849e200000,0x000000849e300000)]
  0x00000232afec2800 JavaThread "Cache worker for cache directory md-supplier (C:\Users\Vik\.gradle\caches\7.2\md-supplier)" [_thread_blocked, id=10816, stack(0x000000849e700000,0x000000849e800000)]
  0x00000232afec0000 JavaThread "Cache worker for cache directory md-rule (C:\Users\Vik\.gradle\caches\7.2\md-rule)" [_thread_blocked, id=9936, stack(0x000000849ee00000,0x000000849ef00000)]
  0x00000232afebf800 JavaThread "Cache worker for dependencies-accessors (D:\AndroidStudioProjects\Kotlin\.gradle\7.2\dependencies-accessors)" [_thread_blocked, id=9880, stack(0x000000849ef00000,0x000000849f000000)]
  0x00000232afec2000 JavaThread "Cache worker for Build Output Cleanup Cache (D:\AndroidStudioProjects\Kotlin\.gradle\buildOutputCleanup)" [_thread_blocked, id=10256, stack(0x000000849f000000,0x000000849f100000)]
  0x00000232afec3800 JavaThread "Unconstrained build operations" [_thread_blocked, id=5420, stack(0x000000849f400000,0x000000849f500000)]
  0x00000232afebe800 JavaThread "Unconstrained build operations Thread 2" [_thread_blocked, id=9964, stack(0x000000849f500000,0x000000849f600000)]
  0x00000232afec5000 JavaThread "Unconstrained build operations Thread 3" [_thread_blocked, id=7632, stack(0x000000849f600000,0x000000849f700000)]
  0x00000232a9b74000 JavaThread "Unconstrained build operations Thread 4" [_thread_blocked, id=1672, stack(0x000000849f700000,0x000000849f800000)]
  0x00000232a9b75800 JavaThread "Unconstrained build operations Thread 5" [_thread_blocked, id=10048, stack(0x000000849f800000,0x000000849f900000)]
  0x00000232a9b72000 JavaThread "Unconstrained build operations Thread 6" [_thread_blocked, id=6696, stack(0x000000849f900000,0x000000849fa00000)]
  0x00000232a9b7c000 JavaThread "Unconstrained build operations Thread 7" [_thread_blocked, id=10280, stack(0x000000849fa00000,0x000000849fb00000)]
  0x00000232a9b80000 JavaThread "Unconstrained build operations Thread 8" [_thread_blocked, id=9888, stack(0x000000849fb00000,0x000000849fc00000)]
  0x00000232a9b7d000 JavaThread "Unconstrained build operations Thread 9" [_thread_blocked, id=2036, stack(0x000000849fc00000,0x000000849fd00000)]
  0x00000232a9b7e800 JavaThread "Unconstrained build operations Thread 10" [_thread_blocked, id=4652, stack(0x000000849fd00000,0x000000849fe00000)]
  0x00000232a9b7a800 JavaThread "Unconstrained build operations Thread 11" [_thread_blocked, id=5100, stack(0x000000849fe00000,0x000000849ff00000)]
  0x00000232a93e4800 JavaThread "Unconstrained build operations Thread 12" [_thread_blocked, id=5808, stack(0x000000849ff00000,0x00000084a0000000)]
  0x00000232a81b1800 JavaThread "Unconstrained build operations Thread 13" [_thread_blocked, id=7824, stack(0x00000084a0000000,0x00000084a0100000)]
  0x00000232a81b0800 JavaThread "Unconstrained build operations Thread 14" [_thread_blocked, id=6620, stack(0x00000084a0100000,0x00000084a0200000)]
  0x00000232a81ae000 JavaThread "Unconstrained build operations Thread 15" [_thread_blocked, id=9760, stack(0x00000084a0200000,0x00000084a0300000)]
  0x00000232a81af000 JavaThread "Unconstrained build operations Thread 16" [_thread_blocked, id=6780, stack(0x00000084a0300000,0x00000084a0400000)]
  0x00000232a81b0000 JavaThread "Unconstrained build operations Thread 17" [_thread_blocked, id=4168, stack(0x00000084a0400000,0x00000084a0500000)]
  0x00000232a81ad800 JavaThread "Unconstrained build operations Thread 18" [_thread_blocked, id=4832, stack(0x00000084a0500000,0x00000084a0600000)]
  0x00000232a81ac800 JavaThread "Unconstrained build operations Thread 19" [_thread_blocked, id=7424, stack(0x00000084a0600000,0x00000084a0700000)]
  0x00000232a81b5000 JavaThread "Unconstrained build operations Thread 20" [_thread_blocked, id=11012, stack(0x00000084a0700000,0x00000084a0800000)]
  0x00000232a81b3000 JavaThread "Unconstrained build operations Thread 21" [_thread_blocked, id=9824, stack(0x00000084a0800000,0x00000084a0900000)]
  0x00000232a81b6800 JavaThread "Unconstrained build operations Thread 22" [_thread_blocked, id=1636, stack(0x00000084a0900000,0x00000084a0a00000)]
  0x00000232a81b8000 JavaThread "Unconstrained build operations Thread 23" [_thread_blocked, id=3356, stack(0x00000084a0a00000,0x00000084a0b00000)]
  0x00000232a81b5800 JavaThread "Unconstrained build operations Thread 24" [_thread_blocked, id=6284, stack(0x00000084a0b00000,0x00000084a0c00000)]
  0x00000232a81b7000 JavaThread "Unconstrained build operations Thread 25" [_thread_blocked, id=4928, stack(0x00000084a0c00000,0x00000084a0d00000)]
  0x00000232a81b2800 JavaThread "Unconstrained build operations Thread 26" [_thread_blocked, id=4476, stack(0x00000084a0d00000,0x00000084a0e00000)]
  0x00000232a81b9800 JavaThread "Unconstrained build operations Thread 27" [_thread_blocked, id=972, stack(0x00000084a0e00000,0x00000084a0f00000)]
  0x00000232a81b9000 JavaThread "Unconstrained build operations Thread 28" [_thread_blocked, id=5440, stack(0x00000084a0f00000,0x00000084a1000000)]
  0x00000232a81b4000 JavaThread "Unconstrained build operations Thread 29" [_thread_blocked, id=1092, stack(0x00000084a1000000,0x00000084a1100000)]
  0x00000232a81ba800 JavaThread "Unconstrained build operations Thread 30" [_thread_blocked, id=6836, stack(0x00000084a1100000,0x00000084a1200000)]
  0x00000232a81bb800 JavaThread "Unconstrained build operations Thread 31" [_thread_blocked, id=10936, stack(0x00000084a1200000,0x00000084a1300000)]
  0x00000232a9922800 JavaThread "Unconstrained build operations Thread 32" [_thread_blocked, id=7644, stack(0x00000084a1300000,0x00000084a1400000)]
  0x00000232a991f000 JavaThread "Unconstrained build operations Thread 33" [_thread_blocked, id=5788, stack(0x00000084a1400000,0x00000084a1500000)]
  0x00000232a991e800 JavaThread "Unconstrained build operations Thread 34" [_thread_blocked, id=4112, stack(0x00000084a1500000,0x00000084a1600000)]
  0x00000232a9925000 JavaThread "Unconstrained build operations Thread 35" [_thread_blocked, id=1028, stack(0x00000084a1600000,0x00000084a1700000)]
  0x00000232a9920000 JavaThread "Unconstrained build operations Thread 36" [_thread_blocked, id=1248, stack(0x00000084a1700000,0x00000084a1800000)]
  0x00000232a9923000 JavaThread "Unconstrained build operations Thread 37" [_thread_blocked, id=11164, stack(0x00000084a1800000,0x00000084a1900000)]
  0x00000232a9924000 JavaThread "Unconstrained build operations Thread 38" [_thread_blocked, id=10452, stack(0x00000084a1900000,0x00000084a1a00000)]
  0x00000232a9921000 JavaThread "Unconstrained build operations Thread 39" [_thread_blocked, id=7140, stack(0x00000084a1a00000,0x00000084a1b00000)]
  0x00000232a9921800 JavaThread "Unconstrained build operations Thread 40" [_thread_blocked, id=7156, stack(0x00000084a1b00000,0x00000084a1c00000)]
  0x00000232a944c000 JavaThread "build event listener" [_thread_blocked, id=10988, stack(0x00000084a1c00000,0x00000084a1d00000)]
  0x00000232a9451800 JavaThread "pool-6-thread-1" [_thread_blocked, id=9792, stack(0x00000084a2000000,0x00000084a2100000)]
  0x00000232a944e800 JavaThread "build event listener" [_thread_blocked, id=9264, stack(0x00000084a2100000,0x00000084a2200000)]
  0x00000232a9450800 JavaThread "Execution worker for ':'" [_thread_blocked, id=10952, stack(0x00000084a2200000,0x00000084a2300000)]
  0x00000232a944f000 JavaThread "Execution worker for ':' Thread 2" [_thread_blocked, id=7404, stack(0x00000084a2300000,0x00000084a2400000)]
  0x00000232a9452800 JavaThread "Execution worker for ':' Thread 3" [_thread_blocked, id=9800, stack(0x00000084a2400000,0x00000084a2500000)]
  0x00000232a9450000 JavaThread "Cache worker for execution history cache (D:\AndroidStudioProjects\Kotlin\.gradle\7.2\executionHistory)" [_thread_blocked, id=8064, stack(0x00000084a2500000,0x00000084a2600000)]
  0x00000232a944c800 JavaThread "WorkerExecutor Queue" [_thread_blocked, id=11184, stack(0x00000084a2600000,0x00000084a2700000)]
  0x00000232a6d90000 JavaThread "C2 CompilerThread1" daemon [_thread_in_native, id=10956, stack(0x000000849f300000,0x000000849f400000)]
  0x00000232ac747000 JavaThread "WorkerExecutor Queue Thread 2" [_thread_blocked, id=2132, stack(0x00000084a2700000,0x00000084a2800000)]
  0x00000232ac744800 JavaThread "WorkerExecutor Queue Thread 3" [_thread_blocked, id=7148, stack(0x00000084a2800000,0x00000084a2900000)]
  0x00000232ac74a800 JavaThread "WorkerExecutor Queue Thread 4" [_thread_blocked, id=4672, stack(0x00000084a2900000,0x00000084a2a00000)]
  0x00000232ac748000 JavaThread "pool-7-thread-1" [_thread_blocked, id=10840, stack(0x00000084a2b00000,0x00000084a2c00000)]
  0x00000232ac748800 JavaThread "stderr" [_thread_in_native, id=9900, stack(0x00000084a2c00000,0x00000084a2d00000)]
  0x00000232ac745800 JavaThread "stdout" [_thread_in_native, id=2608, stack(0x00000084a2d00000,0x00000084a2e00000)]
  0x00000232ac749800 JavaThread "WorkerExecutor Queue Thread 5" [_thread_blocked, id=3320, stack(0x00000084a2e00000,0x00000084a2f00000)]
  0x00000232ac74b000 JavaThread "ForkJoinPool-2-worker-3" daemon [_thread_blocked, id=236, stack(0x00000084a2f00000,0x00000084a3000000)]
  0x00000232ac74c000 JavaThread "ForkJoinPool-2-worker-5" daemon [_thread_blocked, id=7952, stack(0x00000084a3000000,0x00000084a3100000)]
  0x00000232ac746000 JavaThread "ForkJoinPool-2-worker-7" daemon [_thread_blocked, id=10368, stack(0x00000084a3100000,0x00000084a3200000)]
  0x00000232ac74c800 JavaThread "ForkJoinPool-2-worker-1" daemon [_thread_blocked, id=8700, stack(0x00000084a3200000,0x00000084a3300000)]

Other Threads:
=>0x00000232a620d000 VMThread "VM Thread" [stack: 0x000000849cb00000,0x000000849cc00000] [id=6648]
  0x00000232a6d04800 WatcherThread [stack: 0x000000849d500000,0x000000849d600000] [id=6476]
  0x000002328a716000 GCTaskThread "GC Thread#0" [stack: 0x000000849c600000,0x000000849c700000] [id=10692]
  0x00000232a717f000 GCTaskThread "GC Thread#1" [stack: 0x000000849d700000,0x000000849d800000] [id=5468]
  0x00000232a7191800 GCTaskThread "GC Thread#2" [stack: 0x000000849d800000,0x000000849d900000] [id=11060]
  0x00000232a91a5000 GCTaskThread "GC Thread#3" [stack: 0x000000849e300000,0x000000849e400000] [id=7440]
  0x000002328a748000 ConcurrentGCThread "G1 Main Marker" [stack: 0x000000849c700000,0x000000849c800000] [id=5948]
  0x000002328a749800 ConcurrentGCThread "G1 Conc#0" [stack: 0x000000849c800000,0x000000849c900000] [id=3296]
  0x000002328a7d8000 ConcurrentGCThread "G1 Refine#0" [stack: 0x000000849c900000,0x000000849ca00000] [id=9700]
  0x000002328a7d9000 ConcurrentGCThread "G1 Young RemSet Sampling" [stack: 0x000000849ca00000,0x000000849cb00000] [id=8400]

Threads with active compile tasks:
C2 CompilerThread0 123957 19188 %     4       com.android.tools.r8.dex.r::a @ 315 (1038 bytes)
C2 CompilerThread1 123957 19229       4       com.android.tools.r8.dex.r::e (654 bytes)

VM state:at safepoint (normal execution)

VM Mutex/Monitor currently owned by a thread:  ([mutex/lock_event])
[0x000002328a6f9240] Threads_lock - owner thread: 0x00000232a620d000
[0x000002328a6f9ea0] Heap_lock - owner thread: 0x00000232ac74a800

Heap address: 0x0000000080000000, size: 2048 MB, Compressed Oops mode: 32-bit
Narrow klass base: 0x0000000000000000, Narrow klass shift: 3
Compressed class space size: 1073741824 Address: 0x0000000100000000

Heap:
 garbage-first heap   total 505856K, used 263168K [0x0000000080000000, 0x0000000100000000)
  region size 1024K, 4 young (4096K), 4 survivors (4096K)
 Metaspace       used 147063K, capacity 150789K, committed 151024K, reserved 1181696K
  class space    used 18475K, capacity 19886K, committed 19968K, reserved 1048576K
Heap Regions: E=young(eden), S=young(survivor), O=old, HS=humongous(starts), HC=humongous(continues), CS=collection set, F=free, A=archive, TAMS=top-at-mark-start (previous, next)
|   0|0x0000000080000000, 0x0000000080100000, 0x0000000080100000|100%| O|  |TAMS 0x0000000080100000, 0x0000000080100000| Untracked 
|   1|0x0000000080100000, 0x0000000080200000, 0x0000000080200000|100%| O|  |TAMS 0x0000000080200000, 0x0000000080200000| Untracked 
|   2|0x0000000080200000, 0x0000000080300000, 0x0000000080300000|100%| O|  |TAMS 0x0000000080300000, 0x0000000080300000| Untracked 
|   3|0x0000000080300000, 0x0000000080400000, 0x0000000080400000|100%|HS|  |TAMS 0x0000000080400000, 0x0000000080400000| Complete 
|   4|0x0000000080400000, 0x0000000080500000, 0x0000000080500000|100%|HC|  |TAMS 0x0000000080500000, 0x0000000080500000| Complete 
|   5|0x0000000080500000, 0x0000000080600000, 0x0000000080600000|100%|HC|  |TAMS 0x0000000080600000, 0x0000000080600000| Complete 
|   6|0x0000000080600000, 0x0000000080700000, 0x0000000080700000|100%| O|  |TAMS 0x0000000080700000, 0x0000000080700000| Untracked 
|   7|0x0000000080700000, 0x0000000080800000, 0x0000000080800000|100%| O|  |TAMS 0x0000000080800000, 0x0000000080800000| Untracked 
|   8|0x0000000080800000, 0x0000000080900000, 0x0000000080900000|100%| O|  |TAMS 0x0000000080900000, 0x0000000080900000| Untracked 
|   9|0x0000000080900000, 0x0000000080a00000, 0x0000000080a00000|100%| O|  |TAMS 0x0000000080a00000, 0x0000000080a00000| Untracked 
|  10|0x0000000080a00000, 0x0000000080b00000, 0x0000000080b00000|100%| O|  |TAMS 0x0000000080b00000, 0x0000000080b00000| Untracked 
|  11|0x0000000080b00000, 0x0000000080c00000, 0x0000000080c00000|100%| O|  |TAMS 0x0000000080c00000, 0x0000000080c00000| Untracked 
|  12|0x0000000080c00000, 0x0000000080d00000, 0x0000000080d00000|100%|HS|  |TAMS 0x0000000080d00000, 0x0000000080d00000| Complete 
|  13|0x0000000080d00000, 0x0000000080e00000, 0x0000000080e00000|100%|HC|  |TAMS 0x0000000080e00000, 0x0000000080e00000| Complete 
|  14|0x0000000080e00000, 0x0000000080f00000, 0x0000000080f00000|100%|HS|  |TAMS 0x0000000080f00000, 0x0000000080f00000| Complete 
|  15|0x0000000080f00000, 0x0000000081000000, 0x0000000081000000|100%|HC|  |TAMS 0x0000000081000000, 0x0000000081000000| Complete 
|  16|0x0000000081000000, 0x0000000081100000, 0x0000000081100000|100%|HC|  |TAMS 0x0000000081100000, 0x0000000081100000| Complete 
|  17|0x0000000081100000, 0x0000000081200000, 0x0000000081200000|100%| O|  |TAMS 0x0000000081200000, 0x0000000081200000| Untracked 
|  18|0x0000000081200000, 0x0000000081300000, 0x0000000081300000|100%| O|  |TAMS 0x0000000081300000, 0x0000000081300000| Untracked 
|  19|0x0000000081300000, 0x0000000081400000, 0x0000000081400000|100%| O|  |TAMS 0x0000000081400000, 0x0000000081400000| Untracked 
|  20|0x0000000081400000, 0x0000000081500000, 0x0000000081500000|100%| O|  |TAMS 0x0000000081500000, 0x0000000081500000| Untracked 
|  21|0x0000000081500000, 0x0000000081600000, 0x0000000081600000|100%| O|  |TAMS 0x0000000081600000, 0x0000000081600000| Untracked 
|  22|0x0000000081600000, 0x0000000081700000, 0x0000000081700000|100%|HS|  |TAMS 0x0000000081700000, 0x0000000081700000| Complete 
|  23|0x0000000081700000, 0x0000000081800000, 0x0000000081800000|100%|HC|  |TAMS 0x0000000081800000, 0x0000000081800000| Complete 
|  24|0x0000000081800000, 0x0000000081900000, 0x0000000081900000|100%|HC|  |TAMS 0x0000000081900000, 0x0000000081900000| Complete 
|  25|0x0000000081900000, 0x0000000081a00000, 0x0000000081a00000|100%|HC|  |TAMS 0x0000000081a00000, 0x0000000081a00000| Complete 
|  26|0x0000000081a00000, 0x0000000081b00000, 0x0000000081b00000|100%|HS|  |TAMS 0x0000000081b00000, 0x0000000081b00000| Complete 
|  27|0x0000000081b00000, 0x0000000081c00000, 0x0000000081c00000|100%|HC|  |TAMS 0x0000000081c00000, 0x0000000081c00000| Complete 
|  28|0x0000000081c00000, 0x0000000081d00000, 0x0000000081d00000|100%|HC|  |TAMS 0x0000000081d00000, 0x0000000081d00000| Complete 
|  29|0x0000000081d00000, 0x0000000081e00000, 0x0000000081e00000|100%| O|  |TAMS 0x0000000081e00000, 0x0000000081e00000| Untracked 
|  30|0x0000000081e00000, 0x0000000081f00000, 0x0000000081f00000|100%| O|  |TAMS 0x0000000081f00000, 0x0000000081f00000| Untracked 
|  31|0x0000000081f00000, 0x0000000082000000, 0x0000000082000000|100%| O|  |TAMS 0x0000000082000000, 0x0000000082000000| Untracked 
|  32|0x0000000082000000, 0x0000000082100000, 0x0000000082100000|100%| O|  |TAMS 0x0000000082100000, 0x0000000082100000| Untracked 
|  33|0x0000000082100000, 0x0000000082200000, 0x0000000082200000|100%| O|  |TAMS 0x0000000082200000, 0x0000000082200000| Untracked 
|  34|0x0000000082200000, 0x0000000082300000, 0x0000000082300000|100%| O|  |TAMS 0x0000000082300000, 0x0000000082300000| Untracked 
|  35|0x0000000082300000, 0x0000000082400000, 0x0000000082400000|100%|HS|  |TAMS 0x0000000082400000, 0x0000000082400000| Complete 
|  36|0x0000000082400000, 0x0000000082500000, 0x0000000082500000|100%|HC|  |TAMS 0x0000000082500000, 0x0000000082500000| Complete 
|  37|0x0000000082500000, 0x0000000082600000, 0x0000000082600000|100%|HC|  |TAMS 0x0000000082600000, 0x0000000082600000| Complete 
|  38|0x0000000082600000, 0x0000000082700000, 0x0000000082700000|100%|HC|  |TAMS 0x0000000082700000, 0x0000000082700000| Complete 
|  39|0x0000000082700000, 0x0000000082800000, 0x0000000082800000|100%| O|  |TAMS 0x0000000082800000, 0x0000000082800000| Untracked 
|  40|0x0000000082800000, 0x0000000082900000, 0x0000000082900000|100%| O|  |TAMS 0x0000000082800000, 0x0000000082900000| Untracked 
|  41|0x0000000082900000, 0x0000000082a00000, 0x0000000082a00000|100%| O|  |TAMS 0x0000000082a00000, 0x0000000082a00000| Untracked 
|  42|0x0000000082a00000, 0x0000000082b00000, 0x0000000082b00000|100%| O|  |TAMS 0x0000000082b00000, 0x0000000082b00000| Untracked 
|  43|0x0000000082b00000, 0x0000000082c00000, 0x0000000082c00000|100%| O|  |TAMS 0x0000000082c00000, 0x0000000082c00000| Untracked 
|  44|0x0000000082c00000, 0x0000000082d00000, 0x0000000082d00000|100%| O|  |TAMS 0x0000000082d00000, 0x0000000082d00000| Untracked 
|  45|0x0000000082d00000, 0x0000000082e00000, 0x0000000082e00000|100%| O|  |TAMS 0x0000000082e00000, 0x0000000082e00000| Untracked 
|  46|0x0000000082e00000, 0x0000000082f00000, 0x0000000082f00000|100%| O|  |TAMS 0x0000000082f00000, 0x0000000082f00000| Untracked 
|  47|0x0000000082f00000, 0x0000000083000000, 0x0000000083000000|100%| O|  |TAMS 0x0000000083000000, 0x0000000083000000| Untracked 
|  48|0x0000000083000000, 0x0000000083100000, 0x0000000083100000|100%| O|  |TAMS 0x0000000083100000, 0x0000000083100000| Untracked 
|  49|0x0000000083100000, 0x0000000083200000, 0x0000000083200000|100%| O|  |TAMS 0x0000000083200000, 0x0000000083200000| Untracked 
|  50|0x0000000083200000, 0x0000000083300000, 0x0000000083300000|100%| O|  |TAMS 0x0000000083300000, 0x0000000083300000| Untracked 
|  51|0x0000000083300000, 0x0000000083400000, 0x0000000083400000|100%| O|  |TAMS 0x0000000083400000, 0x0000000083400000| Untracked 
|  52|0x0000000083400000, 0x0000000083500000, 0x0000000083500000|100%| O|  |TAMS 0x0000000083500000, 0x0000000083500000| Untracked 
|  53|0x0000000083500000, 0x0000000083600000, 0x0000000083600000|100%| O|  |TAMS 0x0000000083600000, 0x0000000083600000| Untracked 
|  54|0x0000000083600000, 0x0000000083700000, 0x0000000083700000|100%| O|  |TAMS 0x0000000083700000, 0x0000000083700000| Untracked 
|  55|0x0000000083700000, 0x0000000083800000, 0x0000000083800000|100%|HS|  |TAMS 0x0000000083800000, 0x0000000083800000| Complete 
|  56|0x0000000083800000, 0x0000000083900000, 0x0000000083900000|100%|HS|  |TAMS 0x0000000083900000, 0x0000000083900000| Complete 
|  57|0x0000000083900000, 0x0000000083a00000, 0x0000000083a00000|100%|HS|  |TAMS 0x0000000083a00000, 0x0000000083a00000| Complete 
|  58|0x0000000083a00000, 0x0000000083b00000, 0x0000000083b00000|100%|HS|  |TAMS 0x0000000083b00000, 0x0000000083b00000| Complete 
|  59|0x0000000083b00000, 0x0000000083c00000, 0x0000000083c00000|100%|HS|  |TAMS 0x0000000083c00000, 0x0000000083c00000| Complete 
|  60|0x0000000083c00000, 0x0000000083d00000, 0x0000000083d00000|100%|HC|  |TAMS 0x0000000083d00000, 0x0000000083d00000| Complete 
|  61|0x0000000083d00000, 0x0000000083e00000, 0x0000000083e00000|100%|HC|  |TAMS 0x0000000083e00000, 0x0000000083e00000| Complete 
|  62|0x0000000083e00000, 0x0000000083f00000, 0x0000000083f00000|100%|HS|  |TAMS 0x0000000083f00000, 0x0000000083f00000| Complete 
|  63|0x0000000083f00000, 0x0000000084000000, 0x0000000084000000|100%|HC|  |TAMS 0x0000000084000000, 0x0000000084000000| Complete 
|  64|0x0000000084000000, 0x0000000084100000, 0x0000000084100000|100%| O|  |TAMS 0x0000000084100000, 0x0000000084100000| Untracked 
|  65|0x0000000084100000, 0x0000000084200000, 0x0000000084200000|100%| O|  |TAMS 0x0000000084200000, 0x0000000084200000| Untracked 
|  66|0x0000000084200000, 0x0000000084300000, 0x0000000084300000|100%| O|  |TAMS 0x0000000084200000, 0x0000000084300000| Untracked 
|  67|0x0000000084300000, 0x0000000084400000, 0x0000000084400000|100%| O|  |TAMS 0x0000000084400000, 0x0000000084400000| Untracked 
|  68|0x0000000084400000, 0x0000000084500000, 0x0000000084500000|100%| O|  |TAMS 0x0000000084500000, 0x0000000084500000| Untracked 
|  69|0x0000000084500000, 0x0000000084600000, 0x0000000084600000|100%| O|  |TAMS 0x0000000084600000, 0x0000000084600000| Untracked 
|  70|0x0000000084600000, 0x0000000084700000, 0x0000000084700000|100%| O|  |TAMS 0x0000000084700000, 0x0000000084700000| Untracked 
|  71|0x0000000084700000, 0x0000000084800000, 0x0000000084800000|100%| O|  |TAMS 0x0000000084800000, 0x0000000084800000| Untracked 
|  72|0x0000000084800000, 0x0000000084900000, 0x0000000084900000|100%| O|  |TAMS 0x0000000084900000, 0x0000000084900000| Untracked 
|  73|0x0000000084900000, 0x0000000084a00000, 0x0000000084a00000|100%| O|  |TAMS 0x0000000084a00000, 0x0000000084a00000| Untracked 
|  74|0x0000000084a00000, 0x0000000084b00000, 0x0000000084b00000|100%| O|  |TAMS 0x0000000084b00000, 0x0000000084b00000| Untracked 
|  75|0x0000000084b00000, 0x0000000084c00000, 0x0000000084c00000|100%| O|  |TAMS 0x0000000084c00000, 0x0000000084c00000| Untracked 
|  76|0x0000000084c00000, 0x0000000084d00000, 0x0000000084d00000|100%| O|  |TAMS 0x0000000084d00000, 0x0000000084d00000| Untracked 
|  77|0x0000000084d00000, 0x0000000084e00000, 0x0000000084e00000|100%| O|  |TAMS 0x0000000084e00000, 0x0000000084e00000| Untracked 
|  78|0x0000000084e00000, 0x0000000084f00000, 0x0000000084f00000|100%| O|  |TAMS 0x0000000084f00000, 0x0000000084f00000| Untracked 
|  79|0x0000000084f00000, 0x0000000085000000, 0x0000000085000000|100%| O|  |TAMS 0x0000000085000000, 0x0000000085000000| Untracked 
|  80|0x0000000085000000, 0x0000000085100000, 0x0000000085100000|100%| O|  |TAMS 0x0000000085100000, 0x0000000085100000| Untracked 
|  81|0x0000000085100000, 0x0000000085200000, 0x0000000085200000|100%| O|  |TAMS 0x0000000085200000, 0x0000000085200000| Untracked 
|  82|0x0000000085200000, 0x0000000085300000, 0x0000000085300000|100%| O|  |TAMS 0x0000000085300000, 0x0000000085300000| Untracked 
|  83|0x0000000085300000, 0x0000000085400000, 0x0000000085400000|100%| O|  |TAMS 0x0000000085400000, 0x0000000085400000| Untracked 
|  84|0x0000000085400000, 0x0000000085500000, 0x0000000085500000|100%| O|  |TAMS 0x0000000085500000, 0x0000000085500000| Untracked 
|  85|0x0000000085500000, 0x0000000085600000, 0x0000000085600000|100%| O|  |TAMS 0x0000000085600000, 0x0000000085600000| Untracked 
|  86|0x0000000085600000, 0x0000000085700000, 0x0000000085700000|100%| O|  |TAMS 0x0000000085700000, 0x0000000085700000| Untracked 
|  87|0x0000000085700000, 0x0000000085800000, 0x0000000085800000|100%| O|  |TAMS 0x0000000085800000, 0x0000000085800000| Untracked 
|  88|0x0000000085800000, 0x0000000085900000, 0x0000000085900000|100%| O|  |TAMS 0x0000000085900000, 0x0000000085900000| Untracked 
|  89|0x0000000085900000, 0x0000000085a00000, 0x0000000085a00000|100%| O|  |TAMS 0x0000000085a00000, 0x0000000085a00000| Untracked 
|  90|0x0000000085a00000, 0x0000000085b00000, 0x0000000085b00000|100%|HS|  |TAMS 0x0000000085b00000, 0x0000000085b00000| Complete 
|  91|0x0000000085b00000, 0x0000000085c00000, 0x0000000085c00000|100%|HC|  |TAMS 0x0000000085c00000, 0x0000000085c00000| Complete 
|  92|0x0000000085c00000, 0x0000000085d00000, 0x0000000085d00000|100%|HS|  |TAMS 0x0000000085d00000, 0x0000000085d00000| Complete 
|  93|0x0000000085d00000, 0x0000000085e00000, 0x0000000085e00000|100%|HC|  |TAMS 0x0000000085e00000, 0x0000000085e00000| Complete 
|  94|0x0000000085e00000, 0x0000000085f00000, 0x0000000085f00000|100%|HC|  |TAMS 0x0000000085f00000, 0x0000000085f00000| Complete 
|  95|0x0000000085f00000, 0x0000000086000000, 0x0000000086000000|100%|HS|  |TAMS 0x0000000086000000, 0x0000000086000000| Complete 
|  96|0x0000000086000000, 0x0000000086100000, 0x0000000086100000|100%|HC|  |TAMS 0x0000000086100000, 0x0000000086100000| Complete 
|  97|0x0000000086100000, 0x0000000086200000, 0x0000000086200000|100%|HC|  |TAMS 0x0000000086200000, 0x0000000086200000| Complete 
|  98|0x0000000086200000, 0x0000000086300000, 0x0000000086300000|100%|HC|  |TAMS 0x0000000086300000, 0x0000000086300000| Complete 
|  99|0x0000000086300000, 0x0000000086400000, 0x0000000086400000|100%| O|  |TAMS 0x0000000086400000, 0x0000000086400000| Untracked 
| 100|0x0000000086400000, 0x0000000086500000, 0x0000000086500000|100%| O|  |TAMS 0x000000008649ae00, 0x0000000086500000| Untracked 
| 101|0x0000000086500000, 0x0000000086600000, 0x0000000086600000|100%| O|  |TAMS 0x0000000086500000, 0x0000000086600000| Untracked 
| 102|0x0000000086600000, 0x0000000086700000, 0x0000000086700000|100%| O|  |TAMS 0x0000000086700000, 0x0000000086700000| Untracked 
| 103|0x0000000086700000, 0x0000000086800000, 0x0000000086800000|100%| O|  |TAMS 0x0000000086800000, 0x0000000086800000| Untracked 
| 104|0x0000000086800000, 0x0000000086900000, 0x0000000086900000|100%| O|  |TAMS 0x0000000086900000, 0x0000000086900000| Untracked 
| 105|0x0000000086900000, 0x0000000086a00000, 0x0000000086a00000|100%| O|  |TAMS 0x0000000086a00000, 0x0000000086a00000| Untracked 
| 106|0x0000000086a00000, 0x0000000086b00000, 0x0000000086b00000|100%| O|  |TAMS 0x0000000086b00000, 0x0000000086b00000| Untracked 
| 107|0x0000000086b00000, 0x0000000086c00000, 0x0000000086c00000|100%| O|  |TAMS 0x0000000086c00000, 0x0000000086c00000| Untracked 
| 108|0x0000000086c00000, 0x0000000086d00000, 0x0000000086d00000|100%| O|  |TAMS 0x0000000086d00000, 0x0000000086d00000| Untracked 
| 109|0x0000000086d00000, 0x0000000086e00000, 0x0000000086e00000|100%| O|  |TAMS 0x0000000086e00000, 0x0000000086e00000| Untracked 
| 110|0x0000000086e00000, 0x0000000086f00000, 0x0000000086f00000|100%| O|  |TAMS 0x0000000086f00000, 0x0000000086f00000| Untracked 
| 111|0x0000000086f00000, 0x0000000087000000, 0x0000000087000000|100%| O|  |TAMS 0x0000000087000000, 0x0000000087000000| Untracked 
| 112|0x0000000087000000, 0x0000000087100000, 0x0000000087100000|100%| O|  |TAMS 0x0000000087100000, 0x0000000087100000| Untracked 
| 113|0x0000000087100000, 0x0000000087200000, 0x0000000087200000|100%| O|  |TAMS 0x0000000087200000, 0x0000000087200000| Untracked 
| 114|0x0000000087200000, 0x0000000087300000, 0x0000000087300000|100%| O|  |TAMS 0x0000000087200000, 0x0000000087300000| Untracked 
| 115|0x0000000087300000, 0x0000000087400000, 0x0000000087400000|100%| O|  |TAMS 0x0000000087400000, 0x0000000087400000| Untracked 
| 116|0x0000000087400000, 0x0000000087500000, 0x0000000087500000|100%| O|  |TAMS 0x0000000087500000, 0x0000000087500000| Untracked 
| 117|0x0000000087500000, 0x0000000087600000, 0x0000000087600000|100%| O|  |TAMS 0x0000000087600000, 0x0000000087600000| Untracked 
| 118|0x0000000087600000, 0x0000000087700000, 0x0000000087700000|100%| O|  |TAMS 0x0000000087700000, 0x0000000087700000| Untracked 
| 119|0x0000000087700000, 0x0000000087800000, 0x0000000087800000|100%| O|  |TAMS 0x0000000087800000, 0x0000000087800000| Untracked 
| 120|0x0000000087800000, 0x0000000087900000, 0x0000000087900000|100%| O|  |TAMS 0x0000000087800000, 0x0000000087900000| Untracked 
| 121|0x0000000087900000, 0x0000000087a00000, 0x0000000087a00000|100%| O|  |TAMS 0x0000000087a00000, 0x0000000087a00000| Untracked 
| 122|0x0000000087a00000, 0x0000000087b00000, 0x0000000087b00000|100%| O|  |TAMS 0x0000000087b00000, 0x0000000087b00000| Untracked 
| 123|0x0000000087b00000, 0x0000000087c00000, 0x0000000087c00000|100%| O|  |TAMS 0x0000000087c00000, 0x0000000087c00000| Untracked 
| 124|0x0000000087c00000, 0x0000000087d00000, 0x0000000087d00000|100%| O|  |TAMS 0x0000000087d00000, 0x0000000087d00000| Untracked 
| 125|0x0000000087d00000, 0x0000000087e00000, 0x0000000087e00000|100%| O|  |TAMS 0x0000000087d00000, 0x0000000087e00000| Untracked 
| 126|0x0000000087e00000, 0x0000000087f00000, 0x0000000087f00000|100%| O|  |TAMS 0x0000000087e00000, 0x0000000087f00000| Untracked 
| 127|0x0000000087f00000, 0x0000000088000000, 0x0000000088000000|100%| O|  |TAMS 0x0000000088000000, 0x0000000088000000| Untracked 
| 128|0x0000000088000000, 0x0000000088100000, 0x0000000088100000|100%| O|  |TAMS 0x0000000088100000, 0x0000000088100000| Untracked 
| 129|0x0000000088100000, 0x0000000088200000, 0x0000000088200000|100%| O|  |TAMS 0x0000000088200000, 0x0000000088200000| Untracked 
| 130|0x0000000088200000, 0x0000000088300000, 0x0000000088300000|100%| O|  |TAMS 0x0000000088300000, 0x0000000088300000| Untracked 
| 131|0x0000000088300000, 0x0000000088400000, 0x0000000088400000|100%| O|  |TAMS 0x0000000088400000, 0x0000000088400000| Untracked 
| 132|0x0000000088400000, 0x0000000088500000, 0x0000000088500000|100%| O|  |TAMS 0x0000000088500000, 0x0000000088500000| Untracked 
| 133|0x0000000088500000, 0x0000000088600000, 0x0000000088600000|100%| O|  |TAMS 0x0000000088600000, 0x0000000088600000| Untracked 
| 134|0x0000000088600000, 0x0000000088700000, 0x0000000088700000|100%| O|  |TAMS 0x0000000088700000, 0x0000000088700000| Untracked 
| 135|0x0000000088700000, 0x0000000088800000, 0x0000000088800000|100%| O|  |TAMS 0x0000000088800000, 0x0000000088800000| Untracked 
| 136|0x0000000088800000, 0x0000000088900000, 0x0000000088900000|100%| O|  |TAMS 0x0000000088900000, 0x0000000088900000| Untracked 
| 137|0x0000000088900000, 0x0000000088a00000, 0x0000000088a00000|100%| O|  |TAMS 0x0000000088900000, 0x0000000088a00000| Untracked 
| 138|0x0000000088a00000, 0x0000000088b00000, 0x0000000088b00000|100%| O|  |TAMS 0x0000000088b00000, 0x0000000088b00000| Untracked 
| 139|0x0000000088b00000, 0x0000000088c00000, 0x0000000088c00000|100%| O|  |TAMS 0x0000000088c00000, 0x0000000088c00000| Untracked 
| 140|0x0000000088c00000, 0x0000000088d00000, 0x0000000088d00000|100%| O|  |TAMS 0x0000000088d00000, 0x0000000088d00000| Untracked 
| 141|0x0000000088d00000, 0x0000000088e00000, 0x0000000088e00000|100%| O|  |TAMS 0x0000000088e00000, 0x0000000088e00000| Untracked 
| 142|0x0000000088e00000, 0x0000000088f00000, 0x0000000088f00000|100%| O|  |TAMS 0x0000000088f00000, 0x0000000088f00000| Untracked 
| 143|0x0000000088f00000, 0x0000000089000000, 0x0000000089000000|100%| O|  |TAMS 0x0000000088f00000, 0x0000000089000000| Untracked 
| 144|0x0000000089000000, 0x0000000089100000, 0x0000000089100000|100%| O|  |TAMS 0x0000000089000000, 0x0000000089100000| Untracked 
| 145|0x0000000089100000, 0x0000000089200000, 0x0000000089200000|100%| O|  |TAMS 0x0000000089100000, 0x0000000089200000| Untracked 
| 146|0x0000000089200000, 0x0000000089300000, 0x0000000089300000|100%| O|  |TAMS 0x0000000089200000, 0x0000000089300000| Untracked 
| 147|0x0000000089300000, 0x0000000089400000, 0x0000000089400000|100%| O|  |TAMS 0x0000000089300000, 0x0000000089400000| Untracked 
| 148|0x0000000089400000, 0x0000000089500000, 0x0000000089500000|100%|HS|  |TAMS 0x0000000089400000, 0x0000000089500000| Complete 
| 149|0x0000000089500000, 0x0000000089600000, 0x0000000089600000|100%|HC|  |TAMS 0x0000000089500000, 0x0000000089600000| Complete 
| 150|0x0000000089600000, 0x0000000089700000, 0x0000000089700000|100%| O|  |TAMS 0x0000000089600000, 0x0000000089700000| Untracked 
| 151|0x0000000089700000, 0x0000000089800000, 0x0000000089800000|100%|HS|  |TAMS 0x0000000089700000, 0x0000000089800000| Complete 
| 152|0x0000000089800000, 0x0000000089900000, 0x0000000089900000|100%|HS|  |TAMS 0x0000000089800000, 0x0000000089900000| Complete 
| 153|0x0000000089900000, 0x0000000089a00000, 0x0000000089a00000|100%| O|  |TAMS 0x0000000089900000, 0x0000000089a00000| Untracked 
| 154|0x0000000089a00000, 0x0000000089b00000, 0x0000000089b00000|100%| O|  |TAMS 0x0000000089a00000, 0x0000000089b00000| Untracked 
| 155|0x0000000089b00000, 0x0000000089c00000, 0x0000000089c00000|100%| O|  |TAMS 0x0000000089b00000, 0x0000000089c00000| Untracked 
| 156|0x0000000089c00000, 0x0000000089d00000, 0x0000000089d00000|100%| O|  |TAMS 0x0000000089c00000, 0x0000000089d00000| Untracked 
| 157|0x0000000089d00000, 0x0000000089e00000, 0x0000000089e00000|100%| O|  |TAMS 0x0000000089d00000, 0x0000000089e00000| Untracked 
| 158|0x0000000089e00000, 0x0000000089f00000, 0x0000000089f00000|100%| O|  |TAMS 0x0000000089e00000, 0x0000000089f00000| Untracked 
| 159|0x0000000089f00000, 0x000000008a000000, 0x000000008a000000|100%|HS|  |TAMS 0x0000000089f00000, 0x000000008a000000| Complete 
| 160|0x000000008a000000, 0x000000008a100000, 0x000000008a100000|100%| O|  |TAMS 0x000000008a100000, 0x000000008a100000| Untracked 
| 161|0x000000008a100000, 0x000000008a200000, 0x000000008a200000|100%|HS|  |TAMS 0x000000008a100000, 0x000000008a200000| Complete 
| 162|0x000000008a200000, 0x000000008a300000, 0x000000008a300000|100%|HC|  |TAMS 0x000000008a200000, 0x000000008a300000| Complete 
| 163|0x000000008a300000, 0x000000008a400000, 0x000000008a400000|100%| O|  |TAMS 0x000000008a300000, 0x000000008a400000| Untracked 
| 164|0x000000008a400000, 0x000000008a500000, 0x000000008a500000|100%| O|  |TAMS 0x000000008a500000, 0x000000008a500000| Untracked 
| 165|0x000000008a500000, 0x000000008a600000, 0x000000008a600000|100%|HS|  |TAMS 0x000000008a500000, 0x000000008a600000| Complete 
| 166|0x000000008a600000, 0x000000008a700000, 0x000000008a700000|100%| O|  |TAMS 0x000000008a600000, 0x000000008a700000| Untracked 
| 167|0x000000008a700000, 0x000000008a800000, 0x000000008a800000|100%| O|  |TAMS 0x000000008a700000, 0x000000008a800000| Untracked 
| 168|0x000000008a800000, 0x000000008a900000, 0x000000008a900000|100%|HS|  |TAMS 0x000000008a800000, 0x000000008a900000| Complete 
| 169|0x000000008a900000, 0x000000008aa00000, 0x000000008aa00000|100%|HC|  |TAMS 0x000000008a900000, 0x000000008aa00000| Complete 
| 170|0x000000008aa00000, 0x000000008ab00000, 0x000000008ab00000|100%|HC|  |TAMS 0x000000008aa00000, 0x000000008ab00000| Complete 
| 171|0x000000008ab00000, 0x000000008ac00000, 0x000000008ac00000|100%| O|  |TAMS 0x000000008ab00000, 0x000000008ac00000| Untracked 
| 172|0x000000008ac00000, 0x000000008ad00000, 0x000000008ad00000|100%| O|  |TAMS 0x000000008ac00000, 0x000000008ad00000| Untracked 
| 173|0x000000008ad00000, 0x000000008ae00000, 0x000000008ae00000|100%|HS|  |TAMS 0x000000008ad00000, 0x000000008ae00000| Complete 
| 174|0x000000008ae00000, 0x000000008af00000, 0x000000008af00000|100%|HC|  |TAMS 0x000000008ae00000, 0x000000008af00000| Complete 
| 175|0x000000008af00000, 0x000000008b000000, 0x000000008b000000|100%| O|  |TAMS 0x000000008af00000, 0x000000008b000000| Untracked 
| 176|0x000000008b000000, 0x000000008b100000, 0x000000008b100000|100%|HS|  |TAMS 0x000000008b000000, 0x000000008b100000| Complete 
| 177|0x000000008b100000, 0x000000008b200000, 0x000000008b200000|100%| O|  |TAMS 0x000000008b100000, 0x000000008b200000| Untracked 
| 178|0x000000008b200000, 0x000000008b300000, 0x000000008b300000|100%|HS|  |TAMS 0x000000008b200000, 0x000000008b300000| Complete 
| 179|0x000000008b300000, 0x000000008b400000, 0x000000008b400000|100%| O|  |TAMS 0x000000008b300000, 0x000000008b400000| Untracked 
| 180|0x000000008b400000, 0x000000008b500000, 0x000000008b500000|100%| O|  |TAMS 0x000000008b400000, 0x000000008b500000| Untracked 
| 181|0x000000008b500000, 0x000000008b600000, 0x000000008b600000|100%|HS|  |TAMS 0x000000008b500000, 0x000000008b600000| Complete 
| 182|0x000000008b600000, 0x000000008b700000, 0x000000008b700000|100%|HC|  |TAMS 0x000000008b600000, 0x000000008b700000| Complete 
| 183|0x000000008b700000, 0x000000008b800000, 0x000000008b800000|100%|HS|  |TAMS 0x000000008b700000, 0x000000008b800000| Complete 
| 184|0x000000008b800000, 0x000000008b900000, 0x000000008b900000|100%|HS|  |TAMS 0x000000008b800000, 0x000000008b900000| Complete 
| 185|0x000000008b900000, 0x000000008ba00000, 0x000000008ba00000|100%| O|  |TAMS 0x000000008ba00000, 0x000000008ba00000| Untracked 
| 186|0x000000008ba00000, 0x000000008bb00000, 0x000000008bb00000|100%| O|  |TAMS 0x000000008bb00000, 0x000000008bb00000| Untracked 
| 187|0x000000008bb00000, 0x000000008bc00000, 0x000000008bc00000|100%| O|  |TAMS 0x000000008bb00000, 0x000000008bc00000| Untracked 
| 188|0x000000008bc00000, 0x000000008bd00000, 0x000000008bd00000|100%| O|  |TAMS 0x000000008bc00000, 0x000000008bd00000| Untracked 
| 189|0x000000008bd00000, 0x000000008be00000, 0x000000008be00000|100%| O|  |TAMS 0x000000008bd00000, 0x000000008be00000| Untracked 
| 190|0x000000008be00000, 0x000000008bf00000, 0x000000008bf00000|100%|HS|  |TAMS 0x000000008be00000, 0x000000008bf00000| Complete 
| 191|0x000000008bf00000, 0x000000008c000000, 0x000000008c000000|100%|HC|  |TAMS 0x000000008bf00000, 0x000000008c000000| Complete 
| 192|0x000000008c000000, 0x000000008c100000, 0x000000008c100000|100%|HC|  |TAMS 0x000000008c000000, 0x000000008c100000| Complete 
| 193|0x000000008c100000, 0x000000008c200000, 0x000000008c200000|100%| O|  |TAMS 0x000000008c100000, 0x000000008c200000| Untracked 
| 194|0x000000008c200000, 0x000000008c300000, 0x000000008c300000|100%| O|  |TAMS 0x000000008c200000, 0x000000008c300000| Untracked 
| 195|0x000000008c300000, 0x000000008c400000, 0x000000008c400000|100%| O|  |TAMS 0x000000008c300000, 0x000000008c400000| Untracked 
| 196|0x000000008c400000, 0x000000008c500000, 0x000000008c500000|100%| O|  |TAMS 0x000000008c400000, 0x000000008c500000| Untracked 
| 197|0x000000008c500000, 0x000000008c600000, 0x000000008c600000|100%| O|  |TAMS 0x000000008c500000, 0x000000008c600000| Untracked 
| 198|0x000000008c600000, 0x000000008c700000, 0x000000008c700000|100%| O|  |TAMS 0x000000008c600000, 0x000000008c700000| Untracked 
| 199|0x000000008c700000, 0x000000008c800000, 0x000000008c800000|100%| O|  |TAMS 0x000000008c700000, 0x000000008c800000| Untracked 
| 200|0x000000008c800000, 0x000000008c900000, 0x000000008c900000|100%| O|  |TAMS 0x000000008c800000, 0x000000008c900000| Untracked 
| 201|0x000000008c900000, 0x000000008ca00000, 0x000000008ca00000|100%| O|  |TAMS 0x000000008c900000, 0x000000008ca00000| Untracked 
| 202|0x000000008ca00000, 0x000000008cb00000, 0x000000008cb00000|100%| O|  |TAMS 0x000000008ca00000, 0x000000008cb00000| Untracked 
| 203|0x000000008cb00000, 0x000000008cc00000, 0x000000008cc00000|100%| O|  |TAMS 0x000000008cb00000, 0x000000008cc00000| Untracked 
| 204|0x000000008cc00000, 0x000000008cd00000, 0x000000008cd00000|100%| O|  |TAMS 0x000000008cc00000, 0x000000008cd00000| Untracked 
| 205|0x000000008cd00000, 0x000000008ce00000, 0x000000008ce00000|100%| O|  |TAMS 0x000000008cd00000, 0x000000008ce00000| Untracked 
| 206|0x000000008ce00000, 0x000000008cf00000, 0x000000008cf00000|100%| O|  |TAMS 0x000000008ce00000, 0x000000008cf00000| Untracked 
| 207|0x000000008cf00000, 0x000000008d000000, 0x000000008d000000|100%| O|  |TAMS 0x000000008cf00000, 0x000000008d000000| Untracked 
| 208|0x000000008d000000, 0x000000008d100000, 0x000000008d100000|100%| O|  |TAMS 0x000000008d000000, 0x000000008d100000| Untracked 
| 209|0x000000008d100000, 0x000000008d200000, 0x000000008d200000|100%| O|  |TAMS 0x000000008d100000, 0x000000008d200000| Untracked 
| 210|0x000000008d200000, 0x000000008d300000, 0x000000008d300000|100%| O|  |TAMS 0x000000008d200000, 0x000000008d300000| Untracked 
| 211|0x000000008d300000, 0x000000008d400000, 0x000000008d400000|100%| O|  |TAMS 0x000000008d300000, 0x000000008d400000| Untracked 
| 212|0x000000008d400000, 0x000000008d500000, 0x000000008d500000|100%| O|  |TAMS 0x000000008d400000, 0x000000008d500000| Untracked 
| 213|0x000000008d500000, 0x000000008d600000, 0x000000008d600000|100%| O|  |TAMS 0x000000008d500000, 0x000000008d600000| Untracked 
| 214|0x000000008d600000, 0x000000008d700000, 0x000000008d700000|100%| O|  |TAMS 0x000000008d600000, 0x000000008d700000| Untracked 
| 215|0x000000008d700000, 0x000000008d800000, 0x000000008d800000|100%| O|  |TAMS 0x000000008d700000, 0x000000008d800000| Untracked 
| 216|0x000000008d800000, 0x000000008d900000, 0x000000008d900000|100%| O|  |TAMS 0x000000008d800000, 0x000000008d900000| Untracked 
| 217|0x000000008d900000, 0x000000008da00000, 0x000000008da00000|100%| O|  |TAMS 0x000000008d900000, 0x000000008da00000| Untracked 
| 218|0x000000008da00000, 0x000000008db00000, 0x000000008db00000|100%| O|  |TAMS 0x000000008da00000, 0x000000008db00000| Untracked 
| 219|0x000000008db00000, 0x000000008dc00000, 0x000000008dc00000|100%| O|  |TAMS 0x000000008db00000, 0x000000008dc00000| Untracked 
| 220|0x000000008dc00000, 0x000000008dd00000, 0x000000008dd00000|100%| O|  |TAMS 0x000000008dc00000, 0x000000008dd00000| Untracked 
| 221|0x000000008dd00000, 0x000000008de00000, 0x000000008de00000|100%| O|  |TAMS 0x000000008dd00000, 0x000000008de00000| Untracked 
| 222|0x000000008de00000, 0x000000008df00000, 0x000000008df00000|100%| O|  |TAMS 0x000000008de00000, 0x000000008df00000| Untracked 
| 223|0x000000008df00000, 0x000000008e000000, 0x000000008e000000|100%| O|  |TAMS 0x000000008df00000, 0x000000008e000000| Untracked 
| 224|0x000000008e000000, 0x000000008e100000, 0x000000008e100000|100%| O|  |TAMS 0x000000008e000000, 0x000000008e100000| Untracked 
| 225|0x000000008e100000, 0x000000008e200000, 0x000000008e200000|100%| O|  |TAMS 0x000000008e100000, 0x000000008e200000| Untracked 
| 226|0x000000008e200000, 0x000000008e300000, 0x000000008e300000|100%| O|  |TAMS 0x000000008e200000, 0x000000008e300000| Untracked 
| 227|0x000000008e300000, 0x000000008e400000, 0x000000008e400000|100%| O|  |TAMS 0x000000008e300000, 0x000000008e400000| Untracked 
| 228|0x000000008e400000, 0x000000008e500000, 0x000000008e500000|100%| O|  |TAMS 0x000000008e400000, 0x000000008e500000| Untracked 
| 229|0x000000008e500000, 0x000000008e600000, 0x000000008e600000|100%| O|  |TAMS 0x000000008e500000, 0x000000008e600000| Untracked 
| 230|0x000000008e600000, 0x000000008e700000, 0x000000008e700000|100%| O|  |TAMS 0x000000008e600000, 0x000000008e700000| Untracked 
| 231|0x000000008e700000, 0x000000008e800000, 0x000000008e800000|100%| O|  |TAMS 0x000000008e700000, 0x000000008e800000| Untracked 
| 232|0x000000008e800000, 0x000000008e900000, 0x000000008e900000|100%| O|  |TAMS 0x000000008e800000, 0x000000008e900000| Untracked 
| 233|0x000000008e900000, 0x000000008ea00000, 0x000000008ea00000|100%| O|  |TAMS 0x000000008e900000, 0x000000008ea00000| Untracked 
| 234|0x000000008ea00000, 0x000000008eb00000, 0x000000008eb00000|100%| O|  |TAMS 0x000000008ea00000, 0x000000008eb00000| Untracked 
| 235|0x000000008eb00000, 0x000000008ec00000, 0x000000008ec00000|100%| O|  |TAMS 0x000000008eb00000, 0x000000008ec00000| Untracked 
| 236|0x000000008ec00000, 0x000000008ed00000, 0x000000008ed00000|100%| O|  |TAMS 0x000000008ec00000, 0x000000008ed00000| Untracked 
| 237|0x000000008ed00000, 0x000000008ee00000, 0x000000008ee00000|100%| O|  |TAMS 0x000000008ed00000, 0x000000008ee00000| Untracked 
| 238|0x000000008ee00000, 0x000000008ef00000, 0x000000008ef00000|100%| O|  |TAMS 0x000000008ee00000, 0x000000008ef00000| Untracked 
| 239|0x000000008ef00000, 0x000000008f000000, 0x000000008f000000|100%| O|  |TAMS 0x000000008ef00000, 0x000000008f000000| Untracked 
| 240|0x000000008f000000, 0x000000008f100000, 0x000000008f100000|100%| O|  |TAMS 0x000000008f000000, 0x000000008f100000| Untracked 
| 241|0x000000008f100000, 0x000000008f200000, 0x000000008f200000|100%| O|  |TAMS 0x000000008f100000, 0x000000008f200000| Untracked 
| 242|0x000000008f200000, 0x000000008f300000, 0x000000008f300000|100%| O|  |TAMS 0x000000008f200000, 0x000000008f300000| Untracked 
| 243|0x000000008f300000, 0x000000008f400000, 0x000000008f400000|100%| O|  |TAMS 0x000000008f300000, 0x000000008f400000| Untracked 
| 244|0x000000008f400000, 0x000000008f500000, 0x000000008f500000|100%| O|  |TAMS 0x000000008f400000, 0x000000008f500000| Untracked 
| 245|0x000000008f500000, 0x000000008f600000, 0x000000008f600000|100%| O|  |TAMS 0x000000008f500000, 0x000000008f600000| Untracked 
| 246|0x000000008f600000, 0x000000008f700000, 0x000000008f700000|100%| O|  |TAMS 0x000000008f600000, 0x000000008f680000| Untracked 
| 247|0x000000008f700000, 0x000000008f800000, 0x000000008f800000|100%| O|  |TAMS 0x000000008f700000, 0x000000008f700000| Untracked 
| 248|0x000000008f800000, 0x000000008f900000, 0x000000008f900000|100%| O|  |TAMS 0x000000008f800000, 0x000000008f800000| Untracked 
| 249|0x000000008f900000, 0x000000008fa00000, 0x000000008fa00000|100%| O|  |TAMS 0x000000008f900000, 0x000000008f900000| Untracked 
| 250|0x000000008fa00000, 0x000000008fb00000, 0x000000008fb00000|100%| O|  |TAMS 0x000000008fa00000, 0x000000008fa00000| Untracked 
| 251|0x000000008fb00000, 0x000000008fc00000, 0x000000008fc00000|100%| O|  |TAMS 0x000000008fb00000, 0x000000008fb00000| Untracked 
| 252|0x000000008fc00000, 0x000000008fd00000, 0x000000008fd00000|100%| O|  |TAMS 0x000000008fc00000, 0x000000008fc00000| Untracked 
| 253|0x000000008fd00000, 0x000000008fd00000, 0x000000008fe00000|  0%| F|  |TAMS 0x000000008fd00000, 0x000000008fd00000| Untracked 
| 254|0x000000008fe00000, 0x000000008fe00000, 0x000000008ff00000|  0%| F|  |TAMS 0x000000008fe00000, 0x000000008fe00000| Untracked 
| 255|0x000000008ff00000, 0x000000008ff00000, 0x0000000090000000|  0%| F|  |TAMS 0x000000008ff00000, 0x000000008ff00000| Untracked 
| 256|0x0000000090000000, 0x0000000090000000, 0x0000000090100000|  0%| F|  |TAMS 0x0000000090000000, 0x0000000090000000| Untracked 
| 257|0x0000000090100000, 0x0000000090100000, 0x0000000090200000|  0%| F|  |TAMS 0x0000000090100000, 0x0000000090100000| Untracked 
| 258|0x0000000090200000, 0x0000000090200000, 0x0000000090300000|  0%| F|  |TAMS 0x0000000090200000, 0x0000000090200000| Untracked 
| 259|0x0000000090300000, 0x0000000090300000, 0x0000000090400000|  0%| F|  |TAMS 0x0000000090300000, 0x0000000090300000| Untracked 
| 260|0x0000000090400000, 0x0000000090400000, 0x0000000090500000|  0%| F|  |TAMS 0x0000000090400000, 0x0000000090400000| Untracked 
| 261|0x0000000090500000, 0x0000000090500000, 0x0000000090600000|  0%| F|  |TAMS 0x0000000090500000, 0x0000000090500000| Untracked 
| 262|0x0000000090600000, 0x0000000090600000, 0x0000000090700000|  0%| F|  |TAMS 0x0000000090600000, 0x0000000090600000| Untracked 
| 263|0x0000000090700000, 0x0000000090700000, 0x0000000090800000|  0%| F|  |TAMS 0x0000000090700000, 0x0000000090700000| Untracked 
| 264|0x0000000090800000, 0x0000000090800000, 0x0000000090900000|  0%| F|  |TAMS 0x0000000090800000, 0x0000000090800000| Untracked 
| 265|0x0000000090900000, 0x0000000090900000, 0x0000000090a00000|  0%| F|  |TAMS 0x0000000090900000, 0x0000000090900000| Untracked 
| 266|0x0000000090a00000, 0x0000000090a00000, 0x0000000090b00000|  0%| F|  |TAMS 0x0000000090a00000, 0x0000000090a00000| Untracked 
| 267|0x0000000090b00000, 0x0000000090b00000, 0x0000000090c00000|  0%| F|  |TAMS 0x0000000090b00000, 0x0000000090b00000| Untracked 
| 268|0x0000000090c00000, 0x0000000090c00000, 0x0000000090d00000|  0%| F|  |TAMS 0x0000000090c00000, 0x0000000090c00000| Untracked 
| 269|0x0000000090d00000, 0x0000000090d00000, 0x0000000090e00000|  0%| F|  |TAMS 0x0000000090d00000, 0x0000000090d00000| Untracked 
| 270|0x0000000090e00000, 0x0000000090e00000, 0x0000000090f00000|  0%| F|  |TAMS 0x0000000090e00000, 0x0000000090e00000| Untracked 
| 271|0x0000000090f00000, 0x0000000090f00000, 0x0000000091000000|  0%| F|  |TAMS 0x0000000090f00000, 0x0000000090f00000| Untracked 
| 272|0x0000000091000000, 0x0000000091000000, 0x0000000091100000|  0%| F|  |TAMS 0x0000000091000000, 0x0000000091000000| Untracked 
| 273|0x0000000091100000, 0x0000000091100000, 0x0000000091200000|  0%| F|  |TAMS 0x0000000091100000, 0x0000000091100000| Untracked 
| 274|0x0000000091200000, 0x0000000091200000, 0x0000000091300000|  0%| F|  |TAMS 0x0000000091200000, 0x0000000091200000| Untracked 
| 275|0x0000000091300000, 0x0000000091300000, 0x0000000091400000|  0%| F|  |TAMS 0x0000000091300000, 0x0000000091300000| Untracked 
| 276|0x0000000091400000, 0x0000000091400000, 0x0000000091500000|  0%| F|  |TAMS 0x0000000091400000, 0x0000000091400000| Untracked 
| 277|0x0000000091500000, 0x0000000091500000, 0x0000000091600000|  0%| F|  |TAMS 0x0000000091500000, 0x0000000091500000| Untracked 
| 278|0x0000000091600000, 0x0000000091600000, 0x0000000091700000|  0%| F|  |TAMS 0x0000000091600000, 0x0000000091600000| Untracked 
| 279|0x0000000091700000, 0x0000000091700000, 0x0000000091800000|  0%| F|  |TAMS 0x0000000091700000, 0x0000000091700000| Untracked 
| 280|0x0000000091800000, 0x0000000091800000, 0x0000000091900000|  0%| F|  |TAMS 0x0000000091800000, 0x0000000091800000| Untracked 
| 281|0x0000000091900000, 0x0000000091900000, 0x0000000091a00000|  0%| F|  |TAMS 0x0000000091900000, 0x0000000091900000| Untracked 
| 282|0x0000000091a00000, 0x0000000091a00000, 0x0000000091b00000|  0%| F|  |TAMS 0x0000000091a00000, 0x0000000091a00000| Untracked 
| 283|0x0000000091b00000, 0x0000000091b00000, 0x0000000091c00000|  0%| F|  |TAMS 0x0000000091b00000, 0x0000000091b00000| Untracked 
| 284|0x0000000091c00000, 0x0000000091c00000, 0x0000000091d00000|  0%| F|  |TAMS 0x0000000091c00000, 0x0000000091c00000| Untracked 
| 285|0x0000000091d00000, 0x0000000091d00000, 0x0000000091e00000|  0%| F|  |TAMS 0x0000000091d00000, 0x0000000091d00000| Untracked 
| 286|0x0000000091e00000, 0x0000000091e00000, 0x0000000091f00000|  0%| F|  |TAMS 0x0000000091e00000, 0x0000000091e00000| Untracked 
| 287|0x0000000091f00000, 0x0000000091f00000, 0x0000000092000000|  0%| F|  |TAMS 0x0000000091f00000, 0x0000000091f00000| Untracked 
| 288|0x0000000092000000, 0x0000000092000000, 0x0000000092100000|  0%| F|  |TAMS 0x0000000092000000, 0x0000000092000000| Untracked 
| 289|0x0000000092100000, 0x0000000092100000, 0x0000000092200000|  0%| F|  |TAMS 0x0000000092100000, 0x0000000092100000| Untracked 
| 290|0x0000000092200000, 0x0000000092200000, 0x0000000092300000|  0%| F|  |TAMS 0x0000000092200000, 0x0000000092200000| Untracked 
| 291|0x0000000092300000, 0x0000000092300000, 0x0000000092400000|  0%| F|  |TAMS 0x0000000092300000, 0x0000000092300000| Untracked 
| 292|0x0000000092400000, 0x0000000092400000, 0x0000000092500000|  0%| F|  |TAMS 0x0000000092400000, 0x0000000092400000| Untracked 
| 293|0x0000000092500000, 0x0000000092500000, 0x0000000092600000|  0%| F|  |TAMS 0x0000000092500000, 0x0000000092500000| Untracked 
| 294|0x0000000092600000, 0x0000000092600000, 0x0000000092700000|  0%| F|  |TAMS 0x0000000092600000, 0x0000000092600000| Untracked 
| 295|0x0000000092700000, 0x0000000092700000, 0x0000000092800000|  0%| F|  |TAMS 0x0000000092700000, 0x0000000092700000| Untracked 
| 296|0x0000000092800000, 0x0000000092800000, 0x0000000092900000|  0%| F|  |TAMS 0x0000000092800000, 0x0000000092800000| Untracked 
| 297|0x0000000092900000, 0x0000000092900000, 0x0000000092a00000|  0%| F|  |TAMS 0x0000000092900000, 0x0000000092900000| Untracked 
| 298|0x0000000092a00000, 0x0000000092a00000, 0x0000000092b00000|  0%| F|  |TAMS 0x0000000092a00000, 0x0000000092a00000| Untracked 
| 299|0x0000000092b00000, 0x0000000092b00000, 0x0000000092c00000|  0%| F|  |TAMS 0x0000000092b00000, 0x0000000092b00000| Untracked 
| 300|0x0000000092c00000, 0x0000000092d00000, 0x0000000092d00000|100%| S|CS|TAMS 0x0000000092c00000, 0x0000000092c00000| Complete 
| 301|0x0000000092d00000, 0x0000000092e00000, 0x0000000092e00000|100%| S|CS|TAMS 0x0000000092d00000, 0x0000000092d00000| Complete 
| 302|0x0000000092e00000, 0x0000000092f00000, 0x0000000092f00000|100%| S|CS|TAMS 0x0000000092e00000, 0x0000000092e00000| Complete 
| 303|0x0000000092f00000, 0x0000000093000000, 0x0000000093000000|100%| S|CS|TAMS 0x0000000092f00000, 0x0000000092f00000| Complete 
| 304|0x0000000093000000, 0x0000000093000000, 0x0000000093100000|  0%| F|  |TAMS 0x0000000093000000, 0x0000000093000000| Untracked 
| 305|0x0000000093100000, 0x0000000093100000, 0x0000000093200000|  0%| F|  |TAMS 0x0000000093100000, 0x0000000093100000| Untracked 
| 306|0x0000000093200000, 0x0000000093200000, 0x0000000093300000|  0%| F|  |TAMS 0x0000000093200000, 0x0000000093200000| Untracked 
| 307|0x0000000093300000, 0x0000000093300000, 0x0000000093400000|  0%| F|  |TAMS 0x0000000093300000, 0x0000000093300000| Untracked 
| 308|0x0000000093400000, 0x0000000093400000, 0x0000000093500000|  0%| F|  |TAMS 0x0000000093400000, 0x0000000093400000| Untracked 
| 309|0x0000000093500000, 0x0000000093500000, 0x0000000093600000|  0%| F|  |TAMS 0x0000000093500000, 0x0000000093500000| Untracked 
| 310|0x0000000093600000, 0x0000000093600000, 0x0000000093700000|  0%| F|  |TAMS 0x0000000093600000, 0x0000000093600000| Untracked 
| 311|0x0000000093700000, 0x0000000093700000, 0x0000000093800000|  0%| F|  |TAMS 0x0000000093700000, 0x0000000093700000| Untracked 
| 312|0x0000000093800000, 0x0000000093800000, 0x0000000093900000|  0%| F|  |TAMS 0x0000000093800000, 0x0000000093800000| Untracked 
| 313|0x0000000093900000, 0x0000000093900000, 0x0000000093a00000|  0%| F|  |TAMS 0x0000000093900000, 0x0000000093900000| Untracked 
| 314|0x0000000093a00000, 0x0000000093a00000, 0x0000000093b00000|  0%| F|  |TAMS 0x0000000093a00000, 0x0000000093a00000| Untracked 
| 315|0x0000000093b00000, 0x0000000093b00000, 0x0000000093c00000|  0%| F|  |TAMS 0x0000000093b00000, 0x0000000093b00000| Untracked 
| 316|0x0000000093c00000, 0x0000000093c00000, 0x0000000093d00000|  0%| F|  |TAMS 0x0000000093c00000, 0x0000000093c00000| Untracked 
| 317|0x0000000093d00000, 0x0000000093d00000, 0x0000000093e00000|  0%| F|  |TAMS 0x0000000093d00000, 0x0000000093d00000| Untracked 
| 318|0x0000000093e00000, 0x0000000093e00000, 0x0000000093f00000|  0%| F|  |TAMS 0x0000000093e00000, 0x0000000093e00000| Untracked 
| 319|0x0000000093f00000, 0x0000000093f00000, 0x0000000094000000|  0%| F|  |TAMS 0x0000000093f00000, 0x0000000093f00000| Untracked 
| 320|0x0000000094000000, 0x0000000094000000, 0x0000000094100000|  0%| F|  |TAMS 0x0000000094000000, 0x0000000094000000| Untracked 
| 321|0x0000000094100000, 0x0000000094100000, 0x0000000094200000|  0%| F|  |TAMS 0x0000000094100000, 0x0000000094100000| Untracked 
| 322|0x0000000094200000, 0x0000000094200000, 0x0000000094300000|  0%| F|  |TAMS 0x0000000094200000, 0x0000000094200000| Untracked 
| 323|0x0000000094300000, 0x0000000094300000, 0x0000000094400000|  0%| F|  |TAMS 0x0000000094300000, 0x0000000094300000| Untracked 

Card table byte_map: [0x000002329f3d0000,0x000002329f7d0000] _byte_map_base: 0x000002329efd0000

Marking Bits (Prev, Next): (CMBitMap*) 0x000002328a73f370, (CMBitMap*) 0x000002328a73f338
 Prev Bits: [0x00000232a1bd0000, 0x00000232a3bd0000)
 Next Bits: [0x000002329fbd0000, 0x00000232a1bd0000)

Polling page: 0x000002328a590000

Metaspace:

Usage:
  Non-class:    127.83 MB capacity,   125.57 MB ( 98%) used,     1.83 MB (  1%) free+waste,   441.13 KB ( <1%) overhead. 
      Class:     19.42 MB capacity,    18.04 MB ( 93%) used,     1.18 MB (  6%) free+waste,   197.81 KB ( <1%) overhead. 
       Both:    147.25 MB capacity,   143.62 MB ( 98%) used,     3.01 MB (  2%) free+waste,   638.94 KB ( <1%) overhead. 

Virtual space:
  Non-class space:      130.00 MB reserved,     127.98 MB ( 98%) committed 
      Class space:        1.00 GB reserved,      19.50 MB (  2%) committed 
             Both:        1.13 GB reserved,     147.48 MB ( 13%) committed 

Chunk freelists:
   Non-Class:  25.00 KB
       Class:  18.00 KB
        Both:  43.00 KB

MaxMetaspaceSize: 17179869184.00 GB
CompressedClassSpaceSize: 1.00 GB

CodeHeap 'non-profiled nmethods': size=120064Kb used=12044Kb max_used=12044Kb free=108019Kb
 bounds [0x0000023297470000, 0x0000023298040000, 0x000002329e9b0000]
CodeHeap 'profiled nmethods': size=120000Kb used=42276Kb max_used=42276Kb free=77723Kb
 bounds [0x000002328ff40000, 0x00000232928a0000, 0x0000023297470000]
CodeHeap 'non-nmethods': size=5696Kb used=2409Kb max_used=2454Kb free=3286Kb
 bounds [0x000002328f9b0000, 0x000002328fc30000, 0x000002328ff40000]
 total_blobs=19547 nmethods=18503 adapters=954
 compilation: enabled
              stopped_count=0, restarted_count=0
 full_count=0

Compilation events (20 events):
Event: 123.852 Thread 0x00000232a623d800 19538   !   3       com.android.tools.r8.ir.conversion.r::a (516 bytes)
Event: 123.855 Thread 0x00000232a623d800 nmethod 19538 0x0000023292888890 code [0x0000023292889120, 0x000002329288e2d8]
Event: 123.861 Thread 0x00000232a623d800 19540 %     3       com.android.tools.r8.internal.LP0::b @ 5 (32 bytes)
Event: 123.861 Thread 0x00000232a623d800 nmethod 19540% 0x000002329288fe90 code [0x0000023292890080, 0x0000023292890558]
Event: 123.861 Thread 0x00000232a623d800 19541       3       com.android.tools.r8.internal.LP0::b (32 bytes)
Event: 123.861 Thread 0x00000232a623d800 nmethod 19541 0x0000023292890790 code [0x0000023292890980, 0x0000023292890dd8]
Event: 123.901 Thread 0x00000232a623d800 19544       2       com.android.tools.r8.graph.C2$$Lambda$1758/0x00000001012c4840::test (12 bytes)
Event: 123.901 Thread 0x00000232a623d800 nmethod 19544 0x0000023292890f90 code [0x0000023292891140, 0x00000232928912a8]
Event: 123.901 Thread 0x00000232a623d800 19545       2       com.android.tools.r8.graph.B2$$Lambda$1757/0x00000001012c4440::accept (16 bytes)
Event: 123.901 Thread 0x00000232a623d800 nmethod 19545 0x0000023292891410 code [0x00000232928915e0, 0x0000023292891778]
Event: 123.901 Thread 0x00000232a623d800 19546       2       com.android.tools.r8.graph.S0$$Lambda$1756/0x00000001012c4040::accept (16 bytes)
Event: 123.901 Thread 0x00000232a623d800 nmethod 19546 0x0000023292891890 code [0x0000023292891a60, 0x0000023292891c58]
Event: 123.901 Thread 0x00000232a623d800 19547       2       com.android.tools.r8.internal.PJ0$$Lambda$1755/0x00000001012c3c40::accept (20 bytes)
Event: 123.901 Thread 0x00000232a623d800 nmethod 19547 0x0000023292891d90 code [0x0000023292891f40, 0x00000232928920a8]
Event: 123.901 Thread 0x00000232a623d800 19548       2       com.android.tools.r8.internal.PJ0::a (41 bytes)
Event: 123.901 Thread 0x00000232a623d800 nmethod 19548 0x0000023292892190 code [0x0000023292892340, 0x0000023292892538]
Event: 123.902 Thread 0x00000232a623d800 19549       2       com.android.tools.r8.internal.PJ0::a (192 bytes)
Event: 123.902 Thread 0x00000232a623d800 nmethod 19549 0x0000023292892710 code [0x0000023292892980, 0x0000023292893058]
Event: 123.903 Thread 0x00000232a623d800 19550       2       com.android.tools.r8.internal.PJ0::a (17 bytes)
Event: 123.903 Thread 0x00000232a623d800 nmethod 19550 0x0000023292893510 code [0x0000023292893720, 0x0000023292893d58]

GC Heap History (20 events):
Event: 120.339 GC heap after
{Heap after GC invocations=64 (full 0):
 garbage-first heap   total 227328K, used 154222K [0x0000000080000000, 0x0000000100000000)
  region size 1024K, 2 young (2048K), 2 survivors (2048K)
 Metaspace       used 133857K, capacity 137100K, committed 137328K, reserved 1169408K
  class space    used 16613K, capacity 17784K, committed 17792K, reserved 1048576K
}
Event: 120.457 GC heap before
{Heap before GC invocations=64 (full 0):
 garbage-first heap   total 227328K, used 181870K [0x0000000080000000, 0x0000000100000000)
  region size 1024K, 29 young (29696K), 2 survivors (2048K)
 Metaspace       used 134281K, capacity 137516K, committed 137712K, reserved 1169408K
  class space    used 16636K, capacity 17816K, committed 17920K, reserved 1048576K
}
Event: 120.461 GC heap after
{Heap after GC invocations=65 (full 0):
 garbage-first heap   total 227328K, used 155148K [0x0000000080000000, 0x0000000100000000)
  region size 1024K, 3 young (3072K), 3 survivors (3072K)
 Metaspace       used 134281K, capacity 137516K, committed 137712K, reserved 1169408K
  class space    used 16636K, capacity 17816K, committed 17920K, reserved 1048576K
}
Event: 120.645 GC heap before
{Heap before GC invocations=65 (full 0):
 garbage-first heap   total 227328K, used 182796K [0x0000000080000000, 0x0000000100000000)
  region size 1024K, 30 young (30720K), 3 survivors (3072K)
 Metaspace       used 134775K, capacity 138060K, committed 138224K, reserved 1169408K
  class space    used 16672K, capacity 17848K, committed 17920K, reserved 1048576K
}
Event: 120.649 GC heap after
{Heap after GC invocations=66 (full 0):
 garbage-first heap   total 273408K, used 154902K [0x0000000080000000, 0x0000000100000000)
  region size 1024K, 2 young (2048K), 2 survivors (2048K)
 Metaspace       used 134775K, capacity 138060K, committed 138224K, reserved 1169408K
  class space    used 16672K, capacity 17848K, committed 17920K, reserved 1048576K
}
Event: 121.337 GC heap before
{Heap before GC invocations=66 (full 0):
 garbage-first heap   total 273408K, used 198934K [0x0000000080000000, 0x0000000100000000)
  region size 1024K, 46 young (47104K), 2 survivors (2048K)
 Metaspace       used 136368K, capacity 139695K, committed 140016K, reserved 1171456K
  class space    used 16848K, capacity 18092K, committed 18176K, reserved 1048576K
}
Event: 121.345 GC heap after
{Heap after GC invocations=67 (full 0):
 garbage-first heap   total 273408K, used 158125K [0x0000000080000000, 0x0000000100000000)
  region size 1024K, 5 young (5120K), 5 survivors (5120K)
 Metaspace       used 136368K, capacity 139695K, committed 140016K, reserved 1171456K
  class space    used 16848K, capacity 18092K, committed 18176K, reserved 1048576K
}
Event: 121.829 GC heap before
{Heap before GC invocations=67 (full 0):
 garbage-first heap   total 273408K, used 203181K [0x0000000080000000, 0x0000000100000000)
  region size 1024K, 50 young (51200K), 5 survivors (5120K)
 Metaspace       used 137726K, capacity 141101K, committed 141424K, reserved 1173504K
  class space    used 17001K, capacity 18221K, committed 18304K, reserved 1048576K
}
Event: 121.839 GC heap after
{Heap after GC invocations=68 (full 0):
 garbage-first heap   total 273408K, used 160410K [0x0000000080000000, 0x0000000100000000)
  region size 1024K, 6 young (6144K), 6 survivors (6144K)
 Metaspace       used 137726K, capacity 141101K, committed 141424K, reserved 1173504K
  class space    used 17001K, capacity 18221K, committed 18304K, reserved 1048576K
}
Event: 122.214 GC heap before
{Heap before GC invocations=68 (full 0):
 garbage-first heap   total 273408K, used 207514K [0x0000000080000000, 0x0000000100000000)
  region size 1024K, 53 young (54272K), 6 survivors (6144K)
 Metaspace       used 138266K, capacity 141562K, committed 141680K, reserved 1173504K
  class space    used 17051K, capacity 18269K, committed 18304K, reserved 1048576K
}
Event: 122.224 GC heap after
{Heap after GC invocations=69 (full 0):
 garbage-first heap   total 273408K, used 165269K [0x0000000080000000, 0x0000000100000000)
  region size 1024K, 7 young (7168K), 7 survivors (7168K)
 Metaspace       used 138266K, capacity 141562K, committed 141680K, reserved 1173504K
  class space    used 17051K, capacity 18269K, committed 18304K, reserved 1048576K
}
Event: 122.902 GC heap before
{Heap before GC invocations=69 (full 0):
 garbage-first heap   total 273408K, used 216469K [0x0000000080000000, 0x0000000100000000)
  region size 1024K, 54 young (55296K), 7 survivors (7168K)
 Metaspace       used 145052K, capacity 148710K, committed 148848K, reserved 1179648K
  class space    used 18135K, capacity 19486K, committed 19584K, reserved 1048576K
}
Event: 122.911 GC heap after
{Heap after GC invocations=70 (full 0):
 garbage-first heap   total 331776K, used 171723K [0x0000000080000000, 0x0000000100000000)
  region size 1024K, 3 young (3072K), 3 survivors (3072K)
 Metaspace       used 145052K, capacity 148710K, committed 148848K, reserved 1179648K
  class space    used 18135K, capacity 19486K, committed 19584K, reserved 1048576K
}
Event: 123.383 GC heap before
{Heap before GC invocations=70 (full 0):
 garbage-first heap   total 331776K, used 269003K [0x0000000080000000, 0x0000000100000000)
  region size 1024K, 71 young (72704K), 3 survivors (3072K)
 Metaspace       used 146748K, capacity 150479K, committed 150768K, reserved 1179648K
  class space    used 18463K, capacity 19879K, committed 19968K, reserved 1048576K
}
Event: 123.412 GC heap after
{Heap after GC invocations=71 (full 0):
 garbage-first heap   total 331776K, used 218386K [0x0000000080000000, 0x0000000100000000)
  region size 1024K, 9 young (9216K), 9 survivors (9216K)
 Metaspace       used 146748K, capacity 150479K, committed 150768K, reserved 1179648K
  class space    used 18463K, capacity 19879K, committed 19968K, reserved 1048576K
}
Event: 123.577 GC heap before
{Heap before GC invocations=71 (full 0):
 garbage-first heap   total 331776K, used 263442K [0x0000000080000000, 0x0000000100000000)
  region size 1024K, 54 young (55296K), 9 survivors (9216K)
 Metaspace       used 146826K, capacity 150612K, committed 150768K, reserved 1179648K
  class space    used 18463K, capacity 19879K, committed 19968K, reserved 1048576K
}
Event: 123.610 GC heap after
{Heap after GC invocations=72 (full 0):
 garbage-first heap   total 331776K, used 242688K [0x0000000080000000, 0x0000000100000000)
  region size 1024K, 7 young (7168K), 7 survivors (7168K)
 Metaspace       used 146826K, capacity 150612K, committed 150768K, reserved 1179648K
  class space    used 18463K, capacity 19879K, committed 19968K, reserved 1048576K
}
Event: 123.706 GC heap before
{Heap before GC invocations=72 (full 0):
 garbage-first heap   total 331776K, used 271360K [0x0000000080000000, 0x0000000100000000)
  region size 1024K, 36 young (36864K), 7 survivors (7168K)
 Metaspace       used 146831K, capacity 150612K, committed 150768K, reserved 1179648K
  class space    used 18463K, capacity 19879K, committed 19968K, reserved 1048576K
}
Event: 123.725 GC heap after
{Heap after GC invocations=73 (full 0):
 garbage-first heap   total 331776K, used 257536K [0x0000000080000000, 0x0000000100000000)
  region size 1024K, 5 young (5120K), 5 survivors (5120K)
 Metaspace       used 146831K, capacity 150612K, committed 150768K, reserved 1179648K
  class space    used 18463K, capacity 19879K, committed 19968K, reserved 1048576K
}
Event: 123.910 GC heap before
{Heap before GC invocations=73 (full 0):
 garbage-first heap   total 331776K, used 278016K [0x0000000080000000, 0x0000000100000000)
  region size 1024K, 25 young (25600K), 5 survivors (5120K)
 Metaspace       used 147063K, capacity 150789K, committed 151024K, reserved 1181696K
  class space    used 18475K, capacity 19886K, committed 19968K, reserved 1048576K
}

Deoptimization events (20 events):
Event: 123.702 Thread 0x00000232ac74c800 DEOPT PACKING pc=0x000002329281f341 sp=0x00000084a32fe5a0
Event: 123.702 Thread 0x00000232ac74c800 DEOPT UNPACKING pc=0x000002328f9d6dde sp=0x00000084a32fe1c0 mode 0
Event: 123.730 Thread 0x00000232ac74c800 DEOPT PACKING pc=0x000002329281f341 sp=0x00000084a32fe5a0
Event: 123.730 Thread 0x00000232ac74c800 DEOPT UNPACKING pc=0x000002328f9d6dde sp=0x00000084a32fe1c0 mode 0
Event: 123.791 Thread 0x00000232ac74b000 DEOPT PACKING pc=0x00000232927d5129 sp=0x00000084a2ffe830
Event: 123.791 Thread 0x00000232ac74b000 DEOPT UNPACKING pc=0x000002328f9d6dde sp=0x00000084a2ffdcd8 mode 0
Event: 123.793 Thread 0x00000232ac74b000 DEOPT PACKING pc=0x0000023292852b3b sp=0x00000084a2ffe810
Event: 123.793 Thread 0x00000232ac74b000 DEOPT UNPACKING pc=0x000002328f9d6dde sp=0x00000084a2ffdcc8 mode 0
Event: 123.835 Thread 0x00000232ac74c800 DEOPT PACKING pc=0x0000023292864f74 sp=0x00000084a32fee10
Event: 123.835 Thread 0x00000232ac74c800 DEOPT UNPACKING pc=0x000002328f9d6dde sp=0x00000084a32fe2e0 mode 0
Event: 123.846 Thread 0x00000232ac74c800 DEOPT PACKING pc=0x000002329286a304 sp=0x00000084a32feeb0
Event: 123.846 Thread 0x00000232ac74c800 DEOPT UNPACKING pc=0x000002328f9d6dde sp=0x00000084a32fe510 mode 0
Event: 123.847 Thread 0x00000232ac74c800 DEOPT PACKING pc=0x0000023292838531 sp=0x00000084a32fed80
Event: 123.847 Thread 0x00000232ac74c800 DEOPT UNPACKING pc=0x000002328f9d6dde sp=0x00000084a32fe258 mode 0
Event: 123.848 Thread 0x00000232ac74c800 DEOPT PACKING pc=0x000002329285fea3 sp=0x00000084a32fec80
Event: 123.848 Thread 0x00000232ac74c800 DEOPT UNPACKING pc=0x000002328f9d6dde sp=0x00000084a32fe110 mode 0
Event: 123.855 Thread 0x00000232ac74c800 DEOPT PACKING pc=0x0000023292862c88 sp=0x00000084a32fecc0
Event: 123.855 Thread 0x00000232ac74c800 DEOPT UNPACKING pc=0x000002328f9d6dde sp=0x00000084a32fe2d0 mode 0
Event: 123.861 Thread 0x00000232ac74c800 DEOPT PACKING pc=0x000002329285ae6b sp=0x00000084a32fed90
Event: 123.861 Thread 0x00000232ac74c800 DEOPT UNPACKING pc=0x000002328f9d6dde sp=0x00000084a32fe260 mode 0

Classes redefined (0 events):
No events

Internal exceptions (20 events):
Event: 122.178 Thread 0x00000232ac747000 Exception <a 'java/lang/NoSuchMethodError'{0x000000008e09c4a0}: 'java.lang.Object java.lang.invoke.DirectMethodHandle$Holder.invokeStaticInit(java.lang.Object, java.lang.Object, long, java.lang.Object)'> (0x000000008e09c4a0) thrown at [./src/hotspot/share/interpreter/linkResolver.cpp, line 773]
Event: 122.179 Thread 0x00000232ac747000 Exception <a 'java/lang/NoSuchMethodError'{0x000000008e0ce3a8}: 'java.lang.Object java.lang.invoke.DirectMethodHandle$Holder.invokeStatic(java.lang.Object, java.lang.Object, long)'> (0x000000008e0ce3a8) thrown at [./src/hotspot/share/interpreter/linkResolver.cpp, line 773]
Event: 122.179 Thread 0x00000232ac747000 Exception <a 'java/lang/NoSuchMethodError'{0x000000008e0d4920}: 'java.lang.Object java.lang.invoke.Invokers$Holder.linkToTargetMethod(java.lang.Object, long, java.lang.Object)'> (0x000000008e0d4920) thrown at [./src/hotspot/share/interpreter/linkResolver.cpp, line 773]
Event: 122.285 Thread 0x00000232a81b8000 Exception <a 'sun/nio/fs/WindowsException'{0x0000000090209960}> (0x0000000090209960) thrown at [./src/hotspot/share/prims/jni.cpp, line 615]
Event: 122.339 Thread 0x00000232a81b8000 Exception <a 'java/lang/IncompatibleClassChangeError'{0x000000008fde5778}: Found class java.lang.Object, but interface was expected> (0x000000008fde5778) thrown at [./src/hotspot/share/interpreter/linkResolver.cpp, line 839]
Event: 122.389 Thread 0x00000232a81b8000 Exception <a 'java/lang/IncompatibleClassChangeError'{0x000000008f9e2300}: Found class java.lang.Object, but interface was expected> (0x000000008f9e2300) thrown at [./src/hotspot/share/interpreter/linkResolver.cpp, line 839]
Event: 122.508 Thread 0x00000232a81b8000 Exception <a 'java/lang/NoSuchMethodError'{0x000000008ef4a578}: 'int java.lang.invoke.DirectMethodHandle$Holder.invokeSpecial(java.lang.Object, java.lang.Object, java.lang.Object, java.lang.Object, java.lang.Object)'> (0x000000008ef4a578) thrown at [./src/hotspot/share/interpreter/linkResolver.cpp, line 773]
Event: 122.533 Thread 0x00000232a81b8000 Exception <a 'java/lang/NoSuchMethodError'{0x000000008eebc250}: 'java.lang.Object java.lang.invoke.DirectMethodHandle$Holder.invokeVirtual(java.lang.Object, java.lang.Object, int, java.lang.Object)'> (0x000000008eebc250) thrown at [./src/hotspot/share/interpreter/linkResolver.cpp, line 773]
Event: 122.544 Thread 0x00000232a81b8000 Exception <a 'java/lang/IncompatibleClassChangeError'{0x000000008ed5a830}: Found class java.lang.Object, but interface was expected> (0x000000008ed5a830) thrown at [./src/hotspot/share/interpreter/linkResolver.cpp, line 839]
Event: 122.544 Thread 0x00000232a81b8000 Exception <a 'java/lang/IncompatibleClassChangeError'{0x000000008ed658e8}: Found class java.lang.Object, but interface was expected> (0x000000008ed658e8) thrown at [./src/hotspot/share/interpreter/linkResolver.cpp, line 839]
Event: 122.556 Thread 0x00000232a81b8000 Exception <a 'java/lang/NoSuchMethodError'{0x000000008ec27a80}: 'void java.lang.invoke.DirectMethodHandle$Holder.invokeVirtual(java.lang.Object, java.lang.Object, int, java.lang.Object)'> (0x000000008ec27a80) thrown at [./src/hotspot/share/interpreter/linkResolver.cpp, line 773]
Event: 122.605 Thread 0x00000232a81b8000 Exception <a 'java/lang/NoSuchMethodError'{0x000000008eae40f8}: 'java.lang.Object java.lang.invoke.DirectMethodHandle$Holder.newInvokeSpecial(java.lang.Object, int)'> (0x000000008eae40f8) thrown at [./src/hotspot/share/interpreter/linkResolver.cpp, line 773]
Event: 122.689 Thread 0x00000232a81b8000 Exception <a 'java/lang/NoSuchMethodError'{0x000000008e598b50}: 'java.lang.Object java.lang.invoke.Invokers$Holder.linkToTargetMethod(java.lang.Object, int, java.lang.Object, java.lang.Object, java.lang.Object, java.lang.Object)'> (0x000000008e598b50) thrown at [./src/hotspot/share/interpreter/linkResolver.cpp, line 773]
Event: 122.690 Thread 0x00000232a81b8000 Exception <a 'java/lang/NoSuchMethodError'{0x000000008e5a6118}: 'java.lang.Object java.lang.invoke.DirectMethodHandle$Holder.invokeStatic(java.lang.Object, java.lang.Object, java.lang.Object, java.lang.Object, int, java.lang.Object, java.lang.Object)'> (0x000000008e5a6118) thrown at [./src/hotspot/share/interpreter/linkResolver.cpp, line 773]
Event: 122.690 Thread 0x00000232a81b8000 Exception <a 'java/lang/NoSuchMethodError'{0x000000008e5ae0a8}: 'java.lang.Object java.lang.invoke.Invokers$Holder.linkToTargetMethod(java.lang.Object, java.lang.Object, java.lang.Object, int, java.lang.Object, java.lang.Object, java.lang.Object)'> (0x000000008e5ae0a8) thrown at [./src/hotspot/share/interpreter/linkResolver.cpp, line 773]
Event: 122.691 Thread 0x00000232a81b8000 Exception <a 'java/lang/NoSuchMethodError'{0x000000008e5c7990}: 'void java.lang.invoke.DirectMethodHandle$Holder.invokeStatic(java.lang.Object, java.lang.Object, java.lang.Object, java.lang.Object, java.lang.Object, java.lang.Object, java.lang.Object, java.lang.Object)'> (0x000000008e5c7990) thrown at [./src/hotspot/share/interpreter/linkResolver.cpp, line 773]
Event: 122.724 Thread 0x00000232a81b8000 Exception <a 'java/lang/IncompatibleClassChangeError'{0x000000008e3a8938}: Found class java.lang.Object, but interface was expected> (0x000000008e3a8938) thrown at [./src/hotspot/share/interpreter/linkResolver.cpp, line 839]
Event: 122.749 Thread 0x00000232a81b8000 Exception <a 'java/lang/NoSuchMethodError'{0x000000008e11b4a0}: 'void java.lang.invoke.DirectMethodHandle$Holder.invokeVirtual(java.lang.Object, java.lang.Object, int)'> (0x000000008e11b4a0) thrown at [./src/hotspot/share/interpreter/linkResolver.cpp, line 773]
Event: 122.761 Thread 0x00000232a81b8000 Exception <a 'sun/nio/fs/WindowsException'{0x000000008e1abfb0}> (0x000000008e1abfb0) thrown at [./src/hotspot/share/prims/jni.cpp, line 615]
Event: 122.961 Thread 0x00000232ac74a800 Exception <a 'sun/nio/fs/WindowsException'{0x00000000942fc888}> (0x00000000942fc888) thrown at [./src/hotspot/share/prims/jni.cpp, line 615]

Events (20 events):
Event: 123.761 loading class com/android/tools/r8/internal/Vb1 done
Event: 123.761 loading class com/android/tools/r8/internal/cc1
Event: 123.761 loading class com/android/tools/r8/internal/cc1 done
Event: 123.761 loading class com/android/tools/r8/graph/j0
Event: 123.761 loading class com/android/tools/r8/graph/j0 done
Event: 123.761 loading class com/android/tools/r8/graph/j0
Event: 123.761 loading class com/android/tools/r8/graph/j0 done
Event: 123.761 loading class com/android/tools/r8/graph/D2
Event: 123.761 loading class com/android/tools/r8/graph/D2 done
Event: 123.761 loading class com/android/tools/r8/internal/yY0
Event: 123.761 loading class com/android/tools/r8/internal/yY0 done
Event: 123.864 Executing VM operation: RevokeBias
Event: 123.866 Executing coalesced safepoint VM operation: RevokeBias
Event: 123.866 Executing coalesced safepoint VM operation: RevokeBias done
Event: 123.866 Executing VM operation: RevokeBias done
Event: 123.867 Executing VM operation: RevokeBias
Event: 123.867 Executing VM operation: RevokeBias done
Event: 123.897 Executing VM operation: RevokeBias
Event: 123.897 Executing VM operation: RevokeBias done
Event: 123.910 Executing VM operation: G1CollectForAllocation


Dynamic libraries:
0x00007ff7e6940000 - 0x00007ff7e694a000 	C:\Program Files\Android\Android Studio\jre\bin\java.exe
0x00007ff891870000 - 0x00007ff891a65000 	C:\WINDOWS\SYSTEM32\ntdll.dll
0x00007ff8909e0000 - 0x00007ff890a9e000 	C:\WINDOWS\System32\KERNEL32.DLL
0x00007ff88f240000 - 0x00007ff88f508000 	C:\WINDOWS\System32\KERNELBASE.dll
0x00007ff88f140000 - 0x00007ff88f240000 	C:\WINDOWS\System32\ucrtbase.dll
0x00007ff8754f0000 - 0x00007ff875509000 	C:\Program Files\Android\Android Studio\jre\bin\jli.dll
0x00007ff8766c0000 - 0x00007ff8766d7000 	C:\Program Files\Android\Android Studio\jre\bin\VCRUNTIME140.dll
0x00007ff8900f0000 - 0x00007ff890290000 	C:\WINDOWS\System32\USER32.dll
0x00007ff88f810000 - 0x00007ff88f832000 	C:\WINDOWS\System32\win32u.dll
0x00007ff8769f0000 - 0x00007ff876c8a000 	C:\WINDOWS\WinSxS\amd64_microsoft.windows.common-controls_6595b64144ccf1df_6.0.19041.1110_none_60b5254171f9507e\COMCTL32.dll
0x00007ff891020000 - 0x00007ff89104a000 	C:\WINDOWS\System32\GDI32.dll
0x00007ff890f80000 - 0x00007ff89101e000 	C:\WINDOWS\System32\msvcrt.dll
0x00007ff88f030000 - 0x00007ff88f13b000 	C:\WINDOWS\System32\gdi32full.dll
0x00007ff88ef90000 - 0x00007ff88f02d000 	C:\WINDOWS\System32\msvcp_win.dll
0x00007ff88fae0000 - 0x00007ff88fb10000 	C:\WINDOWS\System32\IMM32.DLL
0x00007ff868470000 - 0x00007ff86850d000 	C:\Program Files\Android\Android Studio\jre\bin\msvcp140.dll
0x00007ff8663c0000 - 0x00007ff866e95000 	C:\Program Files\Android\Android Studio\jre\bin\server\jvm.dll
0x00007ff891050000 - 0x00007ff8910fe000 	C:\WINDOWS\System32\ADVAPI32.dll
0x00007ff88fdd0000 - 0x00007ff88fe6c000 	C:\WINDOWS\System32\sechost.dll
0x00007ff88f9b0000 - 0x00007ff88fad5000 	C:\WINDOWS\System32\RPCRT4.dll
0x00007ff891120000 - 0x00007ff891128000 	C:\WINDOWS\System32\PSAPI.DLL
0x00007ff8750e0000 - 0x00007ff8750e9000 	C:\WINDOWS\SYSTEM32\WSOCK32.dll
0x00007ff885c40000 - 0x00007ff885c67000 	C:\WINDOWS\SYSTEM32\WINMM.dll
0x00007ff890080000 - 0x00007ff8900eb000 	C:\WINDOWS\System32\WS2_32.dll
0x00007ff888fb0000 - 0x00007ff888fba000 	C:\WINDOWS\SYSTEM32\VERSION.dll
0x00007ff88d890000 - 0x00007ff88d8a2000 	C:\WINDOWS\SYSTEM32\kernel.appcore.dll
0x00007ff886d40000 - 0x00007ff886d51000 	C:\Program Files\Android\Android Studio\jre\bin\verify.dll
0x00007ff877030000 - 0x00007ff877214000 	C:\WINDOWS\SYSTEM32\DBGHELP.DLL
0x00007ff878ec0000 - 0x00007ff878eec000 	C:\WINDOWS\SYSTEM32\dbgcore.DLL
0x00007ff88f840000 - 0x00007ff88f8c2000 	C:\WINDOWS\System32\bcryptPrimitives.dll
0x00007ff881f90000 - 0x00007ff881fb9000 	C:\Program Files\Android\Android Studio\jre\bin\java.dll
0x00007ff886e60000 - 0x00007ff886e6b000 	C:\Program Files\Android\Android Studio\jre\bin\jimage.dll
0x00007ff8820e0000 - 0x00007ff8820f8000 	C:\Program Files\Android\Android Studio\jre\bin\zip.dll
0x00007ff890290000 - 0x00007ff8909d4000 	C:\WINDOWS\System32\SHELL32.dll
0x00007ff88d0b0000 - 0x00007ff88d844000 	C:\WINDOWS\SYSTEM32\windows.storage.dll
0x00007ff890b70000 - 0x00007ff890ec4000 	C:\WINDOWS\System32\combase.dll
0x00007ff88e930000 - 0x00007ff88e95c000 	C:\WINDOWS\SYSTEM32\Wldp.dll
0x00007ff890ed0000 - 0x00007ff890f7d000 	C:\WINDOWS\System32\SHCORE.dll
0x00007ff88fd60000 - 0x00007ff88fdb5000 	C:\WINDOWS\System32\shlwapi.dll
0x00007ff88eed0000 - 0x00007ff88eeef000 	C:\WINDOWS\SYSTEM32\profapi.dll
0x00007ff881f10000 - 0x00007ff881f2a000 	C:\Program Files\Android\Android Studio\jre\bin\net.dll
0x00007ff885910000 - 0x00007ff885a1a000 	C:\WINDOWS\SYSTEM32\WINHTTP.dll
0x00007ff88e690000 - 0x00007ff88e6fa000 	C:\WINDOWS\system32\mswsock.dll
0x00007ff881eb0000 - 0x00007ff881ec4000 	C:\Program Files\Android\Android Studio\jre\bin\nio.dll
0x00007ff881ee0000 - 0x00007ff881f07000 	C:\Users\Vik\.gradle\native\e1d6ef7f7dcc3fd88c89a11ec53ec762bb8ba0a96d01ffa2cd45eb1d1d8dd5c5\windows-amd64\native-platform.dll
0x00007ff864fe0000 - 0x00007ff865124000 	C:\Users\Vik\.gradle\native\5664cfc778a61ccfe75a443a1ab52a65af34e5dc3c78e0209fed803814484fcb\windows-amd64\native-platform-file-events.dll
0x00007ff883220000 - 0x00007ff88322a000 	C:\Program Files\Android\Android Studio\jre\bin\management.dll
0x00007ff882a50000 - 0x00007ff882a5d000 	C:\Program Files\Android\Android Studio\jre\bin\management_ext.dll
0x00007ff88e890000 - 0x00007ff88e8a8000 	C:\WINDOWS\SYSTEM32\CRYPTSP.dll
0x00007ff88e010000 - 0x00007ff88e044000 	C:\WINDOWS\system32\rsaenh.dll
0x00007ff88f630000 - 0x00007ff88f657000 	C:\WINDOWS\System32\bcrypt.dll
0x00007ff88ee90000 - 0x00007ff88eebe000 	C:\WINDOWS\SYSTEM32\USERENV.dll
0x00007ff88e880000 - 0x00007ff88e88c000 	C:\WINDOWS\SYSTEM32\CRYPTBASE.dll
0x00007ff88e380000 - 0x00007ff88e3bb000 	C:\WINDOWS\SYSTEM32\IPHLPAPI.DLL
0x00007ff88fc20000 - 0x00007ff88fc28000 	C:\WINDOWS\System32\NSI.dll
0x00007ff8884e0000 - 0x00007ff8884f7000 	C:\WINDOWS\SYSTEM32\dhcpcsvc6.DLL
0x00007ff888e50000 - 0x00007ff888e6d000 	C:\WINDOWS\SYSTEM32\dhcpcsvc.DLL
0x00007ff88e3c0000 - 0x00007ff88e48b000 	C:\WINDOWS\SYSTEM32\DNSAPI.dll
0x00007ff870050000 - 0x00007ff870077000 	C:\Program Files\Android\Android Studio\jre\bin\sunec.dll
0x00007ff882e10000 - 0x00007ff882e1a000 	C:\Windows\System32\rasadhlp.dll
0x00007ff882f80000 - 0x00007ff882fff000 	C:\WINDOWS\System32\fwpuclnt.dll
0x00007ff88dca0000 - 0x00007ff88dcd3000 	C:\WINDOWS\SYSTEM32\ntmarta.dll

dbghelp: loaded successfully - version: 4.0.5 - missing functions: none
symbol engine: initialized successfully - sym options: 0x614 - pdb path: .;C:\Program Files\Android\Android Studio\jre\bin;C:\WINDOWS\SYSTEM32;C:\WINDOWS\WinSxS\amd64_microsoft.windows.common-controls_6595b64144ccf1df_6.0.19041.1110_none_60b5254171f9507e;C:\Program Files\Android\Android Studio\jre\bin\server;C:\Users\Vik\.gradle\native\e1d6ef7f7dcc3fd88c89a11ec53ec762bb8ba0a96d01ffa2cd45eb1d1d8dd5c5\windows-amd64;C:\Users\Vik\.gradle\native\5664cfc778a61ccfe75a443a1ab52a65af34e5dc3c78e0209fed803814484fcb\windows-amd64

VM Arguments:
jvm_args: --add-opens=java.base/java.util=ALL-UNNAMED --add-opens=java.base/java.lang=ALL-UNNAMED --add-opens=java.base/java.lang.invoke=ALL-UNNAMED --add-opens=java.base/java.util=ALL-UNNAMED --add-opens=java.prefs/java.util.prefs=ALL-UNNAMED --add-opens=java.prefs/java.util.prefs=ALL-UNNAMED --add-opens=java.base/java.nio.charset=ALL-UNNAMED --add-opens=java.base/java.net=ALL-UNNAMED --add-opens=java.base/java.util.concurrent.atomic=ALL-UNNAMED -Xmx2048m -Dfile.encoding=UTF-8 -Duser.country=RU -Duser.language=ru -Duser.variant 
java_command: org.gradle.launcher.daemon.bootstrap.GradleDaemon 7.2
java_class_path (initial): C:\Users\Vik\.gradle\wrapper\dists\gradle-7.2-bin\2dnblmf4td7x66yl1d74lt32g\gradle-7.2\lib\gradle-launcher-7.2.jar
Launcher Type: SUN_STANDARD

[Global flags]
     intx CICompilerCount                          = 3                                         {product} {ergonomic}
     uint ConcGCThreads                            = 1                                         {product} {ergonomic}
     uint G1ConcRefinementThreads                  = 4                                         {product} {ergonomic}
   size_t G1HeapRegionSize                         = 1048576                                   {product} {ergonomic}
    uintx GCDrainStackTargetSize                   = 64                                        {product} {ergonomic}
   size_t InitialHeapSize                          = 134217728                                 {product} {ergonomic}
   size_t MarkStackSize                            = 4194304                                   {product} {ergonomic}
   size_t MaxHeapSize                              = 2147483648                                {product} {command line}
   size_t MaxNewSize                               = 1287651328                                {product} {ergonomic}
   size_t MinHeapDeltaBytes                        = 1048576                                   {product} {ergonomic}
    uintx NonNMethodCodeHeapSize                   = 5830732                                {pd product} {ergonomic}
    uintx NonProfiledCodeHeapSize                  = 122913754                              {pd product} {ergonomic}
    uintx ProfiledCodeHeapSize                     = 122913754                              {pd product} {ergonomic}
    uintx ReservedCodeCacheSize                    = 251658240                              {pd product} {ergonomic}
     bool SegmentedCodeCache                       = true                                      {product} {ergonomic}
     bool UseCompressedClassPointers               = true                                 {lp64_product} {ergonomic}
     bool UseCompressedOops                        = true                                 {lp64_product} {ergonomic}
     bool UseG1GC                                  = true                                      {product} {ergonomic}
     bool UseLargePagesIndividualAllocation        = false                                  {pd product} {ergonomic}

Logging:
Log output configuration:
 #0: stdout all=warning uptime,level,tags
 #1: stderr all=off uptime,level,tags

Environment Variables:
JAVA_HOME=c:\Program Files\Java\jdk-16.0.2
PATH=C:\Program Files\Common Files\Oracle\Java\javapath;C:\Program Files (x86)\Common Files\Oracle\Java\javapath;C:\ProgramData\Oracle\Java\javapath;C:\Windows\system32;C:\Windows;C:\Windows\System32\Wbem;C:\Windows\System32\WindowsPowerShell\v1.0\;C:\Program Files\Java\jdk-16.0.2\bin\;C:\WINDOWS\system32;C:\WINDOWS;C:\WINDOWS\System32\Wbem;C:\WINDOWS\System32\WindowsPowerShell\v1.0\;C:\WINDOWS\System32\OpenSSH\;C:\Program Files\dotnet\;C:\Program Files\Git\cmd;C:\Program Files (x86)\NVIDIA Corporation\PhysX\Common;C:\Users\Vik\AppData\Local\Microsoft\WindowsApps;C:\Program Files\JetBrains\IntelliJ IDEA Community Edition 2021.3\bin;C:\Users\Vik\AppData\Local\GitHubDesktop\bin;C:\Users\Vik\AppData\Local\gitkraken\bin
USERNAME=Vik
OS=Windows_NT
PROCESSOR_IDENTIFIER=Intel64 Family 6 Model 60 Stepping 3, GenuineIntel



---------------  S Y S T E M  ---------------

OS: Windows 10 , 64 bit Build 19041 (10.0.19041.1645)
OS uptime: 0 days 2:17 hours

CPU:total 4 (initial active 4) (4 cores per cpu, 1 threads per core) family 6 model 60 stepping 3 microcode 0x27, cmov, cx8, fxsr, mmx, sse, sse2, sse3, ssse3, sse4.1, sse4.2, popcnt, avx, avx2, aes, clmul, erms, lzcnt, tsc, tscinvbit, bmi1, bmi2, fma

Memory: 4k page, system-wide physical 8128M (471M free)
TotalPageFile size 10512M (AvailPageFile size 102M)
current process WorkingSet (physical memory assigned to process): 695M, peak: 706M
current process commit charge ("private bytes"): 737M, peak: 907M

vm_info: OpenJDK 64-Bit Server VM (11.0.11+9-b60-7590822) for windows-amd64 JRE (11.0.11+9-b60-7590822), built on Jul 29 2021 21:43:44 by "builder" with MS VC++ 14.0 (VS2015)

END.
