#
# There is insufficient memory for the Java Runtime Environment to continue.
# Native memory allocation (malloc) failed to allocate 1073616 bytes for Chunk::new
# Possible reasons:
#   The system is out of physical RAM or swap space
#   The process is running with CompressedOops enabled, and the Java Heap may be blocking the growth of the native heap
# Possible solutions:
#   Reduce memory load on the system
#   Increase physical memory or swap space
#   Check if swap backing store is full
#   Decrease Java heap size (-Xmx/-Xms)
#   Decrease number of Java threads
#   Decrease Java thread stack sizes (-Xss)
#   Set larger code cache with -XX:ReservedCodeCacheSize=
#   JVM is running with Unscaled Compressed Oops mode in which the Java heap is
#     placed in the first 4GB address space. The Java Heap base address is the
#     maximum limit for the native heap growth. Please use -XX:HeapBaseMinAddress
#     to set the Java Heap base and to place the Java Heap above 4GB virtual address.
# This output file may be truncated or incomplete.
#
#  Out of Memory Error (./src/hotspot/share/memory/arena.cpp:197), pid=1564, tid=4120
#
# JRE version: OpenJDK Runtime Environment (11.0.11+9) (build 11.0.11+9-b60-7590822)
# Java VM: OpenJDK 64-Bit Server VM (11.0.11+9-b60-7590822, mixed mode, tiered, compressed oops, g1 gc, windows-amd64)
# No core dump will be written. Minidumps are not enabled by default on client versions of Windows
#

---------------  S U M M A R Y ------------

Command Line: --add-opens=java.base/java.util=ALL-UNNAMED --add-opens=java.base/java.lang=ALL-UNNAMED --add-opens=java.base/java.lang.invoke=ALL-UNNAMED --add-opens=java.base/java.util=ALL-UNNAMED --add-opens=java.prefs/java.util.prefs=ALL-UNNAMED --add-opens=java.prefs/java.util.prefs=ALL-UNNAMED --add-opens=java.base/java.nio.charset=ALL-UNNAMED --add-opens=java.base/java.net=ALL-UNNAMED --add-opens=java.base/java.util.concurrent.atomic=ALL-UNNAMED -Xmx2048m -Dfile.encoding=UTF-8 -Duser.country=RU -Duser.language=ru -Duser.variant org.gradle.launcher.daemon.bootstrap.GradleDaemon 7.2

Host: Intel(R) Core(TM) i5-4690 CPU @ 3.50GHz, 4 cores, 7G,  Windows 10 , 64 bit Build 19041 (10.0.19041.1645)
Time: Thu May 19 14:23:34 2022 Финляндия (лето) elapsed time: 4.617075 seconds (0d 0h 0m 4s)

---------------  T H R E A D  ---------------

Current thread (0x00000275ff6b5800):  JavaThread "C2 CompilerThread0" daemon [_thread_in_native, id=4120, stack(0x000000e13f700000,0x000000e13f800000)]


Current CompileTask:
C2:   4617 3233       4       java.lang.invoke.MethodType::makeImpl (108 bytes)

Stack: [0x000000e13f700000,0x000000e13f800000]
Native frames: (J=compiled Java code, j=interpreted, Vv=VM code, C=native code)
V  [jvm.dll+0x5f214a]
V  [jvm.dll+0x726fb5]
V  [jvm.dll+0x7285cd]
V  [jvm.dll+0x728c83]
V  [jvm.dll+0x243278]
V  [jvm.dll+0xbc53c]
V  [jvm.dll+0xbca3c]
V  [jvm.dll+0x353e7d]
V  [jvm.dll+0x19895c]
V  [jvm.dll+0x1fc2ee]
V  [jvm.dll+0x1fb3d4]
V  [jvm.dll+0x183d6c]
V  [jvm.dll+0x209a57]
V  [jvm.dll+0x2082a1]
V  [jvm.dll+0x6ef58f]
V  [jvm.dll+0x6e80b5]
V  [jvm.dll+0x5f1036]
C  [ucrtbase.dll+0x21bb2]
C  [KERNEL32.DLL+0x17034]
C  [ntdll.dll+0x52651]


---------------  P R O C E S S  ---------------

Threads class SMR info:
_java_thread_list=0x000002758993b7a0, length=33, elements={
0x00000275eb37b800, 0x00000275ff690800, 0x00000275ff692000, 0x00000275ff6ae000,
0x00000275ff6b0000, 0x00000275ff6b1000, 0x00000275ff6b5800, 0x00000275ff6bc000,
0x00000275ff6c0000, 0x000002758618e800, 0x00000275863f8800, 0x000002758711c000,
0x0000027589657800, 0x00000275880cc800, 0x0000027588d44800, 0x0000027587ad7800,
0x00000275874ff800, 0x00000275888c6800, 0x000002758854e000, 0x0000027588dd9800,
0x0000027587fd5000, 0x0000027587fd1000, 0x0000027587fd4000, 0x0000027587fd2800,
0x0000027587fd5800, 0x0000027587fd6800, 0x0000027587fd7800, 0x0000027587fd3800,
0x0000027587fd1800, 0x0000027589f12800, 0x0000027589f10000, 0x0000027589f11800,
0x0000027589f0d000
}

Java Threads: ( => current thread )
  0x00000275eb37b800 JavaThread "main" [_thread_blocked, id=5420, stack(0x000000e13eb00000,0x000000e13ec00000)]
  0x00000275ff690800 JavaThread "Reference Handler" daemon [_thread_blocked, id=6264, stack(0x000000e13f200000,0x000000e13f300000)]
  0x00000275ff692000 JavaThread "Finalizer" daemon [_thread_blocked, id=2464, stack(0x000000e13f300000,0x000000e13f400000)]
  0x00000275ff6ae000 JavaThread "Signal Dispatcher" daemon [_thread_blocked, id=3344, stack(0x000000e13f400000,0x000000e13f500000)]
  0x00000275ff6b0000 JavaThread "Attach Listener" daemon [_thread_blocked, id=5468, stack(0x000000e13f500000,0x000000e13f600000)]
  0x00000275ff6b1000 JavaThread "Service Thread" daemon [_thread_blocked, id=10852, stack(0x000000e13f600000,0x000000e13f700000)]
=>0x00000275ff6b5800 JavaThread "C2 CompilerThread0" daemon [_thread_in_native, id=4120, stack(0x000000e13f700000,0x000000e13f800000)]
  0x00000275ff6bc000 JavaThread "C1 CompilerThread0" daemon [_thread_blocked, id=3788, stack(0x000000e13f800000,0x000000e13f900000)]
  0x00000275ff6c0000 JavaThread "Sweeper thread" daemon [_thread_blocked, id=6088, stack(0x000000e13f900000,0x000000e13fa00000)]
  0x000002758618e800 JavaThread "Common-Cleaner" daemon [_thread_blocked, id=2144, stack(0x000000e13fa00000,0x000000e13fb00000)]
  0x00000275863f8800 JavaThread "C2 CompilerThread1" daemon [_thread_in_native, id=1012, stack(0x000000e13fc00000,0x000000e13fd00000)]
  0x000002758711c000 JavaThread "Daemon health stats" [_thread_blocked, id=9964, stack(0x000000e13ff00000,0x000000e140000000)]
  0x0000027589657800 JavaThread "Incoming local TCP Connector on port 56415" [_thread_in_native, id=9916, stack(0x000000e140000000,0x000000e140100000)]
  0x00000275880cc800 JavaThread "Daemon periodic checks" [_thread_blocked, id=9320, stack(0x000000e140100000,0x000000e140200000)]
  0x0000027588d44800 JavaThread "Daemon" [_thread_blocked, id=3296, stack(0x000000e140200000,0x000000e140300000)]
  0x0000027587ad7800 JavaThread "Handler for socket connection from /127.0.0.1:56415 to /127.0.0.1:56416" [_thread_in_native, id=10956, stack(0x000000e140300000,0x000000e140400000)]
  0x00000275874ff800 JavaThread "Cancel handler" [_thread_blocked, id=6296, stack(0x000000e140400000,0x000000e140500000)]
  0x00000275888c6800 JavaThread "Daemon worker" [_thread_in_vm, id=10248, stack(0x000000e140500000,0x000000e140600000)]
  0x000002758854e000 JavaThread "Asynchronous log dispatcher for DefaultDaemonConnection: socket connection from /127.0.0.1:56415 to /127.0.0.1:56416" [_thread_blocked, id=10696, stack(0x000000e140600000,0x000000e140700000)]
  0x0000027588dd9800 JavaThread "Stdin handler" [_thread_blocked, id=6400, stack(0x000000e140700000,0x000000e140800000)]
  0x0000027587fd5000 JavaThread "Daemon client event forwarder" [_thread_blocked, id=7164, stack(0x000000e140800000,0x000000e140900000)]
  0x0000027587fd1000 JavaThread "Cache worker for journal cache (C:\Users\Vik\.gradle\caches\journal-1)" [_thread_blocked, id=9628, stack(0x000000e140a00000,0x000000e140b00000)]
  0x0000027587fd4000 JavaThread "File lock request listener" [_thread_in_native, id=4832, stack(0x000000e140b00000,0x000000e140c00000)]
  0x0000027587fd2800 JavaThread "Cache worker for file hash cache (C:\Users\Vik\.gradle\caches\7.2\fileHashes)" [_thread_blocked, id=6804, stack(0x000000e140c00000,0x000000e140d00000)]
  0x0000027587fd5800 JavaThread "Cache worker for file hash cache (D:\AndroidStudioProjects\Kotlin\.gradle\7.2\fileHashes)" [_thread_blocked, id=3708, stack(0x000000e140d00000,0x000000e140e00000)]
  0x0000027587fd6800 JavaThread "File watcher server" daemon [_thread_in_native, id=2492, stack(0x000000e140e00000,0x000000e140f00000)]
  0x0000027587fd7800 JavaThread "File watcher consumer" daemon [_thread_blocked, id=10504, stack(0x000000e140f00000,0x000000e141000000)]
  0x0000027587fd3800 JavaThread "Cache worker for checksums cache (D:\AndroidStudioProjects\Kotlin\.gradle\checksums)" [_thread_blocked, id=5440, stack(0x000000e141000000,0x000000e141100000)]
  0x0000027587fd1800 JavaThread "Cache worker for cache directory md-supplier (C:\Users\Vik\.gradle\caches\7.2\md-supplier)" [_thread_blocked, id=9044, stack(0x000000e141100000,0x000000e141200000)]
  0x0000027589f12800 JavaThread "Cache worker for cache directory md-rule (C:\Users\Vik\.gradle\caches\7.2\md-rule)" [_thread_blocked, id=10272, stack(0x000000e141200000,0x000000e141300000)]
  0x0000027589f10000 JavaThread "Cache worker for execution history cache (C:\Users\Vik\.gradle\caches\7.2\executionHistory)" [_thread_blocked, id=7000, stack(0x000000e141300000,0x000000e141400000)]
  0x0000027589f11800 JavaThread "jar transforms" [_thread_blocked, id=4476, stack(0x000000e141400000,0x000000e141500000)]
  0x0000027589f0d000 JavaThread "Cache worker for file content cache (C:\Users\Vik\.gradle\caches\7.2\fileContent)" [_thread_blocked, id=6948, stack(0x000000e141500000,0x000000e141600000)]

Other Threads:
  0x00000275ff689000 VMThread "VM Thread" [stack: 0x000000e13f100000,0x000000e13f200000] [id=1832]
  0x00000275861d9000 WatcherThread [stack: 0x000000e13fb00000,0x000000e13fc00000] [id=10848]
  0x00000275eb396000 GCTaskThread "GC Thread#0" [stack: 0x000000e13ec00000,0x000000e13ed00000] [id=9828]
  0x0000027586bf7800 GCTaskThread "GC Thread#1" [stack: 0x000000e13fd00000,0x000000e13fe00000] [id=9120]
  0x00000275866d7000 GCTaskThread "GC Thread#2" [stack: 0x000000e13fe00000,0x000000e13ff00000] [id=1808]
  0x00000275888c7800 GCTaskThread "GC Thread#3" [stack: 0x000000e140900000,0x000000e140a00000] [id=10252]
  0x00000275eb3c7000 ConcurrentGCThread "G1 Main Marker" [stack: 0x000000e13ed00000,0x000000e13ee00000] [id=1320]
  0x00000275eb3c9000 ConcurrentGCThread "G1 Conc#0" [stack: 0x000000e13ee00000,0x000000e13ef00000] [id=8900]
  0x00000275eb459000 ConcurrentGCThread "G1 Refine#0" [stack: 0x000000e13ef00000,0x000000e13f000000] [id=4272]
  0x00000275eb45a800 ConcurrentGCThread "G1 Young RemSet Sampling" [stack: 0x000000e13f000000,0x000000e13f100000] [id=9952]

Threads with active compile tasks:
C2 CompilerThread0   4631 3233       4       java.lang.invoke.MethodType::makeImpl (108 bytes)
C2 CompilerThread1   4631 3206       4       java.net.URLClassLoader$1::run (5 bytes)

VM state:not at safepoint (normal execution)

VM Mutex/Monitor currently owned by a thread: None

Heap address: 0x0000000080000000, size: 2048 MB, Compressed Oops mode: 32-bit
Narrow klass base: 0x0000000000000000, Narrow klass shift: 3
Compressed class space size: 1073741824 Address: 0x0000000100000000

Heap:
 garbage-first heap   total 157696K, used 71967K [0x0000000080000000, 0x0000000100000000)
  region size 1024K, 52 young (53248K), 5 survivors (5120K)
 Metaspace       used 38804K, capacity 39719K, committed 39836K, reserved 1083392K
  class space    used 4949K, capacity 5314K, committed 5376K, reserved 1048576K
Heap Regions: E=young(eden), S=young(survivor), O=old, HS=humongous(starts), HC=humongous(continues), CS=collection set, F=free, A=archive, TAMS=top-at-mark-start (previous, next)
|   0|0x0000000080000000, 0x0000000080100000, 0x0000000080100000|100%| O|  |TAMS 0x0000000080100000, 0x0000000080000000| Untracked 
|   1|0x0000000080100000, 0x0000000080200000, 0x0000000080200000|100%| O|  |TAMS 0x0000000080200000, 0x0000000080100000| Untracked 
|   2|0x0000000080200000, 0x0000000080300000, 0x0000000080300000|100%| O|  |TAMS 0x0000000080300000, 0x0000000080200000| Untracked 
|   3|0x0000000080300000, 0x0000000080400000, 0x0000000080400000|100%|HS|  |TAMS 0x0000000080400000, 0x0000000080300000| Complete 
|   4|0x0000000080400000, 0x0000000080500000, 0x0000000080500000|100%|HC|  |TAMS 0x0000000080500000, 0x0000000080400000| Complete 
|   5|0x0000000080500000, 0x0000000080600000, 0x0000000080600000|100%|HC|  |TAMS 0x0000000080600000, 0x0000000080500000| Complete 
|   6|0x0000000080600000, 0x0000000080700000, 0x0000000080700000|100%| O|  |TAMS 0x0000000080700000, 0x0000000080600000| Untracked 
|   7|0x0000000080700000, 0x0000000080800000, 0x0000000080800000|100%| O|  |TAMS 0x0000000080800000, 0x0000000080700000| Untracked 
|   8|0x0000000080800000, 0x0000000080900000, 0x0000000080900000|100%| O|  |TAMS 0x0000000080900000, 0x0000000080800000| Untracked 
|   9|0x0000000080900000, 0x0000000080a00000, 0x0000000080a00000|100%| O|  |TAMS 0x0000000080a00000, 0x0000000080900000| Untracked 
|  10|0x0000000080a00000, 0x0000000080b00000, 0x0000000080b00000|100%| O|  |TAMS 0x0000000080b00000, 0x0000000080a00000| Untracked 
|  11|0x0000000080b00000, 0x0000000080c00000, 0x0000000080c00000|100%| O|  |TAMS 0x0000000080c00000, 0x0000000080b00000| Untracked 
|  12|0x0000000080c00000, 0x0000000080d00000, 0x0000000080d00000|100%| O|  |TAMS 0x0000000080d00000, 0x0000000080c00000| Untracked 
|  13|0x0000000080d00000, 0x0000000080e00000, 0x0000000080e00000|100%| O|  |TAMS 0x0000000080e00000, 0x0000000080d00000| Untracked 
|  14|0x0000000080e00000, 0x0000000080f00000, 0x0000000080f00000|100%| O|  |TAMS 0x0000000080f00000, 0x0000000080e00000| Untracked 
|  15|0x0000000080f00000, 0x0000000081000000, 0x0000000081000000|100%| O|  |TAMS 0x0000000081000000, 0x0000000080f00000| Untracked 
|  16|0x0000000081000000, 0x0000000081100000, 0x0000000081100000|100%| O|  |TAMS 0x0000000081100000, 0x0000000081000000| Untracked 
|  17|0x0000000081100000, 0x0000000081200000, 0x0000000081200000|100%| O|  |TAMS 0x0000000081200000, 0x0000000081100000| Untracked 
|  18|0x0000000081200000, 0x0000000081215c00, 0x0000000081300000|  8%| O|  |TAMS 0x0000000081215c00, 0x0000000081200000| Untracked 
|  19|0x0000000081300000, 0x0000000081400000, 0x0000000081400000|100%|HS|  |TAMS 0x0000000081300000, 0x0000000081300000| Complete 
|  20|0x0000000081400000, 0x0000000081500000, 0x0000000081500000|100%|HS|  |TAMS 0x0000000081400000, 0x0000000081400000| Complete 
|  21|0x0000000081500000, 0x0000000081600000, 0x0000000081600000|100%|HC|  |TAMS 0x0000000081500000, 0x0000000081500000| Complete 
|  22|0x0000000081600000, 0x0000000081600000, 0x0000000081700000|  0%| F|  |TAMS 0x0000000081600000, 0x0000000081600000| Untracked 
|  23|0x0000000081700000, 0x0000000081700000, 0x0000000081800000|  0%| F|  |TAMS 0x0000000081700000, 0x0000000081700000| Untracked 
|  24|0x0000000081800000, 0x0000000081800000, 0x0000000081900000|  0%| F|  |TAMS 0x0000000081800000, 0x0000000081800000| Untracked 
|  25|0x0000000081900000, 0x0000000081900000, 0x0000000081a00000|  0%| F|  |TAMS 0x0000000081900000, 0x0000000081900000| Untracked 
|  26|0x0000000081a00000, 0x0000000081a00000, 0x0000000081b00000|  0%| F|  |TAMS 0x0000000081a00000, 0x0000000081a00000| Untracked 
|  27|0x0000000081b00000, 0x0000000081b00000, 0x0000000081c00000|  0%| F|  |TAMS 0x0000000081b00000, 0x0000000081b00000| Untracked 
|  28|0x0000000081c00000, 0x0000000081c00000, 0x0000000081d00000|  0%| F|  |TAMS 0x0000000081c00000, 0x0000000081c00000| Untracked 
|  29|0x0000000081d00000, 0x0000000081d00000, 0x0000000081e00000|  0%| F|  |TAMS 0x0000000081d00000, 0x0000000081d00000| Untracked 
|  30|0x0000000081e00000, 0x0000000081e00000, 0x0000000081f00000|  0%| F|  |TAMS 0x0000000081e00000, 0x0000000081e00000| Untracked 
|  31|0x0000000081f00000, 0x0000000081f00000, 0x0000000082000000|  0%| F|  |TAMS 0x0000000081f00000, 0x0000000081f00000| Untracked 
|  32|0x0000000082000000, 0x0000000082000000, 0x0000000082100000|  0%| F|  |TAMS 0x0000000082000000, 0x0000000082000000| Untracked 
|  33|0x0000000082100000, 0x0000000082100000, 0x0000000082200000|  0%| F|  |TAMS 0x0000000082100000, 0x0000000082100000| Untracked 
|  34|0x0000000082200000, 0x0000000082200000, 0x0000000082300000|  0%| F|  |TAMS 0x0000000082200000, 0x0000000082200000| Untracked 
|  35|0x0000000082300000, 0x0000000082300000, 0x0000000082400000|  0%| F|  |TAMS 0x0000000082300000, 0x0000000082300000| Untracked 
|  36|0x0000000082400000, 0x0000000082400000, 0x0000000082500000|  0%| F|  |TAMS 0x0000000082400000, 0x0000000082400000| Untracked 
|  37|0x0000000082500000, 0x0000000082500000, 0x0000000082600000|  0%| F|  |TAMS 0x0000000082500000, 0x0000000082500000| Untracked 
|  38|0x0000000082600000, 0x0000000082600000, 0x0000000082700000|  0%| F|  |TAMS 0x0000000082600000, 0x0000000082600000| Untracked 
|  39|0x0000000082700000, 0x0000000082700000, 0x0000000082800000|  0%| F|  |TAMS 0x0000000082700000, 0x0000000082700000| Untracked 
|  40|0x0000000082800000, 0x0000000082800000, 0x0000000082900000|  0%| F|  |TAMS 0x0000000082800000, 0x0000000082800000| Untracked 
|  41|0x0000000082900000, 0x0000000082900000, 0x0000000082a00000|  0%| F|  |TAMS 0x0000000082900000, 0x0000000082900000| Untracked 
|  42|0x0000000082a00000, 0x0000000082a00000, 0x0000000082b00000|  0%| F|  |TAMS 0x0000000082a00000, 0x0000000082a00000| Untracked 
|  43|0x0000000082b00000, 0x0000000082b00000, 0x0000000082c00000|  0%| F|  |TAMS 0x0000000082b00000, 0x0000000082b00000| Untracked 
|  44|0x0000000082c00000, 0x0000000082c00000, 0x0000000082d00000|  0%| F|  |TAMS 0x0000000082c00000, 0x0000000082c00000| Untracked 
|  45|0x0000000082d00000, 0x0000000082d00000, 0x0000000082e00000|  0%| F|  |TAMS 0x0000000082d00000, 0x0000000082d00000| Untracked 
|  46|0x0000000082e00000, 0x0000000082e00000, 0x0000000082f00000|  0%| F|  |TAMS 0x0000000082e00000, 0x0000000082e00000| Untracked 
|  47|0x0000000082f00000, 0x0000000082f00000, 0x0000000083000000|  0%| F|  |TAMS 0x0000000082f00000, 0x0000000082f00000| Untracked 
|  48|0x0000000083000000, 0x0000000083000000, 0x0000000083100000|  0%| F|  |TAMS 0x0000000083000000, 0x0000000083000000| Untracked 
|  49|0x0000000083100000, 0x0000000083100000, 0x0000000083200000|  0%| F|  |TAMS 0x0000000083100000, 0x0000000083100000| Untracked 
|  50|0x0000000083200000, 0x0000000083200000, 0x0000000083300000|  0%| F|  |TAMS 0x0000000083200000, 0x0000000083200000| Untracked 
|  51|0x0000000083300000, 0x0000000083300000, 0x0000000083400000|  0%| F|  |TAMS 0x0000000083300000, 0x0000000083300000| Untracked 
|  52|0x0000000083400000, 0x0000000083400000, 0x0000000083500000|  0%| F|  |TAMS 0x0000000083400000, 0x0000000083400000| Untracked 
|  53|0x0000000083500000, 0x0000000083500000, 0x0000000083600000|  0%| F|  |TAMS 0x0000000083500000, 0x0000000083500000| Untracked 
|  54|0x0000000083600000, 0x0000000083600000, 0x0000000083700000|  0%| F|  |TAMS 0x0000000083600000, 0x0000000083600000| Untracked 
|  55|0x0000000083700000, 0x0000000083700000, 0x0000000083800000|  0%| F|  |TAMS 0x0000000083700000, 0x0000000083700000| Untracked 
|  56|0x0000000083800000, 0x0000000083800000, 0x0000000083900000|  0%| F|  |TAMS 0x0000000083800000, 0x0000000083800000| Untracked 
|  57|0x0000000083900000, 0x0000000083900000, 0x0000000083a00000|  0%| F|  |TAMS 0x0000000083900000, 0x0000000083900000| Untracked 
|  58|0x0000000083a00000, 0x0000000083a00000, 0x0000000083b00000|  0%| F|  |TAMS 0x0000000083a00000, 0x0000000083a00000| Untracked 
|  59|0x0000000083b00000, 0x0000000083b00000, 0x0000000083c00000|  0%| F|  |TAMS 0x0000000083b00000, 0x0000000083b00000| Untracked 
|  60|0x0000000083c00000, 0x0000000083c00000, 0x0000000083d00000|  0%| F|  |TAMS 0x0000000083c00000, 0x0000000083c00000| Untracked 
|  61|0x0000000083d00000, 0x0000000083d00000, 0x0000000083e00000|  0%| F|  |TAMS 0x0000000083d00000, 0x0000000083d00000| Untracked 
|  62|0x0000000083e00000, 0x0000000083e00000, 0x0000000083f00000|  0%| F|  |TAMS 0x0000000083e00000, 0x0000000083e00000| Untracked 
|  63|0x0000000083f00000, 0x0000000083f00000, 0x0000000084000000|  0%| F|  |TAMS 0x0000000083f00000, 0x0000000083f00000| Untracked 
|  64|0x0000000084000000, 0x0000000084000000, 0x0000000084100000|  0%| F|  |TAMS 0x0000000084000000, 0x0000000084000000| Untracked 
|  65|0x0000000084100000, 0x0000000084100000, 0x0000000084200000|  0%| F|  |TAMS 0x0000000084100000, 0x0000000084100000| Untracked 
|  66|0x0000000084200000, 0x0000000084200000, 0x0000000084300000|  0%| F|  |TAMS 0x0000000084200000, 0x0000000084200000| Untracked 
|  67|0x0000000084300000, 0x0000000084300000, 0x0000000084400000|  0%| F|  |TAMS 0x0000000084300000, 0x0000000084300000| Untracked 
|  68|0x0000000084400000, 0x0000000084400000, 0x0000000084500000|  0%| F|  |TAMS 0x0000000084400000, 0x0000000084400000| Untracked 
|  69|0x0000000084500000, 0x0000000084500000, 0x0000000084600000|  0%| F|  |TAMS 0x0000000084500000, 0x0000000084500000| Untracked 
|  70|0x0000000084600000, 0x0000000084600000, 0x0000000084700000|  0%| F|  |TAMS 0x0000000084600000, 0x0000000084600000| Untracked 
|  71|0x0000000084700000, 0x0000000084700000, 0x0000000084800000|  0%| F|  |TAMS 0x0000000084700000, 0x0000000084700000| Untracked 
|  72|0x0000000084800000, 0x0000000084800000, 0x0000000084900000|  0%| F|  |TAMS 0x0000000084800000, 0x0000000084800000| Untracked 
|  73|0x0000000084900000, 0x0000000084900000, 0x0000000084a00000|  0%| F|  |TAMS 0x0000000084900000, 0x0000000084900000| Untracked 
|  74|0x0000000084a00000, 0x0000000084a00000, 0x0000000084b00000|  0%| F|  |TAMS 0x0000000084a00000, 0x0000000084a00000| Untracked 
|  75|0x0000000084b00000, 0x0000000084b00000, 0x0000000084c00000|  0%| F|  |TAMS 0x0000000084b00000, 0x0000000084b00000| Untracked 
|  76|0x0000000084c00000, 0x0000000084c00000, 0x0000000084d00000|  0%| F|  |TAMS 0x0000000084c00000, 0x0000000084c00000| Untracked 
|  77|0x0000000084d00000, 0x0000000084d00000, 0x0000000084e00000|  0%| F|  |TAMS 0x0000000084d00000, 0x0000000084d00000| Untracked 
|  78|0x0000000084e00000, 0x0000000084e00000, 0x0000000084f00000|  0%| F|  |TAMS 0x0000000084e00000, 0x0000000084e00000| Untracked 
|  79|0x0000000084f00000, 0x0000000084f00000, 0x0000000085000000|  0%| F|  |TAMS 0x0000000084f00000, 0x0000000084f00000| Untracked 
|  80|0x0000000085000000, 0x0000000085000000, 0x0000000085100000|  0%| F|  |TAMS 0x0000000085000000, 0x0000000085000000| Untracked 
|  81|0x0000000085100000, 0x0000000085100000, 0x0000000085200000|  0%| F|  |TAMS 0x0000000085100000, 0x0000000085100000| Untracked 
|  82|0x0000000085200000, 0x0000000085200000, 0x0000000085300000|  0%| F|  |TAMS 0x0000000085200000, 0x0000000085200000| Untracked 
|  83|0x0000000085300000, 0x0000000085300000, 0x0000000085400000|  0%| F|  |TAMS 0x0000000085300000, 0x0000000085300000| Untracked 
|  84|0x0000000085400000, 0x0000000085400000, 0x0000000085500000|  0%| F|  |TAMS 0x0000000085400000, 0x0000000085400000| Untracked 
|  85|0x0000000085500000, 0x0000000085500000, 0x0000000085600000|  0%| F|  |TAMS 0x0000000085500000, 0x0000000085500000| Untracked 
|  86|0x0000000085600000, 0x0000000085600000, 0x0000000085700000|  0%| F|  |TAMS 0x0000000085600000, 0x0000000085600000| Untracked 
|  87|0x0000000085700000, 0x0000000085700000, 0x0000000085800000|  0%| F|  |TAMS 0x0000000085700000, 0x0000000085700000| Untracked 
|  88|0x0000000085800000, 0x0000000085800000, 0x0000000085900000|  0%| F|  |TAMS 0x0000000085800000, 0x0000000085800000| Untracked 
|  89|0x0000000085900000, 0x0000000085900000, 0x0000000085a00000|  0%| F|  |TAMS 0x0000000085900000, 0x0000000085900000| Untracked 
|  90|0x0000000085a00000, 0x0000000085a00000, 0x0000000085b00000|  0%| F|  |TAMS 0x0000000085a00000, 0x0000000085a00000| Untracked 
|  91|0x0000000085b00000, 0x0000000085b00000, 0x0000000085c00000|  0%| F|  |TAMS 0x0000000085b00000, 0x0000000085b00000| Untracked 
|  92|0x0000000085c00000, 0x0000000085c00000, 0x0000000085d00000|  0%| F|  |TAMS 0x0000000085c00000, 0x0000000085c00000| Untracked 
|  93|0x0000000085d00000, 0x0000000085d00000, 0x0000000085e00000|  0%| F|  |TAMS 0x0000000085d00000, 0x0000000085d00000| Untracked 
|  94|0x0000000085e00000, 0x0000000085e00000, 0x0000000085f00000|  0%| F|  |TAMS 0x0000000085e00000, 0x0000000085e00000| Untracked 
|  95|0x0000000085f00000, 0x0000000085f00000, 0x0000000086000000|  0%| F|  |TAMS 0x0000000085f00000, 0x0000000085f00000| Untracked 
|  96|0x0000000086000000, 0x0000000086000000, 0x0000000086100000|  0%| F|  |TAMS 0x0000000086000000, 0x0000000086000000| Untracked 
|  97|0x0000000086100000, 0x0000000086100000, 0x0000000086200000|  0%| F|  |TAMS 0x0000000086100000, 0x0000000086100000| Untracked 
|  98|0x0000000086200000, 0x0000000086200000, 0x0000000086300000|  0%| F|  |TAMS 0x0000000086200000, 0x0000000086200000| Untracked 
|  99|0x0000000086300000, 0x0000000086300000, 0x0000000086400000|  0%| F|  |TAMS 0x0000000086300000, 0x0000000086300000| Untracked 
| 100|0x0000000086400000, 0x0000000086400000, 0x0000000086500000|  0%| F|  |TAMS 0x0000000086400000, 0x0000000086400000| Untracked 
| 101|0x0000000086500000, 0x0000000086500000, 0x0000000086600000|  0%| F|  |TAMS 0x0000000086500000, 0x0000000086500000| Untracked 
| 102|0x0000000086600000, 0x0000000086700000, 0x0000000086700000|100%| E|  |TAMS 0x0000000086600000, 0x0000000086600000| Complete 
| 103|0x0000000086700000, 0x0000000086800000, 0x0000000086800000|100%| E|CS|TAMS 0x0000000086700000, 0x0000000086700000| Complete 
| 104|0x0000000086800000, 0x0000000086900000, 0x0000000086900000|100%| E|CS|TAMS 0x0000000086800000, 0x0000000086800000| Complete 
| 105|0x0000000086900000, 0x0000000086a00000, 0x0000000086a00000|100%| E|CS|TAMS 0x0000000086900000, 0x0000000086900000| Complete 
| 106|0x0000000086a00000, 0x0000000086b00000, 0x0000000086b00000|100%| E|CS|TAMS 0x0000000086a00000, 0x0000000086a00000| Complete 
| 107|0x0000000086b00000, 0x0000000086c00000, 0x0000000086c00000|100%| E|CS|TAMS 0x0000000086b00000, 0x0000000086b00000| Complete 
| 108|0x0000000086c00000, 0x0000000086d00000, 0x0000000086d00000|100%| E|CS|TAMS 0x0000000086c00000, 0x0000000086c00000| Complete 
| 109|0x0000000086d00000, 0x0000000086e00000, 0x0000000086e00000|100%| E|CS|TAMS 0x0000000086d00000, 0x0000000086d00000| Complete 
| 110|0x0000000086e00000, 0x0000000086f00000, 0x0000000086f00000|100%| E|CS|TAMS 0x0000000086e00000, 0x0000000086e00000| Complete 
| 111|0x0000000086f00000, 0x0000000087000000, 0x0000000087000000|100%| E|CS|TAMS 0x0000000086f00000, 0x0000000086f00000| Complete 
| 112|0x0000000087000000, 0x0000000087100000, 0x0000000087100000|100%| E|CS|TAMS 0x0000000087000000, 0x0000000087000000| Complete 
| 113|0x0000000087100000, 0x0000000087200000, 0x0000000087200000|100%| E|CS|TAMS 0x0000000087100000, 0x0000000087100000| Complete 
| 114|0x0000000087200000, 0x0000000087300000, 0x0000000087300000|100%| E|CS|TAMS 0x0000000087200000, 0x0000000087200000| Complete 
| 115|0x0000000087300000, 0x0000000087400000, 0x0000000087400000|100%| E|CS|TAMS 0x0000000087300000, 0x0000000087300000| Complete 
| 116|0x0000000087400000, 0x0000000087500000, 0x0000000087500000|100%| E|CS|TAMS 0x0000000087400000, 0x0000000087400000| Complete 
| 117|0x0000000087500000, 0x0000000087600000, 0x0000000087600000|100%| E|CS|TAMS 0x0000000087500000, 0x0000000087500000| Complete 
| 118|0x0000000087600000, 0x0000000087700000, 0x0000000087700000|100%| E|CS|TAMS 0x0000000087600000, 0x0000000087600000| Complete 
| 119|0x0000000087700000, 0x0000000087800000, 0x0000000087800000|100%| E|CS|TAMS 0x0000000087700000, 0x0000000087700000| Complete 
| 120|0x0000000087800000, 0x0000000087900000, 0x0000000087900000|100%| E|CS|TAMS 0x0000000087800000, 0x0000000087800000| Complete 
| 121|0x0000000087900000, 0x0000000087a00000, 0x0000000087a00000|100%| E|CS|TAMS 0x0000000087900000, 0x0000000087900000| Complete 
| 122|0x0000000087a00000, 0x0000000087b00000, 0x0000000087b00000|100%| E|CS|TAMS 0x0000000087a00000, 0x0000000087a00000| Complete 
| 123|0x0000000087b00000, 0x0000000087c00000, 0x0000000087c00000|100%| E|CS|TAMS 0x0000000087b00000, 0x0000000087b00000| Complete 
| 124|0x0000000087c00000, 0x0000000087d00000, 0x0000000087d00000|100%| E|CS|TAMS 0x0000000087c00000, 0x0000000087c00000| Complete 
| 125|0x0000000087d00000, 0x0000000087e00000, 0x0000000087e00000|100%| E|CS|TAMS 0x0000000087d00000, 0x0000000087d00000| Complete 
| 126|0x0000000087e00000, 0x0000000087f00000, 0x0000000087f00000|100%| E|CS|TAMS 0x0000000087e00000, 0x0000000087e00000| Complete 
| 127|0x0000000087f00000, 0x0000000088000000, 0x0000000088000000|100%| E|CS|TAMS 0x0000000087f00000, 0x0000000087f00000| Complete 
| 128|0x0000000088000000, 0x0000000088100000, 0x0000000088100000|100%| E|CS|TAMS 0x0000000088000000, 0x0000000088000000| Complete 
| 129|0x0000000088100000, 0x0000000088200000, 0x0000000088200000|100%| E|CS|TAMS 0x0000000088100000, 0x0000000088100000| Complete 
| 130|0x0000000088200000, 0x0000000088300000, 0x0000000088300000|100%| E|CS|TAMS 0x0000000088200000, 0x0000000088200000| Complete 
| 131|0x0000000088300000, 0x0000000088400000, 0x0000000088400000|100%| E|CS|TAMS 0x0000000088300000, 0x0000000088300000| Complete 
| 132|0x0000000088400000, 0x0000000088500000, 0x0000000088500000|100%| E|CS|TAMS 0x0000000088400000, 0x0000000088400000| Complete 
| 133|0x0000000088500000, 0x0000000088600000, 0x0000000088600000|100%| E|CS|TAMS 0x0000000088500000, 0x0000000088500000| Complete 
| 134|0x0000000088600000, 0x0000000088700000, 0x0000000088700000|100%| E|CS|TAMS 0x0000000088600000, 0x0000000088600000| Complete 
| 135|0x0000000088700000, 0x0000000088800000, 0x0000000088800000|100%| E|CS|TAMS 0x0000000088700000, 0x0000000088700000| Complete 
| 136|0x0000000088800000, 0x0000000088900000, 0x0000000088900000|100%| E|CS|TAMS 0x0000000088800000, 0x0000000088800000| Complete 
| 137|0x0000000088900000, 0x0000000088a00000, 0x0000000088a00000|100%| E|CS|TAMS 0x0000000088900000, 0x0000000088900000| Complete 
| 138|0x0000000088a00000, 0x0000000088b00000, 0x0000000088b00000|100%| E|CS|TAMS 0x0000000088a00000, 0x0000000088a00000| Complete 
| 139|0x0000000088b00000, 0x0000000088c00000, 0x0000000088c00000|100%| E|CS|TAMS 0x0000000088b00000, 0x0000000088b00000| Complete 
| 140|0x0000000088c00000, 0x0000000088d00000, 0x0000000088d00000|100%| E|CS|TAMS 0x0000000088c00000, 0x0000000088c00000| Complete 
| 141|0x0000000088d00000, 0x0000000088e00000, 0x0000000088e00000|100%| E|CS|TAMS 0x0000000088d00000, 0x0000000088d00000| Complete 
| 142|0x0000000088e00000, 0x0000000088f00000, 0x0000000088f00000|100%| E|CS|TAMS 0x0000000088e00000, 0x0000000088e00000| Complete 
| 143|0x0000000088f00000, 0x0000000088f320e0, 0x0000000089000000| 19%| S|CS|TAMS 0x0000000088f00000, 0x0000000088f00000| Complete 
| 144|0x0000000089000000, 0x0000000089100000, 0x0000000089100000|100%| S|CS|TAMS 0x0000000089000000, 0x0000000089000000| Complete 
| 145|0x0000000089100000, 0x0000000089200000, 0x0000000089200000|100%| S|CS|TAMS 0x0000000089100000, 0x0000000089100000| Complete 
| 146|0x0000000089200000, 0x0000000089300000, 0x0000000089300000|100%| S|CS|TAMS 0x0000000089200000, 0x0000000089200000| Complete 
| 147|0x0000000089300000, 0x0000000089400000, 0x0000000089400000|100%| S|CS|TAMS 0x0000000089300000, 0x0000000089300000| Complete 
| 148|0x0000000089400000, 0x0000000089500000, 0x0000000089500000|100%| E|CS|TAMS 0x0000000089400000, 0x0000000089400000| Complete 
| 149|0x0000000089500000, 0x0000000089600000, 0x0000000089600000|100%| E|CS|TAMS 0x0000000089500000, 0x0000000089500000| Complete 
| 150|0x0000000089600000, 0x0000000089700000, 0x0000000089700000|100%| E|CS|TAMS 0x0000000089600000, 0x0000000089600000| Complete 
| 151|0x0000000089700000, 0x0000000089800000, 0x0000000089800000|100%| E|  |TAMS 0x0000000089700000, 0x0000000089700000| Complete 
| 152|0x0000000089800000, 0x0000000089900000, 0x0000000089900000|100%| E|CS|TAMS 0x0000000089800000, 0x0000000089800000| Complete 
| 153|0x0000000089900000, 0x0000000089a00000, 0x0000000089a00000|100%| E|CS|TAMS 0x0000000089900000, 0x0000000089900000| Complete 

Card table byte_map: [0x00000275fe8a0000,0x00000275feca0000] _byte_map_base: 0x00000275fe4a0000

Marking Bits (Prev, Next): (CMBitMap*) 0x00000275eb3bdf88, (CMBitMap*) 0x00000275eb3bdfc0
 Prev Bits: [0x0000027580000000, 0x0000027582000000)
 Next Bits: [0x0000027582000000, 0x0000027584000000)

Polling page: 0x00000275e9b20000

Metaspace:

Usage:
  Non-class:     33.60 MB capacity,    33.06 MB ( 98%) used,   460.49 KB (  1%) free+waste,    89.31 KB ( <1%) overhead. 
      Class:      5.19 MB capacity,     4.83 MB ( 93%) used,   321.67 KB (  6%) free+waste,    43.00 KB ( <1%) overhead. 
       Both:     38.79 MB capacity,    37.90 MB ( 98%) used,   782.16 KB (  2%) free+waste,   132.31 KB ( <1%) overhead. 

Virtual space:
  Non-class space:       34.00 MB reserved,      33.90 MB (>99%) committed 
      Class space:        1.00 GB reserved,       5.25 MB ( <1%) committed 
             Both:        1.03 GB reserved,      39.15 MB (  4%) committed 

Chunk freelists:
   Non-Class:  55.00 KB
       Class:  0 bytes
        Both:  55.00 KB

MaxMetaspaceSize: 17179869184.00 GB
CompressedClassSpaceSize: 1.00 GB

CodeHeap 'non-profiled nmethods': size=120064Kb used=1641Kb max_used=1641Kb free=118422Kb
 bounds [0x00000275f6940000, 0x00000275f6bb0000, 0x00000275fde80000]
CodeHeap 'profiled nmethods': size=120000Kb used=7173Kb max_used=7173Kb free=112826Kb
 bounds [0x00000275ef410000, 0x00000275efb20000, 0x00000275f6940000]
CodeHeap 'non-nmethods': size=5696Kb used=2200Kb max_used=2200Kb free=3495Kb
 bounds [0x00000275eee80000, 0x00000275ef0f0000, 0x00000275ef410000]
 total_blobs=4146 nmethods=3384 adapters=673
 compilation: enabled
              stopped_count=0, restarted_count=0
 full_count=0

Compilation events (20 events):
Event: 4.604 Thread 0x00000275ff6bc000 3383       3       java.lang.invoke.StringConcatFactory$MethodHandleInlineCopyStrategy::newArray (16 bytes)
Event: 4.604 Thread 0x00000275ff6bc000 nmethod 3383 0x00000275efb05e90 code [0x00000275efb06060, 0x00000275efb06268]
Event: 4.604 Thread 0x00000275ff6bc000 3384       3       jdk.internal.misc.Unsafe::allocateUninitializedArray0 (90 bytes)
Event: 4.604 Thread 0x00000275ff6bc000 nmethod 3384 0x00000275efb06310 code [0x00000275efb06500, 0x00000275efb06d58]
Event: 4.604 Thread 0x00000275ff6bc000 3385       3       java.lang.invoke.DirectMethodHandle$Holder::invokeStatic (18 bytes)
Event: 4.605 Thread 0x00000275ff6bc000 nmethod 3385 0x00000275efb06e90 code [0x00000275efb07060, 0x00000275efb07558]
Event: 4.605 Thread 0x00000275ff6bc000 3386       3       java.lang.StringConcatHelper::newString (46 bytes)
Event: 4.605 Thread 0x00000275ff6bc000 nmethod 3386 0x00000275efb07690 code [0x00000275efb07920, 0x00000275efb083a8]
Event: 4.607 Thread 0x00000275ff6bc000 3387       3       java.util.Arrays::sort (24 bytes)
Event: 4.607 Thread 0x00000275ff6bc000 nmethod 3387 0x00000275efb08790 code [0x00000275efb08940, 0x00000275efb08a88]
Event: 4.610 Thread 0x00000275ff6bc000 3388  s    3       java.beans.MethodDescriptor::setParams (74 bytes)
Event: 4.611 Thread 0x00000275ff6bc000 nmethod 3388 0x00000275efb08b90 code [0x00000275efb08de0, 0x00000275efb09a48]
Event: 4.611 Thread 0x00000275ff6bc000 3390       3       org.codehaus.groovy.util.ComplexKeyHashMap$1::nextEntry (69 bytes)
Event: 4.611 Thread 0x00000275ff6bc000 nmethod 3390 0x00000275efb09d90 code [0x00000275efb09f80, 0x00000275efb0a308]
Event: 4.611 Thread 0x00000275ff6bc000 3389       3       java.beans.Introspector::addPropertyDescriptor (265 bytes)
Event: 4.615 Thread 0x00000275ff6bc000 nmethod 3389 0x00000275efb0a510 code [0x00000275efb0aba0, 0x00000275efb0f5b8]
Event: 4.615 Thread 0x00000275ff6bc000 3391       3       java.nio.ByteBuffer::wrap (8 bytes)
Event: 4.615 Thread 0x00000275ff6bc000 nmethod 3391 0x00000275efb10890 code [0x00000275efb10a80, 0x00000275efb10df8]
Event: 4.615 Thread 0x00000275ff6bc000 3392       1       java.util.stream.Node::getChildCount (2 bytes)
Event: 4.615 Thread 0x00000275ff6bc000 nmethod 3392 0x00000275f6ada010 code [0x00000275f6ada1c0, 0x00000275f6ada278]

GC Heap History (16 events):
Event: 0.615 GC heap before
{Heap before GC invocations=0 (full 0):
 garbage-first heap   total 131072K, used 19456K [0x0000000080000000, 0x0000000100000000)
  region size 1024K, 14 young (14336K), 0 survivors (0K)
 Metaspace       used 6759K, capacity 6937K, committed 7168K, reserved 1056768K
  class space    used 584K, capacity 650K, committed 768K, reserved 1048576K
}
Event: 0.619 GC heap after
{Heap after GC invocations=1 (full 0):
 garbage-first heap   total 131072K, used 8074K [0x0000000080000000, 0x0000000100000000)
  region size 1024K, 2 young (2048K), 2 survivors (2048K)
 Metaspace       used 6759K, capacity 6937K, committed 7168K, reserved 1056768K
  class space    used 584K, capacity 650K, committed 768K, reserved 1048576K
}
Event: 0.895 GC heap before
{Heap before GC invocations=1 (full 0):
 garbage-first heap   total 131072K, used 19338K [0x0000000080000000, 0x0000000100000000)
  region size 1024K, 13 young (13312K), 2 survivors (2048K)
 Metaspace       used 10286K, capacity 10565K, committed 10624K, reserved 1058816K
  class space    used 1073K, capacity 1139K, committed 1152K, reserved 1048576K
}
Event: 0.900 GC heap after
{Heap after GC invocations=2 (full 0):
 garbage-first heap   total 131072K, used 9499K [0x0000000080000000, 0x0000000100000000)
  region size 1024K, 2 young (2048K), 2 survivors (2048K)
 Metaspace       used 10286K, capacity 10565K, committed 10624K, reserved 1058816K
  class space    used 1073K, capacity 1139K, committed 1152K, reserved 1048576K
}
Event: 1.256 GC heap before
{Heap before GC invocations=2 (full 0):
 garbage-first heap   total 131072K, used 39195K [0x0000000080000000, 0x0000000100000000)
  region size 1024K, 31 young (31744K), 2 survivors (2048K)
 Metaspace       used 11260K, capacity 11520K, committed 11776K, reserved 1060864K
  class space    used 1175K, capacity 1244K, committed 1280K, reserved 1048576K
}
Event: 1.258 GC heap after
{Heap after GC invocations=3 (full 0):
 garbage-first heap   total 131072K, used 12224K [0x0000000080000000, 0x0000000100000000)
  region size 1024K, 3 young (3072K), 3 survivors (3072K)
 Metaspace       used 11260K, capacity 11520K, committed 11776K, reserved 1060864K
  class space    used 1175K, capacity 1244K, committed 1280K, reserved 1048576K
}
Event: 2.148 GC heap before
{Heap before GC invocations=3 (full 0):
 garbage-first heap   total 131072K, used 72640K [0x0000000080000000, 0x0000000100000000)
  region size 1024K, 62 young (63488K), 3 survivors (3072K)
 Metaspace       used 19664K, capacity 20087K, committed 20224K, reserved 1067008K
  class space    used 2406K, capacity 2550K, committed 2560K, reserved 1048576K
}
Event: 2.156 GC heap after
{Heap after GC invocations=4 (full 0):
 garbage-first heap   total 131072K, used 16754K [0x0000000080000000, 0x0000000100000000)
  region size 1024K, 8 young (8192K), 8 survivors (8192K)
 Metaspace       used 19664K, capacity 20087K, committed 20224K, reserved 1067008K
  class space    used 2406K, capacity 2550K, committed 2560K, reserved 1048576K
}
Event: 2.242 GC heap before
{Heap before GC invocations=4 (full 0):
 garbage-first heap   total 131072K, used 22898K [0x0000000080000000, 0x0000000100000000)
  region size 1024K, 15 young (15360K), 8 survivors (8192K)
 Metaspace       used 20695K, capacity 21116K, committed 21296K, reserved 1069056K
  class space    used 2533K, capacity 2660K, committed 2688K, reserved 1048576K
}
Event: 2.249 GC heap after
{Heap after GC invocations=5 (full 0):
 garbage-first heap   total 131072K, used 17105K [0x0000000080000000, 0x0000000100000000)
  region size 1024K, 1 young (1024K), 1 survivors (1024K)
 Metaspace       used 20695K, capacity 21116K, committed 21296K, reserved 1069056K
  class space    used 2533K, capacity 2660K, committed 2688K, reserved 1048576K
}
Event: 2.994 GC heap before
{Heap before GC invocations=6 (full 0):
 garbage-first heap   total 131072K, used 62161K [0x0000000080000000, 0x0000000100000000)
  region size 1024K, 45 young (46080K), 1 survivors (1024K)
 Metaspace       used 25266K, capacity 25882K, committed 26112K, reserved 1071104K
  class space    used 3269K, capacity 3467K, committed 3584K, reserved 1048576K
}
Event: 2.998 GC heap after
{Heap after GC invocations=7 (full 0):
 garbage-first heap   total 157696K, used 18651K [0x0000000080000000, 0x0000000100000000)
  region size 1024K, 3 young (3072K), 3 survivors (3072K)
 Metaspace       used 25266K, capacity 25882K, committed 26112K, reserved 1071104K
  class space    used 3269K, capacity 3467K, committed 3584K, reserved 1048576K
}
Event: 3.966 GC heap before
{Heap before GC invocations=7 (full 0):
 garbage-first heap   total 157696K, used 79067K [0x0000000080000000, 0x0000000100000000)
  region size 1024K, 62 young (63488K), 3 survivors (3072K)
 Metaspace       used 32887K, capacity 33649K, committed 33792K, reserved 1079296K
  class space    used 4287K, capacity 4571K, committed 4608K, reserved 1048576K
}
Event: 3.972 GC heap after
{Heap after GC invocations=8 (full 0):
 garbage-first heap   total 157696K, used 21457K [0x0000000080000000, 0x0000000100000000)
  region size 1024K, 5 young (5120K), 5 survivors (5120K)
 Metaspace       used 32887K, capacity 33649K, committed 33792K, reserved 1079296K
  class space    used 4287K, capacity 4571K, committed 4608K, reserved 1048576K
}
Event: 4.159 GC heap before
{Heap before GC invocations=8 (full 0):
 garbage-first heap   total 157696K, used 26577K [0x0000000080000000, 0x0000000100000000)
  region size 1024K, 11 young (11264K), 5 survivors (5120K)
 Metaspace       used 35111K, capacity 35922K, committed 36048K, reserved 1081344K
  class space    used 4556K, capacity 4863K, committed 4864K, reserved 1048576K
}
Event: 4.167 GC heap after
{Heap after GC invocations=9 (full 0):
 garbage-first heap   total 157696K, used 22815K [0x0000000080000000, 0x0000000100000000)
  region size 1024K, 5 young (5120K), 5 survivors (5120K)
 Metaspace       used 35111K, capacity 35922K, committed 36048K, reserved 1081344K
  class space    used 4556K, capacity 4863K, committed 4864K, reserved 1048576K
}

Deoptimization events (20 events):
Event: 4.494 Thread 0x00000275888c6800 Uncommon trap: trap_request=0xffffffde fr.pc=0x00000275f6ac8090 relative=0x0000000000000470
Event: 4.494 Thread 0x00000275888c6800 Uncommon trap: reason=class_check action=maybe_recompile pc=0x00000275f6ac8090 method=java.util.regex.Pattern$Start.match(Ljava/util/regex/Matcher;ILjava/lang/CharSequence;)Z @ 44 c2
Event: 4.494 Thread 0x00000275888c6800 DEOPT PACKING pc=0x00000275f6ac8090 sp=0x000000e1405f6fb0
Event: 4.494 Thread 0x00000275888c6800 DEOPT UNPACKING pc=0x00000275eeea662f sp=0x000000e1405f6e78 mode 2
Event: 4.516 Thread 0x00000275888c6800 Uncommon trap: trap_request=0xffffffde fr.pc=0x00000275f6ac8090 relative=0x0000000000000470
Event: 4.516 Thread 0x00000275888c6800 Uncommon trap: reason=class_check action=maybe_recompile pc=0x00000275f6ac8090 method=java.util.regex.Pattern$Start.match(Ljava/util/regex/Matcher;ILjava/lang/CharSequence;)Z @ 44 c2
Event: 4.516 Thread 0x00000275888c6800 DEOPT PACKING pc=0x00000275f6ac8090 sp=0x000000e1405f76f0
Event: 4.516 Thread 0x00000275888c6800 DEOPT UNPACKING pc=0x00000275eeea662f sp=0x000000e1405f75b8 mode 2
Event: 4.516 Thread 0x00000275888c6800 Uncommon trap: trap_request=0xffffffde fr.pc=0x00000275f6ac8090 relative=0x0000000000000470
Event: 4.516 Thread 0x00000275888c6800 Uncommon trap: reason=class_check action=maybe_recompile pc=0x00000275f6ac8090 method=java.util.regex.Pattern$Start.match(Ljava/util/regex/Matcher;ILjava/lang/CharSequence;)Z @ 44 c2
Event: 4.516 Thread 0x00000275888c6800 DEOPT PACKING pc=0x00000275f6ac8090 sp=0x000000e1405f76f0
Event: 4.516 Thread 0x00000275888c6800 DEOPT UNPACKING pc=0x00000275eeea662f sp=0x000000e1405f75b8 mode 2
Event: 4.516 Thread 0x00000275888c6800 Uncommon trap: trap_request=0xffffffde fr.pc=0x00000275f6abbe4c relative=0x000000000000044c
Event: 4.516 Thread 0x00000275888c6800 Uncommon trap: reason=class_check action=maybe_recompile pc=0x00000275f6abbe4c method=java.util.regex.Pattern$Start.match(Ljava/util/regex/Matcher;ILjava/lang/CharSequence;)Z @ 44 c2
Event: 4.516 Thread 0x00000275888c6800 DEOPT PACKING pc=0x00000275f6abbe4c sp=0x000000e1405f7670
Event: 4.516 Thread 0x00000275888c6800 DEOPT UNPACKING pc=0x00000275eeea662f sp=0x000000e1405f75b0 mode 2
Event: 4.606 Thread 0x000002758711c000 Uncommon trap: trap_request=0xffffffde fr.pc=0x00000275f6abea2c relative=0x000000000000052c
Event: 4.606 Thread 0x000002758711c000 Uncommon trap: reason=class_check action=maybe_recompile pc=0x00000275f6abea2c method=java.util.stream.ReferencePipeline.forEachWithCancel(Ljava/util/Spliterator;Ljava/util/stream/Sink;)Z @ 1 c2
Event: 4.606 Thread 0x000002758711c000 DEOPT PACKING pc=0x00000275f6abea2c sp=0x000000e13fffe8d0
Event: 4.606 Thread 0x000002758711c000 DEOPT UNPACKING pc=0x00000275eeea662f sp=0x000000e13fffe870 mode 2

Classes redefined (0 events):
No events

Internal exceptions (20 events):
Event: 4.493 Thread 0x00000275888c6800 Exception <a 'java/lang/ClassNotFoundException'{0x00000000874ca360}: org/gradle/groovy/scripts/DefaultScriptCustomizer> (0x00000000874ca360) thrown at [./src/hotspot/share/classfile/systemDictionary.cpp, line 231]
Event: 4.496 Thread 0x00000275888c6800 Exception <a 'java/lang/ClassNotFoundException'{0x0000000087318dd8}: org/gradle/plugin/use/internal/PluginsAwareScriptCustomizer> (0x0000000087318dd8) thrown at [./src/hotspot/share/classfile/systemDictionary.cpp, line 231]
Event: 4.497 Thread 0x00000275888c6800 Exception <a 'java/lang/ClassNotFoundException'{0x0000000087336568}: org/gradle/initialization/SettingsScriptCustomizer> (0x0000000087336568) thrown at [./src/hotspot/share/classfile/systemDictionary.cpp, line 231]
Event: 4.497 Thread 0x00000275888c6800 Exception <a 'java/lang/ClassNotFoundException'{0x00000000873493f8}: settings_2aqwt3rjqd6vgu3i4pvn0sh6dCustomizer> (0x00000000873493f8) thrown at [./src/hotspot/share/classfile/systemDictionary.cpp, line 231]
Event: 4.513 Thread 0x00000275888c6800 Exception <a 'java/lang/ClassNotFoundException'{0x0000000087250328}: groovy/lang/Closure$1BeanInfo> (0x0000000087250328) thrown at [./src/hotspot/share/classfile/systemDictionary.cpp, line 231]
Event: 4.514 Thread 0x00000275888c6800 Exception <a 'java/lang/ClassNotFoundException'{0x0000000087282ae8}: groovy/lang/ClosureBeanInfo> (0x0000000087282ae8) thrown at [./src/hotspot/share/classfile/systemDictionary.cpp, line 231]
Event: 4.515 Thread 0x00000275888c6800 Exception <a 'java/lang/ClassNotFoundException'{0x00000000872b5318}: groovy/lang/ClosureCustomizer> (0x00000000872b5318) thrown at [./src/hotspot/share/classfile/systemDictionary.cpp, line 231]
Event: 4.519 Thread 0x00000275888c6800 Exception <a 'java/lang/ClassNotFoundException'{0x000000008710ad28}: groovy/lang/Closure$1Customizer> (0x000000008710ad28) thrown at [./src/hotspot/share/classfile/systemDictionary.cpp, line 231]
Event: 4.564 Thread 0x00000275888c6800 Exception <a 'java/lang/ClassNotFoundException'{0x0000000086f5e098}: org/gradle/initialization/DefaultSettings_DecoratedBeanInfo> (0x0000000086f5e098) thrown at [./src/hotspot/share/classfile/systemDictionary.cpp, line 231]
Event: 4.565 Thread 0x00000275888c6800 Exception <a 'java/lang/ClassNotFoundException'{0x0000000086f80848}: org/gradle/initialization/DefaultSettingsBeanInfo> (0x0000000086f80848) thrown at [./src/hotspot/share/classfile/systemDictionary.cpp, line 231]
Event: 4.565 Thread 0x00000275888c6800 Exception <a 'java/lang/ClassNotFoundException'{0x0000000086fa6710}: org/gradle/api/internal/project/AbstractPluginAwareBeanInfo> (0x0000000086fa6710) thrown at [./src/hotspot/share/classfile/systemDictionary.cpp, line 231]
Event: 4.565 Thread 0x00000275888c6800 Exception <a 'java/lang/ClassNotFoundException'{0x0000000086fcc780}: org/gradle/api/internal/project/AbstractPluginAwareCustomizer> (0x0000000086fcc780) thrown at [./src/hotspot/share/classfile/systemDictionary.cpp, line 231]
Event: 4.566 Thread 0x00000275888c6800 Exception <a 'java/lang/ClassNotFoundException'{0x0000000086ff6870}: org/gradle/initialization/DefaultSettingsCustomizer> (0x0000000086ff6870) thrown at [./src/hotspot/share/classfile/systemDictionary.cpp, line 231]
Event: 4.569 Thread 0x00000275888c6800 Exception <a 'java/lang/ClassNotFoundException'{0x0000000086e4a9f8}: org/gradle/initialization/DefaultSettings_DecoratedCustomizer> (0x0000000086e4a9f8) thrown at [./src/hotspot/share/classfile/systemDictionary.cpp, line 231]
Event: 4.596 Thread 0x00000275888c6800 Exception <a 'java/lang/ClassNotFoundException'{0x0000000086c26518}: org/gradle/internal/metaobject/ConfigureDelegateBeanInfo> (0x0000000086c26518) thrown at [./src/hotspot/share/classfile/systemDictionary.cpp, line 231]
Event: 4.597 Thread 0x00000275888c6800 Exception <a 'java/lang/ClassNotFoundException'{0x0000000086c52018}: org/gradle/internal/metaobject/ConfigureDelegateCustomizer> (0x0000000086c52018) thrown at [./src/hotspot/share/classfile/systemDictionary.cpp, line 231]
Event: 4.606 Thread 0x00000275888c6800 Exception <a 'java/lang/ClassNotFoundException'{0x0000000086cdf048}: org/gradle/plugin/management/internal/DefaultPluginManagementSpec_DecoratedBeanInfo> (0x0000000086cdf048) thrown at [./src/hotspot/share/classfile/systemDictionary.cpp, line 231]
Event: 4.607 Thread 0x00000275888c6800 Exception <a 'java/lang/ClassNotFoundException'{0x0000000086b30198}: org/gradle/plugin/management/internal/DefaultPluginManagementSpecBeanInfo> (0x0000000086b30198) thrown at [./src/hotspot/share/classfile/systemDictionary.cpp, line 231]
Event: 4.608 Thread 0x00000275888c6800 Exception <a 'java/lang/ClassNotFoundException'{0x0000000086b695a0}: org/gradle/plugin/management/internal/DefaultPluginManagementSpecCustomizer> (0x0000000086b695a0) thrown at [./src/hotspot/share/classfile/systemDictionary.cpp, line 231]
Event: 4.610 Thread 0x00000275888c6800 Exception <a 'java/lang/ClassNotFoundException'{0x0000000086bb5e28}: org/gradle/plugin/management/internal/DefaultPluginManagementSpec_DecoratedCustomizer> (0x0000000086bb5e28) thrown at [./src/hotspot/share/classfile/systemDictionary.cpp, line 231]

Events (20 events):
Event: 4.607 loading class org/gradle/plugin/management/internal/DefaultPluginManagementSpecCustomizer
Event: 4.607 loading class org/gradle/plugin/management/internal/DefaultPluginManagementSpecCustomizer done
Event: 4.608 loading class org/gradle/plugin/management/internal/DefaultPluginManagementSpecCustomizer
Event: 4.608 loading class org/gradle/plugin/management/internal/DefaultPluginManagementSpecCustomizer done
Event: 4.608 loading class org/gradle/plugin/management/internal/DefaultPluginManagementSpecCustomizer
Event: 4.608 loading class org/gradle/plugin/management/internal/DefaultPluginManagementSpecCustomizer done
Event: 4.608 loading class org/gradle/plugin/management/internal/DefaultPluginManagementSpecCustomizer
Event: 4.608 loading class org/gradle/plugin/management/internal/DefaultPluginManagementSpecCustomizer done
Event: 4.608 loading class org/gradle/api/initialization/ConfigurableIncludedPluginBuild
Event: 4.608 loading class org/gradle/api/initialization/ConfigurableIncludedPluginBuild done
Event: 4.609 loading class org/gradle/plugin/management/internal/DefaultPluginManagementSpec_DecoratedCustomizer
Event: 4.609 loading class org/gradle/plugin/management/internal/DefaultPluginManagementSpec_DecoratedCustomizer done
Event: 4.610 loading class org/gradle/plugin/management/internal/DefaultPluginManagementSpec_DecoratedCustomizer
Event: 4.610 loading class org/gradle/plugin/management/internal/DefaultPluginManagementSpec_DecoratedCustomizer done
Event: 4.610 loading class org/gradle/plugin/management/internal/DefaultPluginManagementSpec_DecoratedCustomizer
Event: 4.610 loading class org/gradle/plugin/management/internal/DefaultPluginManagementSpec_DecoratedCustomizer done
Event: 4.610 loading class org/gradle/plugin/management/internal/DefaultPluginManagementSpec_DecoratedCustomizer
Event: 4.610 loading class org/gradle/plugin/management/internal/DefaultPluginManagementSpec_DecoratedCustomizer done
Event: 4.612 loading class groovy/runtime/metaclass/org/gradle/api/internal/artifacts/dsl/DefaultRepositoryHandler_DecoratedMetaClass
Event: 4.612 loading class groovy/runtime/metaclass/org/gradle/api/internal/artifacts/dsl/DefaultRepositoryHandler_DecoratedMetaClass done


Dynamic libraries:
0x00007ff7e6940000 - 0x00007ff7e694a000 	C:\Program Files\Android\Android Studio\jre\bin\java.exe
0x00007ff891870000 - 0x00007ff891a65000 	C:\WINDOWS\SYSTEM32\ntdll.dll
0x00007ff8909e0000 - 0x00007ff890a9e000 	C:\WINDOWS\System32\KERNEL32.DLL
0x00007ff88f240000 - 0x00007ff88f508000 	C:\WINDOWS\System32\KERNELBASE.dll
0x00007ff88f140000 - 0x00007ff88f240000 	C:\WINDOWS\System32\ucrtbase.dll
0x00007ff877be0000 - 0x00007ff877bf7000 	C:\Program Files\Android\Android Studio\jre\bin\VCRUNTIME140.dll
0x00007ff877bc0000 - 0x00007ff877bd9000 	C:\Program Files\Android\Android Studio\jre\bin\jli.dll
0x00007ff8900f0000 - 0x00007ff890290000 	C:\WINDOWS\System32\USER32.dll
0x00007ff88f810000 - 0x00007ff88f832000 	C:\WINDOWS\System32\win32u.dll
0x00007ff8769f0000 - 0x00007ff876c8a000 	C:\WINDOWS\WinSxS\amd64_microsoft.windows.common-controls_6595b64144ccf1df_6.0.19041.1110_none_60b5254171f9507e\COMCTL32.dll
0x00007ff890f80000 - 0x00007ff89101e000 	C:\WINDOWS\System32\msvcrt.dll
0x00007ff891020000 - 0x00007ff89104a000 	C:\WINDOWS\System32\GDI32.dll
0x00007ff88f030000 - 0x00007ff88f13b000 	C:\WINDOWS\System32\gdi32full.dll
0x00007ff88ef90000 - 0x00007ff88f02d000 	C:\WINDOWS\System32\msvcp_win.dll
0x00007ff88fae0000 - 0x00007ff88fb10000 	C:\WINDOWS\System32\IMM32.DLL
0x00007ff867be0000 - 0x00007ff867c7d000 	C:\Program Files\Android\Android Studio\jre\bin\msvcp140.dll
0x00007ff852e70000 - 0x00007ff853945000 	C:\Program Files\Android\Android Studio\jre\bin\server\jvm.dll
0x00007ff891050000 - 0x00007ff8910fe000 	C:\WINDOWS\System32\ADVAPI32.dll
0x00007ff88fdd0000 - 0x00007ff88fe6c000 	C:\WINDOWS\System32\sechost.dll
0x00007ff88f9b0000 - 0x00007ff88fad5000 	C:\WINDOWS\System32\RPCRT4.dll
0x00007ff891120000 - 0x00007ff891128000 	C:\WINDOWS\System32\PSAPI.DLL
0x00007ff8750e0000 - 0x00007ff8750e9000 	C:\WINDOWS\SYSTEM32\WSOCK32.dll
0x00007ff890080000 - 0x00007ff8900eb000 	C:\WINDOWS\System32\WS2_32.dll
0x00007ff885c40000 - 0x00007ff885c67000 	C:\WINDOWS\SYSTEM32\WINMM.dll
0x00007ff888fb0000 - 0x00007ff888fba000 	C:\WINDOWS\SYSTEM32\VERSION.dll
0x00007ff88d890000 - 0x00007ff88d8a2000 	C:\WINDOWS\SYSTEM32\kernel.appcore.dll
0x00007ff8820e0000 - 0x00007ff8820f1000 	C:\Program Files\Android\Android Studio\jre\bin\verify.dll
0x00007ff877030000 - 0x00007ff877214000 	C:\WINDOWS\SYSTEM32\DBGHELP.DLL
0x00007ff878ec0000 - 0x00007ff878eec000 	C:\WINDOWS\SYSTEM32\dbgcore.DLL
0x00007ff88f840000 - 0x00007ff88f8c2000 	C:\WINDOWS\System32\bcryptPrimitives.dll
0x00007ff86e000000 - 0x00007ff86e029000 	C:\Program Files\Android\Android Studio\jre\bin\java.dll
0x00007ff88a7a0000 - 0x00007ff88a7ab000 	C:\Program Files\Android\Android Studio\jre\bin\jimage.dll
0x00007ff86f080000 - 0x00007ff86f098000 	C:\Program Files\Android\Android Studio\jre\bin\zip.dll
0x00007ff890290000 - 0x00007ff8909d4000 	C:\WINDOWS\System32\SHELL32.dll
0x00007ff88d0b0000 - 0x00007ff88d844000 	C:\WINDOWS\SYSTEM32\windows.storage.dll
0x00007ff890b70000 - 0x00007ff890ec4000 	C:\WINDOWS\System32\combase.dll
0x00007ff88e930000 - 0x00007ff88e95c000 	C:\WINDOWS\SYSTEM32\Wldp.dll
0x00007ff890ed0000 - 0x00007ff890f7d000 	C:\WINDOWS\System32\SHCORE.dll
0x00007ff88fd60000 - 0x00007ff88fdb5000 	C:\WINDOWS\System32\shlwapi.dll
0x00007ff88eed0000 - 0x00007ff88eeef000 	C:\WINDOWS\SYSTEM32\profapi.dll
0x00007ff86db10000 - 0x00007ff86db2a000 	C:\Program Files\Android\Android Studio\jre\bin\net.dll
0x00007ff885910000 - 0x00007ff885a1a000 	C:\WINDOWS\SYSTEM32\WINHTTP.dll
0x00007ff88e690000 - 0x00007ff88e6fa000 	C:\WINDOWS\system32\mswsock.dll
0x00007ff868a60000 - 0x00007ff868a74000 	C:\Program Files\Android\Android Studio\jre\bin\nio.dll
0x00007ff881f90000 - 0x00007ff881fb7000 	C:\Users\Vik\.gradle\native\e1d6ef7f7dcc3fd88c89a11ec53ec762bb8ba0a96d01ffa2cd45eb1d1d8dd5c5\windows-amd64\native-platform.dll
0x00007ff866320000 - 0x00007ff866464000 	C:\Users\Vik\.gradle\native\5664cfc778a61ccfe75a443a1ab52a65af34e5dc3c78e0209fed803814484fcb\windows-amd64\native-platform-file-events.dll
0x00007ff883220000 - 0x00007ff88322a000 	C:\Program Files\Android\Android Studio\jre\bin\management.dll
0x00007ff882a50000 - 0x00007ff882a5d000 	C:\Program Files\Android\Android Studio\jre\bin\management_ext.dll
0x00007ff88e890000 - 0x00007ff88e8a8000 	C:\WINDOWS\SYSTEM32\CRYPTSP.dll
0x00007ff88e010000 - 0x00007ff88e044000 	C:\WINDOWS\system32\rsaenh.dll
0x00007ff88f630000 - 0x00007ff88f657000 	C:\WINDOWS\System32\bcrypt.dll
0x00007ff88ee90000 - 0x00007ff88eebe000 	C:\WINDOWS\SYSTEM32\USERENV.dll
0x00007ff88e880000 - 0x00007ff88e88c000 	C:\WINDOWS\SYSTEM32\CRYPTBASE.dll
0x00007ff88e380000 - 0x00007ff88e3bb000 	C:\WINDOWS\SYSTEM32\IPHLPAPI.DLL
0x00007ff88fc20000 - 0x00007ff88fc28000 	C:\WINDOWS\System32\NSI.dll
0x00007ff8884e0000 - 0x00007ff8884f7000 	C:\WINDOWS\SYSTEM32\dhcpcsvc6.DLL
0x00007ff888e50000 - 0x00007ff888e6d000 	C:\WINDOWS\SYSTEM32\dhcpcsvc.DLL
0x00007ff88e3c0000 - 0x00007ff88e48b000 	C:\WINDOWS\SYSTEM32\DNSAPI.dll

dbghelp: loaded successfully - version: 4.0.5 - missing functions: none
symbol engine: initialized successfully - sym options: 0x614 - pdb path: .;C:\Program Files\Android\Android Studio\jre\bin;C:\WINDOWS\SYSTEM32;C:\WINDOWS\WinSxS\amd64_microsoft.windows.common-controls_6595b64144ccf1df_6.0.19041.1110_none_60b5254171f9507e;C:\Program Files\Android\Android Studio\jre\bin\server;C:\Users\Vik\.gradle\native\e1d6ef7f7dcc3fd88c89a11ec53ec762bb8ba0a96d01ffa2cd45eb1d1d8dd5c5\windows-amd64;C:\Users\Vik\.gradle\native\5664cfc778a61ccfe75a443a1ab52a65af34e5dc3c78e0209fed803814484fcb\windows-amd64

VM Arguments:
jvm_args: --add-opens=java.base/java.util=ALL-UNNAMED --add-opens=java.base/java.lang=ALL-UNNAMED --add-opens=java.base/java.lang.invoke=ALL-UNNAMED --add-opens=java.base/java.util=ALL-UNNAMED --add-opens=java.prefs/java.util.prefs=ALL-UNNAMED --add-opens=java.prefs/java.util.prefs=ALL-UNNAMED --add-opens=java.base/java.nio.charset=ALL-UNNAMED --add-opens=java.base/java.net=ALL-UNNAMED --add-opens=java.base/java.util.concurrent.atomic=ALL-UNNAMED -Xmx2048m -Dfile.encoding=UTF-8 -Duser.country=RU -Duser.language=ru -Duser.variant 
java_command: org.gradle.launcher.daemon.bootstrap.GradleDaemon 7.2
java_class_path (initial): C:\Users\Vik\.gradle\wrapper\dists\gradle-7.2-bin\2dnblmf4td7x66yl1d74lt32g\gradle-7.2\lib\gradle-launcher-7.2.jar
Launcher Type: SUN_STANDARD

[Global flags]
     intx CICompilerCount                          = 3                                         {product} {ergonomic}
     uint ConcGCThreads                            = 1                                         {product} {ergonomic}
     uint G1ConcRefinementThreads                  = 4                                         {product} {ergonomic}
   size_t G1HeapRegionSize                         = 1048576                                   {product} {ergonomic}
    uintx GCDrainStackTargetSize                   = 64                                        {product} {ergonomic}
   size_t InitialHeapSize                          = 134217728                                 {product} {ergonomic}
   size_t MarkStackSize                            = 4194304                                   {product} {ergonomic}
   size_t MaxHeapSize                              = 2147483648                                {product} {command line}
   size_t MaxNewSize                               = 1287651328                                {product} {ergonomic}
   size_t MinHeapDeltaBytes                        = 1048576                                   {product} {ergonomic}
    uintx NonNMethodCodeHeapSize                   = 5830732                                {pd product} {ergonomic}
    uintx NonProfiledCodeHeapSize                  = 122913754                              {pd product} {ergonomic}
    uintx ProfiledCodeHeapSize                     = 122913754                              {pd product} {ergonomic}
    uintx ReservedCodeCacheSize                    = 251658240                              {pd product} {ergonomic}
     bool SegmentedCodeCache                       = true                                      {product} {ergonomic}
     bool UseCompressedClassPointers               = true                                 {lp64_product} {ergonomic}
     bool UseCompressedOops                        = true                                 {lp64_product} {ergonomic}
     bool UseG1GC                                  = true                                      {product} {ergonomic}
     bool UseLargePagesIndividualAllocation        = false                                  {pd product} {ergonomic}

Logging:
Log output configuration:
 #0: stdout all=warning uptime,level,tags
 #1: stderr all=off uptime,level,tags

Environment Variables:
JAVA_HOME=c:\Program Files\Java\jdk-16.0.2
PATH=C:\Program Files\Common Files\Oracle\Java\javapath;C:\Program Files (x86)\Common Files\Oracle\Java\javapath;C:\ProgramData\Oracle\Java\javapath;C:\Windows\system32;C:\Windows;C:\Windows\System32\Wbem;C:\Windows\System32\WindowsPowerShell\v1.0\;C:\Program Files\Java\jdk-16.0.2\bin\;C:\WINDOWS\system32;C:\WINDOWS;C:\WINDOWS\System32\Wbem;C:\WINDOWS\System32\WindowsPowerShell\v1.0\;C:\WINDOWS\System32\OpenSSH\;C:\Program Files\dotnet\;C:\Program Files\Git\cmd;C:\Program Files (x86)\NVIDIA Corporation\PhysX\Common;C:\Users\Vik\AppData\Local\Microsoft\WindowsApps;C:\Program Files\JetBrains\IntelliJ IDEA Community Edition 2021.3\bin;C:\Users\Vik\AppData\Local\GitHubDesktop\bin;C:\Users\Vik\AppData\Local\gitkraken\bin
USERNAME=Vik
OS=Windows_NT
PROCESSOR_IDENTIFIER=Intel64 Family 6 Model 60 Stepping 3, GenuineIntel



---------------  S Y S T E M  ---------------

OS: Windows 10 , 64 bit Build 19041 (10.0.19041.1645)
OS uptime: 0 days 2:08 hours

CPU:total 4 (initial active 4) (4 cores per cpu, 1 threads per core) family 6 model 60 stepping 3 microcode 0x27, cmov, cx8, fxsr, mmx, sse, sse2, sse3, ssse3, sse4.1, sse4.2, popcnt, avx, avx2, aes, clmul, erms, lzcnt, tsc, tscinvbit, bmi1, bmi2, fma

Memory: 4k page, system-wide physical 8128M (531M free)
TotalPageFile size 10528M (AvailPageFile size 4M)
current process WorkingSet (physical memory assigned to process): 277M, peak: 278M
current process commit charge ("private bytes"): 345M, peak: 346M

vm_info: OpenJDK 64-Bit Server VM (11.0.11+9-b60-7590822) for windows-amd64 JRE (11.0.11+9-b60-7590822), built on Jul 29 2021 21:43:44 by "builder" with MS VC++ 14.0 (VS2015)

END.
