#
# There is insufficient memory for the Java Runtime Environment to continue.
# Native memory allocation (malloc) failed to allocate 770096 bytes for Chunk::new
# Possible reasons:
#   The system is out of physical RAM or swap space
#   The process is running with CompressedOops enabled, and the Java Heap may be blocking the growth of the native heap
# Possible solutions:
#   Reduce memory load on the system
#   Increase physical memory or swap space
#   Check if swap backing store is full
#   Decrease Java heap size (-Xmx/-Xms)
#   Decrease number of Java threads
#   Decrease Java thread stack sizes (-Xss)
#   Set larger code cache with -XX:ReservedCodeCacheSize=
#   JVM is running with Unscaled Compressed Oops mode in which the Java heap is
#     placed in the first 4GB address space. The Java Heap base address is the
#     maximum limit for the native heap growth. Please use -XX:HeapBaseMinAddress
#     to set the Java Heap base and to place the Java Heap above 4GB virtual address.
# This output file may be truncated or incomplete.
#
#  Out of Memory Error (./src/hotspot/share/memory/arena.cpp:197), pid=10524, tid=10272
#
# JRE version: OpenJDK Runtime Environment (11.0.11+9) (build 11.0.11+9-b60-7590822)
# Java VM: OpenJDK 64-Bit Server VM (11.0.11+9-b60-7590822, mixed mode, tiered, compressed oops, g1 gc, windows-amd64)
# No core dump will be written. Minidumps are not enabled by default on client versions of Windows
#

---------------  S U M M A R Y ------------

Command Line: --add-opens=java.base/java.util=ALL-UNNAMED --add-opens=java.base/java.lang=ALL-UNNAMED --add-opens=java.base/java.lang.invoke=ALL-UNNAMED --add-opens=java.base/java.util=ALL-UNNAMED --add-opens=java.prefs/java.util.prefs=ALL-UNNAMED --add-opens=java.prefs/java.util.prefs=ALL-UNNAMED --add-opens=java.base/java.nio.charset=ALL-UNNAMED --add-opens=java.base/java.net=ALL-UNNAMED --add-opens=java.base/java.util.concurrent.atomic=ALL-UNNAMED -Xmx2048m -Dfile.encoding=UTF-8 -Duser.country=RU -Duser.language=ru -Duser.variant org.gradle.launcher.daemon.bootstrap.GradleDaemon 7.2

Host: Intel(R) Core(TM) i5-4690 CPU @ 3.50GHz, 4 cores, 7G,  Windows 10 , 64 bit Build 19041 (10.0.19041.1645)
Time: Thu May 19 14:28:10 2022 Финляндия (лето) elapsed time: 5.940110 seconds (0d 0h 0m 5s)

---------------  T H R E A D  ---------------

Current thread (0x000001d572037000):  JavaThread "C2 CompilerThread0" daemon [_thread_in_native, id=10272, stack(0x00000074c8d00000,0x00000074c8e00000)]


Current CompileTask:
C2:   5940 4675       4       org.gradle.internal.serialize.kryo.StringDeduplicatingKryoBackedEncoder::writeNullableString (114 bytes)

Stack: [0x00000074c8d00000,0x00000074c8e00000]
Native frames: (J=compiled Java code, j=interpreted, Vv=VM code, C=native code)
V  [jvm.dll+0x5f214a]
V  [jvm.dll+0x726fb5]
V  [jvm.dll+0x7285cd]
V  [jvm.dll+0x728c83]
V  [jvm.dll+0x243278]
V  [jvm.dll+0xbc53c]
V  [jvm.dll+0xbca3c]
V  [jvm.dll+0x353e7d]
V  [jvm.dll+0x321893]
V  [jvm.dll+0x320d8a]
V  [jvm.dll+0x1fc1e2]
V  [jvm.dll+0x1fb3d4]
V  [jvm.dll+0x183d6c]
V  [jvm.dll+0x209a57]
V  [jvm.dll+0x2082a1]
V  [jvm.dll+0x6ef58f]
V  [jvm.dll+0x6e80b5]
V  [jvm.dll+0x5f1036]
C  [ucrtbase.dll+0x21bb2]
C  [KERNEL32.DLL+0x17034]
C  [ntdll.dll+0x52651]


---------------  P R O C E S S  ---------------

Threads class SMR info:
_java_thread_list=0x000001d577e6c860, length=77, elements={
0x000001d55842e000, 0x000001d57200d000, 0x000001d572011000, 0x000001d57202e800,
0x000001d572031000, 0x000001d572032800, 0x000001d572037000, 0x000001d57203a800,
0x000001d572040800, 0x000001d572af3000, 0x000001d572b48000, 0x000001d573e95800,
0x000001d574a25000, 0x000001d575332000, 0x000001d574a42000, 0x000001d573d8e800,
0x000001d574ca0000, 0x000001d5750b5000, 0x000001d574ad0800, 0x000001d573efb000,
0x000001d574fbc800, 0x000001d574fbf000, 0x000001d574fc0000, 0x000001d574fc1800,
0x000001d574fc2800, 0x000001d574fc3000, 0x000001d574fc1000, 0x000001d574fbd800,
0x000001d574fbe800, 0x000001d57571b000, 0x000001d57571b800, 0x000001d57571d800,
0x000001d575717800, 0x000001d57571e000, 0x000001d57571a000, 0x000001d575724800,
0x000001d575724000, 0x000001d575721800, 0x000001d575723000, 0x000001d57571f000,
0x000001d575720000, 0x000001d575722000, 0x000001d575725800, 0x000001d575726800,
0x000001d575720800, 0x000001d5751cf800, 0x000001d5751ce800, 0x000001d5751d2800,
0x000001d5751d0000, 0x000001d5751d3800, 0x000001d5751d1000, 0x000001d5751d2000,
0x000001d5751ce000, 0x000001d5751da000, 0x000001d5751d5000, 0x000001d5751d6000,
0x000001d5751d7800, 0x000001d5751d7000, 0x000001d5751d9000, 0x000001d5751d4800,
0x000001d5751dc800, 0x000001d5751db000, 0x000001d5751d8800, 0x000001d5751db800,
0x000001d575a57000, 0x000001d575a58000, 0x000001d575a59800, 0x000001d575a55800,
0x000001d575a58800, 0x000001d575a5a800, 0x000001d575a54800, 0x000001d575a5b000,
0x000001d575a5c000, 0x000001d575a56000, 0x000001d575a61800, 0x000001d575a62800,
0x000001d575a61000
}

Java Threads: ( => current thread )
  0x000001d55842e000 JavaThread "main" [_thread_blocked, id=8780, stack(0x00000074c8100000,0x00000074c8200000)]
  0x000001d57200d000 JavaThread "Reference Handler" daemon [_thread_blocked, id=4476, stack(0x00000074c8800000,0x00000074c8900000)]
  0x000001d572011000 JavaThread "Finalizer" daemon [_thread_blocked, id=6644, stack(0x00000074c8900000,0x00000074c8a00000)]
  0x000001d57202e800 JavaThread "Signal Dispatcher" daemon [_thread_blocked, id=1912, stack(0x00000074c8a00000,0x00000074c8b00000)]
  0x000001d572031000 JavaThread "Attach Listener" daemon [_thread_blocked, id=5860, stack(0x00000074c8b00000,0x00000074c8c00000)]
  0x000001d572032800 JavaThread "Service Thread" daemon [_thread_blocked, id=3796, stack(0x00000074c8c00000,0x00000074c8d00000)]
=>0x000001d572037000 JavaThread "C2 CompilerThread0" daemon [_thread_in_native, id=10272, stack(0x00000074c8d00000,0x00000074c8e00000)]
  0x000001d57203a800 JavaThread "C1 CompilerThread0" daemon [_thread_in_vm, id=10444, stack(0x00000074c8e00000,0x00000074c8f00000)]
  0x000001d572040800 JavaThread "Sweeper thread" daemon [_thread_blocked, id=7000, stack(0x00000074c8f00000,0x00000074c9000000)]
  0x000001d572af3000 JavaThread "Common-Cleaner" daemon [_thread_blocked, id=9044, stack(0x00000074c9000000,0x00000074c9100000)]
  0x000001d572b48000 JavaThread "C2 CompilerThread1" daemon [_thread_blocked, id=7716, stack(0x00000074c9200000,0x00000074c9300000)]
  0x000001d573e95800 JavaThread "Daemon health stats" [_thread_blocked, id=10700, stack(0x00000074c9500000,0x00000074c9600000)]
  0x000001d574a25000 JavaThread "Incoming local TCP Connector on port 56553" [_thread_in_native, id=7936, stack(0x00000074c9600000,0x00000074c9700000)]
  0x000001d575332000 JavaThread "Daemon periodic checks" [_thread_blocked, id=4504, stack(0x00000074c9700000,0x00000074c9800000)]
  0x000001d574a42000 JavaThread "Daemon" [_thread_blocked, id=11108, stack(0x00000074c9800000,0x00000074c9900000)]
  0x000001d573d8e800 JavaThread "Handler for socket connection from /127.0.0.1:56553 to /127.0.0.1:56554" [_thread_in_native, id=7576, stack(0x00000074c9900000,0x00000074c9a00000)]
  0x000001d574ca0000 JavaThread "Cancel handler" [_thread_blocked, id=6240, stack(0x00000074c9a00000,0x00000074c9b00000)]
  0x000001d5750b5000 JavaThread "Daemon worker" [_thread_blocked, id=4140, stack(0x00000074c9b00000,0x00000074c9c00000)]
  0x000001d574ad0800 JavaThread "Asynchronous log dispatcher for DefaultDaemonConnection: socket connection from /127.0.0.1:56553 to /127.0.0.1:56554" [_thread_blocked, id=3600, stack(0x00000074c9c00000,0x00000074c9d00000)]
  0x000001d573efb000 JavaThread "Stdin handler" [_thread_blocked, id=1812, stack(0x00000074c9d00000,0x00000074c9e00000)]
  0x000001d574fbc800 JavaThread "Daemon client event forwarder" [_thread_blocked, id=8048, stack(0x00000074c9e00000,0x00000074c9f00000)]
  0x000001d574fbf000 JavaThread "Cache worker for journal cache (C:\Users\Vik\.gradle\caches\journal-1)" [_thread_in_Java, id=10572, stack(0x00000074ca000000,0x00000074ca100000)]
  0x000001d574fc0000 JavaThread "File lock request listener" [_thread_in_native, id=7144, stack(0x00000074ca100000,0x00000074ca200000)]
  0x000001d574fc1800 JavaThread "Cache worker for file hash cache (C:\Users\Vik\.gradle\caches\7.2\fileHashes)" [_thread_blocked, id=6496, stack(0x00000074ca200000,0x00000074ca300000)]
  0x000001d574fc2800 JavaThread "Cache worker for file hash cache (D:\AndroidStudioProjects\Kotlin\.gradle\7.2\fileHashes)" [_thread_blocked, id=6456, stack(0x00000074ca300000,0x00000074ca400000)]
  0x000001d574fc3000 JavaThread "File watcher server" daemon [_thread_in_native, id=3704, stack(0x00000074ca400000,0x00000074ca500000)]
  0x000001d574fc1000 JavaThread "File watcher consumer" daemon [_thread_blocked, id=8844, stack(0x00000074ca500000,0x00000074ca600000)]
  0x000001d574fbd800 JavaThread "Cache worker for checksums cache (D:\AndroidStudioProjects\Kotlin\.gradle\checksums)" [_thread_blocked, id=10656, stack(0x00000074ca600000,0x00000074ca700000)]
  0x000001d574fbe800 JavaThread "Cache worker for cache directory md-supplier (C:\Users\Vik\.gradle\caches\7.2\md-supplier)" [_thread_blocked, id=6060, stack(0x00000074ca700000,0x00000074ca800000)]
  0x000001d57571b000 JavaThread "Cache worker for cache directory md-rule (C:\Users\Vik\.gradle\caches\7.2\md-rule)" [_thread_blocked, id=7084, stack(0x00000074ca800000,0x00000074ca900000)]
  0x000001d57571b800 JavaThread "Cache worker for execution history cache (C:\Users\Vik\.gradle\caches\7.2\executionHistory)" [_thread_blocked, id=3244, stack(0x00000074ca900000,0x00000074caa00000)]
  0x000001d57571d800 JavaThread "jar transforms" [_thread_blocked, id=5208, stack(0x00000074caa00000,0x00000074cab00000)]
  0x000001d575717800 JavaThread "Cache worker for file content cache (C:\Users\Vik\.gradle\caches\7.2\fileContent)" [_thread_blocked, id=10504, stack(0x00000074cab00000,0x00000074cac00000)]
  0x000001d57571e000 JavaThread "jar transforms Thread 2" [_thread_blocked, id=4564, stack(0x00000074cac00000,0x00000074cad00000)]
  0x000001d57571a000 JavaThread "Cache worker for dependencies-accessors (D:\AndroidStudioProjects\Kotlin\.gradle\7.2\dependencies-accessors)" [_thread_blocked, id=5096, stack(0x00000074cad00000,0x00000074cae00000)]
  0x000001d575724800 JavaThread "jar transforms Thread 3" [_thread_blocked, id=1832, stack(0x00000074cae00000,0x00000074caf00000)]
  0x000001d575724000 JavaThread "Cache worker for Build Output Cleanup Cache (D:\AndroidStudioProjects\Kotlin\.gradle\buildOutputCleanup)" [_thread_blocked, id=3772, stack(0x00000074caf00000,0x00000074cb000000)]
  0x000001d575721800 JavaThread "Unconstrained build operations" [_thread_in_Java, id=3604, stack(0x00000074cb000000,0x00000074cb100000)]
  0x000001d575723000 JavaThread "Unconstrained build operations Thread 2" [_thread_in_Java, id=620, stack(0x00000074cb100000,0x00000074cb200000)]
  0x000001d57571f000 JavaThread "Unconstrained build operations Thread 3" [_thread_in_native, id=1648, stack(0x00000074cb200000,0x00000074cb300000)]
  0x000001d575720000 JavaThread "Unconstrained build operations Thread 4" [_thread_blocked, id=4928, stack(0x00000074cb300000,0x00000074cb400000)]
  0x000001d575722000 JavaThread "Unconstrained build operations Thread 5" [_thread_blocked, id=9124, stack(0x00000074cb400000,0x00000074cb500000)]
  0x000001d575725800 JavaThread "Unconstrained build operations Thread 6" [_thread_blocked, id=6284, stack(0x00000074cb500000,0x00000074cb600000)]
  0x000001d575726800 JavaThread "Unconstrained build operations Thread 7" [_thread_blocked, id=9780, stack(0x00000074cb600000,0x00000074cb700000)]
  0x000001d575720800 JavaThread "Unconstrained build operations Thread 8" [_thread_blocked, id=11012, stack(0x00000074cb700000,0x00000074cb800000)]
  0x000001d5751cf800 JavaThread "Unconstrained build operations Thread 9" [_thread_blocked, id=10180, stack(0x00000074cb800000,0x00000074cb900000)]
  0x000001d5751ce800 JavaThread "Unconstrained build operations Thread 10" [_thread_blocked, id=3420, stack(0x00000074cb900000,0x00000074cba00000)]
  0x000001d5751d2800 JavaThread "Unconstrained build operations Thread 11" [_thread_blocked, id=5368, stack(0x00000074cba00000,0x00000074cbb00000)]
  0x000001d5751d0000 JavaThread "Unconstrained build operations Thread 12" [_thread_blocked, id=6752, stack(0x00000074cbb00000,0x00000074cbc00000)]
  0x000001d5751d3800 JavaThread "Unconstrained build operations Thread 13" [_thread_blocked, id=9820, stack(0x00000074cbc00000,0x00000074cbd00000)]
  0x000001d5751d1000 JavaThread "Unconstrained build operations Thread 14" [_thread_blocked, id=9816, stack(0x00000074cbd00000,0x00000074cbe00000)]
  0x000001d5751d2000 JavaThread "Unconstrained build operations Thread 15" [_thread_blocked, id=3780, stack(0x00000074cbe00000,0x00000074cbf00000)]
  0x000001d5751ce000 JavaThread "Unconstrained build operations Thread 16" [_thread_blocked, id=9812, stack(0x00000074cbf00000,0x00000074cc000000)]
  0x000001d5751da000 JavaThread "Unconstrained build operations Thread 17" [_thread_blocked, id=9808, stack(0x00000074cc000000,0x00000074cc100000)]
  0x000001d5751d5000 JavaThread "Unconstrained build operations Thread 18" [_thread_blocked, id=9804, stack(0x00000074cc100000,0x00000074cc200000)]
  0x000001d5751d6000 JavaThread "Unconstrained build operations Thread 19" [_thread_blocked, id=10544, stack(0x00000074cc200000,0x00000074cc300000)]
  0x000001d5751d7800 JavaThread "Unconstrained build operations Thread 20" [_thread_blocked, id=2800, stack(0x00000074cc300000,0x00000074cc400000)]
  0x000001d5751d7000 JavaThread "Unconstrained build operations Thread 21" [_thread_blocked, id=9824, stack(0x00000074cc400000,0x00000074cc500000)]
  0x000001d5751d9000 JavaThread "Unconstrained build operations Thread 22" [_thread_blocked, id=9796, stack(0x00000074cc500000,0x00000074cc600000)]
  0x000001d5751d4800 JavaThread "Unconstrained build operations Thread 23" [_thread_blocked, id=9800, stack(0x00000074cc600000,0x00000074cc700000)]
  0x000001d5751dc800 JavaThread "Unconstrained build operations Thread 24" [_thread_blocked, id=9792, stack(0x00000074cc700000,0x00000074cc800000)]
  0x000001d5751db000 JavaThread "Unconstrained build operations Thread 25" [_thread_blocked, id=6220, stack(0x00000074cc800000,0x00000074cc900000)]
  0x000001d5751d8800 JavaThread "Unconstrained build operations Thread 26" [_thread_blocked, id=6504, stack(0x00000074cc900000,0x00000074cca00000)]
  0x000001d5751db800 JavaThread "Unconstrained build operations Thread 27" [_thread_blocked, id=10788, stack(0x00000074cca00000,0x00000074ccb00000)]
  0x000001d575a57000 JavaThread "Unconstrained build operations Thread 28" [_thread_blocked, id=8064, stack(0x00000074ccb00000,0x00000074ccc00000)]
  0x000001d575a58000 JavaThread "Unconstrained build operations Thread 29" [_thread_blocked, id=10988, stack(0x00000074ccc00000,0x00000074ccd00000)]
  0x000001d575a59800 JavaThread "Unconstrained build operations Thread 30" [_thread_blocked, id=6956, stack(0x00000074ccd00000,0x00000074cce00000)]
  0x000001d575a55800 JavaThread "Unconstrained build operations Thread 31" [_thread_blocked, id=10144, stack(0x00000074cce00000,0x00000074ccf00000)]
  0x000001d575a58800 JavaThread "Unconstrained build operations Thread 32" [_thread_blocked, id=7712, stack(0x00000074ccf00000,0x00000074cd000000)]
  0x000001d575a5a800 JavaThread "Unconstrained build operations Thread 33" [_thread_blocked, id=6080, stack(0x00000074cd000000,0x00000074cd100000)]
  0x000001d575a54800 JavaThread "Unconstrained build operations Thread 34" [_thread_blocked, id=10796, stack(0x00000074cd100000,0x00000074cd200000)]
  0x000001d575a5b000 JavaThread "Unconstrained build operations Thread 35" [_thread_blocked, id=5956, stack(0x00000074cd200000,0x00000074cd300000)]
  0x000001d575a5c000 JavaThread "Unconstrained build operations Thread 36" [_thread_blocked, id=6636, stack(0x00000074cd300000,0x00000074cd400000)]
  0x000001d575a56000 JavaThread "Unconstrained build operations Thread 37" [_thread_blocked, id=9728, stack(0x00000074cd400000,0x00000074cd500000)]
  0x000001d575a61800 JavaThread "Unconstrained build operations Thread 38" [_thread_blocked, id=5968, stack(0x00000074cd500000,0x00000074cd600000)]
  0x000001d575a62800 JavaThread "Unconstrained build operations Thread 39" [_thread_blocked, id=6172, stack(0x00000074cd600000,0x00000074cd700000)]
  0x000001d575a61000 JavaThread "Unconstrained build operations Thread 40" [_thread_blocked, id=8932, stack(0x00000074cd700000,0x00000074cd800000)]

Other Threads:
  0x000001d572008800 VMThread "VM Thread" [stack: 0x00000074c8700000,0x00000074c8800000] [id=6900]
  0x000001d572b06000 WatcherThread [stack: 0x00000074c9100000,0x00000074c9200000] [id=6948]
  0x000001d558444000 GCTaskThread "GC Thread#0" [stack: 0x00000074c8200000,0x00000074c8300000] [id=2492]
  0x000001d572da2000 GCTaskThread "GC Thread#1" [stack: 0x00000074c9300000,0x00000074c9400000] [id=3304]
  0x000001d572bec000 GCTaskThread "GC Thread#2" [stack: 0x00000074c9400000,0x00000074c9500000] [id=10800]
  0x000001d573efc000 GCTaskThread "GC Thread#3" [stack: 0x00000074c9f00000,0x00000074ca000000] [id=9772]
  0x000001d558476800 ConcurrentGCThread "G1 Main Marker" [stack: 0x00000074c8300000,0x00000074c8400000] [id=10752]
  0x000001d558478800 ConcurrentGCThread "G1 Conc#0" [stack: 0x00000074c8400000,0x00000074c8500000] [id=6772]
  0x000001d558508800 ConcurrentGCThread "G1 Refine#0" [stack: 0x00000074c8500000,0x00000074c8600000] [id=6256]
  0x000001d558509800 ConcurrentGCThread "G1 Young RemSet Sampling" [stack: 0x00000074c8600000,0x00000074c8700000] [id=9900]

Threads with active compile tasks:
C2 CompilerThread0   5956 4675       4       org.gradle.internal.serialize.kryo.StringDeduplicatingKryoBackedEncoder::writeNullableString (114 bytes)

VM state:not at safepoint (normal execution)

VM Mutex/Monitor currently owned by a thread: None

Heap address: 0x0000000080000000, size: 2048 MB, Compressed Oops mode: 32-bit
Narrow klass base: 0x0000000000000000, Narrow klass shift: 3
Compressed class space size: 1073741824 Address: 0x0000000100000000

Heap:
 garbage-first heap   total 157696K, used 57316K [0x0000000080000000, 0x0000000100000000)
  region size 1024K, 31 young (31744K), 3 survivors (3072K)
 Metaspace       used 47588K, capacity 48783K, committed 49052K, reserved 1091584K
  class space    used 6078K, capacity 6536K, committed 6656K, reserved 1048576K
Heap Regions: E=young(eden), S=young(survivor), O=old, HS=humongous(starts), HC=humongous(continues), CS=collection set, F=free, A=archive, TAMS=top-at-mark-start (previous, next)
|   0|0x0000000080000000, 0x0000000080100000, 0x0000000080100000|100%| O|  |TAMS 0x0000000080100000, 0x0000000080000000| Untracked 
|   1|0x0000000080100000, 0x0000000080200000, 0x0000000080200000|100%| O|  |TAMS 0x0000000080200000, 0x0000000080100000| Untracked 
|   2|0x0000000080200000, 0x0000000080300000, 0x0000000080300000|100%| O|  |TAMS 0x0000000080300000, 0x0000000080200000| Untracked 
|   3|0x0000000080300000, 0x0000000080400000, 0x0000000080400000|100%|HS|  |TAMS 0x0000000080400000, 0x0000000080300000| Complete 
|   4|0x0000000080400000, 0x0000000080500000, 0x0000000080500000|100%|HC|  |TAMS 0x0000000080500000, 0x0000000080400000| Complete 
|   5|0x0000000080500000, 0x0000000080600000, 0x0000000080600000|100%|HC|  |TAMS 0x0000000080600000, 0x0000000080500000| Complete 
|   6|0x0000000080600000, 0x0000000080700000, 0x0000000080700000|100%| O|  |TAMS 0x0000000080700000, 0x0000000080600000| Untracked 
|   7|0x0000000080700000, 0x0000000080800000, 0x0000000080800000|100%| O|  |TAMS 0x0000000080800000, 0x0000000080700000| Untracked 
|   8|0x0000000080800000, 0x0000000080900000, 0x0000000080900000|100%| O|  |TAMS 0x0000000080900000, 0x0000000080800000| Untracked 
|   9|0x0000000080900000, 0x0000000080a00000, 0x0000000080a00000|100%| O|  |TAMS 0x0000000080a00000, 0x0000000080900000| Untracked 
|  10|0x0000000080a00000, 0x0000000080b00000, 0x0000000080b00000|100%| O|  |TAMS 0x0000000080b00000, 0x0000000080a00000| Untracked 
|  11|0x0000000080b00000, 0x0000000080c00000, 0x0000000080c00000|100%| O|  |TAMS 0x0000000080c00000, 0x0000000080b00000| Untracked 
|  12|0x0000000080c00000, 0x0000000080d00000, 0x0000000080d00000|100%| O|  |TAMS 0x0000000080d00000, 0x0000000080c00000| Untracked 
|  13|0x0000000080d00000, 0x0000000080e00000, 0x0000000080e00000|100%| O|  |TAMS 0x0000000080e00000, 0x0000000080d00000| Untracked 
|  14|0x0000000080e00000, 0x0000000080f00000, 0x0000000080f00000|100%| O|  |TAMS 0x0000000080f00000, 0x0000000080e00000| Untracked 
|  15|0x0000000080f00000, 0x0000000081000000, 0x0000000081000000|100%| O|  |TAMS 0x0000000081000000, 0x0000000080f00000| Untracked 
|  16|0x0000000081000000, 0x0000000081100000, 0x0000000081100000|100%| O|  |TAMS 0x0000000081053a00, 0x0000000081000000| Untracked 
|  17|0x0000000081100000, 0x0000000081100000, 0x0000000081200000|  0%| F|  |TAMS 0x0000000081100000, 0x0000000081100000| Untracked 
|  18|0x0000000081200000, 0x0000000081300000, 0x0000000081300000|100%| O|  |TAMS 0x0000000081200000, 0x0000000081200000| Untracked 
|  19|0x0000000081300000, 0x0000000081400000, 0x0000000081400000|100%| O|  |TAMS 0x0000000081300000, 0x0000000081300000| Untracked 
|  20|0x0000000081400000, 0x0000000081500000, 0x0000000081500000|100%| O|  |TAMS 0x0000000081400000, 0x0000000081400000| Untracked 
|  21|0x0000000081500000, 0x0000000081600000, 0x0000000081600000|100%| O|  |TAMS 0x0000000081500000, 0x0000000081500000| Untracked 
|  22|0x0000000081600000, 0x0000000081700000, 0x0000000081700000|100%| O|  |TAMS 0x0000000081600000, 0x0000000081600000| Untracked 
|  23|0x0000000081700000, 0x0000000081800000, 0x0000000081800000|100%| O|  |TAMS 0x0000000081700000, 0x0000000081700000| Untracked 
|  24|0x0000000081800000, 0x0000000081900000, 0x0000000081900000|100%| O|  |TAMS 0x0000000081800000, 0x0000000081800000| Untracked 
|  25|0x0000000081900000, 0x0000000081a00000, 0x0000000081a00000|100%| O|  |TAMS 0x0000000081900000, 0x0000000081900000| Untracked 
|  26|0x0000000081a00000, 0x0000000081b00000, 0x0000000081b00000|100%| O|  |TAMS 0x0000000081a00000, 0x0000000081a00000| Untracked 
|  27|0x0000000081b00000, 0x0000000081b9e600, 0x0000000081c00000| 61%| O|  |TAMS 0x0000000081b00000, 0x0000000081b00000| Untracked 
|  28|0x0000000081c00000, 0x0000000081c00000, 0x0000000081d00000|  0%| F|  |TAMS 0x0000000081c00000, 0x0000000081c00000| Untracked 
|  29|0x0000000081d00000, 0x0000000081d00000, 0x0000000081e00000|  0%| F|  |TAMS 0x0000000081d00000, 0x0000000081d00000| Untracked 
|  30|0x0000000081e00000, 0x0000000081e00000, 0x0000000081f00000|  0%| F|  |TAMS 0x0000000081e00000, 0x0000000081e00000| Untracked 
|  31|0x0000000081f00000, 0x0000000081f00000, 0x0000000082000000|  0%| F|  |TAMS 0x0000000081f00000, 0x0000000081f00000| Untracked 
|  32|0x0000000082000000, 0x0000000082000000, 0x0000000082100000|  0%| F|  |TAMS 0x0000000082000000, 0x0000000082000000| Untracked 
|  33|0x0000000082100000, 0x0000000082100000, 0x0000000082200000|  0%| F|  |TAMS 0x0000000082100000, 0x0000000082100000| Untracked 
|  34|0x0000000082200000, 0x0000000082200000, 0x0000000082300000|  0%| F|  |TAMS 0x0000000082200000, 0x0000000082200000| Untracked 
|  35|0x0000000082300000, 0x0000000082300000, 0x0000000082400000|  0%| F|  |TAMS 0x0000000082300000, 0x0000000082300000| Untracked 
|  36|0x0000000082400000, 0x0000000082400000, 0x0000000082500000|  0%| F|  |TAMS 0x0000000082400000, 0x0000000082400000| Untracked 
|  37|0x0000000082500000, 0x0000000082500000, 0x0000000082600000|  0%| F|  |TAMS 0x0000000082500000, 0x0000000082500000| Untracked 
|  38|0x0000000082600000, 0x0000000082600000, 0x0000000082700000|  0%| F|  |TAMS 0x0000000082600000, 0x0000000082600000| Untracked 
|  39|0x0000000082700000, 0x0000000082700000, 0x0000000082800000|  0%| F|  |TAMS 0x0000000082700000, 0x0000000082700000| Untracked 
|  40|0x0000000082800000, 0x0000000082800000, 0x0000000082900000|  0%| F|  |TAMS 0x0000000082800000, 0x0000000082800000| Untracked 
|  41|0x0000000082900000, 0x0000000082900000, 0x0000000082a00000|  0%| F|  |TAMS 0x0000000082900000, 0x0000000082900000| Untracked 
|  42|0x0000000082a00000, 0x0000000082a00000, 0x0000000082b00000|  0%| F|  |TAMS 0x0000000082a00000, 0x0000000082a00000| Untracked 
|  43|0x0000000082b00000, 0x0000000082b00000, 0x0000000082c00000|  0%| F|  |TAMS 0x0000000082b00000, 0x0000000082b00000| Untracked 
|  44|0x0000000082c00000, 0x0000000082c00000, 0x0000000082d00000|  0%| F|  |TAMS 0x0000000082c00000, 0x0000000082c00000| Untracked 
|  45|0x0000000082d00000, 0x0000000082d00000, 0x0000000082e00000|  0%| F|  |TAMS 0x0000000082d00000, 0x0000000082d00000| Untracked 
|  46|0x0000000082e00000, 0x0000000082e00000, 0x0000000082f00000|  0%| F|  |TAMS 0x0000000082e00000, 0x0000000082e00000| Untracked 
|  47|0x0000000082f00000, 0x0000000082f00000, 0x0000000083000000|  0%| F|  |TAMS 0x0000000082f00000, 0x0000000082f00000| Untracked 
|  48|0x0000000083000000, 0x0000000083000000, 0x0000000083100000|  0%| F|  |TAMS 0x0000000083000000, 0x0000000083000000| Untracked 
|  49|0x0000000083100000, 0x0000000083100000, 0x0000000083200000|  0%| F|  |TAMS 0x0000000083100000, 0x0000000083100000| Untracked 
|  50|0x0000000083200000, 0x0000000083200000, 0x0000000083300000|  0%| F|  |TAMS 0x0000000083200000, 0x0000000083200000| Untracked 
|  51|0x0000000083300000, 0x0000000083300000, 0x0000000083400000|  0%| F|  |TAMS 0x0000000083300000, 0x0000000083300000| Untracked 
|  52|0x0000000083400000, 0x0000000083400000, 0x0000000083500000|  0%| F|  |TAMS 0x0000000083400000, 0x0000000083400000| Untracked 
|  53|0x0000000083500000, 0x0000000083500000, 0x0000000083600000|  0%| F|  |TAMS 0x0000000083500000, 0x0000000083500000| Untracked 
|  54|0x0000000083600000, 0x0000000083600000, 0x0000000083700000|  0%| F|  |TAMS 0x0000000083600000, 0x0000000083600000| Untracked 
|  55|0x0000000083700000, 0x0000000083700000, 0x0000000083800000|  0%| F|  |TAMS 0x0000000083700000, 0x0000000083700000| Untracked 
|  56|0x0000000083800000, 0x0000000083800000, 0x0000000083900000|  0%| F|  |TAMS 0x0000000083800000, 0x0000000083800000| Untracked 
|  57|0x0000000083900000, 0x0000000083900000, 0x0000000083a00000|  0%| F|  |TAMS 0x0000000083900000, 0x0000000083900000| Untracked 
|  58|0x0000000083a00000, 0x0000000083a00000, 0x0000000083b00000|  0%| F|  |TAMS 0x0000000083a00000, 0x0000000083a00000| Untracked 
|  59|0x0000000083b00000, 0x0000000083b00000, 0x0000000083c00000|  0%| F|  |TAMS 0x0000000083b00000, 0x0000000083b00000| Untracked 
|  60|0x0000000083c00000, 0x0000000083c00000, 0x0000000083d00000|  0%| F|  |TAMS 0x0000000083c00000, 0x0000000083c00000| Untracked 
|  61|0x0000000083d00000, 0x0000000083d00000, 0x0000000083e00000|  0%| F|  |TAMS 0x0000000083d00000, 0x0000000083d00000| Untracked 
|  62|0x0000000083e00000, 0x0000000083e00000, 0x0000000083f00000|  0%| F|  |TAMS 0x0000000083e00000, 0x0000000083e00000| Untracked 
|  63|0x0000000083f00000, 0x0000000083f00000, 0x0000000084000000|  0%| F|  |TAMS 0x0000000083f00000, 0x0000000083f00000| Untracked 
|  64|0x0000000084000000, 0x0000000084000000, 0x0000000084100000|  0%| F|  |TAMS 0x0000000084000000, 0x0000000084000000| Untracked 
|  65|0x0000000084100000, 0x0000000084100000, 0x0000000084200000|  0%| F|  |TAMS 0x0000000084100000, 0x0000000084100000| Untracked 
|  66|0x0000000084200000, 0x0000000084200000, 0x0000000084300000|  0%| F|  |TAMS 0x0000000084200000, 0x0000000084200000| Untracked 
|  67|0x0000000084300000, 0x0000000084300000, 0x0000000084400000|  0%| F|  |TAMS 0x0000000084300000, 0x0000000084300000| Untracked 
|  68|0x0000000084400000, 0x0000000084400000, 0x0000000084500000|  0%| F|  |TAMS 0x0000000084400000, 0x0000000084400000| Untracked 
|  69|0x0000000084500000, 0x0000000084500000, 0x0000000084600000|  0%| F|  |TAMS 0x0000000084500000, 0x0000000084500000| Untracked 
|  70|0x0000000084600000, 0x0000000084600000, 0x0000000084700000|  0%| F|  |TAMS 0x0000000084600000, 0x0000000084600000| Untracked 
|  71|0x0000000084700000, 0x0000000084700000, 0x0000000084800000|  0%| F|  |TAMS 0x0000000084700000, 0x0000000084700000| Untracked 
|  72|0x0000000084800000, 0x0000000084800000, 0x0000000084900000|  0%| F|  |TAMS 0x0000000084800000, 0x0000000084800000| Untracked 
|  73|0x0000000084900000, 0x0000000084900000, 0x0000000084a00000|  0%| F|  |TAMS 0x0000000084900000, 0x0000000084900000| Untracked 
|  74|0x0000000084a00000, 0x0000000084a00000, 0x0000000084b00000|  0%| F|  |TAMS 0x0000000084a00000, 0x0000000084a00000| Untracked 
|  75|0x0000000084b00000, 0x0000000084b00000, 0x0000000084c00000|  0%| F|  |TAMS 0x0000000084b00000, 0x0000000084b00000| Untracked 
|  76|0x0000000084c00000, 0x0000000084c00000, 0x0000000084d00000|  0%| F|  |TAMS 0x0000000084c00000, 0x0000000084c00000| Untracked 
|  77|0x0000000084d00000, 0x0000000084d00000, 0x0000000084e00000|  0%| F|  |TAMS 0x0000000084d00000, 0x0000000084d00000| Untracked 
|  78|0x0000000084e00000, 0x0000000084e00000, 0x0000000084f00000|  0%| F|  |TAMS 0x0000000084e00000, 0x0000000084e00000| Untracked 
|  79|0x0000000084f00000, 0x0000000084f00000, 0x0000000085000000|  0%| F|  |TAMS 0x0000000084f00000, 0x0000000084f00000| Untracked 
|  80|0x0000000085000000, 0x0000000085000000, 0x0000000085100000|  0%| F|  |TAMS 0x0000000085000000, 0x0000000085000000| Untracked 
|  81|0x0000000085100000, 0x0000000085100000, 0x0000000085200000|  0%| F|  |TAMS 0x0000000085100000, 0x0000000085100000| Untracked 
|  82|0x0000000085200000, 0x0000000085200000, 0x0000000085300000|  0%| F|  |TAMS 0x0000000085200000, 0x0000000085200000| Untracked 
|  83|0x0000000085300000, 0x0000000085300000, 0x0000000085400000|  0%| F|  |TAMS 0x0000000085300000, 0x0000000085300000| Untracked 
|  84|0x0000000085400000, 0x0000000085400000, 0x0000000085500000|  0%| F|  |TAMS 0x0000000085400000, 0x0000000085400000| Untracked 
|  85|0x0000000085500000, 0x0000000085500000, 0x0000000085600000|  0%| F|  |TAMS 0x0000000085500000, 0x0000000085500000| Untracked 
|  86|0x0000000085600000, 0x000000008565ad30, 0x0000000085700000| 35%| S|CS|TAMS 0x0000000085600000, 0x0000000085600000| Complete 
|  87|0x0000000085700000, 0x0000000085800000, 0x0000000085800000|100%| S|CS|TAMS 0x0000000085700000, 0x0000000085700000| Complete 
|  88|0x0000000085800000, 0x0000000085900000, 0x0000000085900000|100%| S|CS|TAMS 0x0000000085800000, 0x0000000085800000| Complete 
|  89|0x0000000085900000, 0x0000000085900000, 0x0000000085a00000|  0%| F|  |TAMS 0x0000000085900000, 0x0000000085900000| Untracked 
|  90|0x0000000085a00000, 0x0000000085a00000, 0x0000000085b00000|  0%| F|  |TAMS 0x0000000085a00000, 0x0000000085a00000| Untracked 
|  91|0x0000000085b00000, 0x0000000085b00000, 0x0000000085c00000|  0%| F|  |TAMS 0x0000000085b00000, 0x0000000085b00000| Untracked 
|  92|0x0000000085c00000, 0x0000000085c00000, 0x0000000085d00000|  0%| F|  |TAMS 0x0000000085c00000, 0x0000000085c00000| Untracked 
|  93|0x0000000085d00000, 0x0000000085d00000, 0x0000000085e00000|  0%| F|  |TAMS 0x0000000085d00000, 0x0000000085d00000| Untracked 
|  94|0x0000000085e00000, 0x0000000085e00000, 0x0000000085f00000|  0%| F|  |TAMS 0x0000000085e00000, 0x0000000085e00000| Untracked 
|  95|0x0000000085f00000, 0x0000000085f00000, 0x0000000086000000|  0%| F|  |TAMS 0x0000000085f00000, 0x0000000085f00000| Untracked 
|  96|0x0000000086000000, 0x0000000086000000, 0x0000000086100000|  0%| F|  |TAMS 0x0000000086000000, 0x0000000086000000| Untracked 
|  97|0x0000000086100000, 0x0000000086100000, 0x0000000086200000|  0%| F|  |TAMS 0x0000000086100000, 0x0000000086100000| Untracked 
|  98|0x0000000086200000, 0x0000000086200000, 0x0000000086300000|  0%| F|  |TAMS 0x0000000086200000, 0x0000000086200000| Untracked 
|  99|0x0000000086300000, 0x0000000086300000, 0x0000000086400000|  0%| F|  |TAMS 0x0000000086300000, 0x0000000086300000| Untracked 
| 100|0x0000000086400000, 0x0000000086400000, 0x0000000086500000|  0%| F|  |TAMS 0x0000000086400000, 0x0000000086400000| Untracked 
| 101|0x0000000086500000, 0x0000000086500000, 0x0000000086600000|  0%| F|  |TAMS 0x0000000086500000, 0x0000000086500000| Untracked 
| 102|0x0000000086600000, 0x0000000086600000, 0x0000000086700000|  0%| F|  |TAMS 0x0000000086600000, 0x0000000086600000| Untracked 
| 103|0x0000000086700000, 0x0000000086700000, 0x0000000086800000|  0%| F|  |TAMS 0x0000000086700000, 0x0000000086700000| Untracked 
| 104|0x0000000086800000, 0x0000000086800000, 0x0000000086900000|  0%| F|  |TAMS 0x0000000086800000, 0x0000000086800000| Untracked 
| 105|0x0000000086900000, 0x0000000086900000, 0x0000000086a00000|  0%| F|  |TAMS 0x0000000086900000, 0x0000000086900000| Untracked 
| 106|0x0000000086a00000, 0x0000000086a00000, 0x0000000086b00000|  0%| F|  |TAMS 0x0000000086a00000, 0x0000000086a00000| Untracked 
| 107|0x0000000086b00000, 0x0000000086b00000, 0x0000000086c00000|  0%| F|  |TAMS 0x0000000086b00000, 0x0000000086b00000| Untracked 
| 108|0x0000000086c00000, 0x0000000086c00000, 0x0000000086d00000|  0%| F|  |TAMS 0x0000000086c00000, 0x0000000086c00000| Untracked 
| 109|0x0000000086d00000, 0x0000000086d00000, 0x0000000086e00000|  0%| F|  |TAMS 0x0000000086d00000, 0x0000000086d00000| Untracked 
| 110|0x0000000086e00000, 0x0000000086e00000, 0x0000000086f00000|  0%| F|  |TAMS 0x0000000086e00000, 0x0000000086e00000| Untracked 
| 111|0x0000000086f00000, 0x0000000086f00000, 0x0000000087000000|  0%| F|  |TAMS 0x0000000086f00000, 0x0000000086f00000| Untracked 
| 112|0x0000000087000000, 0x0000000087000000, 0x0000000087100000|  0%| F|  |TAMS 0x0000000087000000, 0x0000000087000000| Untracked 
| 113|0x0000000087100000, 0x0000000087100000, 0x0000000087200000|  0%| F|  |TAMS 0x0000000087100000, 0x0000000087100000| Untracked 
| 114|0x0000000087200000, 0x0000000087200000, 0x0000000087300000|  0%| F|  |TAMS 0x0000000087200000, 0x0000000087200000| Untracked 
| 115|0x0000000087300000, 0x0000000087300000, 0x0000000087400000|  0%| F|  |TAMS 0x0000000087300000, 0x0000000087300000| Untracked 
| 116|0x0000000087400000, 0x0000000087400000, 0x0000000087500000|  0%| F|  |TAMS 0x0000000087400000, 0x0000000087400000| Untracked 
| 117|0x0000000087500000, 0x0000000087500000, 0x0000000087600000|  0%| F|  |TAMS 0x0000000087500000, 0x0000000087500000| Untracked 
| 118|0x0000000087600000, 0x0000000087600000, 0x0000000087700000|  0%| F|  |TAMS 0x0000000087600000, 0x0000000087600000| Untracked 
| 119|0x0000000087700000, 0x0000000087700000, 0x0000000087800000|  0%| F|  |TAMS 0x0000000087700000, 0x0000000087700000| Untracked 
| 120|0x0000000087800000, 0x0000000087800000, 0x0000000087900000|  0%| F|  |TAMS 0x0000000087800000, 0x0000000087800000| Untracked 
| 121|0x0000000087900000, 0x0000000087900000, 0x0000000087a00000|  0%| F|  |TAMS 0x0000000087900000, 0x0000000087900000| Untracked 
| 122|0x0000000087a00000, 0x0000000087a00000, 0x0000000087b00000|  0%| F|  |TAMS 0x0000000087a00000, 0x0000000087a00000| Untracked 
| 123|0x0000000087b00000, 0x0000000087b00000, 0x0000000087c00000|  0%| F|  |TAMS 0x0000000087b00000, 0x0000000087b00000| Untracked 
| 124|0x0000000087c00000, 0x0000000087c00000, 0x0000000087d00000|  0%| F|  |TAMS 0x0000000087c00000, 0x0000000087c00000| Untracked 
| 125|0x0000000087d00000, 0x0000000087d00000, 0x0000000087e00000|  0%| F|  |TAMS 0x0000000087d00000, 0x0000000087d00000| Untracked 
| 126|0x0000000087e00000, 0x0000000087e9d1c0, 0x0000000087f00000| 61%| E|  |TAMS 0x0000000087e00000, 0x0000000087e00000| Complete 
| 127|0x0000000087f00000, 0x0000000088000000, 0x0000000088000000|100%| E|CS|TAMS 0x0000000087f00000, 0x0000000087f00000| Complete 
| 128|0x0000000088000000, 0x0000000088100000, 0x0000000088100000|100%| E|CS|TAMS 0x0000000088000000, 0x0000000088000000| Complete 
| 129|0x0000000088100000, 0x0000000088200000, 0x0000000088200000|100%| E|CS|TAMS 0x0000000088100000, 0x0000000088100000| Complete 
| 130|0x0000000088200000, 0x0000000088300000, 0x0000000088300000|100%| E|CS|TAMS 0x0000000088200000, 0x0000000088200000| Complete 
| 131|0x0000000088300000, 0x0000000088400000, 0x0000000088400000|100%| E|CS|TAMS 0x0000000088300000, 0x0000000088300000| Complete 
| 132|0x0000000088400000, 0x0000000088500000, 0x0000000088500000|100%| E|CS|TAMS 0x0000000088400000, 0x0000000088400000| Complete 
| 133|0x0000000088500000, 0x0000000088600000, 0x0000000088600000|100%| E|CS|TAMS 0x0000000088500000, 0x0000000088500000| Complete 
| 134|0x0000000088600000, 0x0000000088700000, 0x0000000088700000|100%| E|CS|TAMS 0x0000000088600000, 0x0000000088600000| Complete 
| 135|0x0000000088700000, 0x0000000088800000, 0x0000000088800000|100%| E|CS|TAMS 0x0000000088700000, 0x0000000088700000| Complete 
| 136|0x0000000088800000, 0x0000000088900000, 0x0000000088900000|100%| E|CS|TAMS 0x0000000088800000, 0x0000000088800000| Complete 
| 137|0x0000000088900000, 0x0000000088a00000, 0x0000000088a00000|100%| E|CS|TAMS 0x0000000088900000, 0x0000000088900000| Complete 
| 138|0x0000000088a00000, 0x0000000088b00000, 0x0000000088b00000|100%| E|CS|TAMS 0x0000000088a00000, 0x0000000088a00000| Complete 
| 139|0x0000000088b00000, 0x0000000088c00000, 0x0000000088c00000|100%| E|CS|TAMS 0x0000000088b00000, 0x0000000088b00000| Complete 
| 140|0x0000000088c00000, 0x0000000088d00000, 0x0000000088d00000|100%| E|CS|TAMS 0x0000000088c00000, 0x0000000088c00000| Complete 
| 141|0x0000000088d00000, 0x0000000088e00000, 0x0000000088e00000|100%| E|CS|TAMS 0x0000000088d00000, 0x0000000088d00000| Complete 
| 142|0x0000000088e00000, 0x0000000088f00000, 0x0000000088f00000|100%| E|CS|TAMS 0x0000000088e00000, 0x0000000088e00000| Complete 
| 143|0x0000000088f00000, 0x0000000089000000, 0x0000000089000000|100%| E|CS|TAMS 0x0000000088f00000, 0x0000000088f00000| Complete 
| 144|0x0000000089000000, 0x0000000089100000, 0x0000000089100000|100%| E|CS|TAMS 0x0000000089000000, 0x0000000089000000| Complete 
| 145|0x0000000089100000, 0x0000000089200000, 0x0000000089200000|100%| E|CS|TAMS 0x0000000089100000, 0x0000000089100000| Complete 
| 146|0x0000000089200000, 0x0000000089300000, 0x0000000089300000|100%| E|CS|TAMS 0x0000000089200000, 0x0000000089200000| Complete 
| 147|0x0000000089300000, 0x0000000089400000, 0x0000000089400000|100%| E|CS|TAMS 0x0000000089300000, 0x0000000089300000| Complete 
| 148|0x0000000089400000, 0x0000000089500000, 0x0000000089500000|100%| E|CS|TAMS 0x0000000089400000, 0x0000000089400000| Complete 
| 149|0x0000000089500000, 0x0000000089600000, 0x0000000089600000|100%| E|CS|TAMS 0x0000000089500000, 0x0000000089500000| Complete 
| 150|0x0000000089600000, 0x0000000089700000, 0x0000000089700000|100%| E|CS|TAMS 0x0000000089600000, 0x0000000089600000| Complete 
| 151|0x0000000089700000, 0x0000000089800000, 0x0000000089800000|100%| E|CS|TAMS 0x0000000089700000, 0x0000000089700000| Complete 
| 152|0x0000000089800000, 0x0000000089900000, 0x0000000089900000|100%| E|CS|TAMS 0x0000000089800000, 0x0000000089800000| Complete 
| 153|0x0000000089900000, 0x0000000089a00000, 0x0000000089a00000|100%| E|CS|TAMS 0x0000000089900000, 0x0000000089900000| Complete 

Card table byte_map: [0x000001d56b330000,0x000001d56b730000] _byte_map_base: 0x000001d56af30000

Marking Bits (Prev, Next): (CMBitMap*) 0x000001d55846d808, (CMBitMap*) 0x000001d55846d840
 Prev Bits: [0x000001d56bb30000, 0x000001d56db30000)
 Next Bits: [0x000001d56db30000, 0x000001d56fb30000)

Polling page: 0x000001d557c10000

Metaspace:

Usage:
  Non-class:     41.26 MB capacity,    40.54 MB ( 98%) used,   608.82 KB (  1%) free+waste,   122.88 KB ( <1%) overhead. 
      Class:      6.38 MB capacity,     5.94 MB ( 93%) used,   398.70 KB (  6%) free+waste,    58.75 KB ( <1%) overhead. 
       Both:     47.64 MB capacity,    46.48 MB ( 98%) used,  1007.52 KB (  2%) free+waste,   181.63 KB ( <1%) overhead. 

Virtual space:
  Non-class space:       42.00 MB reserved,      41.40 MB ( 99%) committed 
      Class space:        1.00 GB reserved,       6.50 MB ( <1%) committed 
             Both:        1.04 GB reserved,      47.90 MB (  4%) committed 

Chunk freelists:
   Non-Class:  21.00 KB
       Class:  24.00 KB
        Both:  45.00 KB

MaxMetaspaceSize: 17179869184.00 GB
CompressedClassSpaceSize: 1.00 GB

CodeHeap 'non-profiled nmethods': size=120064Kb used=2683Kb max_used=2683Kb free=117380Kb
 bounds [0x000001d5639f0000, 0x000001d563c90000, 0x000001d56af30000]
CodeHeap 'profiled nmethods': size=120000Kb used=9699Kb max_used=9699Kb free=110300Kb
 bounds [0x000001d55c4c0000, 0x000001d55ce40000, 0x000001d5639f0000]
CodeHeap 'non-nmethods': size=5696Kb used=2217Kb max_used=2269Kb free=3478Kb
 bounds [0x000001d55bf30000, 0x000001d55c1a0000, 0x000001d55c4c0000]
 total_blobs=5590 nmethods=4802 adapters=699
 compilation: enabled
              stopped_count=0, restarted_count=0
 full_count=0

Compilation events (20 events):
Event: 5.928 Thread 0x000001d57203a800 nmethod 4750 0x000001d563c8bd10 code [0x000001d563c8bec0, 0x000001d563c8bf78]
Event: 5.930 Thread 0x000001d572b48000 4751       4       jdk.internal.org.objectweb.asm.ByteVector::putInt (74 bytes)
Event: 5.931 Thread 0x000001d572b48000 nmethod 4751 0x000001d563c8c010 code [0x000001d563c8c1a0, 0x000001d563c8c2d8]
Event: 5.933 Thread 0x000001d57203a800 4752       3       java.lang.invoke.MemberName::equals (24 bytes)
Event: 5.933 Thread 0x000001d57203a800 nmethod 4752 0x000001d55ce17c90 code [0x000001d55ce17e60, 0x000001d55ce181e8]
Event: 5.934 Thread 0x000001d57203a800 4753       3       java.security.AccessControlContext::combine (205 bytes)
Event: 5.935 Thread 0x000001d57203a800 nmethod 4753 0x000001d55ce18290 code [0x000001d55ce184c0, 0x000001d55ce18fd8]
Event: 5.935 Thread 0x000001d57203a800 4754       3       java.util.concurrent.locks.AbstractQueuedSynchronizer$ConditionObject::signalAll (33 bytes)
Event: 5.935 Thread 0x000001d57203a800 nmethod 4754 0x000001d55ce19310 code [0x000001d55ce19500, 0x000001d55ce19828]
Event: 5.935 Thread 0x000001d57203a800 4755       3       org.gradle.internal.operations.DefaultBuildOperationListenerManager$ProgressShieldingBuildOperationListener::started (29 bytes)
Event: 5.935 Thread 0x000001d57203a800 nmethod 4755 0x000001d55ce19990 code [0x000001d55ce19b60, 0x000001d55ce19e38]
Event: 5.935 Thread 0x000001d57203a800 4756       3       java.util.concurrent.locks.ReentrantLock::tryLock (9 bytes)
Event: 5.936 Thread 0x000001d57203a800 nmethod 4756 0x000001d55ce19f90 code [0x000001d55ce1a140, 0x000001d55ce1a288]
Event: 5.938 Thread 0x000001d57203a800 4757       3       org.gradle.util.internal.DefaultGradleVersion::compareTo (9 bytes)
Event: 5.938 Thread 0x000001d57203a800 nmethod 4757 0x000001d55ce1a390 code [0x000001d55ce1a560, 0x000001d55ce1a788]
Event: 5.938 Thread 0x000001d57203a800 4758       3       java.util.concurrent.locks.AbstractQueuedSynchronizer$Node::setPrevRelaxed (9 bytes)
Event: 5.938 Thread 0x000001d57203a800 nmethod 4758 0x000001d55ce1a890 code [0x000001d55ce1aae0, 0x000001d55ce1b2d8]
Event: 5.938 Thread 0x000001d57203a800 4760       3       java.util.concurrent.ThreadPoolExecutor::workerCountOf (5 bytes)
Event: 5.938 Thread 0x000001d57203a800 nmethod 4760 0x000001d55ce1b590 code [0x000001d55ce1b740, 0x000001d55ce1b818]
Event: 5.938 Thread 0x000001d57203a800 4759       3       java.util.concurrent.locks.AbstractQueuedSynchronizer::compareAndSetTail (10 bytes)

GC Heap History (18 events):
Event: 0.439 GC heap before
{Heap before GC invocations=0 (full 0):
 garbage-first heap   total 131072K, used 19456K [0x0000000080000000, 0x0000000100000000)
  region size 1024K, 14 young (14336K), 0 survivors (0K)
 Metaspace       used 6753K, capacity 6929K, committed 7168K, reserved 1056768K
  class space    used 584K, capacity 650K, committed 768K, reserved 1048576K
}
Event: 0.443 GC heap after
{Heap after GC invocations=1 (full 0):
 garbage-first heap   total 131072K, used 8365K [0x0000000080000000, 0x0000000100000000)
  region size 1024K, 2 young (2048K), 2 survivors (2048K)
 Metaspace       used 6753K, capacity 6929K, committed 7168K, reserved 1056768K
  class space    used 584K, capacity 650K, committed 768K, reserved 1048576K
}
Event: 0.715 GC heap before
{Heap before GC invocations=1 (full 0):
 garbage-first heap   total 131072K, used 19629K [0x0000000080000000, 0x0000000100000000)
  region size 1024K, 13 young (13312K), 2 survivors (2048K)
 Metaspace       used 10320K, capacity 10621K, committed 10880K, reserved 1058816K
  class space    used 1073K, capacity 1139K, committed 1152K, reserved 1048576K
}
Event: 0.718 GC heap after
{Heap after GC invocations=2 (full 0):
 garbage-first heap   total 131072K, used 9550K [0x0000000080000000, 0x0000000100000000)
  region size 1024K, 2 young (2048K), 2 survivors (2048K)
 Metaspace       used 10320K, capacity 10621K, committed 10880K, reserved 1058816K
  class space    used 1073K, capacity 1139K, committed 1152K, reserved 1048576K
}
Event: 1.071 GC heap before
{Heap before GC invocations=2 (full 0):
 garbage-first heap   total 131072K, used 38222K [0x0000000080000000, 0x0000000100000000)
  region size 1024K, 30 young (30720K), 2 survivors (2048K)
 Metaspace       used 11279K, capacity 11512K, committed 11776K, reserved 1060864K
  class space    used 1176K, capacity 1244K, committed 1280K, reserved 1048576K
}
Event: 1.073 GC heap after
{Heap after GC invocations=3 (full 0):
 garbage-first heap   total 131072K, used 12722K [0x0000000080000000, 0x0000000100000000)
  region size 1024K, 4 young (4096K), 4 survivors (4096K)
 Metaspace       used 11279K, capacity 11512K, committed 11776K, reserved 1060864K
  class space    used 1176K, capacity 1244K, committed 1280K, reserved 1048576K
}
Event: 2.131 GC heap before
{Heap before GC invocations=3 (full 0):
 garbage-first heap   total 131072K, used 73138K [0x0000000080000000, 0x0000000100000000)
  region size 1024K, 63 young (64512K), 4 survivors (4096K)
 Metaspace       used 19509K, capacity 20006K, committed 20224K, reserved 1067008K
  class space    used 2379K, capacity 2548K, committed 2560K, reserved 1048576K
}
Event: 2.138 GC heap after
{Heap after GC invocations=4 (full 0):
 garbage-first heap   total 131072K, used 16533K [0x0000000080000000, 0x0000000100000000)
  region size 1024K, 8 young (8192K), 8 survivors (8192K)
 Metaspace       used 19509K, capacity 20006K, committed 20224K, reserved 1067008K
  class space    used 2379K, capacity 2548K, committed 2560K, reserved 1048576K
}
Event: 2.221 GC heap before
{Heap before GC invocations=4 (full 0):
 garbage-first heap   total 131072K, used 24725K [0x0000000080000000, 0x0000000100000000)
  region size 1024K, 17 young (17408K), 8 survivors (8192K)
 Metaspace       used 20691K, capacity 21172K, committed 21296K, reserved 1069056K
  class space    used 2532K, capacity 2660K, committed 2688K, reserved 1048576K
}
Event: 2.229 GC heap after
{Heap after GC invocations=5 (full 0):
 garbage-first heap   total 157696K, used 17587K [0x0000000080000000, 0x0000000100000000)
  region size 1024K, 1 young (1024K), 1 survivors (1024K)
 Metaspace       used 20691K, capacity 21172K, committed 21296K, reserved 1069056K
  class space    used 2532K, capacity 2660K, committed 2688K, reserved 1048576K
}
Event: 2.828 GC heap before
{Heap before GC invocations=6 (full 0):
 garbage-first heap   total 157696K, used 72883K [0x0000000080000000, 0x0000000100000000)
  region size 1024K, 55 young (56320K), 1 survivors (1024K)
 Metaspace       used 26268K, capacity 26870K, committed 27008K, reserved 1073152K
  class space    used 3436K, capacity 3651K, committed 3712K, reserved 1048576K
}
Event: 2.832 GC heap after
{Heap after GC invocations=7 (full 0):
 garbage-first heap   total 157696K, used 19237K [0x0000000080000000, 0x0000000100000000)
  region size 1024K, 3 young (3072K), 3 survivors (3072K)
 Metaspace       used 26268K, capacity 26870K, committed 27008K, reserved 1073152K
  class space    used 3436K, capacity 3651K, committed 3712K, reserved 1048576K
}
Event: 3.911 GC heap before
{Heap before GC invocations=7 (full 0):
 garbage-first heap   total 157696K, used 74533K [0x0000000080000000, 0x0000000100000000)
  region size 1024K, 58 young (59392K), 3 survivors (3072K)
 Metaspace       used 35148K, capacity 35914K, committed 36048K, reserved 1081344K
  class space    used 4557K, capacity 4863K, committed 4864K, reserved 1048576K
}
Event: 3.918 GC heap after
{Heap after GC invocations=8 (full 0):
 garbage-first heap   total 157696K, used 22806K [0x0000000080000000, 0x0000000100000000)
  region size 1024K, 6 young (6144K), 6 survivors (6144K)
 Metaspace       used 35148K, capacity 35914K, committed 36048K, reserved 1081344K
  class space    used 4557K, capacity 4863K, committed 4864K, reserved 1048576K
}
Event: 4.705 GC heap before
{Heap before GC invocations=9 (full 0):
 garbage-first heap   total 157696K, used 90390K [0x0000000080000000, 0x0000000100000000)
  region size 1024K, 70 young (71680K), 6 survivors (6144K)
 Metaspace       used 40179K, capacity 41084K, committed 41244K, reserved 1085440K
  class space    used 5118K, capacity 5472K, committed 5504K, reserved 1048576K
}
Event: 4.716 GC heap after
{Heap after GC invocations=10 (full 0):
 garbage-first heap   total 157696K, used 28313K [0x0000000080000000, 0x0000000100000000)
  region size 1024K, 9 young (9216K), 9 survivors (9216K)
 Metaspace       used 40179K, capacity 41084K, committed 41244K, reserved 1085440K
  class space    used 5118K, capacity 5472K, committed 5504K, reserved 1048576K
}
Event: 5.349 GC heap before
{Heap before GC invocations=10 (full 0):
 garbage-first heap   total 157696K, used 94873K [0x0000000080000000, 0x0000000100000000)
  region size 1024K, 74 young (75776K), 9 survivors (9216K)
 Metaspace       used 46128K, capacity 47275K, committed 47516K, reserved 1091584K
  class space    used 5921K, capacity 6333K, committed 6400K, reserved 1048576K
}
Event: 5.357 GC heap after
{Heap after GC invocations=11 (full 0):
 garbage-first heap   total 157696K, used 29668K [0x0000000080000000, 0x0000000100000000)
  region size 1024K, 3 young (3072K), 3 survivors (3072K)
 Metaspace       used 46128K, capacity 47275K, committed 47516K, reserved 1091584K
  class space    used 5921K, capacity 6333K, committed 6400K, reserved 1048576K
}

Deoptimization events (20 events):
Event: 5.933 Thread 0x000001d57571f000 Uncommon trap: trap_request=0xffffff5c fr.pc=0x000001d563c6d4a4 relative=0x0000000000001364
Event: 5.933 Thread 0x000001d57571f000 Uncommon trap: reason=speculate_null_assert action=make_not_entrant pc=0x000001d563c6d4a4 method=java.lang.invoke.MethodType$ConcurrentWeakInternSet.add(Ljava/lang/Object;)Ljava/lang/Object; @ 47 c2
Event: 5.933 Thread 0x000001d57571f000 DEOPT PACKING pc=0x000001d563c6d4a4 sp=0x00000074cb2fe0f0
Event: 5.933 Thread 0x000001d57571f000 DEOPT UNPACKING pc=0x000001d55bf5662f sp=0x00000074cb2fe0a8 mode 2
Event: 5.936 Thread 0x000001d575721800 Uncommon trap: trap_request=0xffffff4d fr.pc=0x000001d563b3d578 relative=0x0000000000001438
Event: 5.936 Thread 0x000001d575721800 Uncommon trap: reason=unstable_if action=reinterpret pc=0x000001d563b3d578 method=java.util.concurrent.ConcurrentHashMap.addCount(JI)V @ 168 c2
Event: 5.936 Thread 0x000001d575721800 DEOPT PACKING pc=0x000001d563b3d578 sp=0x00000074cb0fd310
Event: 5.936 Thread 0x000001d575721800 DEOPT UNPACKING pc=0x000001d55bf5662f sp=0x00000074cb0fd1e0 mode 2
Event: 5.936 Thread 0x000001d575721800 Uncommon trap: trap_request=0xffffff4d fr.pc=0x000001d563ac5880 relative=0x0000000000001300
Event: 5.936 Thread 0x000001d575721800 Uncommon trap: reason=unstable_if action=reinterpret pc=0x000001d563ac5880 method=java.util.concurrent.ConcurrentHashMap.transfer([Ljava/util/concurrent/ConcurrentHashMap$Node;[Ljava/util/concurrent/ConcurrentHashMap$Node;)V @ 34 c2
Event: 5.936 Thread 0x000001d575721800 DEOPT PACKING pc=0x000001d563ac5880 sp=0x00000074cb0fd0e0
Event: 5.936 Thread 0x000001d575721800 DEOPT UNPACKING pc=0x000001d55bf5662f sp=0x00000074cb0fd0a0 mode 2
Event: 5.936 Thread 0x000001d57571f000 Uncommon trap: trap_request=0xffffff4d fr.pc=0x000001d563ac59a0 relative=0x0000000000001420
Event: 5.936 Thread 0x000001d57571f000 Uncommon trap: reason=unstable_if action=reinterpret pc=0x000001d563ac59a0 method=java.util.concurrent.ConcurrentHashMap.transfer([Ljava/util/concurrent/ConcurrentHashMap$Node;[Ljava/util/concurrent/ConcurrentHashMap$Node;)V @ 273 c2
Event: 5.936 Thread 0x000001d57571f000 DEOPT PACKING pc=0x000001d563ac59a0 sp=0x00000074cb2fd2e0
Event: 5.936 Thread 0x000001d57571f000 DEOPT UNPACKING pc=0x000001d55bf5662f sp=0x00000074cb2fd280 mode 2
Event: 5.936 Thread 0x000001d57571f000 Uncommon trap: trap_request=0xffffff4d fr.pc=0x000001d563b3d578 relative=0x0000000000001438
Event: 5.936 Thread 0x000001d57571f000 Uncommon trap: reason=unstable_if action=reinterpret pc=0x000001d563b3d578 method=java.util.concurrent.ConcurrentHashMap.addCount(JI)V @ 168 c2
Event: 5.936 Thread 0x000001d57571f000 DEOPT PACKING pc=0x000001d563b3d578 sp=0x00000074cb2fd3f0
Event: 5.936 Thread 0x000001d57571f000 DEOPT UNPACKING pc=0x000001d55bf5662f sp=0x00000074cb2fd2c0 mode 2

Classes redefined (0 events):
No events

Internal exceptions (20 events):
Event: 4.805 Thread 0x000001d574fbc800 Exception <a 'java/lang/NoSuchMethodError'{0x000000008919cb60}: <clinit>> (0x000000008919cb60) thrown at [./src/hotspot/share/prims/jni.cpp, line 1362]
Event: 4.898 Thread 0x000001d5750b5000 Implicit null exception at 0x000001d563ad3cf4 to 0x000001d563ad3f04
Event: 5.007 Thread 0x000001d5750b5000 Exception <a 'java/lang/ClassNotFoundException'{0x0000000087e14e20}: build_20nq2wrmevcd62ng8tcwi2meaBeanInfo> (0x0000000087e14e20) thrown at [./src/hotspot/share/classfile/systemDictionary.cpp, line 231]
Event: 5.007 Thread 0x000001d5750b5000 Exception <a 'java/lang/ClassNotFoundException'{0x0000000087e2b318}: org/gradle/api/internal/project/ProjectScriptBeanInfo> (0x0000000087e2b318) thrown at [./src/hotspot/share/classfile/systemDictionary.cpp, line 231]
Event: 5.007 Thread 0x000001d5750b5000 Exception <a 'java/lang/ClassNotFoundException'{0x0000000087e41490}: org/gradle/api/internal/project/ProjectScriptCustomizer> (0x0000000087e41490) thrown at [./src/hotspot/share/classfile/systemDictionary.cpp, line 231]
Event: 5.008 Thread 0x000001d5750b5000 Exception <a 'java/lang/ClassNotFoundException'{0x0000000087e5c740}: build_20nq2wrmevcd62ng8tcwi2meaCustomizer> (0x0000000087e5c740) thrown at [./src/hotspot/share/classfile/systemDictionary.cpp, line 231]
Event: 5.013 Thread 0x000001d5750b5000 Exception <a 'java/lang/ClassNotFoundException'{0x0000000087ee5d58}: org/gradle/plugin/use/internal/PluginRequestCollector$PluginDependenciesSpecImplBeanInfo> (0x0000000087ee5d58) thrown at [./src/hotspot/share/classfile/systemDictionary.cpp, line 231]
Event: 5.014 Thread 0x000001d5750b5000 Exception <a 'java/lang/ClassNotFoundException'{0x0000000087d15078}: org/gradle/plugin/use/internal/PluginRequestCollector$PluginDependenciesSpecImplCustomizer> (0x0000000087d15078) thrown at [./src/hotspot/share/classfile/systemDictionary.cpp, line 231]
Event: 5.017 Thread 0x000001d5750b5000 Exception <a 'java/lang/ClassNotFoundException'{0x0000000087d7ad50}: org/gradle/plugin/use/internal/PluginRequestCollector$PluginDependencySpecImplBeanInfo> (0x0000000087d7ad50) thrown at [./src/hotspot/share/classfile/systemDictionary.cpp, line 231]
Event: 5.019 Thread 0x000001d5750b5000 Exception <a 'java/lang/ClassNotFoundException'{0x0000000087da9040}: org/gradle/plugin/use/internal/PluginRequestCollector$PluginDependencySpecImplCustomizer> (0x0000000087da9040) thrown at [./src/hotspot/share/classfile/systemDictionary.cpp, line 231]
Event: 5.233 Thread 0x000001d5750b5000 Exception <a 'java/lang/IncompatibleClassChangeError'{0x00000000865a8548}: Found class java.lang.Object, but interface was expected> (0x00000000865a8548) thrown at [./src/hotspot/share/interpreter/linkResolver.cpp, line 839]
Event: 5.316 Thread 0x000001d5750b5000 Exception <a 'java/lang/NoSuchMethodError'{0x0000000085da82c8}: 'int java.lang.invoke.DirectMethodHandle$Holder.invokeStaticInit(java.lang.Object)'> (0x0000000085da82c8) thrown at [./src/hotspot/share/interpreter/linkResolver.cpp, line 773]
Event: 5.340 Thread 0x000001d5750b5000 Exception <a 'java/lang/NoSuchMethodError'{0x0000000085a60cf0}: 'void java.lang.invoke.DirectMethodHandle$Holder.invokeStatic(java.lang.Object, java.lang.Object, java.lang.Object, int, java.lang.Object)'> (0x0000000085a60cf0) thrown at [./src/hotspot/share/interpreter/linkResolver.cpp, line 773]
Event: 5.408 Thread 0x000001d5750b5000 Exception <a 'java/lang/NoSuchMethodError'{0x0000000089570270}: 'java.lang.Object java.lang.invoke.DelegatingMethodHandle$Holder.reinvoke_L(java.lang.Object, java.lang.Object, java.lang.Object, java.lang.Object, java.lang.Object, java.lang.Object, java.lang.Object, java.lang.Object, java.lang.Object, java.lang.Object, java.lang.Object, java.lang.Object, java.lang.Object, java.lang.Object, java.lang.Object, java.lang.Object, java.lang.Object, java.lang.Object, java.lang.Object, java.lang.Object)'> (0x000000
Event: 5.408 Thread 0x000001d5750b5000 Exception <a 'java/lang/NoSuchMethodError'{0x000000008957bd10}: 'java.lang.Object java.lang.invoke.DirectMethodHandle$Holder.invokeSpecial(java.lang.Object, java.lang.Object, java.lang.Object, java.lang.Object, java.lang.Object, java.lang.Object, java.lang.Object, java.lang.Object, java.lang.Object, java.lang.Object, java.lang.Object, java.lang.Object, java.lang.Object, java.lang.Object, java.lang.Object, java.lang.Object, java.lang.Object, java.lang.Object, java.lang.Object, java.lang.Object)'> (0x0000000
Event: 5.408 Thread 0x000001d5750b5000 Exception <a 'java/lang/NoSuchMethodError'{0x0000000089581c50}: 'java.lang.Object java.lang.invoke.Invokers$Holder.invoker(java.lang.Object, java.lang.Object, java.lang.Object, java.lang.Object, java.lang.Object, java.lang.Object, java.lang.Object, java.lang.Object, java.lang.Object, java.lang.Object, java.lang.Object, java.lang.Object, java.lang.Object, java.lang.Object, java.lang.Object, java.lang.Object, java.lang.Object, java.lang.Object, java.lang.Object, java.lang.Object)'> (0x0000000089581c50) throw
Event: 5.408 Thread 0x000001d5750b5000 Exception <a 'java/lang/NoSuchMethodError'{0x00000000895b7218}: 'java.lang.Object java.lang.invoke.DelegatingMethodHandle$Holder.delegate(java.lang.Object, java.lang.Object, java.lang.Object, java.lang.Object, java.lang.Object, java.lang.Object, java.lang.Object, java.lang.Object, java.lang.Object, java.lang.Object, java.lang.Object, java.lang.Object, java.lang.Object, java.lang.Object, java.lang.Object, java.lang.Object, java.lang.Object, java.lang.Object, java.lang.Object, java.lang.Object)'> (0x00000000
Event: 5.411 Thread 0x000001d5750b5000 Exception <a 'java/lang/NoSuchMethodError'{0x00000000895fe9a8}: 'java.lang.Object java.lang.invoke.DirectMethodHandle$Holder.invokeStatic(java.lang.Object, java.lang.Object, java.lang.Object, java.lang.Object, java.lang.Object, java.lang.Object, java.lang.Object, java.lang.Object, java.lang.Object, java.lang.Object, java.lang.Object, java.lang.Object, java.lang.Object, java.lang.Object, java.lang.Object)'> (0x00000000895fe9a8) thrown at [./src/hotspot/share/interpreter/linkResolver.cpp, line 773]
Event: 5.412 Thread 0x000001d5750b5000 Exception <a 'java/lang/NoSuchMethodError'{0x000000008940f5d0}: 'java.lang.Object java.lang.invoke.DirectMethodHandle$Holder.invokeStatic(java.lang.Object, java.lang.Object, java.lang.Object, java.lang.Object, java.lang.Object, java.lang.Object, java.lang.Object, java.lang.Object, java.lang.Object, java.lang.Object, java.lang.Object, java.lang.Object, java.lang.Object, java.lang.Object, java.lang.Object, java.lang.Object)'> (0x000000008940f5d0) thrown at [./src/hotspot/share/interpreter/linkResolver.cpp, l
Event: 5.413 Thread 0x000001d5750b5000 Exception <a 'java/lang/NoSuchMethodError'{0x000000008941faa8}: 'java.lang.Object java.lang.invoke.DelegatingMethodHandle$Holder.reinvoke_L(java.lang.Object, java.lang.Object, java.lang.Object, java.lang.Object, java.lang.Object, java.lang.Object, java.lang.Object, java.lang.Object, java.lang.Object, java.lang.Object, java.lang.Object, java.lang.Object, java.lang.Object, java.lang.Object, java.lang.Object, java.lang.Object, java.lang.Object, java.lang.Object, java.lang.Object)'> (0x000000008941faa8) thrown

Events (20 events):
Event: 5.937 loading class org/gradle/internal/resource/cached/CachedItem
Event: 5.937 loading class org/gradle/internal/resource/cached/CachedItem done
Event: 5.937 loading class org/gradle/internal/resource/cached/CachedItem
Event: 5.937 loading class org/gradle/internal/resource/cached/CachedItem done
Event: 5.937 loading class org/gradle/internal/resource/cached/AbstractCachedIndex
Event: 5.937 loading class org/gradle/internal/resource/cached/CachedItem
Event: 5.937 loading class org/gradle/internal/resource/cached/AbstractCachedIndex done
Event: 5.937 loading class org/gradle/internal/resource/cached/CachedItem done
Event: 5.937 loading class org/gradle/internal/resource/cached/AbstractCachedIndex
Event: 5.937 loading class org/gradle/internal/resource/cached/AbstractCachedIndex done
Event: 5.937 Thread 0x000001d575a5b000 Thread added: 0x000001d575a5b000
Event: 5.938 loading class org/gradle/internal/resource/cached/CachedItem
Event: 5.938 loading class org/gradle/internal/resource/cached/CachedItem done
Event: 5.938 loading class org/gradle/internal/resource/cached/AbstractCachedIndex
Event: 5.938 loading class org/gradle/internal/resource/cached/AbstractCachedIndex done
Event: 5.938 Thread 0x000001d575a5c000 Thread added: 0x000001d575a5c000
Event: 5.938 Thread 0x000001d575a56000 Thread added: 0x000001d575a56000
Event: 5.938 Thread 0x000001d575a61800 Thread added: 0x000001d575a61800
Event: 5.938 Thread 0x000001d575a62800 Thread added: 0x000001d575a62800
Event: 5.938 Thread 0x000001d575a61000 Thread added: 0x000001d575a61000


Dynamic libraries:
0x00007ff7e6940000 - 0x00007ff7e694a000 	C:\Program Files\Android\Android Studio\jre\bin\java.exe
0x00007ff891870000 - 0x00007ff891a65000 	C:\WINDOWS\SYSTEM32\ntdll.dll
0x00007ff8909e0000 - 0x00007ff890a9e000 	C:\WINDOWS\System32\KERNEL32.DLL
0x00007ff88f240000 - 0x00007ff88f508000 	C:\WINDOWS\System32\KERNELBASE.dll
0x00007ff88f140000 - 0x00007ff88f240000 	C:\WINDOWS\System32\ucrtbase.dll
0x00007ff881f10000 - 0x00007ff881f27000 	C:\Program Files\Android\Android Studio\jre\bin\VCRUNTIME140.dll
0x00007ff886d40000 - 0x00007ff886d59000 	C:\Program Files\Android\Android Studio\jre\bin\jli.dll
0x00007ff8769f0000 - 0x00007ff876c8a000 	C:\WINDOWS\WinSxS\amd64_microsoft.windows.common-controls_6595b64144ccf1df_6.0.19041.1110_none_60b5254171f9507e\COMCTL32.dll
0x00007ff890f80000 - 0x00007ff89101e000 	C:\WINDOWS\System32\msvcrt.dll
0x00007ff8900f0000 - 0x00007ff890290000 	C:\WINDOWS\System32\USER32.dll
0x00007ff88f810000 - 0x00007ff88f832000 	C:\WINDOWS\System32\win32u.dll
0x00007ff891020000 - 0x00007ff89104a000 	C:\WINDOWS\System32\GDI32.dll
0x00007ff88f030000 - 0x00007ff88f13b000 	C:\WINDOWS\System32\gdi32full.dll
0x00007ff88ef90000 - 0x00007ff88f02d000 	C:\WINDOWS\System32\msvcp_win.dll
0x00007ff88fae0000 - 0x00007ff88fb10000 	C:\WINDOWS\System32\IMM32.DLL
0x00007ff867e50000 - 0x00007ff867eed000 	C:\Program Files\Android\Android Studio\jre\bin\msvcp140.dll
0x00007ff852e70000 - 0x00007ff853945000 	C:\Program Files\Android\Android Studio\jre\bin\server\jvm.dll
0x00007ff891050000 - 0x00007ff8910fe000 	C:\WINDOWS\System32\ADVAPI32.dll
0x00007ff88fdd0000 - 0x00007ff88fe6c000 	C:\WINDOWS\System32\sechost.dll
0x00007ff88f9b0000 - 0x00007ff88fad5000 	C:\WINDOWS\System32\RPCRT4.dll
0x00007ff891120000 - 0x00007ff891128000 	C:\WINDOWS\System32\PSAPI.DLL
0x00007ff8750e0000 - 0x00007ff8750e9000 	C:\WINDOWS\SYSTEM32\WSOCK32.dll
0x00007ff885c40000 - 0x00007ff885c67000 	C:\WINDOWS\SYSTEM32\WINMM.dll
0x00007ff890080000 - 0x00007ff8900eb000 	C:\WINDOWS\System32\WS2_32.dll
0x00007ff888fb0000 - 0x00007ff888fba000 	C:\WINDOWS\SYSTEM32\VERSION.dll
0x00007ff88d890000 - 0x00007ff88d8a2000 	C:\WINDOWS\SYSTEM32\kernel.appcore.dll
0x00007ff8820e0000 - 0x00007ff8820f1000 	C:\Program Files\Android\Android Studio\jre\bin\verify.dll
0x00007ff877030000 - 0x00007ff877214000 	C:\WINDOWS\SYSTEM32\DBGHELP.DLL
0x00007ff878ec0000 - 0x00007ff878eec000 	C:\WINDOWS\SYSTEM32\dbgcore.DLL
0x00007ff88f840000 - 0x00007ff88f8c2000 	C:\WINDOWS\System32\bcryptPrimitives.dll
0x00007ff86e000000 - 0x00007ff86e029000 	C:\Program Files\Android\Android Studio\jre\bin\java.dll
0x00007ff88a7a0000 - 0x00007ff88a7ab000 	C:\Program Files\Android\Android Studio\jre\bin\jimage.dll
0x00007ff86f080000 - 0x00007ff86f098000 	C:\Program Files\Android\Android Studio\jre\bin\zip.dll
0x00007ff890290000 - 0x00007ff8909d4000 	C:\WINDOWS\System32\SHELL32.dll
0x00007ff88d0b0000 - 0x00007ff88d844000 	C:\WINDOWS\SYSTEM32\windows.storage.dll
0x00007ff890b70000 - 0x00007ff890ec4000 	C:\WINDOWS\System32\combase.dll
0x00007ff88e930000 - 0x00007ff88e95c000 	C:\WINDOWS\SYSTEM32\Wldp.dll
0x00007ff890ed0000 - 0x00007ff890f7d000 	C:\WINDOWS\System32\SHCORE.dll
0x00007ff88fd60000 - 0x00007ff88fdb5000 	C:\WINDOWS\System32\shlwapi.dll
0x00007ff88eed0000 - 0x00007ff88eeef000 	C:\WINDOWS\SYSTEM32\profapi.dll
0x00007ff86db10000 - 0x00007ff86db2a000 	C:\Program Files\Android\Android Studio\jre\bin\net.dll
0x00007ff885910000 - 0x00007ff885a1a000 	C:\WINDOWS\SYSTEM32\WINHTTP.dll
0x00007ff88e690000 - 0x00007ff88e6fa000 	C:\WINDOWS\system32\mswsock.dll
0x00007ff868a60000 - 0x00007ff868a74000 	C:\Program Files\Android\Android Studio\jre\bin\nio.dll
0x00007ff881f90000 - 0x00007ff881fb7000 	C:\Users\Vik\.gradle\native\e1d6ef7f7dcc3fd88c89a11ec53ec762bb8ba0a96d01ffa2cd45eb1d1d8dd5c5\windows-amd64\native-platform.dll
0x00007ff866d50000 - 0x00007ff866e94000 	C:\Users\Vik\.gradle\native\5664cfc778a61ccfe75a443a1ab52a65af34e5dc3c78e0209fed803814484fcb\windows-amd64\native-platform-file-events.dll
0x00007ff883220000 - 0x00007ff88322a000 	C:\Program Files\Android\Android Studio\jre\bin\management.dll
0x00007ff882a50000 - 0x00007ff882a5d000 	C:\Program Files\Android\Android Studio\jre\bin\management_ext.dll
0x00007ff88e890000 - 0x00007ff88e8a8000 	C:\WINDOWS\SYSTEM32\CRYPTSP.dll
0x00007ff88e010000 - 0x00007ff88e044000 	C:\WINDOWS\system32\rsaenh.dll
0x00007ff88f630000 - 0x00007ff88f657000 	C:\WINDOWS\System32\bcrypt.dll
0x00007ff88ee90000 - 0x00007ff88eebe000 	C:\WINDOWS\SYSTEM32\USERENV.dll
0x00007ff88e880000 - 0x00007ff88e88c000 	C:\WINDOWS\SYSTEM32\CRYPTBASE.dll
0x00007ff88e380000 - 0x00007ff88e3bb000 	C:\WINDOWS\SYSTEM32\IPHLPAPI.DLL
0x00007ff88fc20000 - 0x00007ff88fc28000 	C:\WINDOWS\System32\NSI.dll
0x00007ff8884e0000 - 0x00007ff8884f7000 	C:\WINDOWS\SYSTEM32\dhcpcsvc6.DLL
0x00007ff888e50000 - 0x00007ff888e6d000 	C:\WINDOWS\SYSTEM32\dhcpcsvc.DLL
0x00007ff88e3c0000 - 0x00007ff88e48b000 	C:\WINDOWS\SYSTEM32\DNSAPI.dll

dbghelp: loaded successfully - version: 4.0.5 - missing functions: none
symbol engine: initialized successfully - sym options: 0x614 - pdb path: .;C:\Program Files\Android\Android Studio\jre\bin;C:\WINDOWS\SYSTEM32;C:\WINDOWS\WinSxS\amd64_microsoft.windows.common-controls_6595b64144ccf1df_6.0.19041.1110_none_60b5254171f9507e;C:\Program Files\Android\Android Studio\jre\bin\server;C:\Users\Vik\.gradle\native\e1d6ef7f7dcc3fd88c89a11ec53ec762bb8ba0a96d01ffa2cd45eb1d1d8dd5c5\windows-amd64;C:\Users\Vik\.gradle\native\5664cfc778a61ccfe75a443a1ab52a65af34e5dc3c78e0209fed803814484fcb\windows-amd64

VM Arguments:
jvm_args: --add-opens=java.base/java.util=ALL-UNNAMED --add-opens=java.base/java.lang=ALL-UNNAMED --add-opens=java.base/java.lang.invoke=ALL-UNNAMED --add-opens=java.base/java.util=ALL-UNNAMED --add-opens=java.prefs/java.util.prefs=ALL-UNNAMED --add-opens=java.prefs/java.util.prefs=ALL-UNNAMED --add-opens=java.base/java.nio.charset=ALL-UNNAMED --add-opens=java.base/java.net=ALL-UNNAMED --add-opens=java.base/java.util.concurrent.atomic=ALL-UNNAMED -Xmx2048m -Dfile.encoding=UTF-8 -Duser.country=RU -Duser.language=ru -Duser.variant 
java_command: org.gradle.launcher.daemon.bootstrap.GradleDaemon 7.2
java_class_path (initial): C:\Users\Vik\.gradle\wrapper\dists\gradle-7.2-bin\2dnblmf4td7x66yl1d74lt32g\gradle-7.2\lib\gradle-launcher-7.2.jar
Launcher Type: SUN_STANDARD

[Global flags]
     intx CICompilerCount                          = 3                                         {product} {ergonomic}
     uint ConcGCThreads                            = 1                                         {product} {ergonomic}
     uint G1ConcRefinementThreads                  = 4                                         {product} {ergonomic}
   size_t G1HeapRegionSize                         = 1048576                                   {product} {ergonomic}
    uintx GCDrainStackTargetSize                   = 64                                        {product} {ergonomic}
   size_t InitialHeapSize                          = 134217728                                 {product} {ergonomic}
   size_t MarkStackSize                            = 4194304                                   {product} {ergonomic}
   size_t MaxHeapSize                              = 2147483648                                {product} {command line}
   size_t MaxNewSize                               = 1287651328                                {product} {ergonomic}
   size_t MinHeapDeltaBytes                        = 1048576                                   {product} {ergonomic}
    uintx NonNMethodCodeHeapSize                   = 5830732                                {pd product} {ergonomic}
    uintx NonProfiledCodeHeapSize                  = 122913754                              {pd product} {ergonomic}
    uintx ProfiledCodeHeapSize                     = 122913754                              {pd product} {ergonomic}
    uintx ReservedCodeCacheSize                    = 251658240                              {pd product} {ergonomic}
     bool SegmentedCodeCache                       = true                                      {product} {ergonomic}
     bool UseCompressedClassPointers               = true                                 {lp64_product} {ergonomic}
     bool UseCompressedOops                        = true                                 {lp64_product} {ergonomic}
     bool UseG1GC                                  = true                                      {product} {ergonomic}
     bool UseLargePagesIndividualAllocation        = false                                  {pd product} {ergonomic}

Logging:
Log output configuration:
 #0: stdout all=warning uptime,level,tags
 #1: stderr all=off uptime,level,tags

Environment Variables:
JAVA_HOME=c:\Program Files\Java\jdk-16.0.2
PATH=C:\Program Files\Common Files\Oracle\Java\javapath;C:\Program Files (x86)\Common Files\Oracle\Java\javapath;C:\ProgramData\Oracle\Java\javapath;C:\Windows\system32;C:\Windows;C:\Windows\System32\Wbem;C:\Windows\System32\WindowsPowerShell\v1.0\;C:\Program Files\Java\jdk-16.0.2\bin\;C:\WINDOWS\system32;C:\WINDOWS;C:\WINDOWS\System32\Wbem;C:\WINDOWS\System32\WindowsPowerShell\v1.0\;C:\WINDOWS\System32\OpenSSH\;C:\Program Files\dotnet\;C:\Program Files\Git\cmd;C:\Program Files (x86)\NVIDIA Corporation\PhysX\Common;C:\Users\Vik\AppData\Local\Microsoft\WindowsApps;C:\Program Files\JetBrains\IntelliJ IDEA Community Edition 2021.3\bin;C:\Users\Vik\AppData\Local\GitHubDesktop\bin;C:\Users\Vik\AppData\Local\gitkraken\bin
USERNAME=Vik
OS=Windows_NT
PROCESSOR_IDENTIFIER=Intel64 Family 6 Model 60 Stepping 3, GenuineIntel



---------------  S Y S T E M  ---------------

OS: Windows 10 , 64 bit Build 19041 (10.0.19041.1645)
OS uptime: 0 days 2:12 hours

CPU:total 4 (initial active 4) (4 cores per cpu, 1 threads per core) family 6 model 60 stepping 3 microcode 0x27, cmov, cx8, fxsr, mmx, sse, sse2, sse3, ssse3, sse4.1, sse4.2, popcnt, avx, avx2, aes, clmul, erms, lzcnt, tsc, tscinvbit, bmi1, bmi2, fma

Memory: 4k page, system-wide physical 8128M (560M free)
TotalPageFile size 10528M (AvailPageFile size 4M)
current process WorkingSet (physical memory assigned to process): 291M, peak: 295M
current process commit charge ("private bytes"): 349M, peak: 352M

vm_info: OpenJDK 64-Bit Server VM (11.0.11+9-b60-7590822) for windows-amd64 JRE (11.0.11+9-b60-7590822), built on Jul 29 2021 21:43:44 by "builder" with MS VC++ 14.0 (VS2015)

END.
