#
# There is insufficient memory for the Java Runtime Environment to continue.
# Native memory allocation (mmap) failed to map 134217728 bytes for Failed to commit area from 0x0000000080e00000 to 0x0000000088e00000 of length 134217728.
# Possible reasons:
#   The system is out of physical RAM or swap space
#   The process is running with CompressedOops enabled, and the Java Heap may be blocking the growth of the native heap
# Possible solutions:
#   Reduce memory load on the system
#   Increase physical memory or swap space
#   Check if swap backing store is full
#   Decrease Java heap size (-Xmx/-Xms)
#   Decrease number of Java threads
#   Decrease Java thread stack sizes (-Xss)
#   Set larger code cache with -XX:ReservedCodeCacheSize=
# This output file may be truncated or incomplete.
#
#  Out of Memory Error (./src/hotspot/os/windows/os_windows.cpp:3301), pid=10216, tid=6316
#
# JRE version:  (11.0.11+9) (build )
# Java VM: OpenJDK 64-Bit Server VM (11.0.11+9-b60-7590822, mixed mode, sharing, tiered, compressed oops, g1 gc, windows-amd64)
# No core dump will be written. Minidumps are not enabled by default on client versions of Windows
#

---------------  S U M M A R Y ------------

Command Line: org.jetbrains.kotlin.cli.jvm.K2JVMCompiler @D:\AndroidStudioProjects\Kotlin\app\build\20220519_9913619113318323064.compiler.options

Host: Intel(R) Core(TM) i5-4690 CPU @ 3.50GHz, 4 cores, 7G,  Windows 10 , 64 bit Build 19041 (10.0.19041.1645)
Time: Thu May 19 16:03:31 2022 Финляндия (лето) elapsed time: 0.009733 seconds (0d 0h 0m 0s)

---------------  T H R E A D  ---------------

Current thread (0x00000184444eb000):  JavaThread "Unknown thread" [_thread_in_vm, id=6316, stack(0x0000008262600000,0x0000008262700000)]

Stack: [0x0000008262600000,0x0000008262700000]
Native frames: (J=compiled Java code, j=interpreted, Vv=VM code, C=native code)
V  [jvm.dll+0x5f214a]
V  [jvm.dll+0x726fb5]
V  [jvm.dll+0x7285cd]
V  [jvm.dll+0x728c83]
V  [jvm.dll+0x243278]
V  [jvm.dll+0x5ef544]
V  [jvm.dll+0x5e4495]
V  [jvm.dll+0x2fec5b]
V  [jvm.dll+0x2febca]
V  [jvm.dll+0x2feaa2]
V  [jvm.dll+0x303986]
V  [jvm.dll+0x34c3a3]
V  [jvm.dll+0x34caa6]
V  [jvm.dll+0x34c4a3]
V  [jvm.dll+0x2d9688]
V  [jvm.dll+0x2da837]
V  [jvm.dll+0x705ba7]
V  [jvm.dll+0x70739c]
V  [jvm.dll+0x3598f9]
V  [jvm.dll+0x6e931e]
V  [jvm.dll+0x3c1c43]
V  [jvm.dll+0x3c3e81]
C  [jli.dll+0x5373]
C  [ucrtbase.dll+0x21bb2]
C  [KERNEL32.DLL+0x17034]
C  [ntdll.dll+0x52651]


---------------  P R O C E S S  ---------------

Threads class SMR info:
_java_thread_list=0x0000018442b515c0, length=0, elements={
}

Java Threads: ( => current thread )

Other Threads:
  0x0000018444504000 GCTaskThread "GC Thread#0" [stack: 0x0000008262700000,0x0000008262800000] [id=2704]
  0x0000018444533800 ConcurrentGCThread "G1 Main Marker" [stack: 0x0000008262800000,0x0000008262900000] [id=4512]
  0x0000018444535000 ConcurrentGCThread "G1 Conc#0" [stack: 0x0000008262900000,0x0000008262a00000] [id=5036]

[error occurred during error reporting (printing all threads), id 0xc0000005, EXCEPTION_ACCESS_VIOLATION (0xc0000005) at pc=0x00007ffcf0c89c47]

VM state:not at safepoint (not fully initialized)

VM Mutex/Monitor currently owned by a thread:  ([mutex/lock_event])
[0x00000184444e7650] Heap_lock - owner thread: 0x00000184444eb000

Heap address: 0x0000000080e00000, size: 2034 MB, Compressed Oops mode: Non-zero based: 0x0000000080e00000
Narrow klass base: 0x0000000000000000, Narrow klass shift: 0

GC Heap History (0 events):
No events

Deoptimization events (0 events):
No events

Classes redefined (0 events):
No events

Internal exceptions (0 events):
No events

Events (1 events):
Event: 0.005 Loaded shared library C:\Program Files\Android\Android Studio\jre\bin\zip.dll


Dynamic libraries:
0x00007ff73ebe0000 - 0x00007ff73ebea000 	C:\Program Files\Android\Android Studio\jre\bin\java.exe
0x00007ffd25d70000 - 0x00007ffd25f65000 	C:\WINDOWS\SYSTEM32\ntdll.dll
0x00007ffd25c70000 - 0x00007ffd25d2e000 	C:\WINDOWS\System32\KERNEL32.DLL
0x00007ffd238a0000 - 0x00007ffd23b68000 	C:\WINDOWS\System32\KERNELBASE.dll
0x00007ffd235d0000 - 0x00007ffd236d0000 	C:\WINDOWS\System32\ucrtbase.dll
0x00007ffd04180000 - 0x00007ffd04197000 	C:\Program Files\Android\Android Studio\jre\bin\VCRUNTIME140.dll
0x00007ffd041a0000 - 0x00007ffd041b9000 	C:\Program Files\Android\Android Studio\jre\bin\jli.dll
0x00007ffd25090000 - 0x00007ffd25230000 	C:\WINDOWS\System32\USER32.dll
0x00007ffd23b70000 - 0x00007ffd23b92000 	C:\WINDOWS\System32\win32u.dll
0x00007ffd25740000 - 0x00007ffd2576a000 	C:\WINDOWS\System32\GDI32.dll
0x00007ffd23790000 - 0x00007ffd2389b000 	C:\WINDOWS\System32\gdi32full.dll
0x00007ffd23ba0000 - 0x00007ffd23c3d000 	C:\WINDOWS\System32\msvcp_win.dll
0x00007ffd0ee70000 - 0x00007ffd0f10a000 	C:\WINDOWS\WinSxS\amd64_microsoft.windows.common-controls_6595b64144ccf1df_6.0.19041.1110_none_60b5254171f9507e\COMCTL32.dll
0x00007ffd240c0000 - 0x00007ffd2415e000 	C:\WINDOWS\System32\msvcrt.dll
0x00007ffd23e50000 - 0x00007ffd23e80000 	C:\WINDOWS\System32\IMM32.DLL
0x00007ffcfc3b0000 - 0x00007ffcfc44d000 	C:\Program Files\Android\Android Studio\jre\bin\msvcp140.dll
0x00007ffcf09a0000 - 0x00007ffcf1475000 	C:\Program Files\Android\Android Studio\jre\bin\server\jvm.dll
0x00007ffd242d0000 - 0x00007ffd2437e000 	C:\WINDOWS\System32\ADVAPI32.dll
0x00007ffd24380000 - 0x00007ffd2441c000 	C:\WINDOWS\System32\sechost.dll
0x00007ffd24de0000 - 0x00007ffd24f05000 	C:\WINDOWS\System32\RPCRT4.dll
0x00007ffd25600000 - 0x00007ffd25608000 	C:\WINDOWS\System32\PSAPI.DLL
0x00007ffd08d70000 - 0x00007ffd08d79000 	C:\WINDOWS\SYSTEM32\WSOCK32.dll
0x00007ffd25590000 - 0x00007ffd255fb000 	C:\WINDOWS\System32\WS2_32.dll
0x00007ffd1a040000 - 0x00007ffd1a067000 	C:\WINDOWS\SYSTEM32\WINMM.dll
0x00007ffd1d670000 - 0x00007ffd1d67a000 	C:\WINDOWS\SYSTEM32\VERSION.dll
0x00007ffd21d90000 - 0x00007ffd21da2000 	C:\WINDOWS\SYSTEM32\kernel.appcore.dll
0x00007ffcf0980000 - 0x00007ffcf0991000 	C:\Program Files\Android\Android Studio\jre\bin\verify.dll
0x00007ffd0a890000 - 0x00007ffd0aa74000 	C:\WINDOWS\SYSTEM32\DBGHELP.DLL
0x00007ffd0a460000 - 0x00007ffd0a48c000 	C:\WINDOWS\SYSTEM32\dbgcore.DLL
0x00007ffd23540000 - 0x00007ffd235c2000 	C:\WINDOWS\System32\bcryptPrimitives.dll
0x00007ffcf0950000 - 0x00007ffcf0979000 	C:\Program Files\Android\Android Studio\jre\bin\java.dll
0x00007ffd07080000 - 0x00007ffd0708b000 	C:\Program Files\Android\Android Studio\jre\bin\jimage.dll
0x00007ffcf0930000 - 0x00007ffcf0948000 	C:\Program Files\Android\Android Studio\jre\bin\zip.dll

dbghelp: loaded successfully - version: 4.0.5 - missing functions: none
symbol engine: initialized successfully - sym options: 0x614 - pdb path: .;C:\Program Files\Android\Android Studio\jre\bin;C:\WINDOWS\SYSTEM32;C:\WINDOWS\WinSxS\amd64_microsoft.windows.common-controls_6595b64144ccf1df_6.0.19041.1110_none_60b5254171f9507e;C:\Program Files\Android\Android Studio\jre\bin\server

VM Arguments:
java_command: org.jetbrains.kotlin.cli.jvm.K2JVMCompiler @D:\AndroidStudioProjects\Kotlin\app\build\20220519_9913619113318323064.compiler.options
java_class_path (initial): C:\Users\Vik\.gradle\caches\modules-2\files-2.1\org.jetbrains.kotlin\kotlin-compiler-embeddable\1.6.21\97bdd5a752ce73b58ef16c17bc7f0ea2faff7a2e\kotlin-compiler-embeddable-1.6.21.jar;C:\Users\Vik\.gradle\caches\modules-2\files-2.1\org.jetbrains.kotlin\kotlin-reflect\1.6.21\5dc3574d9b7bebfcb4ec6b10ada4aaa9e140bd0b\kotlin-reflect-1.6.21.jar;C:\Users\Vik\.gradle\caches\modules-2\files-2.1\org.jetbrains.kotlin\kotlin-stdlib\1.6.21\11ef67f1900634fd951bad28c53ec957fabbe5b8\kotlin-stdlib-1.6.21.jar;C:\Users\Vik\.gradle\caches\modules-2\files-2.1\org.jetbrains.kotlin\kotlin-script-runtime\1.6.21\99c6675100da5d6d5b1c5a1032f27f28008d101b\kotlin-script-runtime-1.6.21.jar;C:\Users\Vik\.gradle\caches\modules-2\files-2.1\org.jetbrains.kotlin\kotlin-daemon-embeddable\1.6.21\46b78cf392e1c4f10854c3cadba44abb7b82250f\kotlin-daemon-embeddable-1.6.21.jar;C:\Users\Vik\.gradle\caches\modules-2\files-2.1\org.jetbrains.intellij.deps\trove4j\1.0.20200330\3afb14d5f9ceb459d724e907a21145e8ff394f02\trove4j-1.0.20200330.jar;C:\Users\Vik\.gradle\caches\modules-2\files-2.1\net.java.dev.jna\jna\5.6.0\330f2244e9030119ab3030fc3fededc86713d9cc\jna-5.6.0.jar;C:\Users\Vik\.gradle\caches\modules-2\files-2.1\org.jetbrains.kotlin\kotlin-stdlib-common\1.6.21\5e5b55c26dbc80372a920aef60eb774b714559b8\kotlin-stdlib-common-1.6.21.jar;C:\Users\Vik\.gradle\caches\modules-2\files-2.1\org.jetbrains\annotations\13.0\919f0dfe192fb4e063e7dacadee7f8bb9a2672a9\annotations-13.0.jar
Launcher Type: SUN_STANDARD

[Global flags]
     intx CICompilerCount                          = 3                                         {product} {ergonomic}
     uint ConcGCThreads                            = 1                                         {product} {ergonomic}
     uint G1ConcRefinementThreads                  = 4                                         {product} {ergonomic}
   size_t G1HeapRegionSize                         = 1048576                                   {product} {ergonomic}
    uintx GCDrainStackTargetSize                   = 64                                        {product} {ergonomic}
   size_t InitialHeapSize                          = 134217728                                 {product} {ergonomic}
   size_t MarkStackSize                            = 4194304                                   {product} {ergonomic}
   size_t MaxHeapSize                              = 2132803584                                {product} {ergonomic}
   size_t MinHeapDeltaBytes                        = 1048576                                   {product} {ergonomic}
    uintx NonNMethodCodeHeapSize                   = 5830732                                {pd product} {ergonomic}
    uintx NonProfiledCodeHeapSize                  = 122913754                              {pd product} {ergonomic}
    uintx ProfiledCodeHeapSize                     = 122913754                              {pd product} {ergonomic}
    uintx ReservedCodeCacheSize                    = 251658240                              {pd product} {ergonomic}
     bool SegmentedCodeCache                       = true                                      {product} {ergonomic}
     bool UseCompressedClassPointers               = true                                 {lp64_product} {ergonomic}
     bool UseCompressedOops                        = true                                 {lp64_product} {ergonomic}
     bool UseG1GC                                  = true                                      {product} {ergonomic}
     bool UseLargePagesIndividualAllocation        = false                                  {pd product} {ergonomic}

Logging:
Log output configuration:
 #0: stdout all=warning uptime,level,tags
 #1: stderr all=off uptime,level,tags

Environment Variables:
JAVA_HOME=c:\Program Files\Java\jdk-16.0.2
PATH=C:\Program Files\Common Files\Oracle\Java\javapath;C:\Program Files (x86)\Common Files\Oracle\Java\javapath;C:\ProgramData\Oracle\Java\javapath;C:\Windows\system32;C:\Windows;C:\Windows\System32\Wbem;C:\Windows\System32\WindowsPowerShell\v1.0\;C:\Program Files\Java\jdk-16.0.2\bin\;C:\WINDOWS\system32;C:\WINDOWS;C:\WINDOWS\System32\Wbem;C:\WINDOWS\System32\WindowsPowerShell\v1.0\;C:\WINDOWS\System32\OpenSSH\;C:\Program Files\dotnet\;C:\Program Files\Git\cmd;C:\Program Files (x86)\NVIDIA Corporation\PhysX\Common;C:\Users\Vik\AppData\Local\Microsoft\WindowsApps;C:\Program Files\JetBrains\IntelliJ IDEA Community Edition 2021.3\bin;C:\Users\Vik\AppData\Local\GitHubDesktop\bin;C:\Users\Vik\AppData\Local\gitkraken\bin
USERNAME=Vik
OS=Windows_NT
PROCESSOR_IDENTIFIER=Intel64 Family 6 Model 60 Stepping 3, GenuineIntel



---------------  S Y S T E M  ---------------

OS: Windows 10 , 64 bit Build 19041 (10.0.19041.1645)
OS uptime: 0 days 1:30 hours

CPU:total 4 (initial active 4) (4 cores per cpu, 1 threads per core) family 6 model 60 stepping 3 microcode 0x27, cmov, cx8, fxsr, mmx, sse, sse2, sse3, ssse3, sse4.1, sse4.2, popcnt, avx, avx2, aes, clmul, erms, lzcnt, tsc, tscinvbit, bmi1, bmi2, fma

Memory: 4k page, system-wide physical 8128M (450M free)
TotalPageFile size 10528M (AvailPageFile size 118M)
current process WorkingSet (physical memory assigned to process): 9M, peak: 9M
current process commit charge ("private bytes"): 51M, peak: 179M

vm_info: OpenJDK 64-Bit Server VM (11.0.11+9-b60-7590822) for windows-amd64 JRE (11.0.11+9-b60-7590822), built on Jul 29 2021 21:43:44 by "builder" with MS VC++ 14.0 (VS2015)

END.
