#
# There is insufficient memory for the Java Runtime Environment to continue.
# Native memory allocation (mmap) failed to map 27262976 bytes for Failed to commit area from 0x0000000088000000 to 0x0000000089a00000 of length 27262976.
# Possible reasons:
#   The system is out of physical RAM or swap space
#   The process is running with CompressedOops enabled, and the Java Heap may be blocking the growth of the native heap
# Possible solutions:
#   Reduce memory load on the system
#   Increase physical memory or swap space
#   Check if swap backing store is full
#   Decrease Java heap size (-Xmx/-Xms)
#   Decrease number of Java threads
#   Decrease Java thread stack sizes (-Xss)
#   Set larger code cache with -XX:ReservedCodeCacheSize=
#   JVM is running with Unscaled Compressed Oops mode in which the Java heap is
#     placed in the first 4GB address space. The Java Heap base address is the
#     maximum limit for the native heap growth. Please use -XX:HeapBaseMinAddress
#     to set the Java Heap base and to place the Java Heap above 4GB virtual address.
# This output file may be truncated or incomplete.
#
#  Out of Memory Error (./src/hotspot/os/windows/os_windows.cpp:3301), pid=984, tid=10440
#
# JRE version: OpenJDK Runtime Environment (11.0.11+9) (build 11.0.11+9-b60-7590822)
# Java VM: OpenJDK 64-Bit Server VM (11.0.11+9-b60-7590822, mixed mode, tiered, compressed oops, g1 gc, windows-amd64)
# No core dump will be written. Minidumps are not enabled by default on client versions of Windows
#

---------------  S U M M A R Y ------------

Command Line: --add-opens=java.base/java.util=ALL-UNNAMED --add-opens=java.base/java.lang=ALL-UNNAMED --add-opens=java.base/java.lang.invoke=ALL-UNNAMED --add-opens=java.base/java.util=ALL-UNNAMED --add-opens=java.prefs/java.util.prefs=ALL-UNNAMED --add-opens=java.prefs/java.util.prefs=ALL-UNNAMED --add-opens=java.base/java.nio.charset=ALL-UNNAMED --add-opens=java.base/java.net=ALL-UNNAMED --add-opens=java.base/java.util.concurrent.atomic=ALL-UNNAMED -Xmx2048m -Dfile.encoding=UTF-8 -Duser.country=RU -Duser.language=ru -Duser.variant org.gradle.launcher.daemon.bootstrap.GradleDaemon 7.2

Host: Intel(R) Core(TM) i5-4690 CPU @ 3.50GHz, 4 cores, 7G,  Windows 10 , 64 bit Build 19041 (10.0.19041.1645)
Time: Thu May 19 14:23:58 2022 Финляндия (лето) elapsed time: 3.481233 seconds (0d 0h 0m 3s)

---------------  T H R E A D  ---------------

Current thread (0x0000014d6ed6c800):  VMThread "VM Thread" [stack: 0x0000000600b00000,0x0000000600c00000] [id=10440]

Stack: [0x0000000600b00000,0x0000000600c00000]
[error occurred during error reporting (printing stack bounds), id 0xc0000005, EXCEPTION_ACCESS_VIOLATION (0xc0000005) at pc=0x0000014d58510f2d]

Native frames: (J=compiled Java code, j=interpreted, Vv=VM code, C=native code)
V  [jvm.dll+0x5f214a]
V  [jvm.dll+0x726fb5]
V  [jvm.dll+0x7285cd]
V  [jvm.dll+0x728be5]
V  [jvm.dll+0x728b9b]
V  [jvm.dll+0x5f14e8]
V  [jvm.dll+0x5f1c78]
C  [ntdll.dll+0xa20cf]
C  [ntdll.dll+0x51454]
C  [ntdll.dll+0xa0bfe]
C  0x0000014d58510f2d

VM_Operation (0x0000000601ff51e0): CollectForMetadataAllocation, mode: safepoint, requested by thread 0x0000014d72c3e000


---------------  P R O C E S S  ---------------

Threads class SMR info:
_java_thread_list=0x0000014d72903830, length=31, elements={
0x0000014d5322a800, 0x0000014d6ed6f800, 0x0000014d6ed74000, 0x0000014d6ed8d000,
0x0000014d6ed8f800, 0x0000014d6ed90800, 0x0000014d6ed94000, 0x0000014d6ed9d000,
0x0000014d6ed9e800, 0x0000014d6f85d000, 0x0000014d6f942800, 0x0000014d721da000,
0x0000014d7096f800, 0x0000014d71e1f800, 0x0000014d7049c000, 0x0000014d71c0b800,
0x0000014d710ea000, 0x0000014d72c3e000, 0x0000014d720ca800, 0x0000014d72c33000,
0x0000014d71fe1800, 0x0000014d71fe8000, 0x0000014d71fe5000, 0x0000014d71fe6800,
0x0000014d71fe3800, 0x0000014d71fe5800, 0x0000014d71fe7800, 0x0000014d71fe2800,
0x0000014d71fe4000, 0x0000014d71eeb000, 0x0000014d71eec000
}

Java Threads: ( => current thread )
  0x0000014d5322a800 JavaThread "main" [_thread_blocked, id=7760, stack(0x0000000600500000,0x0000000600600000)]
  0x0000014d6ed6f800 JavaThread "Reference Handler" daemon [_thread_blocked, id=10184, stack(0x0000000600c00000,0x0000000600d00000)]
  0x0000014d6ed74000 JavaThread "Finalizer" daemon [_thread_blocked, id=7852, stack(0x0000000600d00000,0x0000000600e00000)]
  0x0000014d6ed8d000 JavaThread "Signal Dispatcher" daemon [_thread_blocked, id=8108, stack(0x0000000600e00000,0x0000000600f00000)]
  0x0000014d6ed8f800 JavaThread "Attach Listener" daemon [_thread_blocked, id=7748, stack(0x0000000600f00000,0x0000000601000000)]
  0x0000014d6ed90800 JavaThread "Service Thread" daemon [_thread_blocked, id=4564, stack(0x0000000601000000,0x0000000601100000)]
  0x0000014d6ed94000 JavaThread "C2 CompilerThread0" daemon [_thread_in_native, id=3620, stack(0x0000000601100000,0x0000000601200000)]
  0x0000014d6ed9d000 JavaThread "C1 CompilerThread0" daemon [_thread_blocked, id=6664, stack(0x0000000601200000,0x0000000601300000)]
  0x0000014d6ed9e800 JavaThread "Sweeper thread" daemon [_thread_blocked, id=2228, stack(0x0000000601300000,0x0000000601400000)]
  0x0000014d6f85d000 JavaThread "Common-Cleaner" daemon [_thread_blocked, id=11188, stack(0x0000000601400000,0x0000000601500000)]
  0x0000014d6f942800 JavaThread "C2 CompilerThread1" daemon [_thread_in_native, id=7728, stack(0x0000000601600000,0x0000000601700000)]
  0x0000014d721da000 JavaThread "Daemon health stats" [_thread_blocked, id=10160, stack(0x0000000601900000,0x0000000601a00000)]
  0x0000014d7096f800 JavaThread "Incoming local TCP Connector on port 56433" [_thread_in_native, id=10212, stack(0x0000000601a00000,0x0000000601b00000)]
  0x0000014d71e1f800 JavaThread "Daemon periodic checks" [_thread_blocked, id=5684, stack(0x0000000601b00000,0x0000000601c00000)]
  0x0000014d7049c000 JavaThread "Daemon" [_thread_blocked, id=2700, stack(0x0000000601c00000,0x0000000601d00000)]
  0x0000014d71c0b800 JavaThread "Handler for socket connection from /127.0.0.1:56433 to /127.0.0.1:56434" [_thread_in_native, id=10632, stack(0x0000000601d00000,0x0000000601e00000)]
  0x0000014d710ea000 JavaThread "Cancel handler" [_thread_blocked, id=5356, stack(0x0000000601e00000,0x0000000601f00000)]
  0x0000014d72c3e000 JavaThread "Daemon worker" [_thread_blocked, id=6620, stack(0x0000000601f00000,0x0000000602000000)]
  0x0000014d720ca800 JavaThread "Asynchronous log dispatcher for DefaultDaemonConnection: socket connection from /127.0.0.1:56433 to /127.0.0.1:56434" [_thread_blocked, id=3756, stack(0x0000000602000000,0x0000000602100000)]
  0x0000014d72c33000 JavaThread "Stdin handler" [_thread_blocked, id=3304, stack(0x0000000602100000,0x0000000602200000)]
  0x0000014d71fe1800 JavaThread "Daemon client event forwarder" [_thread_blocked, id=11180, stack(0x0000000602200000,0x0000000602300000)]
  0x0000014d71fe8000 JavaThread "Cache worker for journal cache (C:\Users\Vik\.gradle\caches\journal-1)" [_thread_blocked, id=9152, stack(0x0000000602400000,0x0000000602500000)]
  0x0000014d71fe5000 JavaThread "File lock request listener" [_thread_in_native, id=10408, stack(0x0000000602500000,0x0000000602600000)]
  0x0000014d71fe6800 JavaThread "Cache worker for file hash cache (C:\Users\Vik\.gradle\caches\7.2\fileHashes)" [_thread_blocked, id=472, stack(0x0000000602600000,0x0000000602700000)]
  0x0000014d71fe3800 JavaThread "Cache worker for file hash cache (D:\AndroidStudioProjects\Kotlin\.gradle\7.2\fileHashes)" [_thread_blocked, id=2464, stack(0x0000000602700000,0x0000000602800000)]
  0x0000014d71fe5800 JavaThread "File watcher server" daemon [_thread_in_native, id=10848, stack(0x0000000602800000,0x0000000602900000)]
  0x0000014d71fe7800 JavaThread "File watcher consumer" daemon [_thread_blocked, id=1012, stack(0x0000000602900000,0x0000000602a00000)]
  0x0000014d71fe2800 JavaThread "Cache worker for checksums cache (D:\AndroidStudioProjects\Kotlin\.gradle\checksums)" [_thread_blocked, id=1808, stack(0x0000000602a00000,0x0000000602b00000)]
  0x0000014d71fe4000 JavaThread "Cache worker for cache directory md-supplier (C:\Users\Vik\.gradle\caches\7.2\md-supplier)" [_thread_blocked, id=9964, stack(0x0000000602b00000,0x0000000602c00000)]
  0x0000014d71eeb000 JavaThread "Cache worker for cache directory md-rule (C:\Users\Vik\.gradle\caches\7.2\md-rule)" [_thread_blocked, id=9320, stack(0x0000000602c00000,0x0000000602d00000)]
  0x0000014d71eec000 JavaThread "Cache worker for execution history cache (C:\Users\Vik\.gradle\caches\7.2\executionHistory)" [_thread_blocked, id=9916, stack(0x0000000602d00000,0x0000000602e00000)]

Other Threads:
=>0x0000014d6ed6c800 VMThread "VM Thread" [stack: 0x0000000600b00000,0x0000000600c00000] [id=10440]
  0x0000014d6f877000 WatcherThread [stack: 0x0000000601500000,0x0000000601600000] [id=6864]
  0x0000014d53244000 GCTaskThread "GC Thread#0" [stack: 0x0000000600600000,0x0000000600700000] [id=7668]
  0x0000014d6fbb5800 GCTaskThread "GC Thread#1" [stack: 0x0000000601700000,0x0000000601800000] [id=7992]
  0x0000014d6fc99800 GCTaskThread "GC Thread#2" [stack: 0x0000000601800000,0x0000000601900000] [id=5428]
  0x0000014d71a4f800 GCTaskThread "GC Thread#3" [stack: 0x0000000602300000,0x0000000602400000] [id=10800]
  0x0000014d53277000 ConcurrentGCThread "G1 Main Marker" [stack: 0x0000000600700000,0x0000000600800000] [id=6024]
  0x0000014d53279800 ConcurrentGCThread "G1 Conc#0" [stack: 0x0000000600800000,0x0000000600900000] [id=7144]
  0x0000014d53308000 ConcurrentGCThread "G1 Refine#0" [stack: 0x0000000600900000,0x0000000600a00000] [id=7332]
  0x0000014d53309000 ConcurrentGCThread "G1 Young RemSet Sampling" [stack: 0x0000000600a00000,0x0000000600b00000] [id=10976]

Threads with active compile tasks:
C2 CompilerThread0   3490 2706       4       jdk.internal.loader.URLClassPath::getResource (74 bytes)
C2 CompilerThread1   3490 2746   !   4       java.net.URL::<init> (543 bytes)

VM state:at safepoint (normal execution)

VM Mutex/Monitor currently owned by a thread:  ([mutex/lock_event])
[0x0000014d532297e0] Threads_lock - owner thread: 0x0000014d6ed6c800
[0x0000014d53229120] Heap_lock - owner thread: 0x0000014d72c3e000

Heap address: 0x0000000080000000, size: 2048 MB, Compressed Oops mode: 32-bit
Narrow klass base: 0x0000000000000000, Narrow klass shift: 3
Compressed class space size: 1073741824 Address: 0x0000000100000000

Heap:
 garbage-first heap   total 157696K, used 23026K [0x0000000080000000, 0x0000000100000000)
  region size 1024K, 7 young (7168K), 7 survivors (7168K)
 Metaspace       used 35105K, capacity 35922K, committed 36048K, reserved 1081344K
  class space    used 4557K, capacity 4863K, committed 4864K, reserved 1048576K
Heap Regions: E=young(eden), S=young(survivor), O=old, HS=humongous(starts), HC=humongous(continues), CS=collection set, F=free, A=archive, TAMS=top-at-mark-start (previous, next)
|   0|0x0000000080000000, 0x0000000080100000, 0x0000000080100000|100%| O|  |TAMS 0x0000000080100000, 0x0000000080100000| Untracked 
|   1|0x0000000080100000, 0x0000000080200000, 0x0000000080200000|100%| O|  |TAMS 0x0000000080200000, 0x0000000080200000| Untracked 
|   2|0x0000000080200000, 0x0000000080300000, 0x0000000080300000|100%| O|  |TAMS 0x0000000080300000, 0x0000000080300000| Untracked 
|   3|0x0000000080300000, 0x0000000080400000, 0x0000000080400000|100%|HS|  |TAMS 0x0000000080400000, 0x0000000080400000| Complete 
|   4|0x0000000080400000, 0x0000000080500000, 0x0000000080500000|100%|HC|  |TAMS 0x0000000080500000, 0x0000000080500000| Complete 
|   5|0x0000000080500000, 0x0000000080600000, 0x0000000080600000|100%|HC|  |TAMS 0x0000000080600000, 0x0000000080600000| Complete 
|   6|0x0000000080600000, 0x0000000080700000, 0x0000000080700000|100%| O|  |TAMS 0x0000000080700000, 0x0000000080700000| Untracked 
|   7|0x0000000080700000, 0x0000000080800000, 0x0000000080800000|100%| O|  |TAMS 0x0000000080800000, 0x0000000080800000| Untracked 
|   8|0x0000000080800000, 0x0000000080900000, 0x0000000080900000|100%| O|  |TAMS 0x0000000080900000, 0x0000000080900000| Untracked 
|   9|0x0000000080900000, 0x0000000080a00000, 0x0000000080a00000|100%| O|  |TAMS 0x0000000080a00000, 0x0000000080a00000| Untracked 
|  10|0x0000000080a00000, 0x0000000080b00000, 0x0000000080b00000|100%| O|  |TAMS 0x0000000080b00000, 0x0000000080b00000| Untracked 
|  11|0x0000000080b00000, 0x0000000080c00000, 0x0000000080c00000|100%| O|  |TAMS 0x0000000080c00000, 0x0000000080c00000| Untracked 
|  12|0x0000000080c00000, 0x0000000080d00000, 0x0000000080d00000|100%| O|  |TAMS 0x0000000080d00000, 0x0000000080d00000| Untracked 
|  13|0x0000000080d00000, 0x0000000080e00000, 0x0000000080e00000|100%| O|  |TAMS 0x0000000080e00000, 0x0000000080e00000| Untracked 
|  14|0x0000000080e00000, 0x0000000080f00000, 0x0000000080f00000|100%| O|  |TAMS 0x0000000080f00000, 0x0000000080f00000| Untracked 
|  15|0x0000000080f00000, 0x0000000080fb0600, 0x0000000081000000| 68%| O|  |TAMS 0x0000000080fb0600, 0x0000000080fb0600| Untracked 
|  16|0x0000000081000000, 0x0000000081000000, 0x0000000081100000|  0%| F|  |TAMS 0x0000000081000000, 0x0000000081000000| Untracked 
|  17|0x0000000081100000, 0x0000000081100000, 0x0000000081200000|  0%| F|  |TAMS 0x0000000081100000, 0x0000000081100000| Untracked 
|  18|0x0000000081200000, 0x0000000081200000, 0x0000000081300000|  0%| F|  |TAMS 0x0000000081200000, 0x0000000081200000| Untracked 
|  19|0x0000000081300000, 0x0000000081300000, 0x0000000081400000|  0%| F|  |TAMS 0x0000000081300000, 0x0000000081300000| Untracked 
|  20|0x0000000081400000, 0x0000000081400000, 0x0000000081500000|  0%| F|  |TAMS 0x0000000081400000, 0x0000000081400000| Untracked 
|  21|0x0000000081500000, 0x0000000081500000, 0x0000000081600000|  0%| F|  |TAMS 0x0000000081500000, 0x0000000081500000| Untracked 
|  22|0x0000000081600000, 0x0000000081600000, 0x0000000081700000|  0%| F|  |TAMS 0x0000000081600000, 0x0000000081600000| Untracked 
|  23|0x0000000081700000, 0x0000000081700000, 0x0000000081800000|  0%| F|  |TAMS 0x0000000081700000, 0x0000000081700000| Untracked 
|  24|0x0000000081800000, 0x0000000081800000, 0x0000000081900000|  0%| F|  |TAMS 0x0000000081800000, 0x0000000081800000| Untracked 
|  25|0x0000000081900000, 0x0000000081900000, 0x0000000081a00000|  0%| F|  |TAMS 0x0000000081900000, 0x0000000081900000| Untracked 
|  26|0x0000000081a00000, 0x0000000081a00000, 0x0000000081b00000|  0%| F|  |TAMS 0x0000000081a00000, 0x0000000081a00000| Untracked 
|  27|0x0000000081b00000, 0x0000000081b00000, 0x0000000081c00000|  0%| F|  |TAMS 0x0000000081b00000, 0x0000000081b00000| Untracked 
|  28|0x0000000081c00000, 0x0000000081c00000, 0x0000000081d00000|  0%| F|  |TAMS 0x0000000081c00000, 0x0000000081c00000| Untracked 
|  29|0x0000000081d00000, 0x0000000081d00000, 0x0000000081e00000|  0%| F|  |TAMS 0x0000000081d00000, 0x0000000081d00000| Untracked 
|  30|0x0000000081e00000, 0x0000000081e00000, 0x0000000081f00000|  0%| F|  |TAMS 0x0000000081e00000, 0x0000000081e00000| Untracked 
|  31|0x0000000081f00000, 0x0000000081f00000, 0x0000000082000000|  0%| F|  |TAMS 0x0000000081f00000, 0x0000000081f00000| Untracked 
|  32|0x0000000082000000, 0x0000000082000000, 0x0000000082100000|  0%| F|  |TAMS 0x0000000082000000, 0x0000000082000000| Untracked 
|  33|0x0000000082100000, 0x0000000082100000, 0x0000000082200000|  0%| F|  |TAMS 0x0000000082100000, 0x0000000082100000| Untracked 
|  34|0x0000000082200000, 0x0000000082200000, 0x0000000082300000|  0%| F|  |TAMS 0x0000000082200000, 0x0000000082200000| Untracked 
|  35|0x0000000082300000, 0x0000000082300000, 0x0000000082400000|  0%| F|  |TAMS 0x0000000082300000, 0x0000000082300000| Untracked 
|  36|0x0000000082400000, 0x0000000082400000, 0x0000000082500000|  0%| F|  |TAMS 0x0000000082400000, 0x0000000082400000| Untracked 
|  37|0x0000000082500000, 0x0000000082500000, 0x0000000082600000|  0%| F|  |TAMS 0x0000000082500000, 0x0000000082500000| Untracked 
|  38|0x0000000082600000, 0x0000000082600000, 0x0000000082700000|  0%| F|  |TAMS 0x0000000082600000, 0x0000000082600000| Untracked 
|  39|0x0000000082700000, 0x0000000082700000, 0x0000000082800000|  0%| F|  |TAMS 0x0000000082700000, 0x0000000082700000| Untracked 
|  40|0x0000000082800000, 0x0000000082800000, 0x0000000082900000|  0%| F|  |TAMS 0x0000000082800000, 0x0000000082800000| Untracked 
|  41|0x0000000082900000, 0x0000000082900000, 0x0000000082a00000|  0%| F|  |TAMS 0x0000000082900000, 0x0000000082900000| Untracked 
|  42|0x0000000082a00000, 0x0000000082a00000, 0x0000000082b00000|  0%| F|  |TAMS 0x0000000082a00000, 0x0000000082a00000| Untracked 
|  43|0x0000000082b00000, 0x0000000082b00000, 0x0000000082c00000|  0%| F|  |TAMS 0x0000000082b00000, 0x0000000082b00000| Untracked 
|  44|0x0000000082c00000, 0x0000000082c00000, 0x0000000082d00000|  0%| F|  |TAMS 0x0000000082c00000, 0x0000000082c00000| Untracked 
|  45|0x0000000082d00000, 0x0000000082d00000, 0x0000000082e00000|  0%| F|  |TAMS 0x0000000082d00000, 0x0000000082d00000| Untracked 
|  46|0x0000000082e00000, 0x0000000082e00000, 0x0000000082f00000|  0%| F|  |TAMS 0x0000000082e00000, 0x0000000082e00000| Untracked 
|  47|0x0000000082f00000, 0x0000000082f00000, 0x0000000083000000|  0%| F|  |TAMS 0x0000000082f00000, 0x0000000082f00000| Untracked 
|  48|0x0000000083000000, 0x0000000083000000, 0x0000000083100000|  0%| F|  |TAMS 0x0000000083000000, 0x0000000083000000| Untracked 
|  49|0x0000000083100000, 0x0000000083100000, 0x0000000083200000|  0%| F|  |TAMS 0x0000000083100000, 0x0000000083100000| Untracked 
|  50|0x0000000083200000, 0x0000000083200000, 0x0000000083300000|  0%| F|  |TAMS 0x0000000083200000, 0x0000000083200000| Untracked 
|  51|0x0000000083300000, 0x0000000083300000, 0x0000000083400000|  0%| F|  |TAMS 0x0000000083300000, 0x0000000083300000| Untracked 
|  52|0x0000000083400000, 0x0000000083400000, 0x0000000083500000|  0%| F|  |TAMS 0x0000000083400000, 0x0000000083400000| Untracked 
|  53|0x0000000083500000, 0x0000000083500000, 0x0000000083600000|  0%| F|  |TAMS 0x0000000083500000, 0x0000000083500000| Untracked 
|  54|0x0000000083600000, 0x0000000083600000, 0x0000000083700000|  0%| F|  |TAMS 0x0000000083600000, 0x0000000083600000| Untracked 
|  55|0x0000000083700000, 0x0000000083700000, 0x0000000083800000|  0%| F|  |TAMS 0x0000000083700000, 0x0000000083700000| Untracked 
|  56|0x0000000083800000, 0x00000000838cc4b0, 0x0000000083900000| 79%| S|CS|TAMS 0x0000000083800000, 0x0000000083800000| Complete 
|  57|0x0000000083900000, 0x0000000083a00000, 0x0000000083a00000|100%| S|CS|TAMS 0x0000000083900000, 0x0000000083900000| Complete 
|  58|0x0000000083a00000, 0x0000000083b00000, 0x0000000083b00000|100%| S|CS|TAMS 0x0000000083a00000, 0x0000000083a00000| Complete 
|  59|0x0000000083b00000, 0x0000000083c00000, 0x0000000083c00000|100%| S|CS|TAMS 0x0000000083b00000, 0x0000000083b00000| Complete 
|  60|0x0000000083c00000, 0x0000000083d00000, 0x0000000083d00000|100%| S|CS|TAMS 0x0000000083c00000, 0x0000000083c00000| Complete 
|  61|0x0000000083d00000, 0x0000000083e00000, 0x0000000083e00000|100%| S|CS|TAMS 0x0000000083d00000, 0x0000000083d00000| Complete 
|  62|0x0000000083e00000, 0x0000000083f00000, 0x0000000083f00000|100%| S|CS|TAMS 0x0000000083e00000, 0x0000000083e00000| Complete 
|  63|0x0000000083f00000, 0x0000000083f00000, 0x0000000084000000|  0%| F|  |TAMS 0x0000000083f00000, 0x0000000083f00000| Untracked 
|  64|0x0000000084000000, 0x0000000084000000, 0x0000000084100000|  0%| F|  |TAMS 0x0000000084000000, 0x0000000084000000| Untracked 
|  65|0x0000000084100000, 0x0000000084100000, 0x0000000084200000|  0%| F|  |TAMS 0x0000000084100000, 0x0000000084100000| Untracked 
|  66|0x0000000084200000, 0x0000000084200000, 0x0000000084300000|  0%| F|  |TAMS 0x0000000084200000, 0x0000000084200000| Untracked 
|  67|0x0000000084300000, 0x0000000084300000, 0x0000000084400000|  0%| F|  |TAMS 0x0000000084300000, 0x0000000084300000| Untracked 
|  68|0x0000000084400000, 0x0000000084400000, 0x0000000084500000|  0%| F|  |TAMS 0x0000000084400000, 0x0000000084400000| Untracked 
|  69|0x0000000084500000, 0x0000000084500000, 0x0000000084600000|  0%| F|  |TAMS 0x0000000084500000, 0x0000000084500000| Untracked 
|  70|0x0000000084600000, 0x0000000084600000, 0x0000000084700000|  0%| F|  |TAMS 0x0000000084600000, 0x0000000084600000| Untracked 
|  71|0x0000000084700000, 0x0000000084700000, 0x0000000084800000|  0%| F|  |TAMS 0x0000000084700000, 0x0000000084700000| Untracked 
|  72|0x0000000084800000, 0x0000000084800000, 0x0000000084900000|  0%| F|  |TAMS 0x0000000084800000, 0x0000000084800000| Untracked 
|  73|0x0000000084900000, 0x0000000084900000, 0x0000000084a00000|  0%| F|  |TAMS 0x0000000084900000, 0x0000000084900000| Untracked 
|  74|0x0000000084a00000, 0x0000000084a00000, 0x0000000084b00000|  0%| F|  |TAMS 0x0000000084a00000, 0x0000000084a00000| Untracked 
|  75|0x0000000084b00000, 0x0000000084b00000, 0x0000000084c00000|  0%| F|  |TAMS 0x0000000084b00000, 0x0000000084b00000| Untracked 
|  76|0x0000000084c00000, 0x0000000084c00000, 0x0000000084d00000|  0%| F|  |TAMS 0x0000000084c00000, 0x0000000084c00000| Untracked 
|  77|0x0000000084d00000, 0x0000000084d00000, 0x0000000084e00000|  0%| F|  |TAMS 0x0000000084d00000, 0x0000000084d00000| Untracked 
|  78|0x0000000084e00000, 0x0000000084e00000, 0x0000000084f00000|  0%| F|  |TAMS 0x0000000084e00000, 0x0000000084e00000| Untracked 
|  79|0x0000000084f00000, 0x0000000084f00000, 0x0000000085000000|  0%| F|  |TAMS 0x0000000084f00000, 0x0000000084f00000| Untracked 
|  80|0x0000000085000000, 0x0000000085000000, 0x0000000085100000|  0%| F|  |TAMS 0x0000000085000000, 0x0000000085000000| Untracked 
|  81|0x0000000085100000, 0x0000000085100000, 0x0000000085200000|  0%| F|  |TAMS 0x0000000085100000, 0x0000000085100000| Untracked 
|  82|0x0000000085200000, 0x0000000085200000, 0x0000000085300000|  0%| F|  |TAMS 0x0000000085200000, 0x0000000085200000| Untracked 
|  83|0x0000000085300000, 0x0000000085300000, 0x0000000085400000|  0%| F|  |TAMS 0x0000000085300000, 0x0000000085300000| Untracked 
|  84|0x0000000085400000, 0x0000000085400000, 0x0000000085500000|  0%| F|  |TAMS 0x0000000085400000, 0x0000000085400000| Untracked 
|  85|0x0000000085500000, 0x0000000085500000, 0x0000000085600000|  0%| F|  |TAMS 0x0000000085500000, 0x0000000085500000| Untracked 
|  86|0x0000000085600000, 0x0000000085600000, 0x0000000085700000|  0%| F|  |TAMS 0x0000000085600000, 0x0000000085600000| Untracked 
|  87|0x0000000085700000, 0x0000000085700000, 0x0000000085800000|  0%| F|  |TAMS 0x0000000085700000, 0x0000000085700000| Untracked 
|  88|0x0000000085800000, 0x0000000085800000, 0x0000000085900000|  0%| F|  |TAMS 0x0000000085800000, 0x0000000085800000| Untracked 
|  89|0x0000000085900000, 0x0000000085900000, 0x0000000085a00000|  0%| F|  |TAMS 0x0000000085900000, 0x0000000085900000| Untracked 
|  90|0x0000000085a00000, 0x0000000085a00000, 0x0000000085b00000|  0%| F|  |TAMS 0x0000000085a00000, 0x0000000085a00000| Untracked 
|  91|0x0000000085b00000, 0x0000000085b00000, 0x0000000085c00000|  0%| F|  |TAMS 0x0000000085b00000, 0x0000000085b00000| Untracked 
|  92|0x0000000085c00000, 0x0000000085c00000, 0x0000000085d00000|  0%| F|  |TAMS 0x0000000085c00000, 0x0000000085c00000| Untracked 
|  93|0x0000000085d00000, 0x0000000085d00000, 0x0000000085e00000|  0%| F|  |TAMS 0x0000000085d00000, 0x0000000085d00000| Untracked 
|  94|0x0000000085e00000, 0x0000000085e00000, 0x0000000085f00000|  0%| F|  |TAMS 0x0000000085e00000, 0x0000000085e00000| Untracked 
|  95|0x0000000085f00000, 0x0000000085f00000, 0x0000000086000000|  0%| F|  |TAMS 0x0000000085f00000, 0x0000000085f00000| Untracked 
|  96|0x0000000086000000, 0x0000000086000000, 0x0000000086100000|  0%| F|  |TAMS 0x0000000086000000, 0x0000000086000000| Untracked 
|  97|0x0000000086100000, 0x0000000086100000, 0x0000000086200000|  0%| F|  |TAMS 0x0000000086100000, 0x0000000086100000| Untracked 
|  98|0x0000000086200000, 0x0000000086200000, 0x0000000086300000|  0%| F|  |TAMS 0x0000000086200000, 0x0000000086200000| Untracked 
|  99|0x0000000086300000, 0x0000000086300000, 0x0000000086400000|  0%| F|  |TAMS 0x0000000086300000, 0x0000000086300000| Untracked 
| 100|0x0000000086400000, 0x0000000086400000, 0x0000000086500000|  0%| F|  |TAMS 0x0000000086400000, 0x0000000086400000| Untracked 
| 101|0x0000000086500000, 0x0000000086500000, 0x0000000086600000|  0%| F|  |TAMS 0x0000000086500000, 0x0000000086500000| Untracked 
| 102|0x0000000086600000, 0x0000000086600000, 0x0000000086700000|  0%| F|  |TAMS 0x0000000086600000, 0x0000000086600000| Untracked 
| 103|0x0000000086700000, 0x0000000086700000, 0x0000000086800000|  0%| F|  |TAMS 0x0000000086700000, 0x0000000086700000| Untracked 
| 104|0x0000000086800000, 0x0000000086800000, 0x0000000086900000|  0%| F|  |TAMS 0x0000000086800000, 0x0000000086800000| Untracked 
| 105|0x0000000086900000, 0x0000000086900000, 0x0000000086a00000|  0%| F|  |TAMS 0x0000000086900000, 0x0000000086900000| Untracked 
| 106|0x0000000086a00000, 0x0000000086a00000, 0x0000000086b00000|  0%| F|  |TAMS 0x0000000086a00000, 0x0000000086a00000| Untracked 
| 107|0x0000000086b00000, 0x0000000086b00000, 0x0000000086c00000|  0%| F|  |TAMS 0x0000000086b00000, 0x0000000086b00000| Untracked 
| 108|0x0000000086c00000, 0x0000000086c00000, 0x0000000086d00000|  0%| F|  |TAMS 0x0000000086c00000, 0x0000000086c00000| Untracked 
| 109|0x0000000086d00000, 0x0000000086d00000, 0x0000000086e00000|  0%| F|  |TAMS 0x0000000086d00000, 0x0000000086d00000| Untracked 
| 110|0x0000000086e00000, 0x0000000086e00000, 0x0000000086f00000|  0%| F|  |TAMS 0x0000000086e00000, 0x0000000086e00000| Untracked 
| 111|0x0000000086f00000, 0x0000000086f00000, 0x0000000087000000|  0%| F|  |TAMS 0x0000000086f00000, 0x0000000086f00000| Untracked 
| 112|0x0000000087000000, 0x0000000087000000, 0x0000000087100000|  0%| F|  |TAMS 0x0000000087000000, 0x0000000087000000| Untracked 
| 113|0x0000000087100000, 0x0000000087100000, 0x0000000087200000|  0%| F|  |TAMS 0x0000000087100000, 0x0000000087100000| Untracked 
| 114|0x0000000087200000, 0x0000000087200000, 0x0000000087300000|  0%| F|  |TAMS 0x0000000087200000, 0x0000000087200000| Untracked 
| 115|0x0000000087300000, 0x0000000087300000, 0x0000000087400000|  0%| F|  |TAMS 0x0000000087300000, 0x0000000087300000| Untracked 
| 116|0x0000000087400000, 0x0000000087400000, 0x0000000087500000|  0%| F|  |TAMS 0x0000000087400000, 0x0000000087400000| Untracked 
| 117|0x0000000087500000, 0x0000000087500000, 0x0000000087600000|  0%| F|  |TAMS 0x0000000087500000, 0x0000000087500000| Untracked 
| 118|0x0000000087600000, 0x0000000087600000, 0x0000000087700000|  0%| F|  |TAMS 0x0000000087600000, 0x0000000087600000| Untracked 
| 119|0x0000000087700000, 0x0000000087700000, 0x0000000087800000|  0%| F|  |TAMS 0x0000000087700000, 0x0000000087700000| Untracked 
| 120|0x0000000087800000, 0x0000000087800000, 0x0000000087900000|  0%| F|  |TAMS 0x0000000087800000, 0x0000000087800000| Untracked 
| 121|0x0000000087900000, 0x0000000087900000, 0x0000000087a00000|  0%| F|  |TAMS 0x0000000087900000, 0x0000000087900000| Untracked 
| 122|0x0000000087a00000, 0x0000000087a00000, 0x0000000087b00000|  0%| F|  |TAMS 0x0000000087a00000, 0x0000000087a00000| Untracked 
| 123|0x0000000087b00000, 0x0000000087b00000, 0x0000000087c00000|  0%| F|  |TAMS 0x0000000087b00000, 0x0000000087b00000| Untracked 
| 124|0x0000000087c00000, 0x0000000087c00000, 0x0000000087d00000|  0%| F|  |TAMS 0x0000000087c00000, 0x0000000087c00000| Untracked 
| 125|0x0000000087d00000, 0x0000000087d00000, 0x0000000087e00000|  0%| F|  |TAMS 0x0000000087d00000, 0x0000000087d00000| Untracked 
| 126|0x0000000087e00000, 0x0000000087e00000, 0x0000000087f00000|  0%| F|  |TAMS 0x0000000087e00000, 0x0000000087e00000| Untracked 
| 127|0x0000000087f00000, 0x0000000087f00000, 0x0000000088000000|  0%| F|  |TAMS 0x0000000087f00000, 0x0000000087f00000| Untracked 

Card table byte_map: [0x0000014d67f30000,0x0000014d68330000] _byte_map_base: 0x0000014d67b30000

Marking Bits (Prev, Next): (CMBitMap*) 0x0000014d5326e360, (CMBitMap*) 0x0000014d5326e328
 Prev Bits: [0x0000014d6a730000, 0x0000014d6c730000)
 Next Bits: [0x0000014d68730000, 0x0000014d6a730000)

Polling page: 0x0000014d530d0000

Metaspace:

Usage:
  Non-class:     30.33 MB capacity,    29.83 MB ( 98%) used,   437.41 KB (  1%) free+waste,    74.06 KB ( <1%) overhead. 
      Class:      4.75 MB capacity,     4.45 MB ( 94%) used,   268.79 KB (  6%) free+waste,    36.31 KB ( <1%) overhead. 
       Both:     35.08 MB capacity,    34.28 MB ( 98%) used,   706.20 KB (  2%) free+waste,   110.38 KB ( <1%) overhead. 

Virtual space:
  Non-class space:       32.00 MB reserved,      30.45 MB ( 95%) committed 
      Class space:        1.00 GB reserved,       4.75 MB ( <1%) committed 
             Both:        1.03 GB reserved,      35.20 MB (  3%) committed 

Chunk freelists:
   Non-Class:  45.00 KB
       Class:  1.00 KB
        Both:  46.00 KB

MaxMetaspaceSize: 17179869184.00 GB
CompressedClassSpaceSize: 1.00 GB

CodeHeap 'non-profiled nmethods': size=120064Kb used=1423Kb max_used=1423Kb free=118640Kb
 bounds [0x0000014d5ffd0000, 0x0000014d60240000, 0x0000014d67510000]
CodeHeap 'profiled nmethods': size=120000Kb used=6148Kb max_used=6148Kb free=113851Kb
 bounds [0x0000014d58aa0000, 0x0000014d590b0000, 0x0000014d5ffd0000]
CodeHeap 'non-nmethods': size=5696Kb used=1173Kb max_used=1234Kb free=4522Kb
 bounds [0x0000014d58510000, 0x0000014d58780000, 0x0000014d58aa0000]
 total_blobs=3373 nmethods=2853 adapters=431
 compilation: enabled
              stopped_count=0, restarted_count=0
 full_count=0

Compilation events (20 events):
Event: 3.455 Thread 0x0000014d6ed9d000 2853       3       org.codehaus.groovy.reflection.ReflectionUtils::checkCanSetAccessible (11 bytes)
Event: 3.455 Thread 0x0000014d6ed9d000 nmethod 2853 0x0000014d5909d610 code [0x0000014d5909d7c0, 0x0000014d5909d8e8]
Event: 3.455 Thread 0x0000014d6ed9d000 2852       3       java.lang.reflect.Field::<init> (44 bytes)
Event: 3.455 Thread 0x0000014d6ed9d000 nmethod 2852 0x0000014d5909d990 code [0x0000014d5909db60, 0x0000014d5909df18]
Event: 3.455 Thread 0x0000014d6ed9d000 2855       3       java.lang.reflect.Field::copy (76 bytes)
Event: 3.456 Thread 0x0000014d6ed9d000 nmethod 2855 0x0000014d5909e010 code [0x0000014d5909e200, 0x0000014d5909e5f8]
Event: 3.456 Thread 0x0000014d6ed9d000 2854       1       java.lang.reflect.Field::getDeclaringClass (5 bytes)
Event: 3.456 Thread 0x0000014d6ed9d000 nmethod 2854 0x0000014d60133490 code [0x0000014d60133640, 0x0000014d601336f8]
Event: 3.461 Thread 0x0000014d6ed9d000 2856       1       groovy.lang.MetaProperty::getName (5 bytes)
Event: 3.461 Thread 0x0000014d6ed9d000 nmethod 2856 0x0000014d60133790 code [0x0000014d60133940, 0x0000014d601339f8]
Event: 3.462 Thread 0x0000014d6ed9d000 2858       3       org.codehaus.groovy.reflection.CachedMethod::getReturnType (8 bytes)
Event: 3.462 Thread 0x0000014d6ed9d000 nmethod 2858 0x0000014d5909e710 code [0x0000014d5909e8c0, 0x0000014d5909e9d8]
Event: 3.462 Thread 0x0000014d6ed9d000 2857       3       java.beans.MethodRef::get (91 bytes)
Event: 3.463 Thread 0x0000014d6ed9d000 nmethod 2857 0x0000014d5909ea90 code [0x0000014d5909ed00, 0x0000014d5909f8b8]
Event: 3.463 Thread 0x0000014d6ed9d000 2859       3       org.codehaus.groovy.util.SingleKeyHashMap::getOrPut (137 bytes)
Event: 3.463 Thread 0x0000014d6ed9d000 nmethod 2859 0x0000014d5909fb90 code [0x0000014d5909fde0, 0x0000014d590a0948]
Event: 3.464 Thread 0x0000014d6ed9d000 2861       3       java.lang.StringConcatHelper::mixCoder (8 bytes)
Event: 3.464 Thread 0x0000014d6ed9d000 nmethod 2861 0x0000014d590a0c90 code [0x0000014d590a0e40, 0x0000014d590a0fb8]
Event: 3.464 Thread 0x0000014d6ed9d000 2860       1       java.util.logging.Logger::getName (5 bytes)
Event: 3.464 Thread 0x0000014d6ed9d000 nmethod 2860 0x0000014d60133a90 code [0x0000014d60133c40, 0x0000014d60133cf8]

GC Heap History (11 events):
Event: 0.489 GC heap before
{Heap before GC invocations=0 (full 0):
 garbage-first heap   total 131072K, used 19456K [0x0000000080000000, 0x0000000100000000)
  region size 1024K, 14 young (14336K), 0 survivors (0K)
 Metaspace       used 6764K, capacity 6937K, committed 7168K, reserved 1056768K
  class space    used 584K, capacity 650K, committed 768K, reserved 1048576K
}
Event: 0.499 GC heap after
{Heap after GC invocations=1 (full 0):
 garbage-first heap   total 131072K, used 8208K [0x0000000080000000, 0x0000000100000000)
  region size 1024K, 2 young (2048K), 2 survivors (2048K)
 Metaspace       used 6764K, capacity 6937K, committed 7168K, reserved 1056768K
  class space    used 584K, capacity 650K, committed 768K, reserved 1048576K
}
Event: 1.100 GC heap before
{Heap before GC invocations=1 (full 0):
 garbage-first heap   total 131072K, used 44048K [0x0000000080000000, 0x0000000100000000)
  region size 1024K, 37 young (37888K), 2 survivors (2048K)
 Metaspace       used 11271K, capacity 11520K, committed 11776K, reserved 1060864K
  class space    used 1176K, capacity 1244K, committed 1280K, reserved 1048576K
}
Event: 1.103 GC heap after
{Heap after GC invocations=2 (full 0):
 garbage-first heap   total 131072K, used 10076K [0x0000000080000000, 0x0000000100000000)
  region size 1024K, 4 young (4096K), 4 survivors (4096K)
 Metaspace       used 11271K, capacity 11520K, committed 11776K, reserved 1060864K
  class space    used 1176K, capacity 1244K, committed 1280K, reserved 1048576K
}
Event: 1.780 GC heap before
{Heap before GC invocations=2 (full 0):
 garbage-first heap   total 131072K, used 50012K [0x0000000080000000, 0x0000000100000000)
  region size 1024K, 42 young (43008K), 4 survivors (4096K)
 Metaspace       used 17095K, capacity 17469K, committed 17792K, reserved 1064960K
  class space    used 1971K, capacity 2101K, committed 2176K, reserved 1048576K
}
Event: 1.790 GC heap after
{Heap after GC invocations=3 (full 0):
 garbage-first heap   total 131072K, used 15791K [0x0000000080000000, 0x0000000100000000)
  region size 1024K, 6 young (6144K), 6 survivors (6144K)
 Metaspace       used 17095K, capacity 17469K, committed 17792K, reserved 1064960K
  class space    used 1971K, capacity 2101K, committed 2176K, reserved 1048576K
}
Event: 2.070 GC heap before
{Heap before GC invocations=3 (full 0):
 garbage-first heap   total 131072K, used 47535K [0x0000000080000000, 0x0000000100000000)
  region size 1024K, 38 young (38912K), 6 survivors (6144K)
 Metaspace       used 20687K, capacity 21113K, committed 21296K, reserved 1069056K
  class space    used 2532K, capacity 2659K, committed 2688K, reserved 1048576K
}
Event: 2.077 GC heap after
{Heap after GC invocations=4 (full 0):
 garbage-first heap   total 131072K, used 17691K [0x0000000080000000, 0x0000000100000000)
  region size 1024K, 2 young (2048K), 2 survivors (2048K)
 Metaspace       used 20687K, capacity 21113K, committed 21296K, reserved 1069056K
  class space    used 2532K, capacity 2659K, committed 2688K, reserved 1048576K
}
Event: 2.576 GC heap before
{Heap before GC invocations=5 (full 0):
 garbage-first heap   total 131072K, used 66843K [0x0000000080000000, 0x0000000100000000)
  region size 1024K, 51 young (52224K), 2 survivors (2048K)
 Metaspace       used 25953K, capacity 26584K, committed 26752K, reserved 1073152K
  class space    used 3389K, capacity 3617K, committed 3712K, reserved 1048576K
}
Event: 2.581 GC heap after
{Heap after GC invocations=6 (full 0):
 garbage-first heap   total 131072K, used 19305K [0x0000000080000000, 0x0000000100000000)
  region size 1024K, 4 young (4096K), 4 survivors (4096K)
 Metaspace       used 25953K, capacity 26584K, committed 26752K, reserved 1073152K
  class space    used 3389K, capacity 3617K, committed 3712K, reserved 1048576K
}
Event: 3.471 GC heap before
{Heap before GC invocations=6 (full 0):
 garbage-first heap   total 131072K, used 80745K [0x0000000080000000, 0x0000000100000000)
  region size 1024K, 65 young (66560K), 4 survivors (4096K)
 Metaspace       used 35105K, capacity 35922K, committed 36048K, reserved 1081344K
  class space    used 4557K, capacity 4863K, committed 4864K, reserved 1048576K
}

Deoptimization events (20 events):
Event: 3.005 Thread 0x0000014d72c3e000 DEOPT PACKING pc=0x0000014d600a6d30 sp=0x0000000601ffa9e0
Event: 3.005 Thread 0x0000014d72c3e000 DEOPT UNPACKING pc=0x0000014d5853662f sp=0x0000000601ffa8f0 mode 2
Event: 3.011 Thread 0x0000014d72c3e000 Uncommon trap: trap_request=0xffffff6e fr.pc=0x0000014d6011134c relative=0x000000000000078c
Event: 3.011 Thread 0x0000014d72c3e000 Uncommon trap: reason=speculate_class_check action=maybe_recompile pc=0x0000014d6011134c method=java.lang.reflect.Executable.declaredAnnotations()Ljava/util/Map; @ 23 c2
Event: 3.011 Thread 0x0000014d72c3e000 DEOPT PACKING pc=0x0000014d6011134c sp=0x0000000601ffab70
Event: 3.011 Thread 0x0000014d72c3e000 DEOPT UNPACKING pc=0x0000014d5853662f sp=0x0000000601ffaab0 mode 2
Event: 3.321 Thread 0x0000014d72c3e000 Uncommon trap: trap_request=0xffffff4d fr.pc=0x0000014d600d06d4 relative=0x0000000000005114
Event: 3.322 Thread 0x0000014d72c3e000 Uncommon trap: reason=unstable_if action=reinterpret pc=0x0000014d600d06d4 method=jdk.internal.loader.BuiltinClassLoader.loadClassOrNull(Ljava/lang/String;Z)Ljava/lang/Class; @ 42 c2
Event: 3.322 Thread 0x0000014d72c3e000 DEOPT PACKING pc=0x0000014d600d06d4 sp=0x0000000601ff5550
Event: 3.322 Thread 0x0000014d72c3e000 DEOPT UNPACKING pc=0x0000014d5853662f sp=0x0000000601ff53e0 mode 2
Event: 3.411 Thread 0x0000014d721da000 Uncommon trap: trap_request=0xffffffde fr.pc=0x0000014d6012108c relative=0x000000000000030c
Event: 3.411 Thread 0x0000014d721da000 Uncommon trap: reason=class_check action=maybe_recompile pc=0x0000014d6012108c method=java.util.stream.ReferencePipeline.forEachWithCancel(Ljava/util/Spliterator;Ljava/util/stream/Sink;)Z @ 1 c2
Event: 3.411 Thread 0x0000014d721da000 DEOPT PACKING pc=0x0000014d6012108c sp=0x00000006019fed40
Event: 3.411 Thread 0x0000014d721da000 DEOPT UNPACKING pc=0x0000014d5853662f sp=0x00000006019fece0 mode 2
Event: 3.437 Thread 0x0000014d72c3e000 DEOPT PACKING pc=0x0000014d58ebc079 sp=0x0000000601ff6360
Event: 3.437 Thread 0x0000014d72c3e000 DEOPT UNPACKING pc=0x0000014d58536dde sp=0x0000000601ff58a8 mode 0
Event: 3.440 Thread 0x0000014d72c3e000 Uncommon trap: trap_request=0xffffff4d fr.pc=0x0000014d60087344 relative=0x0000000000000084
Event: 3.440 Thread 0x0000014d72c3e000 Uncommon trap: reason=unstable_if action=reinterpret pc=0x0000014d60087344 method=jdk.internal.loader.URLClassPath$JarLoader.getResource(Ljava/lang/String;ZLjava/util/Set;)Ljdk/internal/loader/Resource; @ 17 c2
Event: 3.440 Thread 0x0000014d72c3e000 DEOPT PACKING pc=0x0000014d60087344 sp=0x0000000601ff5400
Event: 3.440 Thread 0x0000014d72c3e000 DEOPT UNPACKING pc=0x0000014d5853662f sp=0x0000000601ff5348 mode 2

Classes redefined (0 events):
No events

Internal exceptions (20 events):
Event: 2.779 Thread 0x0000014d72c3e000 Implicit null exception at 0x0000014d600a672f to 0x0000014d600a679d
Event: 2.875 Thread 0x0000014d72c3e000 Exception <a 'java/lang/NoSuchMethodError'{0x0000000086225b68}: 'java.lang.Object java.lang.invoke.Invokers$Holder.linkToTargetMethod(java.lang.Object, java.lang.Object, java.lang.Object, java.lang.Object, java.lang.Object, java.lang.Object, java.lang.Object, java.lang.Object)'> (0x0000000086225b68) thrown at [./src/hotspot/share/interpreter/linkResolver.cpp, line 773]
Event: 2.878 Thread 0x0000014d72c3e000 Exception <a 'java/lang/NoSuchMethodError'{0x000000008625a880}: 'java.lang.Object java.lang.invoke.DirectMethodHandle$Holder.invokeVirtual(java.lang.Object, java.lang.Object, java.lang.Object)'> (0x000000008625a880) thrown at [./src/hotspot/share/interpreter/linkResolver.cpp, line 773]
Event: 2.886 Thread 0x0000014d72c3e000 Exception <a 'java/lang/NoSuchMethodError'{0x0000000086136440}: 'java.lang.Object java.lang.invoke.Invokers$Holder.linkToTargetMethod(java.lang.Object, java.lang.Object, java.lang.Object, java.lang.Object, java.lang.Object, java.lang.Object, java.lang.Object)'> (0x0000000086136440) thrown at [./src/hotspot/share/interpreter/linkResolver.cpp, line 773]
Event: 2.888 Thread 0x0000014d72c3e000 Exception <a 'java/lang/IncompatibleClassChangeError'{0x00000000861762b8}: Found class java.lang.Object, but interface was expected> (0x00000000861762b8) thrown at [./src/hotspot/share/interpreter/linkResolver.cpp, line 839]
Event: 2.917 Thread 0x0000014d72c3e000 Exception <a 'java/lang/NoSuchMethodError'{0x0000000085d1c5f0}: 'int java.lang.invoke.DirectMethodHandle$Holder.invokeVirtual(java.lang.Object, java.lang.Object)'> (0x0000000085d1c5f0) thrown at [./src/hotspot/share/interpreter/linkResolver.cpp, line 773]
Event: 3.160 Thread 0x0000014d72c3e000 Exception <a 'java/lang/NoSuchMethodError'{0x0000000084d1a398}: 'void java.lang.invoke.DirectMethodHandle$Holder.invokeStaticInit(java.lang.Object, java.lang.Object, java.lang.Object)'> (0x0000000084d1a398) thrown at [./src/hotspot/share/interpreter/linkResolver.cpp, line 773]
Event: 3.161 Thread 0x0000014d72c3e000 Exception <a 'java/lang/NoSuchMethodError'{0x0000000084d21170}: 'void java.lang.invoke.DirectMethodHandle$Holder.invokeStaticInit(java.lang.Object, java.lang.Object, java.lang.Object, java.lang.Object)'> (0x0000000084d21170) thrown at [./src/hotspot/share/interpreter/linkResolver.cpp, line 773]
Event: 3.166 Thread 0x0000014d72c3e000 Exception <a 'java/lang/NoSuchMethodError'{0x0000000084d437c8}: 'void java.lang.invoke.DirectMethodHandle$Holder.invokeStaticInit(java.lang.Object, java.lang.Object, java.lang.Object, java.lang.Object, java.lang.Object)'> (0x0000000084d437c8) thrown at [./src/hotspot/share/interpreter/linkResolver.cpp, line 773]
Event: 3.214 Thread 0x0000014d72c3e000 Exception <a 'java/lang/NoSuchMethodError'{0x0000000084da6098}: 'int java.lang.invoke.DirectMethodHandle$Holder.invokeStaticInit(java.lang.Object, java.lang.Object, java.lang.Object, java.lang.Object)'> (0x0000000084da6098) thrown at [./src/hotspot/share/interpreter/linkResolver.cpp, line 773]
Event: 3.433 Thread 0x0000014d72c3e000 Exception <a 'java/lang/NoSuchMethodError'{0x000000008414e610}: 'java.lang.Object java.lang.invoke.DirectMethodHandle$Holder.invokeStatic(java.lang.Object, java.lang.Object, java.lang.Object, java.lang.Object, java.lang.Object, java.lang.Object, java.lang.Object, java.lang.Object, java.lang.Object, java.lang.Object, java.lang.Object, int)'> (0x000000008414e610) thrown at [./src/hotspot/share/interpreter/linkResolver.cpp, line 773]
Event: 3.435 Thread 0x0000014d72c3e000 Exception <a 'java/lang/NoSuchMethodError'{0x000000008416cfb0}: 'java.lang.Object java.lang.invoke.DirectMethodHandle$Holder.invokeStatic(java.lang.Object, java.lang.Object, java.lang.Object, java.lang.Object, java.lang.Object, java.lang.Object, java.lang.Object, java.lang.Object, java.lang.Object, java.lang.Object, java.lang.Object, int, int)'> (0x000000008416cfb0) thrown at [./src/hotspot/share/interpreter/linkResolver.cpp, line 773]
Event: 3.436 Thread 0x0000014d72c3e000 Exception <a 'java/lang/NoSuchMethodError'{0x000000008418ca38}: 'java.lang.Object java.lang.invoke.DirectMethodHandle$Holder.invokeStatic(java.lang.Object, java.lang.Object, java.lang.Object, java.lang.Object, java.lang.Object, java.lang.Object, java.lang.Object, java.lang.Object, java.lang.Object, java.lang.Object, java.lang.Object, int, int, java.lang.Object)'> (0x000000008418ca38) thrown at [./src/hotspot/share/interpreter/linkResolver.cpp, line 773]
Event: 3.438 Thread 0x0000014d72c3e000 Exception <a 'java/lang/NoSuchMethodError'{0x00000000841adb30}: 'java.lang.Object java.lang.invoke.DirectMethodHandle$Holder.invokeStatic(java.lang.Object, java.lang.Object, java.lang.Object, java.lang.Object, java.lang.Object, java.lang.Object, java.lang.Object, java.lang.Object, java.lang.Object, java.lang.Object, java.lang.Object, int, int, java.lang.Object, java.lang.Object)'> (0x00000000841adb30) thrown at [./src/hotspot/share/interpreter/linkResolver.cpp, line 773]
Event: 3.442 Thread 0x0000014d72c3e000 Exception <a 'java/lang/ClassNotFoundException'{0x00000000841ddae8}: groovy/lang/ExpandoMetaClassBeanInfo> (0x00000000841ddae8) thrown at [./src/hotspot/share/classfile/systemDictionary.cpp, line 231]
Event: 3.443 Thread 0x0000014d72c3e000 Exception <a 'java/lang/ClassNotFoundException'{0x00000000841fdd38}: groovy/lang/MetaClassImplBeanInfo> (0x00000000841fdd38) thrown at [./src/hotspot/share/classfile/systemDictionary.cpp, line 231]
Event: 3.443 Thread 0x0000014d72c3e000 Exception <a 'java/lang/ClassNotFoundException'{0x0000000084007b38}: java/lang/ObjectBeanInfo> (0x0000000084007b38) thrown at [./src/hotspot/share/classfile/systemDictionary.cpp, line 231]
Event: 3.444 Thread 0x0000014d72c3e000 Exception <a 'java/lang/ClassNotFoundException'{0x0000000084013640}: java/lang/ObjectCustomizer> (0x0000000084013640) thrown at [./src/hotspot/share/classfile/systemDictionary.cpp, line 231]
Event: 3.448 Thread 0x0000014d72c3e000 Exception <a 'java/lang/ClassNotFoundException'{0x000000008403a660}: groovy/lang/MetaClassImplCustomizer> (0x000000008403a660) thrown at [./src/hotspot/share/classfile/systemDictionary.cpp, line 231]
Event: 3.451 Thread 0x0000014d72c3e000 Exception <a 'java/lang/ClassNotFoundException'{0x000000008407a2d0}: groovy/lang/ExpandoMetaClassCustomizer> (0x000000008407a2d0) thrown at [./src/hotspot/share/classfile/systemDictionary.cpp, line 231]

Events (20 events):
Event: 3.468 loading class org/codehaus/groovy/ast/CodeVisitorSupport done
Event: 3.468 loading class org/codehaus/groovy/ast/GroovyCodeVisitor
Event: 3.468 loading class org/codehaus/groovy/ast/GroovyCodeVisitor done
Event: 3.469 loading class org/codehaus/groovy/ast/expr/BinaryExpression
Event: 3.469 loading class org/codehaus/groovy/ast/expr/BinaryExpression done
Event: 3.469 loading class org/codehaus/groovy/ast/expr/DeclarationExpression
Event: 3.469 loading class org/codehaus/groovy/ast/expr/DeclarationExpression done
Event: 3.469 loading class org/codehaus/groovy/ast/expr/MethodPointerExpression
Event: 3.469 loading class org/codehaus/groovy/ast/expr/MethodPointerExpression done
Event: 3.470 loading class org/codehaus/groovy/ast/expr/MethodReferenceExpression
Event: 3.470 loading class org/codehaus/groovy/ast/expr/MethodReferenceExpression done
Event: 3.470 loading class org/codehaus/groovy/ast/expr/ClosureExpression
Event: 3.470 loading class org/codehaus/groovy/ast/expr/ClosureExpression done
Event: 3.470 loading class org/codehaus/groovy/ast/expr/LambdaExpression
Event: 3.470 loading class org/codehaus/groovy/ast/expr/LambdaExpression done
Event: 3.470 loading class org/codehaus/groovy/ast/expr/TupleExpression
Event: 3.470 loading class org/codehaus/groovy/ast/expr/TupleExpression done
Event: 3.471 loading class org/codehaus/groovy/ast/expr/ArgumentListExpression
Event: 3.471 loading class org/codehaus/groovy/ast/expr/ArgumentListExpression done
Event: 3.471 Executing VM operation: CollectForMetadataAllocation


Dynamic libraries:
0x00007ff7e6940000 - 0x00007ff7e694a000 	C:\Program Files\Android\Android Studio\jre\bin\java.exe
0x00007ff891870000 - 0x00007ff891a65000 	C:\WINDOWS\SYSTEM32\ntdll.dll
0x00007ff8909e0000 - 0x00007ff890a9e000 	C:\WINDOWS\System32\KERNEL32.DLL
0x00007ff88f240000 - 0x00007ff88f508000 	C:\WINDOWS\System32\KERNELBASE.dll
0x00007ff88f140000 - 0x00007ff88f240000 	C:\WINDOWS\System32\ucrtbase.dll
0x00007ff886d40000 - 0x00007ff886d57000 	C:\Program Files\Android\Android Studio\jre\bin\VCRUNTIME140.dll
0x00007ff881f10000 - 0x00007ff881f29000 	C:\Program Files\Android\Android Studio\jre\bin\jli.dll
0x00007ff8900f0000 - 0x00007ff890290000 	C:\WINDOWS\System32\USER32.dll
0x00007ff88f810000 - 0x00007ff88f832000 	C:\WINDOWS\System32\win32u.dll
0x00007ff891020000 - 0x00007ff89104a000 	C:\WINDOWS\System32\GDI32.dll
0x00007ff88f030000 - 0x00007ff88f13b000 	C:\WINDOWS\System32\gdi32full.dll
0x00007ff88ef90000 - 0x00007ff88f02d000 	C:\WINDOWS\System32\msvcp_win.dll
0x00007ff8769f0000 - 0x00007ff876c8a000 	C:\WINDOWS\WinSxS\amd64_microsoft.windows.common-controls_6595b64144ccf1df_6.0.19041.1110_none_60b5254171f9507e\COMCTL32.dll
0x00007ff890f80000 - 0x00007ff89101e000 	C:\WINDOWS\System32\msvcrt.dll
0x00007ff88fae0000 - 0x00007ff88fb10000 	C:\WINDOWS\System32\IMM32.DLL
0x00007ff867be0000 - 0x00007ff867c7d000 	C:\Program Files\Android\Android Studio\jre\bin\msvcp140.dll
0x00007ff852e70000 - 0x00007ff853945000 	C:\Program Files\Android\Android Studio\jre\bin\server\jvm.dll
0x00007ff891050000 - 0x00007ff8910fe000 	C:\WINDOWS\System32\ADVAPI32.dll
0x00007ff88fdd0000 - 0x00007ff88fe6c000 	C:\WINDOWS\System32\sechost.dll
0x00007ff88f9b0000 - 0x00007ff88fad5000 	C:\WINDOWS\System32\RPCRT4.dll
0x00007ff891120000 - 0x00007ff891128000 	C:\WINDOWS\System32\PSAPI.DLL
0x00007ff8750e0000 - 0x00007ff8750e9000 	C:\WINDOWS\SYSTEM32\WSOCK32.dll
0x00007ff885c40000 - 0x00007ff885c67000 	C:\WINDOWS\SYSTEM32\WINMM.dll
0x00007ff890080000 - 0x00007ff8900eb000 	C:\WINDOWS\System32\WS2_32.dll
0x00007ff888fb0000 - 0x00007ff888fba000 	C:\WINDOWS\SYSTEM32\VERSION.dll
0x00007ff88d890000 - 0x00007ff88d8a2000 	C:\WINDOWS\SYSTEM32\kernel.appcore.dll
0x00007ff8820e0000 - 0x00007ff8820f1000 	C:\Program Files\Android\Android Studio\jre\bin\verify.dll
0x00007ff877030000 - 0x00007ff877214000 	C:\WINDOWS\SYSTEM32\DBGHELP.DLL
0x00007ff878ec0000 - 0x00007ff878eec000 	C:\WINDOWS\SYSTEM32\dbgcore.DLL
0x00007ff88f840000 - 0x00007ff88f8c2000 	C:\WINDOWS\System32\bcryptPrimitives.dll
0x00007ff86e000000 - 0x00007ff86e029000 	C:\Program Files\Android\Android Studio\jre\bin\java.dll
0x00007ff88a7a0000 - 0x00007ff88a7ab000 	C:\Program Files\Android\Android Studio\jre\bin\jimage.dll
0x00007ff86f080000 - 0x00007ff86f098000 	C:\Program Files\Android\Android Studio\jre\bin\zip.dll
0x00007ff890290000 - 0x00007ff8909d4000 	C:\WINDOWS\System32\SHELL32.dll
0x00007ff88d0b0000 - 0x00007ff88d844000 	C:\WINDOWS\SYSTEM32\windows.storage.dll
0x00007ff890b70000 - 0x00007ff890ec4000 	C:\WINDOWS\System32\combase.dll
0x00007ff88e930000 - 0x00007ff88e95c000 	C:\WINDOWS\SYSTEM32\Wldp.dll
0x00007ff890ed0000 - 0x00007ff890f7d000 	C:\WINDOWS\System32\SHCORE.dll
0x00007ff88fd60000 - 0x00007ff88fdb5000 	C:\WINDOWS\System32\shlwapi.dll
0x00007ff88eed0000 - 0x00007ff88eeef000 	C:\WINDOWS\SYSTEM32\profapi.dll
0x00007ff86db10000 - 0x00007ff86db2a000 	C:\Program Files\Android\Android Studio\jre\bin\net.dll
0x00007ff885910000 - 0x00007ff885a1a000 	C:\WINDOWS\SYSTEM32\WINHTTP.dll
0x00007ff88e690000 - 0x00007ff88e6fa000 	C:\WINDOWS\system32\mswsock.dll
0x00007ff868a60000 - 0x00007ff868a74000 	C:\Program Files\Android\Android Studio\jre\bin\nio.dll
0x00007ff881f90000 - 0x00007ff881fb7000 	C:\Users\Vik\.gradle\native\e1d6ef7f7dcc3fd88c89a11ec53ec762bb8ba0a96d01ffa2cd45eb1d1d8dd5c5\windows-amd64\native-platform.dll
0x00007ff866d50000 - 0x00007ff866e94000 	C:\Users\Vik\.gradle\native\5664cfc778a61ccfe75a443a1ab52a65af34e5dc3c78e0209fed803814484fcb\windows-amd64\native-platform-file-events.dll
0x00007ff883220000 - 0x00007ff88322a000 	C:\Program Files\Android\Android Studio\jre\bin\management.dll
0x00007ff882a50000 - 0x00007ff882a5d000 	C:\Program Files\Android\Android Studio\jre\bin\management_ext.dll
0x00007ff88e890000 - 0x00007ff88e8a8000 	C:\WINDOWS\SYSTEM32\CRYPTSP.dll
0x00007ff88e010000 - 0x00007ff88e044000 	C:\WINDOWS\system32\rsaenh.dll
0x00007ff88f630000 - 0x00007ff88f657000 	C:\WINDOWS\System32\bcrypt.dll
0x00007ff88ee90000 - 0x00007ff88eebe000 	C:\WINDOWS\SYSTEM32\USERENV.dll
0x00007ff88e880000 - 0x00007ff88e88c000 	C:\WINDOWS\SYSTEM32\CRYPTBASE.dll
0x00007ff88e380000 - 0x00007ff88e3bb000 	C:\WINDOWS\SYSTEM32\IPHLPAPI.DLL
0x00007ff88fc20000 - 0x00007ff88fc28000 	C:\WINDOWS\System32\NSI.dll
0x00007ff8884e0000 - 0x00007ff8884f7000 	C:\WINDOWS\SYSTEM32\dhcpcsvc6.DLL
0x00007ff888e50000 - 0x00007ff888e6d000 	C:\WINDOWS\SYSTEM32\dhcpcsvc.DLL
0x00007ff88e3c0000 - 0x00007ff88e48b000 	C:\WINDOWS\SYSTEM32\DNSAPI.dll

dbghelp: loaded successfully - version: 4.0.5 - missing functions: none
symbol engine: initialized successfully - sym options: 0x614 - pdb path: .;C:\Program Files\Android\Android Studio\jre\bin;C:\WINDOWS\SYSTEM32;C:\WINDOWS\WinSxS\amd64_microsoft.windows.common-controls_6595b64144ccf1df_6.0.19041.1110_none_60b5254171f9507e;C:\Program Files\Android\Android Studio\jre\bin\server;C:\Users\Vik\.gradle\native\e1d6ef7f7dcc3fd88c89a11ec53ec762bb8ba0a96d01ffa2cd45eb1d1d8dd5c5\windows-amd64;C:\Users\Vik\.gradle\native\5664cfc778a61ccfe75a443a1ab52a65af34e5dc3c78e0209fed803814484fcb\windows-amd64

VM Arguments:
jvm_args: --add-opens=java.base/java.util=ALL-UNNAMED --add-opens=java.base/java.lang=ALL-UNNAMED --add-opens=java.base/java.lang.invoke=ALL-UNNAMED --add-opens=java.base/java.util=ALL-UNNAMED --add-opens=java.prefs/java.util.prefs=ALL-UNNAMED --add-opens=java.prefs/java.util.prefs=ALL-UNNAMED --add-opens=java.base/java.nio.charset=ALL-UNNAMED --add-opens=java.base/java.net=ALL-UNNAMED --add-opens=java.base/java.util.concurrent.atomic=ALL-UNNAMED -Xmx2048m -Dfile.encoding=UTF-8 -Duser.country=RU -Duser.language=ru -Duser.variant 
java_command: org.gradle.launcher.daemon.bootstrap.GradleDaemon 7.2
java_class_path (initial): C:\Users\Vik\.gradle\wrapper\dists\gradle-7.2-bin\2dnblmf4td7x66yl1d74lt32g\gradle-7.2\lib\gradle-launcher-7.2.jar
Launcher Type: SUN_STANDARD

[Global flags]
     intx CICompilerCount                          = 3                                         {product} {ergonomic}
     uint ConcGCThreads                            = 1                                         {product} {ergonomic}
     uint G1ConcRefinementThreads                  = 4                                         {product} {ergonomic}
   size_t G1HeapRegionSize                         = 1048576                                   {product} {ergonomic}
    uintx GCDrainStackTargetSize                   = 64                                        {product} {ergonomic}
   size_t InitialHeapSize                          = 134217728                                 {product} {ergonomic}
   size_t MarkStackSize                            = 4194304                                   {product} {ergonomic}
   size_t MaxHeapSize                              = 2147483648                                {product} {command line}
   size_t MaxNewSize                               = 1287651328                                {product} {ergonomic}
   size_t MinHeapDeltaBytes                        = 1048576                                   {product} {ergonomic}
    uintx NonNMethodCodeHeapSize                   = 5830732                                {pd product} {ergonomic}
    uintx NonProfiledCodeHeapSize                  = 122913754                              {pd product} {ergonomic}
    uintx ProfiledCodeHeapSize                     = 122913754                              {pd product} {ergonomic}
    uintx ReservedCodeCacheSize                    = 251658240                              {pd product} {ergonomic}
     bool SegmentedCodeCache                       = true                                      {product} {ergonomic}
     bool UseCompressedClassPointers               = true                                 {lp64_product} {ergonomic}
     bool UseCompressedOops                        = true                                 {lp64_product} {ergonomic}
     bool UseG1GC                                  = true                                      {product} {ergonomic}
     bool UseLargePagesIndividualAllocation        = false                                  {pd product} {ergonomic}

Logging:
Log output configuration:
 #0: stdout all=warning uptime,level,tags
 #1: stderr all=off uptime,level,tags

Environment Variables:
JAVA_HOME=c:\Program Files\Java\jdk-16.0.2
PATH=C:\Program Files\Common Files\Oracle\Java\javapath;C:\Program Files (x86)\Common Files\Oracle\Java\javapath;C:\ProgramData\Oracle\Java\javapath;C:\Windows\system32;C:\Windows;C:\Windows\System32\Wbem;C:\Windows\System32\WindowsPowerShell\v1.0\;C:\Program Files\Java\jdk-16.0.2\bin\;C:\WINDOWS\system32;C:\WINDOWS;C:\WINDOWS\System32\Wbem;C:\WINDOWS\System32\WindowsPowerShell\v1.0\;C:\WINDOWS\System32\OpenSSH\;C:\Program Files\dotnet\;C:\Program Files\Git\cmd;C:\Program Files (x86)\NVIDIA Corporation\PhysX\Common;C:\Users\Vik\AppData\Local\Microsoft\WindowsApps;C:\Program Files\JetBrains\IntelliJ IDEA Community Edition 2021.3\bin;C:\Users\Vik\AppData\Local\GitHubDesktop\bin;C:\Users\Vik\AppData\Local\gitkraken\bin
USERNAME=Vik
OS=Windows_NT
PROCESSOR_IDENTIFIER=Intel64 Family 6 Model 60 Stepping 3, GenuineIntel



---------------  S Y S T E M  ---------------

OS: Windows 10 , 64 bit Build 19041 (10.0.19041.1645)
OS uptime: 0 days 2:08 hours

CPU:total 4 (initial active 4) (4 cores per cpu, 1 threads per core) family 6 model 60 stepping 3 microcode 0x27, cmov, cx8, fxsr, mmx, sse, sse2, sse3, ssse3, sse4.1, sse4.2, popcnt, avx, avx2, aes, clmul, erms, lzcnt, tsc, tscinvbit, bmi1, bmi2, fma

Memory: 4k page, system-wide physical 8128M (578M free)
TotalPageFile size 10528M (AvailPageFile size 24M)
current process WorkingSet (physical memory assigned to process): 241M, peak: 241M
current process commit charge ("private bytes"): 313M, peak: 337M

vm_info: OpenJDK 64-Bit Server VM (11.0.11+9-b60-7590822) for windows-amd64 JRE (11.0.11+9-b60-7590822), built on Jul 29 2021 21:43:44 by "builder" with MS VC++ 14.0 (VS2015)

END.
